# CVS $Revision: 304 $ $Author: tir-gwaith $ -- Fri May  8 13:30:11 2009 -- reformated by prettylst.pl v1.39 (build 8180)
#Orginal Entry: Ratheof Blithwyn
SOURCELONG:The Witch's Handbook	SOURCESHORT:witchhandbook	SOURCEWEB:http://www.greenronin.com

# Class Name		Hit Dice	Type			Abbreviation	Max Level	Source Page		Save checks bonus											Combat bonus
CLASS:Infernal Witch	HD:4		TYPE:PC.Prestige	ABB:InW		MAXLEVEL:10	SOURCEPAGE:p.12	BONUS:CHECKS|BASE.Fortitude,BASE.Reflex|CL/3	BONUS:CHECKS|BASE.Will|CL/2+2	BONUS:COMBAT|BAB|CL/2|TYPE=Base.REPLACE
# Class Name		Required AL	Req. Spell Type		Required Text
CLASS:Infernal Witch	PREALIGN:	PRESPELLTYPE:1,Arcane=3	PRETEXT:The infernal witch must forge a pact with a powerful evil outsider.
# Class Name		Skill Pts/Lvl	Class Skill
CLASS:Infernal Witch	STARTSKILLPTS:2	CSKILL:Bluff|Concentration|Craft (Alchemy)|Disguise|Forgery|Gather Information|Hide|Intimidate|Knowledge (Arcana)|Knowledge (Demon Lore)|Move Silently|Sense Motive|Spellcraft|Spot
1	SAB:SoulBound (Ex)	SAB:Fiendish Familiar	SAB:Poison Use	ADD:SPELLCASTER|ANY
2	SAB:Undetectable Alignment (Su)						ADD:SPELLCASTER|ANY
3	SAB:Dark Blessing (Ex)								ADD:SPELLCASTER|ANY
4												ADD:SPELLCASTER|ANY
5	SAB:Forbidden Knowledge (Ex)							ADD:SPELLCASTER|ANY	ADD:FEAT|TYPE=Metamagic
6												ADD:SPELLCASTER|ANY
7												ADD:SPELLCASTER|ANY	ADD:FEAT|TYPE=Metamagic
8												ADD:SPELLCASTER|ANY
9	SAB:Fiendish Visage (Ex)							ADD:SPELLCASTER|ANY					SPELLS:Innate|TIMES=3|Cause Fear|Charm Person
10												ADD:SPELLCASTER|ANY
#TODO: Bonus spell..

# Class Name	Hit Dice	Type			Abbreviation	Max Level	Source Page		Save checks bonus											Combat bonus
CLASS:Shaper	HD:4		TYPE:PC.Prestige	ABB:Shp		MAXLEVEL:10	SOURCEPAGE:p.14	BONUS:CHECKS|BASE.Fortitude,BASE.Reflex|CL/3	BONUS:CHECKS|BASE.Will|CL/2+2	BONUS:COMBAT|BAB|CL/2|TYPE=Base.REPLACE
# Class Name	Required Feat					Required Skill						Req. Spell Type
CLASS:Shaper	PREFEAT:1,Spell Focus (Transmutation)	PRESKILL:2,Knowledge (Nature)=8,Spellcraft=8	PRESPELLTYPE:1,Any=3
# Class Name	Skill Pts/Lvl	Class Skill
CLASS:Shaper	STARTSKILLPTS:2	CSKILL:Concentration|TYPE=Craft|Handle Animal|Heal|Knowledge (Arcana)|Knowledge (Nature)|TYPE=Profession|Spellcraft|Swim|Survival
1	SAB:Detect Shapechangers (Su)	SAB:Familiar Advancement							ADD:SPELLCASTER|ANY
2																	ADD:SPELLCASTER|ANY	SPELLS:Innate|Polymorph Other
3	SAB:Arcance Resistance (Transmutation)										ADD:SPELLCASTER|ANY
4																	ADD:SPELLCASTER|ANY	SPELLS:Innate|Break Enchantment
5	SAB:Charm Transformed (1/day)	SAB:Improved Spell Focus (Ex)	BONUS:DC|SCHOOL.Transmutation|1	ADD:SPELLCASTER|ANY
6	SAB:Inflict Lycanthropy (Su)												ADD:SPELLCASTER|ANY
7	SAB:Shapechanger Type													ADD:SPELLCASTER|ANY
8																	ADD:SPELLCASTER|ANY	SPELLS:Innate|Animal Shapes
9																	ADD:SPELLCASTER|ANY	SPELLS:Innate|Polymorh Any Object
10	SAB:Dominate Transformed (1/day)											ADD:SPELLCASTER|ANY

# Class Name	Hit Dice	Type			Abbreviation	Max Level	Source Page		Save checks bonus											Combat bonus
CLASS:Witch Hag	HD:6		TYPE:PC.Prestige	ABB:WiH		MAXLEVEL:10	SOURCEPAGE:p.17	BONUS:CHECKS|BASE.Reflex|CL/3	BONUS:CHECKS|BASE.Fortitude,BASE.Will|CL/2+2	BONUS:COMBAT|BAB|CL*3/4|TYPE=Base.REPLACE
# Class Name	Required AL	Required Gender	Required Language	Required Skill				Req. Spell Type
CLASS:Witch Hag	PREALIGN:	PREGENDER:F		PRELANG:1,Giant	PRESKILL:1,Knowledge (Arcana)=8	PRESPELLTYPE:1,Any=3
# Class Name	Skill Pts/Lvl	Class Skill
CLASS:Witch Hag	STARTSKILLPTS:2	CSKILL:Concentration|TYPE=Craft|Handle Animal|Heal|Knowledge (Arcana)|Knowledge (Nature)|TYPE=Profession|Spellcraft|Swim|Survival
1						SAB:Familiar Advancement				BONUS:COMBAT|AC|1|TYPE=NaturalArmor.REPLACE
2	VISION:Darkvision (30')		SAB:Iron Claws (Ex)																BONUS:STAT|STR|2
3																												ADD:FEAT|TYPE=WitchHagsGift
4											BONUS:HD|MAX|2												BONUS:STAT|STR|2
5					SR:5									BONUS:COMBAT|AC|1|TYPE=NaturalArmor.REPLACE
6																									BONUS:STAT|STR|2
7														BONUS:COMBAT|AC|1|TYPE=NaturalArmor.REPLACE
8																									BONUS:STAT|STR|2
9																						BONUS:MISC|SR|5
10						SAB:Hag Transformation (Ex)
#TODO: Bonus spell.., Iron claws as weapon,.. Hag Transformation

# Class Name		Hit Dice	Type			Abbreviation	Max Level	Source Page		Save checks bonus											Combat bonus
CLASS:Witch Priestess	HD:4		TYPE:PC.Prestige	ABB:WiP		MAXLEVEL:10	SOURCEPAGE:p.19	BONUS:CHECKS|BASE.Fortitude,BASE.Reflex|CL/3	BONUS:CHECKS|BASE.Will|CL/2+2	BONUS:COMBAT|BAB|CL/2|TYPE=Base.REPLACE
# Class Name		Required Feat		Required Skill								Req. Spell Type		Required Text
CLASS:Witch Priestess	PREFEAT:1,Leadership	PRESKILL:1,Diplomacy=5	PRESKILL:1,Knowledge (Nature)=8	PRESPELLTYPE:1,Arcane=3	PRETEXT:The character must be accepted and initiated by a witch priestess of at least 3rd level.
# Class Name		Skill Pts/Lvl	Class Skill
CLASS:Witch Priestess	STARTSKILLPTS:4	CSKILL:Concentration|TYPE=Craft|Diplomacy|Handle Animal|Heal|Knowledge (Arcana)|Knowledge (Nature)|TYPE=Profession|Spellcraft|Swim|Survival
1	SAB:Divine Invocation (Su)	SAB:Familiar Advancement					ADD:SPELLCASTER|ANY
2	SAB:Nature Sense (Ex)											ADD:SPELLCASTER|ANY
3											BONUS:DOMAIN|NUMBER|1	ADD:SPELLCASTER|ANY
4															ADD:SPELLCASTER|ANY	ADD:FEAT|TYPE=ItemCreation,TYPE=Metamagic
5											BONUS:DOMAIN|NUMBER|1	ADD:SPELLCASTER|ANY
6															ADD:SPELLCASTER|ANY	ADD:FEAT|TYPE=ItemCreation,TYPE=Metamagic
7	SAB:A thousand faces (Su)										ADD:SPELLCASTER|ANY
8											BONUS:DOMAIN|NUMBER|1	ADD:SPELLCASTER|ANY
9															ADD:SPELLCASTER|ANY	ADD:FEAT|TYPE=ItemCreation,TYPE=Metamagic
10	SAB:Timeless Body (Ex)											ADD:SPELLCASTER|ANY

# Class Name		Hit Dice	Type			Abbreviation	Max Level	Source Page		Save checks bonus													Combat bonus
CLASS:Witch's Champion	HD:10		TYPE:PC.Prestige	ABB:WiC		MAXLEVEL:10	SOURCEPAGE:p.22	BONUS:CHECKS|BASE.Fortitude,BASE.Will|(CL+3)*2/5	BONUS:CHECKS|BASE.Reflex|CL/2+2	BONUS:COMBAT|BAB|CL|TYPE=Base.REPLACE
# Class Name		Req. Att.	Required Feat								Required Skill		Required Text
CLASS:Witch's Champion	PREATT:6	PREFEAT:3,Alertness,Combat Reflexes,Improved Initiative	PRESKILL:1,Intimidate=4	PRETEXT:See Text
# Class Name		Skill Pts/Lvl	Class Skill
CLASS:Witch's Champion	STARTSKILLPTS:4	CSKILL:Climb|TYPE=Craft|Diplomacy|Handle Animal|Intimidate|Jump|Listen|Move Silently|Ride|Sense Motive|Spot|Swim
1	SAB:Share Spells	SAB:Support												ADD:FEAT|TYPE=Fighter
2						BONUS:VAR|UncannyDodgeFlankingLevel|CL|TYPE=EachClass.REPLACE	ADD:FEAT|Improved Uncanny Dodge,Uncanny Dodge
3																	ADD:FEAT|TYPE=Fighter
4	SAB:Inspired Courage (Su)
5																	ADD:FEAT|TYPE=Fighter
6																	ADD:FEAT|Improved Uncanny Dodge,Uncanny Dodge
7	SAB:Inspired Greatness (Su)
8
9
10
