# CVS $Revision: 304 $ $Author: tir-gwaith $ -- Fri May  8 13:30:11 2009 -- reformated by prettylst.pl v1.39 (build 8180)
#Orginal Entry: Beaver
SOURCELONG:The Witch's Handbook	SOURCESHORT:witchhandbook	SOURCEWEB:http://www.greenronin.com

# Class Name			Hit Dice	Type			Abbreviation	Ex Class		Source Page		Automatic Languages	Bonus Languages			Save checks bonus											Combat bonus
CLASS:Witch (Green Ronin)	HD:4		TYPE:Base.PC	ABB:GRWtch		EXCLASS:Ex Witch	SOURCEPAGE:p.6	LANGAUTO:Literacy		LANGBONUS:Draconic,Giant	BONUS:CHECKS|BASE.Will|CL/2+2	BONUS:CHECKS|BASE.Fortitude,BASE.Reflex|CL/3	BONUS:COMBAT|BAB|CL/2|TYPE=Base.REPLACE
# Class Name			Skill Pts/Lvl	Class Skill
CLASS:Witch (Green Ronin)	STARTSKILLPTS:4	CSKILL:Concentration|TYPE=Craft|Diplomacy|Handle Animal|Heal|Knowledge (Arcana)|Knowledge (Nature)|TYPE=Profession|Sense Motive|Spellcraft|Swim|Survival
# Class Name			Spell Stat		Spell Type		Spellbook		Caster level
CLASS:Witch (Green Ronin)	SPELLSTAT:WIS	SPELLTYPE:Arcane	SPELLBOOK:NO	BONUS:CASTERLEVEL|Witch (Green Ronin)|CL
# Proficiencies
1	AUTO:FEAT|All Automatic Proficiencies|Simple Weapon Proficiency	AUTO:WEAPONPROF|TYPE=Simple
###Block: Spell List
1	SPELLLEVEL:CLASS|Witch (Green Ronin)=0|Arcane Mark,Cure Minor Wounds,Dancing Lights,Daze,Detect Magic,Detect Poison,Flare,Ghost Sound,Know Direction,Light,Mage Hand,Mending,Message,Open/Close,Prestidigitation,Read Magic,Resistance,Virtue
1	SPELLLEVEL:CLASS|Witch (Green Ronin)=1|Alarm,Animate Rope,Cause Fear,Charm Person,Command,Comprehend Languages,Cure Light Wounds,Detect Secret Doors,Disguise Self,Doom,Endure Elements,Expeditious Retreat,Feather Fall,Hideous Laughter,Hypnotism,Identify,Lesser Confusion,Magic Aura,Mount,Obscure Object,Obscuring Mist,Remove Fear,Silent Image,Sleep,Summon Monster I,Undetectable Alignment,Unseen Servant,Ventriloquism
1	SPELLLEVEL:CLASS|Witch (Green Ronin)=2|Alter Self,Animal Messenger,Animal Trance,Bear's Endurance,Blindness/Deafness,Blur,Bull's Strength,Calm Emotions,Cat's Grace,Continual Flame,Cure Moderate Wounds,Darkness,Daze Monster,Delay Poison,Detect Thoughts,Eagle's Splendor,Enthrall,Fox's Cunning,Heroism,Hold Person,Hypnotic Pattern,Invisibility,Locate Object,Magic Mouth,Minor Image,Misdirection,Owl's Wisdom,Phantom Trap,Protection from Arrows,Pyrotechnics,Rage,Scare,Silence,Speak with Animals,Suggestion,Summon Monster II,Summon Swarm,Tongues,Touch of Idiocy,Whispering Wind
1	SPELLLEVEL:CLASS|Witch (Green Ronin)=3|Arcane Sight,Bestow Curse,Charm Monster,Clairaudience/Clairvoyance,Confusion,Create Food and Water,Crushing Despair,Cure Serious Wounds,Daylight,Deep Slumber,Dispel Magic,Displacement,Fear,Gaseous Form,Geas (Lesser),Glibness,Good Hope,Haste,Invisibility Sphere,Magic Circle against Chaos,Magic Circle against Evil,Magic Circle against Good,Magic Circle against Law,Major Image,Phantom Steed,Ray of Exhaustion,Remove Blindness/Deafness,Remove Curse,Scrying,Secret Page,See Invisibility,Slow,Summon Monster III,Tiny Hut
1	SPELLLEVEL:CLASS|Witch (Green Ronin)=4|Animate Dead,Arcane Eye,Break Enchantment,Contagion,Cure Critical Wounds,Detect Scrying,Dimension Door,Discern Lies,Divination,Dominate Person,Freedom of Movement,Giant Vermin,Hallucinatory Terrain,Hold Monster,Invisibility (Greater),Locate Creature,Minor Creation,Neutralize Poison,Polymorph,Rainbow Pattern,Repel Vermin,Secret Chest,Secure Shelter,Shadow Conjuration,Speak with Plants,Summon Monster IV,Zone of Silence
1	SPELLLEVEL:CLASS|Witch (Green Ronin)=5|Animal Growth,Atonement,Baleful Polymorph,Command (Greater),Cure Light Wounds (Mass),Dispel Magic (Greater),Dream,False Vision,Feeblemind,Heroism (Greater),Magic Jar,Major Creation,Mind Fog,Mirage Arcana,Mislead,Nightmare,Overland Flight,Persistent Image,Sahdow Evocation,Scrying (Greater),Seeming,Sending,Shadow Walk,Summon Monster V,Waves of Fatigue,Witch's Private Sanctum
1	SPELLLEVEL:CLASS|Witch (Green Ronin)=6|Analyze Dweomer,Animate Objects,Bear's Endurance (Mass),Bull's Strength (Mass),Cat's Grace (Mass),Charm Monster (Mass),Control Weather,Cure Moderate Wounds (Mass),Eagle's Splendor (Mass),Eyebite,Find the Path,Flesh to Stone,Fox's Cunning (Mass),Geas/Quest,Guards and Wards,Heroes' Feast,Irresistible Dance,Legend Lore,Owl's Wisdom (Mass),Permanent Image,Programmed Image,Project Image,Suggestion (Mass),Summon Monster VI,True Seeing
1	SPELLLEVEL:CLASS|Witch (Green Ronin)=7|Arcane Sight (Greater),Creeping Doom,Finger of Death,Insanity,Invisibility (Mass),Limited Wish,Liveoak,Repel Wood,Sequester,Summon Monster VII,Transport via Plants,Veil,Vision
1	SPELLLEVEL:CLASS|Witch (Green Ronin)=8|Antipathy,Discern Location,Horrid Wilting,Polymorph Any Object,Protection from Spells,Prying Eyes (Greater),Screen,Sympathy,Trap the Soul
1	SPELLLEVEL:CLASS|Witch (Green Ronin)=9|Earthquake,Foresight,Freedom,Imprisonment,Refuge,Shapechange,Wail of the Banshee,Weird,Wish
###Block: Familiar
1	BONUS:VAR|FMLevel|CL	AUTO:FEAT|Summon Familiar
###Block: Normal Progression
1	CAST:5,3				KNOWN:4,2
2	CAST:6,4				KNOWN:5,2
3	CAST:6,5				KNOWN:5,3
4	CAST:6,6,3				KNOWN:6,3,1
5	CAST:6,6,4				KNOWN:6,4,2								ADD:FEAT|TYPE=ItemCreation,TYPE=Metamagic
6	CAST:6,6,5,3			KNOWN:7,4,2,1
7	CAST:6,6,6,4			KNOWN:7,5,3,2
8	CAST:6,6,6,5,3			KNOWN:8,5,3,2,1
9	CAST:6,6,6,6,4			KNOWN:8,5,4,3,2
10	CAST:6,6,6,6,5,3			KNOWN:9,5,4,3,2,1							ADD:FEAT|TYPE=ItemCreation,TYPE=Metamagic
11	CAST:6,6,6,6,6,4			KNOWN:9,5,4,4,3,2
12	CAST:6,6,6,6,6,5,3		KNOWN:9,5,5,4,3,2,1
13	CAST:6,6,6,6,6,6,4		KNOWN:9,5,5,4,4,3,2		SAB:A Thousand Faces
14	CAST:6,6,6,6,6,6,5,3		KNOWN:9,5,5,4,4,3,2,1
15	CAST:6,6,6,6,6,6,6,4		KNOWN:9,5,5,4,4,4,3,2						ADD:FEAT|TYPE=ItemCreation,TYPE=Metamagic
16	CAST:6,6,6,6,6,6,6,5,3		KNOWN:9,5,5,4,4,4,3,2,1
17	CAST:6,6,6,6,6,6,6,6,4		KNOWN:9,5,5,4,4,4,3,3,2		SAB:Timeless Body
18	CAST:6,6,6,6,6,6,6,6,5,3	KNOWN:9,5,5,4,4,4,3,3,2,1
19	CAST:6,6,6,6,6,6,6,6,6,4	KNOWN:9,5,5,4,4,4,3,3,3,2
20	CAST:6,6,6,6,6,6,6,6,6,6	KNOWN:9,5,5,4,4,4,3,3,3,3					ADD:FEAT|TYPE=ItemCreation,TYPE=Metamagic
