# CVS $Revision: 1.1 $ $Author: chrisc $ -- Fri May  8 08:59:10 2009 -- reformated by prettylst.pl v1.39 (build 8180)
#CREATED BY S.R.Stephen, October 2005

# Equipment Name			Required Proficiency		Type								Cost		Weight	Critical Hit Multiplier	Critical Hit Range	Damage	Modifier		Range		Size		Source, Long Desc.		Source, Short Desc.	Source Page		Special Property
Ballista (Light)			PROFICIENCY:WEAPON|Ballista	TYPE:Weapon.Siege Engine.Ranged.Standard		COST:500	WT:400														RANGE:100			SOURCELONG:Heroes of Battle	SOURCESHORT:hrsbat	SOURCEPAGE:p.67	SPROP:Loading requires 2 full round actions. Takes up a 5 ft square.
Ballista (Heavy)			PROFICIENCY:WEAPON|Ballista	TYPE:Weapon.Siege Engine.Ranged.Standard		COST:1000	WT:2000														RANGE:120			SOURCELONG:Heroes of Battle	SOURCESHORT:hrsbat	SOURCEPAGE:p.67	SPROP:Loading requires 4 full round actions. Takes up a 15x15 ft square.
Battering Ram								TYPE:Weapon.Siege Engine.Ranged.Standard		COST:1000	WT:3000	CRITMULT:x2			CRITRANGE:1			DAMAGE:3d8						SIZE:H	SOURCELONG:Heroes of Battle	SOURCESHORT:hrsbat	SOURCEPAGE:p.67	SPROP:Occupies space 10 ft x 30 ft. Up to 10 Med/Sm troops can occupy same space, 5 per side. Operating provokes an AOO.
Battering Ram (Adamantine)						TYPE:Weapon.Siege Engine.Ranged.Standard		COST:1000	WT:3000	CRITMULT:x2			CRITRANGE:1			DAMAGE:3d8	EQMOD:WEAP_ADAMNT			SIZE:H	SOURCELONG:Heroes of Battle	SOURCESHORT:hrsbat	SOURCEPAGE:p.134	SPROP:Ignores hardness of less than 20.
Dragonshot Catapult (White)						TYPE:Weapon.Magic.Siege Engine.Ranged.Standard	COST:10000	WT:2000														RANGE:120			SOURCELONG:Heroes of Battle	SOURCESHORT:hrsbat	SOURCEPAGE:p.135	SPROP:When pearl (50+ gp) used as ammo strikes, explodes in burst of energy, within 5 ft, 2d6 cold dmg (Reflex DC14 half).
Dragonshot Catapult (Black)						TYPE:Weapon.Magic.Siege Engine.Ranged.Standard	COST:10000	WT:2000														RANGE:120			SOURCELONG:Heroes of Battle	SOURCESHORT:hrsbat	SOURCEPAGE:p.135	SPROP:When obsidian (100+ gp) used as ammo strikes, explodes in burst of energy, within 10 ft, 4d4 acid dmg (Reflex DC14 half).
Dragonshot Catapult (Green)						TYPE:Weapon.Magic.Siege Engine.Ranged.Standard	COST:10000	WT:2000														RANGE:120			SOURCELONG:Heroes of Battle	SOURCESHORT:hrsbat	SOURCEPAGE:p.135	SPROP:When emerald (400+ gp) used as ammo strikes, explodes in burst of energy, within 15 ft, 4d6 acid dmg (Reflex DC16 half).
Dragonshot Catapult (Blue)						TYPE:Weapon.Magic.Siege Engine.Ranged.Standard	COST:10000	WT:2000														RANGE:120			SOURCELONG:Heroes of Battle	SOURCESHORT:hrsbat	SOURCEPAGE:p.135	SPROP:When sapphire (500+ gp) used as ammo strikes, explodes in burst of energy, within 20 ft, 4d8 acid dmg (Reflex DC16 half).
Dragonshot Catapult (Red)						TYPE:Weapon.Magic.Siege Engine.Ranged.Standard	COST:10000	WT:2000														RANGE:120			SOURCELONG:Heroes of Battle	SOURCESHORT:hrsbat	SOURCEPAGE:p.135	SPROP:When ruby (1000+ gp) used as ammo strikes, explodes in burst of energy, within 30 ft, 4d10 acid dmg (Reflex DC18 half).
Dragonfire Ram								TYPE:Weapon.Magic.Siege Engine.Ranged.Specific	COST:4000	WT:3000	CRITMULT:x2			CRITRANGE:1			DAMAGE:3d8						SIZE:H	SOURCELONG:Heroes of Battle	SOURCESHORT:hrsbat	SOURCEPAGE:p.135	SPROP:Each blow sends flaming embers flying. deals extra 1d6 points of fire dmg it strikes, ignoring hardness.
Lightning Ballista		PROFICIENCY:WEAPON|Ballista	TYPE:Weapon.Magic.Siege Engine.Ranged.Specific	COST:15000	WT:400														RANGE:100			SOURCELONG:Heroes of Battle	SOURCESHORT:hrsbat	SOURCEPAGE:p.136	SPROP:Fires 60-ft line of lightning. 5d6 pts of electricity dmg (Reflex DC 14 half). Fired once per minute (in storm every other rnd).
Mangonel (Light)								TYPE:Weapon.Siege Engine.Ranged.Standard		COST:800	WT:3000														RANGE:200			SOURCELONG:Heroes of Battle	SOURCESHORT:hrsbat	SOURCEPAGE:p.67	SPROP:Loading requires 2 full round actions. Takes up a 10x10 ft square.
Mangonel (Heavy)								TYPE:Weapon.Siege Engine.Ranged.Standard		COST:550	WT:2000														RANGE:150			SOURCELONG:Heroes of Battle	SOURCESHORT:hrsbat	SOURCEPAGE:p.67	SPROP:Loading requires 4 full round actions. Takes up a 15x15 ft square.
Scorching Ballista		PROFICIENCY:WEAPON|Ballista	TYPE:Weapon.Magic.Siege Engine.Ranged.Specific	COST:6000	WT:400														RANGE:100			SOURCELONG:Heroes of Battle	SOURCESHORT:hrsbat	SOURCEPAGE:p.136	SPROP:Fires 60-ft ray of fire. 4d6 pts of fire dmg. Can be fired once per minute
Scorpion									TYPE:Weapon.Siege Engine.Ranged.Standard		COST:1250	WT:2000														RANGE:200			SOURCELONG:Heroes of Battle	SOURCESHORT:hrsbat	SOURCEPAGE:p.67	SPROP:Loading requires 2 full round actions. Takes up a 10x10 ft space.
Siege Tower									TYPE:Weapon.Siege Engine.Ranged.Standard		COST:2000	WT:10000																SIZE:G	SOURCELONG:Heroes of Battle	SOURCESHORT:hrsbat	SOURCEPAGE:p.67	SPROP:Typical example has 3 levels, is 30 ft tall and takes up 15x15 ft space. Holds 9 med creatures per level.
Trebuchet (Light)								TYPE:Weapon.Siege Engine.Ranged.Standard		COST:3000	WT:50000														RANGE:300			SOURCELONG:Heroes of Battle	SOURCESHORT:hrsbat	SOURCEPAGE:p.67	SPROP:Loading requires 3 full round actions. Takes up a 20x20 ft space.
Trebuchet (Heavy)								TYPE:Weapon.Siege Engine.Ranged.Standard		COST:1500	WT:20000														RANGE:250			SOURCELONG:Heroes of Battle	SOURCESHORT:hrsbat	SOURCEPAGE:p.67	SPROP:Loading requires 6 full round actions. Takes up a 25x25 ft space.
