SOURCELONG:Extra Classes	SOURCESHORT:EC


# Block: Darkwood Stalker (Dragon)
SOURCELONG:Complete Warrior	SOURCESHORT:CW	SOURCEDATE:2003-12
# Class Name		Hit Dice	Type			Abbreviation	Source Page		Combat bonus										Bonus
CLASS:Darkwood Stalker	HD:8		TYPE:Prestige	FACT:Abb|Dws		SOURCEPAGE:p.23	BONUS:COMBAT|BASEAB|classlevel("APPLIEDAS=NONEPIC")|TYPE=Base.REPLACE|PREVAREQ:UseAlternateBABProgression,0	BONUS:SAVE|BASE.Fortitude|classlevel("APPLIEDAS=NONEPIC")/2+2	BONUS:SAVE|BASE.Reflex|classlevel("APPLIEDAS=NONEPIC")/3	BONUS:SAVE|BASE.Will|classlevel("APPLIEDAS=NONEPIC")/2+2
# Class Name		Required Feat		Required Language	Multiple Requirements								Required Skill									PRETOTALAB
CLASS:Darkwood Stalker	PREABILITY:2,CATEGORY=FEAT,Dodge,Track	PRELANG:1,Draconic	PREMULT:1,[PRERACE:1,Elf%,Half-Elf],[PRERACE:1,RACESUBTYPE=Elf]	PRESKILL:5,Hide=5,Listen=5,Move Silently=5,Spot=5,Survival=5	PRETOTALAB:5
# Class Name		Skill Pts/Lvl	Class Skill
CLASS:Darkwood Stalker	STARTSKILLPTS:4	CSKILL:Climb|TYPE=Craft|Heal|Hide|Jump|Knowledge (Nature)|Listen|Move Silently|TYPE=Profession|Ride|Search|Spot|Survival|Swim|Use Rope
1	ABILITY:Darkwood Stalker Class Feature|AUTOMATIC|Darkwood Stalker ~ Weapon and Armor Proficiency
1	ABILITY:Darkwood Stalker Class Feature|AUTOMATIC|Darkwood Stalker ~ Ancient Foe
2	ABILITY:Darkwood Stalker Class Feature|AUTOMATIC|Darkwood Stalker ~ Uncanny Dodge
3	ABILITY:Darkwood Stalker Class Feature|AUTOMATIC|Darkwood Stalker ~ Sneak Attack
8	ABILITY:Darkwood Stalker Class Feature|AUTOMATIC|Darkwood Stalker ~ Dodge Critical
10	ABILITY:Darkwood Stalker Class Feature|AUTOMATIC|Darkwood Stalker ~ Death Attack
###Block:
1	BONUS:VAR|DarkwoodAncientFoeLVL|CL
2	BONUS:VAR|UncannyDodgeFlankingLevel|CL|TYPE=EachClass.STACK	BONUS:VAR|UncannyDodgeLevel|1
3	BONUS:VAR|DarkwoodSneakAttackLVL|CL
4	BONUS:VAR|DarkvisionRange|30
5	BONUS:VAR|UncannyDodgeLevel|1
7	BONUS:VAR|DarkvisionRange|60
10	BONUS:VAR|DeathAttackOrc|CL
###Block:
11	PREPCLEVEL:MIN=20

