# CVS $Revision: 1.4 $ $Author: ericbeaudoin $ -- Fri May  8 13:30:11 2009 -- reformated by prettylst.pl v1.39 (build 8180)
# Fri Feb 22 19:20:00 2002
SOURCELONG:Star Wars Gamer 3	SOURCESHORT:SWG3	SOURCEWEB:http://www.wizards.com/starwars/article.asp?x=gamer,3&c=gamer

# Template Name	Visible		Move			Removable?		Subrace	Type
First Degree	VISIBLE:EXPORT				REMOVABLE:NO	SUBRACE:YES	TYPE:Droid
Second Degree	VISIBLE:EXPORT				REMOVABLE:NO	SUBRACE:YES	TYPE:Droid
Third Degree	VISIBLE:EXPORT				REMOVABLE:NO	SUBRACE:YES	TYPE:Droid
Fourth Degree	VISIBLE:EXPORT				REMOVABLE:NO	SUBRACE:YES	TYPE:Droid
Fifth Degree	VISIBLE:EXPORT				REMOVABLE:NO	SUBRACE:YES	TYPE:Droid

#Droid Locomotion	Move		Prereq		Title flag	Removable?	Visible?	Source index
Immobile		VISIBLE:EXPORT	MOVE:Immobile,0	REMOVABLE:NO	SUBRACE:YES
Wheeled		VISIBLE:EXPORT	MOVE:Wheels,12	REMOVABLE:NO	SUBRACE:YES
Tracked		VISIBLE:EXPORT	MOVE:Tracks,10	REMOVABLE:NO	SUBRACE:YES
Two legged		VISIBLE:EXPORT	MOVE:Walk,8		REMOVABLE:NO	SUBRACE:YES
Four legged		VISIBLE:EXPORT	MOVE:Walk,10	REMOVABLE:NO	SUBRACE:YES
Six legged		VISIBLE:EXPORT	MOVE:Walk,12	REMOVABLE:NO	SUBRACE:YES
Many legged		VISIBLE:EXPORT	MOVE:Walk,6		REMOVABLE:NO	SUBRACE:YES
Hovering		VISIBLE:EXPORT	MOVE:Hover,8	REMOVABLE:NO	SUBRACE:YES
Skimming		VISIBLE:EXPORT	MOVE:Hover,16	REMOVABLE:NO	SUBRACE:YES
Floating		VISIBLE:EXPORT	MOVE:Fly,10		REMOVABLE:NO	SUBRACE:YES
Flying		VISIBLE:EXPORT	MOVE:Fly,20		REMOVABLE:NO	SUBRACE:YES
