# CVS $Revision: 17892 $ $Author: amaitland $ -- Fri Oct 19 20:16:09 2012 -- reformated by prettylst.pl v1.39 (build 15052)
SOURCELONG:Mongoose Publishing - Encyclopaedia Arcane - Demonology	SOURCESHORT:Demonology	SOURCEWEB:http://www.mongoosepublishing.com	SOURCEDATE:2003-01


##My version of the Demonologist class replaces the feat and language requirements from the book with the ones below.
# Class Name		Hit Dice	Type			Abbreviation	Max Level	Source Page		Save checks bonus											Combat bonus
CLASS:Demonologist	HD:4		TYPE:PC.Prestige	ABB:Dem		MAXLEVEL:10	SOURCEPAGE:p.8-9	BONUS:CHECKS|BASE.Fortitude,BASE.Reflex|CL/3	BONUS:CHECKS|BASE.Will|CL/2+2	BONUS:COMBAT|BAB|CL/2|TYPE=Base.REPLACE
# Class Name		Required Language			Required Skill
CLASS:Demonologist	PRELANG:1,Abyssal,Infernal	PRESKILL:1,Knowledge (Fiend Lore)=8
# Class Name		Skill Pts/Lvl	Class Skill
CLASS:Demonologist	STARTSKILLPTS:4	CSKILL:Concentration|TYPE=Craft|Decipher Script|TYPE=Knowledge|TYPE=Profession|Spellcraft
1	ADD:SPELLCASTER|Arcane	BONUS:VAR|FamiliarLVL|CL	DEFINE:DemonologistQualify|0		BONUS:VAR|DemonologistQualify|CL
2	ADD:SPELLCASTER|Arcane	ABILITY:Special Ability|AUTOMATIC|Siphon Demonic Energy ~ Demonologist
3	ADD:SPELLCASTER|Arcane	ABILITY:Special Ability|AUTOMATIC|Extended Instruction ~ Demonologist
4	ADD:SPELLCASTER|Arcane	ABILITY:Special Ability|AUTOMATIC|Lesser Control ~ Demonologist
5	ADD:SPELLCASTER|Arcane	ABILITY:Special Ability|AUTOMATIC|Multiple Summoning ~ Demonologist
6	ADD:SPELLCASTER|Arcane	ABILITY:Special Ability|AUTOMATIC|Demonic Vulnerability ~ Demonologist
7	ADD:SPELLCASTER|Arcane
8	ADD:SPELLCASTER|Arcane	ABILITY:Special Ability|AUTOMATIC|Full Instruction ~ Demonologist
9	ADD:SPELLCASTER|Arcane
10	ADD:SPELLCASTER|Arcane	ABILITY:Special Ability|AUTOMATIC|Greater Control ~ Demonologist


# Class Name	Hit Dice	Type			Abbreviation	Max Level	Source Page		Save checks bonus											Combat bonus
CLASS:Binder	HD:4		TYPE:PC.Prestige	ABB:Bnd		MAXLEVEL:10	SOURCEPAGE:p.10	BONUS:CHECKS|BASE.Fortitude,BASE.Reflex|CL/3	BONUS:CHECKS|BASE.Will|CL/2+2	BONUS:COMBAT|BAB|CL/2|TYPE=Base.REPLACE
# Class Name	Required Feat								Required Skill				Req. Spell Type
CLASS:Binder	PREFEAT:2,Craft Magic Arms and Armor,Craft Wondrous Item	PRESKILL:1,Knowledge (Fiend Lore)=8	PRESPELLTYPE:1,Arcane=1
# Class Name	Skill Pts/Lvl	Class Skill
CLASS:Binder	STARTSKILLPTS:4	CSKILL:Concentration|TYPE=Craft|Decipher Script|TYPE=Knowledge|TYPE=Profession|Spellcraft
1	ADD:SPELLCASTER|Arcane	DEFINE:DemonologistQualify|0		BONUS:VAR|DemonologistQualify|CL	DEFINE:DemonicAbilitySlots|0		BONUS:VAR|DemonicAbilitySlots|1
2	ADD:SPELLCASTER|Arcane
3	ADD:SPELLCASTER|Arcane
4	ADD:SPELLCASTER|Arcane		BONUS:VAR|DemonicAbilitySlots|1
5	ADD:SPELLCASTER|Arcane
6	ADD:SPELLCASTER|Arcane		BONUS:VAR|DemonicAbilitySlots|1
7	ADD:SPELLCASTER|Arcane
8	ADD:SPELLCASTER|Arcane		BONUS:VAR|DemonicAbilitySlots|1
9	ADD:SPELLCASTER|Arcane		BONUS:VAR|DemonicAbilitySlots|1
10	ADD:SPELLCASTER|Arcane		BONUS:VAR|DemonicAbilitySlots|1


# Class Name	Hit Dice	Type			Abbreviation	Max Level	Source Page			Save checks bonus											Combat bonus
CLASS:Possessed	HD:4		TYPE:PC.Prestige	ABB:Pos		MAXLEVEL:10	SOURCEPAGE:p.11-12	BONUS:CHECKS|BASE.Fortitude,BASE.Reflex|CL/3	BONUS:CHECKS|BASE.Will|CL/2+2	BONUS:COMBAT|BAB|CL/2|TYPE=Base.REPLACE
# Class Name	Required AL				Required Feat				Required Skill
CLASS:Possessed	PREALIGN:LN,LE,TN,NE,CN,CE	PREFEAT:1,Strength of Personality	PRESKILL:1,Knowledge (Fiend Lore)=11
# Class Name	Skill Pts/Lvl	Class Skill
CLASS:Possessed	STARTSKILLPTS:4	CSKILL:Concentration|TYPE=Craft|Decipher Script|TYPE=Knowledge|TYPE=Profession|Spellcraft
1	DEFINE:DemonPos|CL*2	DEFINE:DemonicTrait|CL/3+1	ABILITY:Special Ability|AUTOMATIC|Additional Demonic Trait ~ Possessed|Demonic Possession ~ Possessed	DEFINE:DemonologistQualify|0		BONUS:VAR|DemonologistQualify|CL
