# CVS $Revision: $ $Author: $ -- Fri May  8 13:30:11 2009 -- reformated by prettylst.pl v1.39 (build 8180)
# Armor Name
AV-1A (Assault)
AV-1C (Combat)
AV-1S (Scout)
Camo Armor
Castaan Staad Armor
Coruscant Guard Armor
Coynite Battle Armor
Dura-Armor
Flex-Armor
Imperial Royal Guard Armor
Light Scout Armor
Link Armor (Heavy)
Link Armor (Light)
MPA-910 Steel Wraith Armor
Mimetic Body Armor
Rad Trooper Armor
Sand Trooper Armor
Scout Trooper Armor
Sea Trooper Armor
Shadow Trooper Armor
Shell Spider Silk Armor
Snow Trooper Armor
Space Trooper Armor
