# CVS $Revision: $ $Author: $ -- Fri May  8 13:30:11 2009 -- reformated by prettylst.pl v1.39 (build 8180)
SOURCELONG:Rallanon Publishing Group - The Wings of Raphelon	SOURCESHORT:WngRaph	SOURCEWEB:http://raxstower.finzen.com


#Converted/renamed spells for Sorcerer varient
# Spell Name				Product Identity?	Output Name						Domains granting the spell										School			Sub-School			Spell Descriptors			Type		Components	Casting Time		Range			Target Area or Effect										Duration										Save Info						Spell Resistance
Beasthide					NAMEISPI:NO									DOMAINS:Arcane_Feral=2											SCHOOL:Transmutation										TYPE:Arcane	COMPS:V S F	CASTTIME:1 action		RANGE:Touch		TARGETAREA:Living creature									DURATION:(CASTERLEVEL*10) minutes						SAVEINFO:None					SPELLRES:Yes (Harmless)
Blizzard					NAMEISPI:NO									DOMAINS:Arcane_Frost=8											SCHOOL:Conjuration	SUBSCHOOL:Creation	DESCRIPTOR:Cold|Air		TYPE:Arcane	COMPS:V S	CASTTIME:1 action		RANGE:Medium	TARGETAREA:Cloud 30' wide and 20' high							DURATION:(CASTERLEVEL) rounds							SAVEINFO:Reflex half				SPELLRES:Yes
Body of Venom				NAMEISPI:NO									DOMAINS:Arcane_Poison=9											SCHOOL:Transmutation										TYPE:Arcane	COMPS:V S M	CASTTIME:1 action		RANGE:Personal	TARGETAREA:You											DURATION:(CASTERLEVEL) rounds (D)						SAVEINFO:Fortitue negates			SPELLRES:Yes
Brazen Cast					NAMEISPI:NO									DOMAINS:Arcane_Metal=7											SCHOOL:Transmutation					DESCRIPTOR:Earth			TYPE:Arcane	COMPS:V S M	CASTTIME:1 action		RANGE:Touch		TARGETAREA:Creature touched									DURATION:(CASTERLEVEL) hours (D)						SAVEINFO:Will negates (Harmless)		SPELLRES:Yes (Harmless)
Caustic Cloud				NAMEISPI:NO									DOMAINS:Arcane_Acid=4|Arcane_Stone=8								SCHOOL:Conjuration	SUBSCHOOL:Creation	DESCRIPTOR:Acid|Air		TYPE:Arcane	COMPS:V S	CASTTIME:1 action		RANGE:Medium	TARGETAREA:Cloud 30' wide and 20' high							DURATION:(CASTERLEVEL) rounds							SAVEINFO:Reflex half				SPELLRES:Yes
Corrosive Armageddon			NAMEISPI:NO									DOMAINS:Arcane_Acid=8											SCHOOL:Evocation						DESCRIPTOR:Acid			TYPE:Arcane	COMPS:V S	CASTTIME:1 action		RANGE:Long		TARGETAREA:Pattern of fireball-like spreads						DURATION:Instantaneous								SAVEINFO:None or Reflex half			SPELLRES:Yes
Corrosive Touch				NAMEISPI:NO									DOMAINS:Arcane_Acid=9											SCHOOL:Transmutation					DESCRIPTOR:Acid			TYPE:Arcane	COMPS:V S F	CASTTIME:1 action		RANGE:Touch		TARGETAREA:One nonmagical ferrous object or one ferrous creature			DURATION:Special									SAVEINFO:None					SPELLRES:No
Delayed Acidsplash			NAMEISPI:NO									DOMAINS:Arcane_Acid=7											SCHOOL:Evocation						DESCRIPTOR:Acid			TYPE:Arcane	COMPS:V S M	CASTTIME:1 action		RANGE:Long		TARGETAREA:20' radius										DURATION:Up to 5 rounds								SAVEINFO:Reflex half				SPELLRES:Yes
Demonhide					NAMEISPI:NO									DOMAINS:Arcane_Anathema=3										SCHOOL:Conjuration	SUBSCHOOL:Creation						TYPE:Arcane	COMPS:S M	CASTTIME:1 action		RANGE:Personal	TARGETAREA:You											DURATION:(CASTERLEVEL*10) minutes						SAVEINFO:None					SPELLRES:No
Dire Tempest				NAMEISPI:NO									DOMAINS:Arcane_Lightning=9										SCHOOL:Evocation						DESCRIPTOR:Electricity		TYPE:Arcane	COMPS:V S	CASTTIME:1 action		RANGE:Long		TARGETAREA:Pattern of fireball-like spreads						DURATION:Instantaneous								SAVEINFO:None or Reflex half			SPELLRES:Yes
Electric Cascade				NAMEISPI:NO									DOMAINS:Arcane_Lightning=4										SCHOOL:Evocation						DESCRIPTOR:Electricity		TYPE:Arcane	COMPS:V S M	CASTTIME:1 action		RANGE:Close		TARGETAREA:One 5-ft sphere/level								DURATION:Instantaneous								SAVEINFO:Reflex half				SPELLRES:Yes
Electric Shield				NAMEISPI:NO									DOMAINS:Arcane_Lightning=4										SCHOOL:Evocation						DESCRIPTOR:Electricity		TYPE:Arcane	COMPS:V S M	CASTTIME:1 action		RANGE:Personal	TARGETAREA:You											DURATION:(CASTERLEVEL) rounds (D)						SAVEINFO:None					SPELLRES:No
Electric Storm				NAMEISPI:NO									DOMAINS:Arcane_Lightning=7										SCHOOL:Evocation						DESCRIPTOR:Electricity		TYPE:Arcane	COMPS:V S	CASTTIME:1 full round	RANGE:Medium	TARGETAREA:2 10 ft cubes/level (S)								DURATION:Instantaneous								SAVEINFO:Reflex half				SPELLRES:Yes
Frozen Comet				NAMEISPI:NO									DOMAINS:Arcane_Frost=9											SCHOOL:Evocation						DESCRIPTOR:Cold			TYPE:Arcane	COMPS:V S	CASTTIME:1 action		RANGE:Long		TARGETAREA:Pattern of fireball-like spreads						DURATION:Instantaneous								SAVEINFO:None or Reflex half			SPELLRES:Yes
Ice Sheet					NAMEISPI:NO									DOMAINS:Arcane_Frost=1											SCHOOL:Conjuration	SUBSCHOOL:Creation	DESCRIPTOR:Cold			TYPE:Arcane	COMPS:V S M	CASTTIME:1 action		RANGE:Close		TARGETAREA:One object or a 10' x 10' square						DURATION:(CASTERLEVEL) rounds (D)						SAVEINFO:Special					SPELLRES:No
Inferno					NAMEISPI:NO									DOMAINS:Arcane_Flame=5											SCHOOL:Evocation						DESCRIPTOR:Fire			TYPE:Arcane	COMPS:V S M	CASTTIME:1 action		RANGE:Close		TARGETAREA:Cone											DURATION:Instantaneous								SAVEINFO:Reflex half				SPELLRES:Yes
Lightning Storm				NAMEISPI:NO									DOMAINS:Arcane_Lightning=8										SCHOOL:Conjuration	SUBSCHOOL:Creation	DESCRIPTOR:Electricity|Air	TYPE:Arcane	COMPS:V S	CASTTIME:1 action		RANGE:Medium	TARGETAREA:Cloud 30' wide and 20' high							DURATION:(CASTERLEVEL) rounds							SAVEINFO:Reflex half				SPELLRES:Yes
Smoke Travel				NAMEISPI:NO									DOMAINS:Arcane_Flame=7											SCHOOL:Transmutation					DESCRIPTOR:Air			TYPE:Arcane	COMPS:V S M	CASTTIME:1 action		RANGE:Touch		TARGETAREA:You and one touched creature/3 levels					DURATION:(CASTERLEVEL) hours (D)						SAVEINFO:No and Will negates (Harmless)	SPELLRES:No and Yes (Harmless)
Snowblind					NAMEISPI:NO									DOMAINS:Arcane_Frost=7											SCHOOL:Evocation						DESCRIPTOR:Cold			TYPE:Arcane	COMPS:V S M	CASTTIME:1 action		RANGE:Medium	TARGETAREA:Beam 5' wide and 100' + 10'/level long, starting right before you	DURATION:(CASTERLEVEL) rounds or until all beams are exhausted	SAVEINFO:Reflex negates and half		SPELLRES:Yes
Thunderstrike				NAMEISPI:NO									DOMAINS:Arcane_Wind=8											SCHOOL:Evocation						DESCRIPTOR:Electricity		TYPE:Arcane	COMPS:V S M	CASTTIME:1 action		RANGE:Long		TARGETAREA:10'/level radius									DURATION:Instantaneous								SAVEINFO:Reflex partial				SPELLRES:Yes
Undead Growth				NAMEISPI:NO									DOMAINS:Arcane_Undeath=4										SCHOOL:Transmutation										TYPE:Arcane	COMPS:V S	CASTTIME:1 action		RANGE:Medium	TARGETAREA:1 corporeal undead/2 levels within 30'					DURATION:(CASTERLEVEL) minutes						SAVEINFO:None					SPELLRES:Yes

# .MODs to existing spells
Absorption.MOD														DOMAINS:Arcane_Sorcery=9
Acid Arrow.MOD														DOMAINS:Arcane_Acid,Arcane_Stone=2
Acid Fog.MOD														DOMAINS:Arcane_Acid=6
Acidic Curse.MOD														DOMAINS:Arcane_Acid,Arcane_Stone=1
Adhere to Wood.MOD													DOMAINS:Arcane_Plant=1
Aid.MOD															DOMAINS:Arcane_Good,Arcane_Luck=2
Air Walk.MOD														DOMAINS:Arcane_Transport=3|Arcane_Wind=4
Alamanther's Return.MOD													DOMAINS:Arcane_Sorcery=9
Alarm.MOD															DOMAINS:Arcane_Locus=1
Alter Self.MOD														DOMAINS:Arcane_Change,Arcane_Wildshape=2
Amanuensis.MOD														DOMAINS:Arcane_Ars Grammatica=3
Amplify.MOD															DOMAINS:Arcane_Music=1
Animal Growth.MOD														DOMAINS:Arcane_Change,Arcane_Wildshape=5
Animal Infusion.MOD													DOMAINS:Arcane_Animal,Arcane_Feral=2
Animal Shapes.MOD														DOMAINS:Arcane_Animal=7|Arcane_Feral=8
Animal Spy.MOD														DOMAINS:Arcane_Animal=3
Animate Dead.MOD														DOMAINS:Arcane_Undeath=3
Animate Objects.MOD													DOMAINS:Arcane_Chaos,Arcane_Craft=6
Animate Rope.MOD														DOMAINS:Arcane_Craft=1
Antilife Shell.MOD													DOMAINS:Arcane_Animal,Arcane_Soul=6
Antimagic Field.MOD													DOMAINS:Arcane_Protection=6
Antipathy.MOD														DOMAINS:Arcane_Hatred,Arcane_Locus=8
Arcana Form.MOD														DOMAINS:Arcane_Sorcery=9
Arcane Lock.MOD														DOMAINS:Arcane_Locus=2
Arcane Sight.MOD														DOMAINS:Arcane_Erudition=3
Armor of Undeath.MOD													DOMAINS:Arcane_Undeath=3
Aspect of the Deity (Greater).MOD											DOMAINS:Arcane_Anathema=9
Aspect of the Deity (Lesser).MOD											DOMAINS:Arcane_Celestia=3
Astral Projection.MOD													DOMAINS:Arcane_Dream,Arcane_Mind,Arcane_Soul=9
Aura Against Flame.MOD													DOMAINS:Arcane_Wave=2
Aura of Glory.MOD														DOMAINS:Arcane_Celestia=2
Backlash.MOD														DOMAINS:Arcane_Misfortune=4
Balagarn's Iron Horn.MOD												DOMAINS:Arcane_Music=2
Ball Lightning.MOD													DOMAINS:Arcane_Lightning=5
Bane.MOD															DOMAINS:Arcane_Misfortune=1
Banishment.MOD														DOMAINS:Arcane_Summoning=7
Barkskin.MOD														DOMAINS:Arcane_Plant=2
Battlecry.MOD														DOMAINS:Arcane_War=1
Bear's Endurance.MOD													DOMAINS:Arcane_Poison,Arcane_Vitality=2
Bestow Curse.MOD														DOMAINS:Arcane_Hatred=3|Arcane_Bewitching Ways,Arcane_Misfortune=4
Binding Winds.MOD														DOMAINS:Arcane_Wind=5
Binding.MOD															DOMAINS:Arcane_Bewitching Ways,Arcane_Misfortune=8
Blackflame.MOD														DOMAINS:Arcane_Anathema=8
Blade Barrier.MOD														DOMAINS:Arcane_Good,Arcane_Metal,Arcane_War=6
## Bladesong.MOD																				DOMAINS:Arcane_Music=2
Blasphemy.MOD														DOMAINS:Arcane_Anathema,Arcane_Evil,Arcane_Hatred=7
Blinding Spittle.MOD													DOMAINS:Arcane_Feral,Arcane_Poison=1
Blindness/Deafness.MOD													DOMAINS:Arcane_Poison=2
Blood Frenzy.MOD														DOMAINS:Arcane_Feral=2
Bombardment.MOD														DOMAINS:Arcane_Stone=8
Break Enchantment.MOD													DOMAINS:Arcane_Luck=5
Brilliant Aura.MOD													DOMAINS:Arcane_Light=7
Brothers in Arms.MOD													DOMAINS:Arcane_Strength=5
Bull's Strength.MOD													DOMAINS:Arcane_Strength=2
Buoyancy Net.MOD														DOMAINS:Arcane_Wave=1
Burning Hands.MOD														DOMAINS:Arcane_Flame=1
Call Lightning.MOD													DOMAINS:Arcane_Weather=3
Calm Animals.MOD														DOMAINS:Arcane_Animal=1
Calm Emotions.MOD														DOMAINS:Arcane_Law=2
Chain Lightning.MOD													DOMAINS:Arcane_Lightning,Arcane_Wind=6
Chains of Vengeance.MOD													DOMAINS:Arcane_Anathema,Arcane_Flame=4
Changestaff.MOD														DOMAINS:Arcane_Plant=7
Chaos Hammer.MOD														DOMAINS:Arcane_Chaos=4
Chardun's Torments.MOD													DOMAINS:Arcane_Evil=3
Charm Monster (Mass).MOD												DOMAINS:Arcane_Dream,Arcane_Tyranny=8
Charm Person.MOD														DOMAINS:Arcane_Beguiling=1
Chill Metal.MOD														DOMAINS:Arcane_Frost,Arcane_Weather=2
Chill Touch.MOD														DOMAINS:Arcane_Frost,Arcane_Undeath=1
Circle of Death.MOD													DOMAINS:Arcane_Death=6
Clairaudience/Clairvoyance.MOD											DOMAINS:Arcane_Destiny,Arcane_Dream,Arcane_Erudition,Arcane_Locus,Arcane_Mind=3
Claws of the Beast.MOD													DOMAINS:Arcane_Feral=1
Clenched Fist.MOD														DOMAINS:Arcane_Strength=8
Cloak of Chaos.MOD													DOMAINS:Arcane_Chaos=8
Cloak of Righteousness.MOD												DOMAINS:Arcane_Good=4
Clone.MOD															DOMAINS:Arcane_Soul=8
Cloudburst.MOD														DOMAINS:Arcane_Wave,Arcane_Weather=2
Cloudkill.MOD														DOMAINS:Arcane_Acid,Arcane_Poison=5
Color Spray.MOD														DOMAINS:Arcane_Light=1
Combust.MOD															DOMAINS:Arcane_Flame=2
Command (Greater).MOD													DOMAINS:Arcane_Tyranny=5
Command Plants.MOD													DOMAINS:Arcane_Plant=8
Command.MOD															DOMAINS:Arcane_Bewitching Ways,Arcane_Tyranny=1
Commune with Nature.MOD													DOMAINS:Arcane_Animal,Arcane_Feral=5
Cone of Cold.MOD														DOMAINS:Arcane_Frost=5
Confusion.MOD														DOMAINS:Arcane_Dream,Arcane_Trickery=4
Contact Other Plane.MOD													DOMAINS:Arcane_Destiny=5
Contagion.MOD														DOMAINS:Arcane_Destruction=3|Arcane_Anathema=4
Control Plants.MOD													DOMAINS:Arcane_Plant=4
Control Undead.MOD													DOMAINS:Arcane_Undeath=7
Control Water.MOD														DOMAINS:Arcane_Wave=4|Arcane_Weather=6
Control Weather.MOD													DOMAINS:Arcane_Weather,Arcane_Wind=7
Control Winds.MOD														DOMAINS:Arcane_Weather,Arcane_Wind=5
Convert.MOD															DOMAINS:Arcane_Trickery=9
Create Greater Undead.MOD												DOMAINS:Arcane_Undeath=8
Create Undead.MOD														DOMAINS:Arcane_Evil,Arcane_Undeath=6
Creeping Doom.MOD														DOMAINS:Arcane_Poison=7|Arcane_Animal=8
Crushing Despair.MOD													DOMAINS:Arcane_Beguiling,Arcane_Hatred,Arcane_Music=4
Crushing Hand.MOD														DOMAINS:Arcane_Metal,Arcane_Strength,Arcane_Vitality=9
Cure Critical Wounds.MOD												DOMAINS:Arcane_Healing=4
Cure Light Wounds (Mass).MOD												DOMAINS:Arcane_Healing=5|Arcane_Vitality=6
Cure Light Wounds.MOD													DOMAINS:Arcane_Healing=1|Arcane_Vitality=3
Cure Moderate Wounds.MOD												DOMAINS:Arcane_Healing=2
Cure Serious Wounds.MOD													DOMAINS:Arcane_Healing=3
Darkness.MOD														DOMAINS:Arcane_Anathema,Arcane_Dream=2
Darkvision.MOD														DOMAINS:Arcane_Anathema=3
Death Knell.MOD														DOMAINS:Arcane_Anathema,Arcane_Death=2
Death Ward.MOD														DOMAINS:Arcane_Soul=4
Deathwatch.MOD														DOMAINS:Arcane_Soul=1
Delay Poison.MOD														DOMAINS:Arcane_Poison=1
Delayed Blast Fireball.MOD												DOMAINS:Arcane_Flame=6
Demand.MOD															DOMAINS:Arcane_Ars Grammatica,Arcane_Beguiling=8
Desecrate.MOD														DOMAINS:Arcane_Evil,Arcane_Undeath=2
Destruction.MOD														DOMAINS:Arcane_Death=7
Detect Secret Doors.MOD													DOMAINS:Arcane_Locus=1
Detect Thoughts.MOD													DOMAINS:Arcane_Erudition=1|Arcane_Mind=2
Detect Undead.MOD														DOMAINS:Arcane_Undeath=1
Devlin's Venomblade.MOD													DOMAINS:Arcane_Poison=3
Dictum.MOD															DOMAINS:Arcane_Law=7
Dimension Door.MOD													DOMAINS:Arcane_Transport=4
Discern Lies.MOD														DOMAINS:Arcane_Tyranny=3
Discern Location.MOD													DOMAINS:Arcane_Destiny,Arcane_Erudition=8
Disguise Self.MOD														DOMAINS:Arcane_Change,Arcane_Trickery=1
Disintegrate.MOD														DOMAINS:Arcane_Light=6|Arcane_Destruction=7
Dispel Chaos.MOD														DOMAINS:Arcane_Law=5
Dispel Evil.MOD														DOMAINS:Arcane_Good=5|Arcane_Celestia=6
Dispel Good.MOD														DOMAINS:Arcane_Evil=5
Dispel Law.MOD														DOMAINS:Arcane_Chaos=5
Dispel Magic.MOD														DOMAINS:Arcane_Sorcery=3
Dispelling Screen (Greater).MOD				OUTPUTNAME:Dispelling Screen, Greater
Dispelling Screen.MOD						OUTPUTNAME:Dispelling Screen
Displacement.MOD														DOMAINS:Arcane_Misfortune=3
Disquietude.MOD														DOMAINS:Arcane_Music=1
Divine Favor.MOD														DOMAINS:Arcane_Celestia=2
Divine Power.MOD														DOMAINS:Arcane_War=4
Divine Raiment.MOD													DOMAINS:Arcane_Protection=3
Dolomar's Limited Liquification.MOD											DOMAINS:Arcane_Wave=5
Dominate Animal.MOD													DOMAINS:Arcane_Animal,Arcane_Feral=3
Dominate Monster.MOD													DOMAINS:Arcane_Beguiling,Arcane_Tyranny=9
Dominate Person.MOD													DOMAINS:Arcane_Beguiling=5
Doom.MOD															DOMAINS:Arcane_Hatred=1
Dream.MOD															DOMAINS:Arcane_Bewitching Ways,Arcane_Dream,Arcane_Music=5
Eagle's Splendor.MOD													DOMAINS:Arcane_Beguiling,Arcane_Sorcery=2
Earthquake.MOD														DOMAINS:Arcane_Destruction=8|Arcane_Locus=9
Electrical Deluge.MOD													DOMAINS:Arcane_Lightning=6
Elemental Body.MOD													DOMAINS:Arcane_Flame,Arcane_Stone,Arcane_Wave,Arcane_Wind=7
Elemental Shroud.MOD													DOMAINS:Arcane_Undeath=5
Elemental Swarm.MOD													DOMAINS:Arcane_Flame,Arcane_Stone,Arcane_Wave,Arcane_Wind=9
Endure Elements.MOD													DOMAINS:Arcane_Strength,Arcane_Weather=1
Energy Drain.MOD														DOMAINS:Arcane_Undeath=9
Energy Immunity.MOD													DOMAINS:Arcane_Flame,Arcane_Frost=7
Enervation.MOD														DOMAINS:Arcane_Death=4
Enhance Magical Flow (Greater).MOD											DOMAINS:Arcane_Sorcery=2
Enkili's Luck.MOD														DOMAINS:Arcane_Chaos=2
Enkili's Prank.MOD													DOMAINS:Arcane_Misfortune,Arcane_Trickery=2
Entangle.MOD														DOMAINS:Arcane_Plant=1
Enthrall.MOD														DOMAINS:Arcane_Tyranny=2
Entropic Shield.MOD													DOMAINS:Arcane_Luck=1
Erase.MOD															DOMAINS:Arcane_Ars Grammatica=1
Etherealness.MOD														DOMAINS:Arcane_Dream,Arcane_Transport,Arcane_Wildshape=8
Expeditious Retreat.MOD													DOMAINS:Arcane_Transport,Arcane_Vitality=1
Explosive Runes.MOD													DOMAINS:Arcane_Ars Grammatica=4
Eyebite.MOD															DOMAINS:Arcane_Beguiling=6
Fabricate.MOD														DOMAINS:Arcane_Craft=5
False Life.MOD														DOMAINS:Arcane_Vitality=2
False Vision.MOD														DOMAINS:Arcane_Trickery=5
Fantastic Machine (Greater).MOD											DOMAINS:Arcane_Craft=9
Fantastic Machine.MOD													DOMAINS:Arcane_Craft=6
Fear.MOD															DOMAINS:Arcane_Tyranny=4
Find the Path.MOD														DOMAINS:Arcane_Transport=6|Arcane_Locus=7
Fire Shield.MOD														DOMAINS:Arcane_Flame=4
Fire Stride.MOD														DOMAINS:Arcane_Flame=4
Fireball.MOD														DOMAINS:Arcane_Flame=3
Flame Strike.MOD														DOMAINS:Arcane_War=5
Flame of Faith.MOD													DOMAINS:Arcane_Flame=3
Flashburst.MOD														DOMAINS:Arcane_Light=3
Flesh to Stone.MOD													DOMAINS:Arcane_Change,Arcane_Stone=6
Fog Cloud.MOD														DOMAINS:Arcane_Wave=2
Forbiddance.MOD														DOMAINS:Arcane_Hatred=6
Forcecage.MOD														DOMAINS:Arcane_Craft=8
Foresight.MOD														DOMAINS:Arcane_Destiny,Arcane_Erudition=9
Freedom of Movement.MOD													DOMAINS:Arcane_Luck=4
Freezing Claw.MOD														DOMAINS:Arcane_Frost=6
Freezing Curse.MOD													DOMAINS:Arcane_Wave=7
Freezing Sphere.MOD													DOMAINS:Arcane_Frost=6
Gaseous Form.MOD														DOMAINS:Arcane_Change,Arcane_Wind=3
Gate.MOD															DOMAINS:Arcane_Ars Grammatica,Arcane_Celestia,Arcane_Summoning,Arcane_Transport=9
Geas/Quest.MOD														DOMAINS:Arcane_Bewitching Ways,Arcane_Dream,Arcane_Tyranny=6
Gedlee's Electric Loop.MOD												DOMAINS:Arcane_Lightning=2
Ghorus Toth's Metal Melt.MOD												DOMAINS:Arcane_Metal=4
Ghostdweomer.MOD														DOMAINS:Arcane_Trickery=4
Ghostform.MOD														DOMAINS:Arcane_Change=5
Glitterdust.MOD														DOMAINS:Arcane_Bewitching Ways=2
Globe of Invulnerability.MOD												DOMAINS:Arcane_Sorcery=6
Glyph of Warding (Greater).MOD											DOMAINS:Arcane_Ars Grammatica=6
Glyph of Warding.MOD													DOMAINS:Arcane_Ars Grammatica,Arcane_Locus=3
Good Hope.MOD														DOMAINS:Arcane_Beguiling,Arcane_Music=4
Grasping Hand.MOD														DOMAINS:Arcane_Strength,Arcane_Tyranny=7
Great Shout.MOD														DOMAINS:Arcane_Vitality,Arcane_Wind=8
Great Thunderclap.MOD													DOMAINS:Arcane_Lightning,Arcane_Music=7
Greater Healing Circle.MOD												DOMAINS:Arcane_Healing=7
Grim Feast.MOD														DOMAINS:Arcane_Death=1
Guards and Wards.MOD													DOMAINS:Arcane_Locus=7
Guilt.MOD															DOMAINS:Arcane_Anathema=1
Gutroot.MOD															DOMAINS:Arcane_Plant=5
Gutsnake.MOD														DOMAINS:Arcane_Feral=4
Hallow.MOD															DOMAINS:Arcane_Locus=5
Hallucinatory Terrain.MOD												DOMAINS:Arcane_Glamour=4
Halt Undead.MOD														DOMAINS:Arcane_Soul=3
Harm.MOD															DOMAINS:Arcane_Destruction=6
Haste.MOD															DOMAINS:Arcane_Lightning,Arcane_Vitality=3|Arcane_Music=6
Haunting Tune.MOD														DOMAINS:Arcane_Music=4
Heal (Mass).MOD														DOMAINS:Arcane_Healing=8
Heal.MOD															DOMAINS:Arcane_Healing=6
Heat Metal.MOD														DOMAINS:Arcane_Metal,Arcane_Weather=2
Hedrada's Balance.MOD													DOMAINS:Arcane_Law=2
Hidden Lodge.MOD							OUTPUTNAME:Hidden Lodge
Hideous Laughter.MOD													DOMAINS:Arcane_Misfortune=2
Hold Animal.MOD														DOMAINS:Arcane_Animal=2
Hold Monster.MOD														DOMAINS:Arcane_Lightning=5|Arcane_Law=6
Hold Person.MOD														DOMAINS:Arcane_Bewitching Ways=3
Holy Aura.MOD														DOMAINS:Arcane_Good,Arcane_Luck,Arcane_Vitality=8
Holy Channel.MOD														DOMAINS:Arcane_Healing=4
Holy Smite.MOD														DOMAINS:Arcane_Celestia,Arcane_Good=4
Holy Word.MOD														DOMAINS:Arcane_Celestia,Arcane_Good=7
Horrid Wilting.MOD													DOMAINS:Arcane_Anathema,Arcane_Poison,Arcane_Wave=8
Hypnotism.MOD														DOMAINS:Arcane_Mind=1
Ice Blast.MOD														DOMAINS:Arcane_Frost=3
Ice Knife.MOD														DOMAINS:Arcane_Frost=2
Ice Storm.MOD														DOMAINS:Arcane_Frost=4
Identify.MOD														DOMAINS:Arcane_Sorcery=1
Imbue Shadow.MOD														DOMAINS:Arcane_Evil=5
Imbue with Spell Ability.MOD												DOMAINS:Arcane_Sorcery=4
Implosion.MOD														DOMAINS:Arcane_Destruction=9
Imprisonment.MOD														DOMAINS:Arcane_Misfortune=9
Incapacitate.MOD														DOMAINS:Arcane_Destruction=9
Incendiary Cloud.MOD													DOMAINS:Arcane_Flame=8
Inflict Critical Wounds.MOD												DOMAINS:Arcane_Destruction=4
Inflict Light Wounds (Mass).MOD											DOMAINS:Arcane_Destruction,Arcane_Undeath=5
Inflict Light Wounds.MOD												DOMAINS:Arcane_Destruction=1
Insanity.MOD														DOMAINS:Arcane_Beguiling,Arcane_Dream,Arcane_Mind,Arcane_Misfortune=7
Instant Summons.MOD													DOMAINS:Arcane_Ars Grammatica,Arcane_Summoning=7
Invisibility.MOD														DOMAINS:Arcane_Glamour,Arcane_Trickery=2
Iron Body.MOD														DOMAINS:Arcane_Change,Arcane_Metal=8
Ironguard (Greater).MOD													DOMAINS:Arcane_Metal=7
Ironheart.MOD														DOMAINS:Arcane_Protection,Arcane_Vitality=4
Irresistible Dance.MOD													DOMAINS:Arcane_Music=8
Keen Edge.MOD														DOMAINS:Arcane_Metal=3
Leech Field.MOD														DOMAINS:Arcane_Death=8
Legend Lore.MOD														DOMAINS:Arcane_Mind=6
Life Force Transfer.MOD													DOMAINS:Arcane_Vitality=3
Lightning Bolt.MOD													DOMAINS:Arcane_Lightning,Arcane_Wind=3
Live Wood.MOD														DOMAINS:Arcane_Plant=4
Locate Object.MOD														DOMAINS:Arcane_Destiny=2
Maelstrom.MOD														DOMAINS:Arcane_Wave=8
Magic Circle against Chaos.MOD											DOMAINS:Arcane_Law=3
Magic Circle against Evil.MOD												DOMAINS:Arcane_Celestia,Arcane_Good=3
Magic Circle against Good.MOD												DOMAINS:Arcane_Evil=3
Magic Circle against Law.MOD												DOMAINS:Arcane_Chaos=3
Magic Stone.MOD														DOMAINS:Arcane_Stone=1
Magic Vestment.MOD													DOMAINS:Arcane_Strength,Arcane_War=3
Magic Weapon.MOD														DOMAINS:Arcane_Metal,Arcane_War=1
Major Creation.MOD													DOMAINS:Arcane_Craft=7
Major Image.MOD														DOMAINS:Arcane_Glamour=3
Mantle of Egregious Might.MOD												DOMAINS:Arcane_Vitality=8
Mark of Air.MOD														DOMAINS:Arcane_Wind=2
Mark of Earth.MOD														DOMAINS:Arcane_Stone=2
Mark of Fire.MOD														DOMAINS:Arcane_Ars Grammatica,Arcane_Flame=2
Mark of Frost (Greater).MOD												DOMAINS:Arcane_Frost=4
Mark of Water (Greater).MOD												DOMAINS:Arcane_Wave=4
Mark of Water.MOD														DOMAINS:Arcane_Wave=2
Maw of Stone.MOD														DOMAINS:Arcane_Stone=7
Message.MOD															DOMAINS:Arcane_Ars Grammatica=1
Mind Blank.MOD														DOMAINS:Arcane_Death,Arcane_Mind,Arcane_Protection=8
Minor Creation.MOD													DOMAINS:Arcane_Craft=4
Minor Symbol of Divinity.MOD												DOMAINS:Arcane_Protection=1
Miracle.MOD															DOMAINS:Arcane_Luck=9
Mirage Arcana.MOD														DOMAINS:Arcane_Locus=4|Arcane_Glamour=5
Misdirection.MOD														DOMAINS:Arcane_Glamour=2
Mislead.MOD															DOMAINS:Arcane_Luck,Arcane_Misfortune,Arcane_Trickery=6
Mormo's Serpent Hands.MOD												DOMAINS:Arcane_Feral=7
Negative Energy Wave.MOD												DOMAINS:Arcane_Anathema=4
Neutralize Poison.MOD													DOMAINS:Arcane_Poison=4
Nightmare Lullaby.MOD													DOMAINS:Arcane_Music=3
Nightmare.MOD														DOMAINS:Arcane_Anathema,Arcane_Dream,Arcane_Misfortune=5
Nondetection.MOD														DOMAINS:Arcane_Sorcery=2|Arcane_Trickery=3
Obscuring Mist.MOD													DOMAINS:Arcane_Wave,Arcane_Wind=1
Orb of Electricity (Lesser).MOD											DOMAINS:Arcane_Lightning=1
Orb of Electricity.MOD													DOMAINS:Arcane_Lightning=4
Orb of Fire.MOD														DOMAINS:Arcane_Light=4
Order's Wrath.MOD														DOMAINS:Arcane_Law=4
Owl's Wisdom.MOD														DOMAINS:Arcane_Mind=2
Permanency.MOD														DOMAINS:Arcane_Ars Grammatica=5
Phantom Steed.MOD														DOMAINS:Arcane_Summoning=3
Planar Ally (Greater).MOD												DOMAINS:Arcane_Celestia=8|Arcane_Anathema=9
Planar Ally (Lesser).MOD												DOMAINS:Arcane_Anathema,Arcane_Celestia,Arcane_Summoning=5
Planar Ally.MOD														DOMAINS:Arcane_Summoning=8
Plane Shift.MOD														DOMAINS:Arcane_Transport=7
Poison.MOD															DOMAINS:Arcane_Poison=4
Polymorph Any Object.MOD												DOMAINS:Arcane_Trickery=8|Arcane_Craft=9
Polymorph Other.MOD													DOMAINS:Arcane_Change=4
Polymorph Self.MOD													DOMAINS:Arcane_Feral,Arcane_Wildshape=4
Power Word Blind.MOD													DOMAINS:Arcane_War=8
Power Word Kill.MOD													DOMAINS:Arcane_War=9
Power Word Stun.MOD													DOMAINS:Arcane_Ars Grammatica,Arcane_Vitality,Arcane_War=7
Pressure Sphere.MOD													DOMAINS:Arcane_Wave=3
Prismatic Sphere.MOD													DOMAINS:Arcane_Light,Arcane_Protection=9
Produce Flame.MOD														DOMAINS:Arcane_Flame=2
Protection from Chaos.MOD												DOMAINS:Arcane_Law=1
Protection from Evil.MOD												DOMAINS:Arcane_Celestia,Arcane_Good=1
Protection from Good.MOD												DOMAINS:Arcane_Anathema,Arcane_Evil=1
Protection from Law.MOD													DOMAINS:Arcane_Chaos=1
Protection from Spells.MOD												DOMAINS:Arcane_Sorcery=8
Prying Eyes.MOD														DOMAINS:Arcane_Erudition=5
Rainbow Pattern.MOD													DOMAINS:Arcane_Light=4
Ray of Enfeeblement.MOD													DOMAINS:Arcane_Death=1
Recall Champion.MOD													DOMAINS:Arcane_War=8
Regenerate.MOD														DOMAINS:Arcane_Healing=7
Reincarnate.MOD														DOMAINS:Arcane_Soul=5
Repel Vermin.MOD														DOMAINS:Arcane_Animal=4
Repel Wood.MOD														DOMAINS:Arcane_Plant=6
Repulsion.MOD														DOMAINS:Arcane_Music,Arcane_Protection=7
Reshape Shadow.MOD													DOMAINS:Arcane_Trickery=1
Resist Energy.MOD														DOMAINS:Arcane_Lightning=2
Restoration (Greater).MOD												DOMAINS:Arcane_Soul=7
Restoration.MOD														DOMAINS:Arcane_Vitality=4
Reverse Illusion.MOD													DOMAINS:Arcane_Trickery=6
Righteous Might.MOD													DOMAINS:Arcane_Hatred,Arcane_Strength,Arcane_Vitality=5
Rope Trick.MOD														DOMAINS:Arcane_Transport=2
Rusting Grasp.MOD														DOMAINS:Arcane_Metal=4
Sacred Weapon.MOD														DOMAINS:Arcane_War=3
Sacrificial Heart.MOD													DOMAINS:Arcane_Death=6
Sanctuary.MOD														DOMAINS:Arcane_Protection=1
Scare.MOD															DOMAINS:Arcane_Hatred=2
Screen.MOD															DOMAINS:Arcane_Trickery=7|Arcane_Glamour=8
Scrying.MOD															DOMAINS:Arcane_Destiny,Arcane_Erudition,Arcane_Mind=4
Searing Light.MOD														DOMAINS:Arcane_Light=2
Secret Page.MOD														DOMAINS:Arcane_Ars Grammatica=2
Sending.MOD															DOMAINS:Arcane_Ars Grammatica=5
Sepia Snake Sigil.MOD													DOMAINS:Arcane_Ars Grammatica=3
Sethris' Potency.MOD													DOMAINS:Arcane_Poison=1
Sethtel's Stick Servant.MOD												DOMAINS:Arcane_Plant=2
Shadow Conjuration.MOD													DOMAINS:Arcane_Dream=4
Shambler.MOD														DOMAINS:Arcane_Plant=9
Shapechange.MOD														DOMAINS:Arcane_Animal,Arcane_Change,Arcane_Feral,Arcane_Wildshape=9
Shatter.MOD															DOMAINS:Arcane_Chaos,Arcane_Destruction,Arcane_Music=2
Shelgarn's Persistent Blade.MOD											DOMAINS:Arcane_Metal=1
Shield Other.MOD														DOMAINS:Arcane_Protection=2
Shield of Law.MOD														DOMAINS:Arcane_Law=8
Shocking Grasp.MOD													DOMAINS:Arcane_Lightning=1
Shockwave Strike.MOD													DOMAINS:Arcane_Strength=1
Simulacrum.MOD														DOMAINS:Arcane_Glamour=7
Slay Living.MOD														DOMAINS:Arcane_Death=5
Sleep (Greater).MOD													DOMAINS:Arcane_Dream=3
Sleep of the Dead.MOD													DOMAINS:Arcane_Death=2
Sleep.MOD															DOMAINS:Arcane_Dream=1
Sleet Storm.MOD														DOMAINS:Arcane_Weather=4
Slow.MOD															DOMAINS:Arcane_Frost=3
Smite.MOD															DOMAINS:Arcane_Anathema,Arcane_Vitality=1
Soulstrike.MOD														DOMAINS:Arcane_Death=7
Speak with Dead.MOD													DOMAINS:Arcane_Soul=2
Speak with Plants.MOD													DOMAINS:Arcane_Plant=3
Spell Immunity.MOD													DOMAINS:Arcane_Protection,Arcane_Strength=4
Spell Resistance.MOD													DOMAINS:Arcane_Protection,Arcane_Sorcery=5|Arcane_Anathema=6
Spell Turning.MOD														DOMAINS:Arcane_Bewitching Ways,Arcane_Luck,Arcane_Sorcery=7
Spelltrap.MOD														DOMAINS:Arcane_Sorcery=4
Spider Climb.MOD														DOMAINS:Arcane_Feral,Arcane_Wildshape=1
Spider Poison.MOD														DOMAINS:Arcane_Poison=3
Spiritual Weapon.MOD													DOMAINS:Arcane_War=2
Spiritwall.MOD														DOMAINS:Arcane_Anathema=5
Statue.MOD															DOMAINS:Arcane_Soul=5|Arcane_Stone,Arcane_Wildshape=7
Stinking Cloud.MOD													DOMAINS:Arcane_Poison=3
Stone Shape.MOD														DOMAINS:Arcane_Craft,Arcane_Stone=3
Stone Tell.MOD														DOMAINS:Arcane_Locus=6
Stone to Flesh.MOD													DOMAINS:Arcane_Stone=6
Stoneskin.MOD														DOMAINS:Arcane_Stone=4|Arcane_Strength=6
Storm of Vengeance.MOD													DOMAINS:Arcane_Weather=9
Strength of Kadum.MOD													DOMAINS:Arcane_Strength=8
Suggestion.MOD														DOMAINS:Arcane_Beguiling,Arcane_Music=3
Summon Monster I.MOD													DOMAINS:Arcane_Summoning=1
Summon Monster IV.MOD													DOMAINS:Arcane_Summoning=4
Summon Monster IX.MOD													DOMAINS:Arcane_Chaos,Arcane_Evil,Arcane_Good,Arcane_Law=9
Summon Monster VI.MOD													DOMAINS:Arcane_Poison,Arcane_Summoning=6
Summon Monster VIII.MOD													DOMAINS:Arcane_Wave=6
Summon Nature's Ally VII.MOD												DOMAINS:Arcane_Feral=7
Summon Swarm.MOD														DOMAINS:Arcane_Summoning=2
Sunbeam.MOD															DOMAINS:Arcane_Light=7
Sunburst.MOD														DOMAINS:Arcane_Light=8
Symbol of Death.MOD													DOMAINS:Arcane_Ars Grammatica=8
Symbol of Fear.MOD													DOMAINS:Arcane_Ars Grammatica=8
Symbol of Insanity.MOD													DOMAINS:Arcane_Ars Grammatica=8
Symbol of Pain.MOD													DOMAINS:Arcane_Ars Grammatica=8
Symbol of Persuasion.MOD												DOMAINS:Arcane_Ars Grammatica=8
Symbol of Sleep.MOD													DOMAINS:Arcane_Ars Grammatica=8
Symbol of Stunning.MOD													DOMAINS:Arcane_Ars Grammatica=8
Symbol of Weakness.MOD													DOMAINS:Arcane_Ars Grammatica=8
Taldock's Spell Inhibitor.MOD												DOMAINS:Arcane_Protection=6
Tanil's Touch.MOD														DOMAINS:Arcane_Luck=2
Telepathic Bond.MOD													DOMAINS:Arcane_Mind=5
Teleport Coordinates Transfer.MOD											DOMAINS:Arcane_Transport=6
Teleport.MOD														DOMAINS:Arcane_Transport=5
Temporal Stasis.MOD													DOMAINS:Arcane_Dream=9
Thorn Throw.MOD														DOMAINS:Arcane_Plant=3
Time Stop.MOD														DOMAINS:Arcane_Dream,Arcane_Trickery=9
Tongues.MOD															DOMAINS:Arcane_Erudition=2
Transformation.MOD													DOMAINS:Arcane_Feral,Arcane_Wildshape=6|Arcane_Change=7
Transport via Plants.MOD												DOMAINS:Arcane_Plant=6
True Resurrection.MOD													DOMAINS:Arcane_Healing,Arcane_Soul=9
True Seeing.MOD														DOMAINS:Arcane_Light=5|Arcane_Destiny,Arcane_Erudition=6
True Strike.MOD														DOMAINS:Arcane_Destiny=1
Unbuckle.MOD														DOMAINS:Arcane_Misfortune=3
Undeath to Death.MOD													DOMAINS:Arcane_Light=6
Unholy Aura.MOD														DOMAINS:Arcane_Evil=8
Unholy Blight.MOD														DOMAINS:Arcane_Evil=4
Unholy Channel.MOD													DOMAINS:Arcane_Destruction,Arcane_Evil=4
Vampiric Touch.MOD													DOMAINS:Arcane_Death=3
Vangal's Touch.MOD													DOMAINS:Arcane_Destruction=2
Veil.MOD															DOMAINS:Arcane_Glamour=6
Ventriloquism.MOD														DOMAINS:Arcane_Dream,Arcane_Glamour,Arcane_Music=1
Verminplague.MOD														DOMAINS:Arcane_Destruction=4
Vision.MOD															DOMAINS:Arcane_Destiny,Arcane_Erudition=7
Wail of the Banshee.MOD													DOMAINS:Arcane_Death,Arcane_Hatred,Arcane_Music=9
Wall of Ice.MOD														DOMAINS:Arcane_Frost=4
Wall of Iron.MOD														DOMAINS:Arcane_Metal=5
Wall of Stone.MOD														DOMAINS:Arcane_Craft,Arcane_Stone=5
Wall of Thorns.MOD													DOMAINS:Arcane_Plant=5
War Cry.MOD															DOMAINS:Arcane_Music=5
Water Breathing.MOD													DOMAINS:Arcane_Wave,Arcane_Wildshape=3
Water's Embrace.MOD													DOMAINS:Arcane_Wave=4
Waterspout.MOD														DOMAINS:Arcane_Wave=7
Weird.MOD															DOMAINS:Arcane_Glamour=9
Whirlwind.MOD														DOMAINS:Arcane_Weather=8
Wind Wall.MOD														DOMAINS:Arcane_Wind=2
Wish.MOD															DOMAINS:Arcane_Bewitching Ways=9
Wood Shape.MOD														DOMAINS:Arcane_Craft=2
Word of Chaos.MOD														DOMAINS:Arcane_Chaos=7
Xorn Movement.MOD														DOMAINS:Arcane_Stone=5
Zombie Form.MOD														DOMAINS:Arcane_Undeath=4
