# CVS $Revision: 1.0 $ $Author: rax_the_grey $ -- Mon Mar 20 20:54:06 2006 -- reformated by prettylst.pl v1.35 (build 561)
SOURCELONG:Star Wars Revised Core Rules	SOURCESHORT:SWRCR	SOURCEWEB:http://www.wizards.com/starwars

AGESET:0|Adulthood
RACENAME:Human%			SEX:Male[BASEHT:58|HTDIEROLL:2d10|BASEWT:120|WTDIEROLL:2d4|TOTALWT:BASEWT+(HTDIEROLL*WTDIEROLL)]Female[BASEHT:53|HTDIEROLL:2d10|BASEWT:85|WTDIEROLL:2d4|TOTALWT:BASEWT+(HTDIEROLL*WTDIEROLL)]
RACENAME:Human%			BASEAGE:15	MAXAGE:34	AGEDIEROLL:5d4	HAIR:Blond|Brown	EYES:Blue	SKINTONE:Tanned|Pasty

RACENAME:Bothan			SEX:Male[BASEHT:53|HTDIEROLL:2d10|BASEWT:90|WTDIEROLL:2d4|TOTALWT:BASEWT+(HTDIEROLL*WTDIEROLL)]Female[BASEHT:53|HTDIEROLL:2d10|BASEWT:90|WTDIEROLL:2d4|TOTALWT:BASEWT+(HTDIEROLL*WTDIEROLL)]
### Old tag for race Bothan=> AGE:16:1:4:1:6:2:6
RACENAME:Cerean			SEX:Male[BASEHT:63|HTDIEROLL:2d10|BASEWT:130|WTDIEROLL:2d4|TOTALWT:BASEWT+(HTDIEROLL*WTDIEROLL)]Female[BASEHT:58|HTDIEROLL:2d10|BASEWT:90|WTDIEROLL:2d4|TOTALWT:BASEWT+(HTDIEROLL*WTDIEROLL)]
### Old tag for race Cerean=> AGE:15:1:4:1:6:2:6
RACENAME:Duros			SEX:Male[BASEHT:63|HTDIEROLL:2d10|BASEWT:100|WTDIEROLL:2d4|TOTALWT:BASEWT+(HTDIEROLL*WTDIEROLL)]Female[BASEHT:63|HTDIEROLL:2d10|BASEWT:100|WTDIEROLL:2d4|TOTALWT:BASEWT+(HTDIEROLL*WTDIEROLL)]
### Old tag for race Duros=> AGE:14:1:4:1:6:2:6
RACENAME:Ewok			SEX:Male[BASEHT:38|HTDIEROLL:2d10|BASEWT:80|WTDIEROLL:2d4|TOTALWT:BASEWT+(HTDIEROLL*WTDIEROLL)]Female[BASEHT:38|HTDIEROLL:2d10|BASEWT:80|WTDIEROLL:2d4|TOTALWT:BASEWT+(HTDIEROLL*WTDIEROLL)]
### Old tag for race Ewok=> AGE:13:1:4:1:6:2:6
RACENAME:Gamorrean		SEX:Male[BASEHT:58|HTDIEROLL:2d10|BASEWT:155|WTDIEROLL:2d4|TOTALWT:BASEWT+(HTDIEROLL*WTDIEROLL)]Female[BASEHT:58|HTDIEROLL:2d10|BASEWT:155|WTDIEROLL:2d4|TOTALWT:BASEWT+(HTDIEROLL*WTDIEROLL)]
### Old tag for race Gamorrean=> AGE:12:1:4:1:6:2:6
RACENAME:Geonosian Aristocrat	SEX:Male[BASEHT:58|HTDIEROLL:2d10|BASEWT:155|WTDIEROLL:2d4|TOTALWT:BASEWT+(HTDIEROLL*WTDIEROLL)]Female[BASEHT:58|HTDIEROLL:2d10|BASEWT:155|WTDIEROLL:2d4|TOTALWT:BASEWT+(HTDIEROLL*WTDIEROLL)]
### Old tag for race Geonosian Aristocrat=> AGE:14:1:4:1:6:2:6
RACENAME:Geonosian Worker	SEX:Male[BASEHT:58|HTDIEROLL:2d10|BASEWT:155|WTDIEROLL:2d4|TOTALWT:BASEWT+(HTDIEROLL*WTDIEROLL)]Female[BASEHT:58|HTDIEROLL:2d10|BASEWT:155|WTDIEROLL:2d4|TOTALWT:BASEWT+(HTDIEROLL*WTDIEROLL)]
### Old tag for race Geonosian Worker=> AGE:14:1:4:1:6:2:6
RACENAME:Gungan			SEX:Male[BASEHT:58|HTDIEROLL:2d10|BASEWT:105|WTDIEROLL:2d4|TOTALWT:BASEWT+(HTDIEROLL*WTDIEROLL)]Female[BASEHT:58|HTDIEROLL:2d10|BASEWT:105|WTDIEROLL:2d4|TOTALWT:BASEWT+(HTDIEROLL*WTDIEROLL)]
### Old tag for race Gungan=> AGE:15:1:4:1:6:2:6
RACENAME:Hutt			SEX:Male[BASEHT:78|HTDIEROLL:2d10|BASEWT:160|WTDIEROLL:2d4|TOTALWT:BASEWT+(HTDIEROLL*WTDIEROLL)]Female[BASEHT:73|HTDIEROLL:2d10|BASEWT:125|WTDIEROLL:2d4|TOTALWT:BASEWT+(HTDIEROLL*WTDIEROLL)]
### Old tag for race Hutt=> AGE:15:1:4:1:6:2:6
RACENAME:Ithorian			SEX:Male[BASEHT:65|HTDIEROLL:2d10|BASEWT:130|WTDIEROLL:2d4|TOTALWT:BASEWT+(HTDIEROLL*WTDIEROLL)]Female[BASEHT:65|HTDIEROLL:2d10|BASEWT:130|WTDIEROLL:2d4|TOTALWT:BASEWT+(HTDIEROLL*WTDIEROLL)]
### Old tag for race Ithorian=> AGE:17:1:4:1:6:2:6
RACENAME:Jawa			SEX:Male[BASEHT:38|HTDIEROLL:2d10|BASEWT:80|WTDIEROLL:2d4|TOTALWT:BASEWT+(HTDIEROLL*WTDIEROLL)]Female[BASEHT:38|HTDIEROLL:2d10|BASEWT:80|WTDIEROLL:2d4|TOTALWT:BASEWT+(HTDIEROLL*WTDIEROLL)]
### Old tag for race Jawa=> AGE:13:1:4:1:6:2:6
RACENAME:Kaminoan			SEX:Male[BASEHT:70|HTDIEROLL:2d10|BASEWT:100|WTDIEROLL:2d4|TOTALWT:BASEWT+(HTDIEROLL*WTDIEROLL)]Female[BASEHT:70|HTDIEROLL:2d10|BASEWT:100|WTDIEROLL:2d4|TOTALWT:BASEWT+(HTDIEROLL*WTDIEROLL)]
### Old tag for race Kaminoan=> AGE:17:1:4:1:6:2:6
RACENAME:Kel Dor			SEX:Male[BASEHT:58|HTDIEROLL:2d10|BASEWT:110|WTDIEROLL:2d4|TOTALWT:BASEWT+(HTDIEROLL*WTDIEROLL)]Female[BASEHT:58|HTDIEROLL:2d10|BASEWT:110|WTDIEROLL:2d4|TOTALWT:BASEWT+(HTDIEROLL*WTDIEROLL)]
### Old tag for race Kel Dor=> AGE:15:1:4:1:6:2:6
RACENAME:Mon Calamari		SEX:Male[BASEHT:58|HTDIEROLL:2d10|BASEWT:90|WTDIEROLL:2d4|TOTALWT:BASEWT+(HTDIEROLL*WTDIEROLL)]Female[BASEHT:58|HTDIEROLL:2d10|BASEWT:90|WTDIEROLL:2d4|TOTALWT:BASEWT+(HTDIEROLL*WTDIEROLL)]
### Old tag for race Mon Calamari=> AGE:16:1:4:1:6:2:6
RACENAME:Neimoidians		SEX:Male[BASEHT:68|HTDIEROLL:2d10|BASEWT:125|WTDIEROLL:2d4|TOTALWT:BASEWT+(HTDIEROLL*WTDIEROLL)]Female[BASEHT:68|HTDIEROLL:2d10|BASEWT:125|WTDIEROLL:2d4|TOTALWT:BASEWT+(HTDIEROLL*WTDIEROLL)]
### Old tag for race Neimoidians=> AGE:16:1:4:1:6:2:6
RACENAME:Noghri			SEX:Male[BASEHT:38|HTDIEROLL:2d10|BASEWT:80|WTDIEROLL:2d4|TOTALWT:BASEWT+(HTDIEROLL*WTDIEROLL)]Female[BASEHT:38|HTDIEROLL:2d10|BASEWT:80|WTDIEROLL:2d4|TOTALWT:BASEWT+(HTDIEROLL*WTDIEROLL)]
### Old tag for race Noghri=> AGE:13:1:4:1:6:2:6
RACENAME:Quarren			SEX:Male[BASEHT:56|HTDIEROLL:2d10|BASEWT:90|WTDIEROLL:2d4|TOTALWT:BASEWT+(HTDIEROLL*WTDIEROLL)]Female[BASEHT:56|HTDIEROLL:2d10|BASEWT:90|WTDIEROLL:2d4|TOTALWT:BASEWT+(HTDIEROLL*WTDIEROLL)]
### Old tag for race Quarren=> AGE:16:1:4:1:6:2:6
RACENAME:Rodian			SEX:Male[BASEHT:63|HTDIEROLL:2d10|BASEWT:90|WTDIEROLL:2d4|TOTALWT:BASEWT+(HTDIEROLL*WTDIEROLL)]Female[BASEHT:63|HTDIEROLL:2d10|BASEWT:90|WTDIEROLL:2d4|TOTALWT:BASEWT+(HTDIEROLL*WTDIEROLL)]
### Old tag for race Rodian=> AGE:15:1:4:1:6:2:6
RACENAME:Sullustan		SEX:Male[BASEHT:53|HTDIEROLL:2d10|BASEWT:90|WTDIEROLL:2d4|TOTALWT:BASEWT+(HTDIEROLL*WTDIEROLL)]Female[BASEHT:53|HTDIEROLL:2d10|BASEWT:90|WTDIEROLL:2d4|TOTALWT:BASEWT+(HTDIEROLL*WTDIEROLL)]
### Old tag for race Sullustan=> AGE:14:1:4:1:6:2:6
RACENAME:Trandoshan		SEX:Male[BASEHT:63|HTDIEROLL:2d10|BASEWT:130|WTDIEROLL:2d4|TOTALWT:BASEWT+(HTDIEROLL*WTDIEROLL)]Female[BASEHT:63|HTDIEROLL:2d10|BASEWT:130|WTDIEROLL:2d4|TOTALWT:BASEWT+(HTDIEROLL*WTDIEROLL)]
### Old tag for race Trandoshan=> AGE:14:1:4:1:6:2:6
RACENAME:Tusken Raider		SEX:Male[BASEHT:58|HTDIEROLL:2d10|BASEWT:155|WTDIEROLL:2d4|TOTALWT:BASEWT+(HTDIEROLL*WTDIEROLL)]Female[BASEHT:58|HTDIEROLL:2d10|BASEWT:155|WTDIEROLL:2d4|TOTALWT:BASEWT+(HTDIEROLL*WTDIEROLL)]
### Old tag for race Tusken Raider=> AGE:14:1:4:1:6:2:6
RACENAME:Twi'lek			SEX:Male[BASEHT:58|HTDIEROLL:2d10|BASEWT:130|WTDIEROLL:2d4|TOTALWT:BASEWT+(HTDIEROLL*WTDIEROLL)]Female[BASEHT:53|HTDIEROLL:2d10|BASEWT:90|WTDIEROLL:2d4|TOTALWT:BASEWT+(HTDIEROLL*WTDIEROLL)]
### Old tag for race Twi'lek=> AGE:15:1:4:1:6:2:6
RACENAME:Wookiee			SEX:Male[BASEHT:70|HTDIEROLL:2d10|BASEWT:155|WTDIEROLL:2d4|TOTALWT:BASEWT+(HTDIEROLL*WTDIEROLL)]Female[BASEHT:68|HTDIEROLL:2d10|BASEWT:125|WTDIEROLL:2d4|TOTALWT:BASEWT+(HTDIEROLL*WTDIEROLL)]
### Old tag for race Wookiee=> AGE:17:1:4:1:6:2:6
RACENAME:Yuuzhan Vong		SEX:Male[BASEHT:58|HTDIEROLL:2d10|BASEWT:120|WTDIEROLL:2d4|TOTALWT:BASEWT+(HTDIEROLL*WTDIEROLL)]Female[BASEHT:53|HTDIEROLL:2d10|BASEWT:85|WTDIEROLL:2d4|TOTALWT:BASEWT+(HTDIEROLL*WTDIEROLL)]
### Old tag for race Yuuzhan Vong=> AGE:15:1:4:1:6:2:6
RACENAME:Zabrak			SEX:Male[BASEHT:63|HTDIEROLL:2d10|BASEWT:110|WTDIEROLL:2d4|TOTALWT:BASEWT+(HTDIEROLL*WTDIEROLL)]Female[BASEHT:63|HTDIEROLL:2d10|BASEWT:110|WTDIEROLL:2d4|TOTALWT:BASEWT+(HTDIEROLL*WTDIEROLL)]
### Old tag for race Zabrak=> AGE:14:1:4:1:6:2:6





AGESET:1|Middle Age	BONUS:STAT|STR,CON,DEX|-1	BONUS:STAT|INT,WIS,CHA|1
RACENAME:Human%	BASEAGE:35	MAXAGE:52	AGEDIEROLL:3d6


AGESET:2|Old		BONUS:STAT|STR,CON,DEX|-3	BONUS:STAT|INT,WIS,CHA|2
RACENAME:Human%	BASEAGE:53	MAXAGE:69	AGEDIEROLL:4d4+1

AGESET:3|Venerable	BONUS:STAT|STR,CON,DEX|-6	BONUS:STAT|INT,WIS,CHA|3
RACENAME:Human%	BASEAGE:70	MAXAGE:110	AGEDIEROLL:4d10
