# CVS $Revision: 2.0 $ $Author: rax_the_grey $ -- Fri May  8 13:30:11 2009 -- reformated by prettylst.pl v1.39 (build 8180)
SOURCELONG:Star Wars Revised Core Rules	SOURCESHORT:SWRCR	SOURCEWEB:http://www.wizards.com/starwars

# Race Name			Favored Class			Skills/Level		Starting Feats	Size		Move				Vision		Automatic Languages			Bonus Languages	Save checks bonus							Combat bonus						Bonus to skill									Stat bonus																	Feat			Special ABility										Define			Type			Source Page
Bothan			FAVCLASS:HIGHESTLEVELCLASS					STARTFEATS:1	SIZE:M	MOVE:Walk,10					LANGAUTO:Basic,Bothan			LANGBONUS:ALL																		BONUS:SKILL|Gather Information,Spot|2					BONUS:STAT|DEX|2	BONUS:STAT|CON|-2																																TYPE:Humanoid	SOURCEPAGE:p.23
Cerean			FAVCLASS:HIGHESTLEVELCLASS					STARTFEATS:1	SIZE:M	MOVE:Walk,10					LANGAUTO:Basic,Cerean			LANGBONUS:ALL										BONUS:COMBAT|Initiative|2															BONUS:STAT|DEX|-2	BONUS:STAT|INT|2	BONUS:STAT|WIS|2																													TYPE:Humanoid	SOURCEPAGE:p.24
Duros				FAVCLASS:HIGHESTLEVELCLASS	XTRASKILLPTSPERLVL:1	STARTFEATS:2	SIZE:M	MOVE:Walk,10					LANGAUTO:Basic,Durese			LANGBONUS:ALL																													BONUS:STAT|STR|-2	BONUS:STAT|DEX|2	BONUS:STAT|CON|-2	BONUS:STAT|INT|2							FEAT:Spacer																		TYPE:Humanoid	SOURCEPAGE:p.24
Ewok				FAVCLASS:HIGHESTLEVELCLASS					STARTFEATS:1	SIZE:S	MOVE:Walk,6						LANGAUTO:Ewokese				LANGBONUS:ALL																													BONUS:STAT|STR|-2	BONUS:STAT|DEX|2													FEAT:Alertness	SAB:Primitive										DEFINE:PrimitiveRace|1	TYPE:Humanoid	SOURCEPAGE:p.25
Gamorrean			FAVCLASS:HIGHESTLEVELCLASS					STARTFEATS:2	SIZE:M	MOVE:Walk,10					LANGAUTO:Gamorrean			LANGBONUS:ALL	BONUS:CHECKS|Fortitude|2																								BONUS:STAT|STR|2	BONUS:STAT|DEX|-2	BONUS:STAT|INT|-2										FEAT:Power Attack	SAB:Primitive										DEFINE:PrimitiveRace|1	TYPE:Humanoid	SOURCEPAGE:p.26
Geonosian Aristocrat	FAVCLASS:HIGHESTLEVELCLASS					STARTFEATS:1	SIZE:M	MOVE:Walk,10,Fly,16				LANGAUTO:Basic,Geonosian		LANGBONUS:ALL										BONUS:COMBAT|AC|2|TYPE=NaturalArmor.REPLACE												BONUS:STAT|DEX|2	BONUS:STAT|CON|-2																SAB:+2 Fort Saves vs Radiation											TYPE:Humanoid	SOURCEPAGE:p.321
Geonosian Worker		FAVCLASS:HIGHESTLEVELCLASS					STARTFEATS:1	SIZE:M	MOVE:Walk,10					LANGAUTO:Geonosian			LANGBONUS:ALL																		BONUS:SKILL|CRAFT|2 BONUS:COMBAT|AC|2|TYPE=NaturalArmor.REPLACE	BONUS:STAT|STR|2	BONUS:STAT|INT|-2	BONUS:STAT|CHA|-2										FEAT:Endurance	SAB:+2 Fort Saves vs Radiation											TYPE:Humanoid	SOURCEPAGE:p.321
Gungan			FAVCLASS:HIGHESTLEVELCLASS					STARTFEATS:1	SIZE:M	MOVE:Walk,10		VISION:Low-Light	LANGAUTO:Basic,Gungan			LANGBONUS:ALL	BONUS:CHECKS|Reflex|1														BONUS:SKILL|Listen|2	BONUS:SKILL|Swim|4				BONUS:STAT|CON|2	BONUS:STAT|WIS|-2																SAB:Hold Breath														TYPE:Humanoid	SOURCEPAGE:p.26
Human				FAVCLASS:HIGHESTLEVELCLASS	XTRASKILLPTSPERLVL:1	STARTFEATS:2	SIZE:M	MOVE:Walk,10					LANGAUTO:Basic				LANGBONUS:ALL																																																																		TYPE:Humanoid	SOURCEPAGE:p.23
Hutt				FAVCLASS:HIGHESTLEVELCLASS	XTRASKILLPTSPERLVL:1	STARTFEATS:1	SIZE:L	MOVE:Walk,2						LANGAUTO:Basic,Huttese			LANGBONUS:ALL																													BONUS:STAT|STR|2	BONUS:STAT|DEX|-4	BONUS:STAT|CON|2	BONUS:STAT|INT|2	BONUS:STAT|WIS|2	BONUS:STAT|CHA|2	FEAT:Infamy		SAB:+6 Will save vs. Force Powers.  Hutts are always considered fallen.					TYPE:Humanoid	SOURCEPAGE:p.323
Ithorian			FAVCLASS:HIGHESTLEVELCLASS					STARTFEATS:1	SIZE:M	MOVE:Walk,10					LANGAUTO:Basic,Ithorese			LANGBONUS:ALL	BONUS:CHECKS|Will|1														BONUS:SKILL|Wilderness Lore|2	BONUS:SKILL|Survival|4			BONUS:STAT|DEX|-2	BONUS:STAT|WIS|2	BONUS:STAT|CHA|2																													TYPE:Humanoid	SOURCEPAGE:p.27
Jawa				FAVCLASS:HIGHESTLEVELCLASS					STARTFEATS:1	SIZE:S	MOVE:Walk,6			VISION:Darkvision	LANGAUTO:Basic,Jawa,Jawa Trade	LANGBONUS:ALL																		BONUS:SKILL|Hide|4	BONUS:SKILL|Survival|2				BONUS:STAT|STR|-4	BONUS:STAT|DEX|2	BONUS:STAT|CHA|-2																													TYPE:Humanoid	SOURCEPAGE:p.323
Kel Dor			FAVCLASS:HIGHESTLEVELCLASS					STARTFEATS:1	SIZE:M	MOVE:Walk,10		VISION:Low-Light	LANGAUTO:Basic,Kel Dor			LANGBONUS:ALL																													BONUS:STAT|DEX|2	BONUS:STAT|CON|-2	BONUS:STAT|WIS|2																													TYPE:Humanoid	SOURCEPAGE:p.28
Kaminoan			FAVCLASS:HIGHESTLEVELCLASS					STARTFEATS:1	SIZE:M	MOVE:Walk,10					LANGAUTO:Basic,Kaminoan			LANGBONUS:ALL																		BONUS:SKILL|Survival|2								BONUS:STAT|CON|2	BONUS:STAT|WIS|-2	BONUS:STAT|CHA|-2																													TYPE:Humanoid	SOURCEPAGE:p.323
Mon Calamari		FAVCLASS:HIGHESTLEVELCLASS					STARTFEATS:1	SIZE:M	MOVE:Walk,10		VISION:Low-Light	LANGAUTO:Basic,Calamarian		LANGBONUS:ALL	BONUS:CHECKS|Will|1														BONUS:SKILL|Swim,Craft|4							BONUS:STAT|CON|-2	BONUS:STAT|INT|2																SAB:Amphibious														TYPE:Humanoid	SOURCEPAGE:p.28
Neimoidian			FAVCLASS:HIGHESTLEVELCLASS					STARTFEATS:1	SIZE:M	MOVE:Walk,10					LANGAUTO:Basic,Neimoidian		LANGBONUS:ALL																		BONUS:SKILL|Appraise,Bluff|2							BONUS:STAT|STR|-2	BONUS:STAT|INT|2	BONUS:STAT|WIS|2																													TYPE:Humanoid	SOURCEPAGE:p.325
Noghri			FAVCLASS:HIGHESTLEVELCLASS					STARTFEATS:1	SIZE:S	MOVE:Walk,6						LANGAUTO:Basic,Noghrese			LANGBONUS:ALL																													BONUS:STAT|DEX|2	BONUS:STAT|WIS|2	BONUS:STAT|CHA|-4													SAB:Keen Smell	SAB:Primitive							DEFINE:PrimitiveRace|1	TYPE:Humanoid	SOURCEPAGE:p.325
Quarren			FAVCLASS:HIGHESTLEVELCLASS					STARTFEATS:1	SIZE:M	MOVE:Walk,10					LANGAUTO:Basic,Quarrenese		LANGBONUS:ALL																		BONUS:SKILL|Swim|4								BONUS:STAT|CON|2	BONUS:STAT|WIS|-2	BONUS:STAT|CHA|-2													SAB:Amphibious														TYPE:Humanoid	SOURCEPAGE:p.29
Rodian			FAVCLASS:HIGHESTLEVELCLASS	XTRASKILLPTSPERLVL:1	STARTFEATS:2	SIZE:M	MOVE:Walk,10					LANGAUTO:Basic,Rodese			LANGBONUS:ALL																		BONUS:SKILL|Listen,Spot,Search|2						BONUS:STAT|DEX|2	BONUS:STAT|WIS|-2	BONUS:STAT|CHA|-2										FEAT:Track																		TYPE:Humanoid	SOURCEPAGE:p.30
Sullustan			FAVCLASS:HIGHESTLEVELCLASS					STARTFEATS:1	SIZE:M	MOVE:Walk,10		VISION:Darkvision	LANGAUTO:Basic,Sullustese		LANGBONUS:ALL																		BONUS:SKILL|Climb,Listen|2							BONUS:STAT|DEX|2	BONUS:STAT|CON|-2																																TYPE:Humanoid	SOURCEPAGE:p.30
Trandoshan			FAVCLASS:HIGHESTLEVELCLASS					STARTFEATS:1	SIZE:M	MOVE:Walk,10		VISION:Darkvision	LANGAUTO:Basic,Dosh			LANGBONUS:ALL										BONUS:COMBAT|AC|1|TYPE=NaturalArmor.REPLACE												BONUS:STAT|STR|2	BONUS:STAT|DEX|-2																																TYPE:Humanoid	SOURCEPAGE:p.31
Tusken Raider		FAVCLASS:HIGHESTLEVELCLASS					STARTFEATS:1	SIZE:M	MOVE:Walk,10					LANGAUTO:Tusken				LANGBONUS:ALL																		BONUS:SKILL|Hide,Move Silently,Survival|2					BONUS:STAT|CON|2	BONUS:STAT|INT|-2	BONUS:STAT|WIS|-2																													TYPE:Humanoid	SOURCEPAGE:p.327
Twi'lek			FAVCLASS:HIGHESTLEVELCLASS					STARTFEATS:1	SIZE:M	MOVE:Walk,10		VISION:Low-Light	LANGAUTO:Basic,Lekku,Ryl		LANGBONUS:ALL	BONUS:CHECKS|Fortitude|1																								BONUS:STAT|WIS|-2	BONUS:STAT|CHA|2																																TYPE:Humanoid	SOURCEPAGE:p.32
Wookiee			FAVCLASS:HIGHESTLEVELCLASS					STARTFEATS:1	SIZE:M	MOVE:Walk,10					LANGAUTO:Basic,Shyriiwook		LANGBONUS:ALL																		BONUS:SKILL|Climb|2	BONUS:SKILL|Intimidate|4			BONUS:STAT|STR|4	BONUS:STAT|DEX|-2	BONUS:STAT|WIS|-2	BONUS:STAT|CHA|-2										SAB:Extraordinary Recuperation	SAB:Rage									TYPE:Humanoid	SOURCEPAGE:p.32
Yuuzhan Vong		FAVCLASS:HIGHESTLEVELCLASS					STARTFEATS:2	SIZE:M	MOVE:Walk,10					LANGAUTO:Yuuzhan Vong			LANGBONUS:ALL																													BONUS:STAT|STR|2	BONUS:STAT|CON|2	BONUS:STAT|WIS|-2													SAB:Immune to Force; Sense; and Alter										TYPE:Humanoid	SOURCEPAGE:p.328
Zabrak			FAVCLASS:HIGHESTLEVELCLASS					STARTFEATS:1	SIZE:M	MOVE:Walk,10					LANGAUTO:Basic,Zabrak			LANGBONUS:ALL	BONUS:CHECKS|Fortitude|2	BONUS:CHECKS|Will|2																																																									TYPE:Humanoid	SOURCEPAGE:p.33
