# CVS $Revision: $ $Author: $ -- Mon Feb 26 16:04:00 2007 -- reformated by prettylst.pl v1.36 (build 2045)
SOURCELONG:Alderac Entertainment Group - Swashbuckling Adventures	SOURCESHORT:Swashbuckling Adventures	SOURCEWEB:http://alderac.com/d20

##Block: Alchemical Elixers
# Spell Name			Product Identity?	Classes of caster				School			Sub-School			Spell Descriptors				Type				Components		Casting Time			Range			Item		Target Area or Effect												Duration									Save Info						Spell Resistance				Cost		Description																		Combat bonus							Add to magical move							Bonus to skill												Stat bonus														Choose									Source Page
Arcane Mark Elixer					CLASSES:Alchemist=0			SCHOOL:Universal												TYPE:Elixer			COMPS:V, S		CASTTIME:1 standard action	RANGE:0 ft.		ITEM:Potion	TARGETAREA:One personal rune or mark, all of which must fit within 1 sq. ft.			DURATION:Permanent							SAVEINFO:None					SPELLRES:No							DESC:Inscribes a personal rune (visible or invisible).																																																																				SOURCEPAGE:SpellsA-B.rtf
Cure Minor Wounds Elixer				CLASSES:Alchemist=0			SCHOOL:Conjuration	SUBSCHOOL:Healing								TYPE:Elixer			COMPS:V, S		CASTTIME:1 standard action	RANGE:Touch		ITEM:Potion	TARGETAREA:Creature touched											DURATION:Instantaneous							SAVEINFO:Will half (harmless); see text	SPELLRES:Yes (harmless); see text			DESC:Cures 1 point of damage.																																																																									SOURCEPAGE:SpellsC.rtf
Daze Elixer							CLASSES:Alchemist=0			SCHOOL:Enchantment	SUBSCHOOL:Compulsion	DESCRIPTOR:Mind-Affecting		TYPE:Elixer			COMPS:V, S, M	CASTTIME:1 standard action	RANGE:Close		ITEM:Potion	TARGETAREA:One humanoid creature of 4 HD or less							DURATION:1 round								SAVEINFO:Will negates				SPELLRES:Yes						DESC:Humanoid creature of 4 HD or less loses next action.																																																																				SOURCEPAGE:SpellsD-E.rtf
Detect Poison Elixer					CLASSES:Alchemist=0			SCHOOL:Divination												TYPE:Elixer			COMPS:V, S		CASTTIME:1 standard action	RANGE:Close		ITEM:Potion	TARGETAREA:One creature, one object, or a 5-ft. cube							DURATION:Instantaneous							SAVEINFO:None					SPELLRES:No							DESC:Detects poison in one creature or small object.																																																																					SOURCEPAGE:SpellsD-E.rtf
Flare Elixer						CLASSES:Alchemist=0			SCHOOL:Evocation						DESCRIPTOR:Light				TYPE:Elixer			COMPS:V		CASTTIME:1 standard action	RANGE:Close		ITEM:Potion	TARGETAREA:Burst of light											DURATION:Instantaneous							SAVEINFO:Fortitude negates			SPELLRES:Yes						DESC:Dazzles one creature (-1 on attack rolls).																																																																						SOURCEPAGE:SpellsF-G.rtf
Guidance Elixer						CLASSES:Alchemist=0			SCHOOL:Divination												TYPE:Elixer			COMPS:V, S		CASTTIME:1 standard action	RANGE:Touch		ITEM:Potion	TARGETAREA:Creature touched											DURATION:1 minute or until discharged				SAVEINFO:Will negates (harmless)		SPELLRES:Yes						DESC:+1 on one attack roll, saving throw, or skill check.																																																																				SOURCEPAGE:SpellsF-G.rtf
Handcramp Elixer			NAMEISPI:YES	CLASSES:Alchemist=0			SCHOOL:Enchantment	SUBSCHOOL:Compulsion	DESCRIPTOR:Mind-Affecting		TYPE:Elixer			COMPS:V, S		CASTTIME:1 standard action	RANGE:Close		ITEM:Potion	TARGETAREA:One Creature												DURATION:Instantaneous							SAVEINFO:Will negates				SPELLRES:Yes						DESC:Causes person to let go of a held object.																																																																						SOURCEPAGE:pg. 141
Hold Portal Elixer					CLASSES:Alchemist=0			SCHOOL:Abjuration												TYPE:Elixer			COMPS:V		CASTTIME:1 standard action	RANGE:Medium	ITEM:Potion	TARGETAREA:One portal, up to (CASTERLEVEL*20) sq. ft							DURATION:(CASTERLEVEL) minutes [D]					SAVEINFO:None					SPELLRES:No							DESC:Holds door shut.																																																																										SOURCEPAGE:SpellsH-L.rtf
Inflict Minor Wounds Elixer				CLASSES:Alchemist=0			SCHOOL:Necromancy												TYPE:Elixer			COMPS:V, S		CASTTIME:1 standard action	RANGE:Touch		ITEM:Potion	TARGETAREA:Creature touched											DURATION:Instantaneous							SAVEINFO:Will negates				SPELLRES:Yes						DESC:Touch attack, 1 point of damage.																																																																							SOURCEPAGE:SpellsH-L.rtf
Light Elixer						CLASSES:Alchemist=0			SCHOOL:Evocation						DESCRIPTOR:Light				TYPE:Elixer			COMPS:V, M/DF	CASTTIME:1 standard action	RANGE:Touch		ITEM:Potion	TARGETAREA:Object touched											DURATION:(CASTERLEVEL*10) minutes [D]				SAVEINFO:None					SPELLRES:No							DESC:Object shines like a torch.																																																																								SOURCEPAGE:SpellsH-L.rtf
Mending Elixer						CLASSES:Alchemist=0			SCHOOL:Transmutation											TYPE:Elixer			COMPS:V, S		CASTTIME:1 standard action	RANGE:10 ft.	ITEM:Potion	TARGETAREA:One object of up to 1 lb.									DURATION:Instantaneous							SAVEINFO:Will negates (harmless, object)	SPELLRES:Yes (harmless, object)			DESC:Makes minor repairs on an object.																																																																							SOURCEPAGE:SpellsM-O.rtf
Purify Food and Drink Elixer				CLASSES:Alchemist=0			SCHOOL:Transmutation											TYPE:Elixer			COMPS:V, S		CASTTIME:1 standard action	RANGE:10 ft.	ITEM:Potion	TARGETAREA:(CASTERLEVEL) cu. ft. of contaminated food and water					DURATION:Instantaneous							SAVEINFO:Will negates (object)		SPELLRES:Yes (object)					DESC:Purifies (CASTERLEVEL) cu. ft of food or water.																																																																					SOURCEPAGE:SpellsP-R.rtf
Resistance Elixer						CLASSES:Alchemist=0			SCHOOL:Abjuration												TYPE:Elixer			COMPS:V, S, M/DF	CASTTIME:1 standard action	RANGE:Touch		ITEM:Potion	TARGETAREA:Creature touched											DURATION:1 minute								SAVEINFO:Will negates (harmless)		SPELLRES:Yes (harmless)					DESC:Subject gains +1 on saving throws.																																																																							SOURCEPAGE:SpellsP-R.rtf
Virtue Elixer						CLASSES:Alchemist=0			SCHOOL:Transmutation											TYPE:Elixer			COMPS:V, S, DF	CASTTIME:1 standard action	RANGE:Touch		ITEM:Potion	TARGETAREA:Creature touched											DURATION:1 minute								SAVEINFO:Fortitude negates (harmless)	SPELLRES:Yes (harmless)					DESC:Subject gains 1 temporary hp.																																																																								SOURCEPAGE:SpellsT-Z.rtf

Alarm Elixer						CLASSES:Alchemist=1			SCHOOL:Abjuration												TYPE:Elixer			COMPS:V, S, F/DF	CASTTIME:1 standard action	RANGE:Close		ITEM:Potion	TARGETAREA:20-ft.-radius emanation centered on a point in space					DURATION:(CASTERLEVEL*2) hours [D]					SAVEINFO:None					SPELLRES:No							DESC:Wards an area for (CASTERLEVEL*2) hours.																																																																						SOURCEPAGE:SpellsA-B.rtf
Cause Fear Elixer						CLASSES:Alchemist=1			SCHOOL:Necromancy						DESCRIPTOR:Fear|Mind-Affecting	TYPE:Elixer			COMPS:V, S		CASTTIME:1 standard action	RANGE:Close		ITEM:Potion	TARGETAREA:One living creature with 5 or fewer HD							DURATION:1d4 rounds or 1 round; see text				SAVEINFO:Will partial				SPELLRES:Yes						DESC:One creature of 5 HD or less flees for 1d4 rounds.																																																																				SOURCEPAGE:SpellsC.rtf
Alter Self Elixer						CLASSES:Alchemist=1			SCHOOL:Transmutation											TYPE:Elixer			COMPS:V, S		CASTTIME:1 standard action	RANGE:Personal	ITEM:Potion	TARGETAREA:You													DURATION:(CASTERLEVEL*10) minutes [D]				SAVEINFO:None					SPELLRES:No							DESC:Assume form of a similar creature.																																																																							SOURCEPAGE:SpellsA-B.rtf
Charm Person Elixer					CLASSES:Alchemist=1			SCHOOL:Enchantment	SUBSCHOOL:Charm		DESCRIPTOR:Mind-Affecting		TYPE:Elixer			COMPS:V, S		CASTTIME:1 standard action	RANGE:Close		ITEM:Potion	TARGETAREA:One humanoid creature										DURATION:(CASTERLEVEL) hours						SAVEINFO:Will negates				SPELLRES:Yes						DESC:Makes one person your friend.																																																																								SOURCEPAGE:SpellsC.rtf
Chatterteeth Elixer
Comprehend Languages Elixer				CLASSES:Alchemist=1			SCHOOL:Divination												TYPE:Elixer			COMPS:V, S, M/DF	CASTTIME:1 standard action	RANGE:Personal	ITEM:Potion	TARGETAREA:You													DURATION:(CASTERLEVEL*10) minutes					SAVEINFO:None					SPELLRES:No							DESC:You understand all spoken and written languages.																																																																					SOURCEPAGE:SpellsC.rtf
Cure Light Wounds Elixer				CLASSES:Alchemist=1			SCHOOL:Conjuration	SUBSCHOOL:Healing								TYPE:Elixer			COMPS:V, S		CASTTIME:1 standard action	RANGE:Touch		ITEM:Potion	TARGETAREA:Creature touched											DURATION:Instantaneous							SAVEINFO:Will half (harmless); see text	SPELLRES:Yes (harmless); see text			DESC:Cures 1d8+(min(CASTERLEVEL,5)) damage.																																																																						SOURCEPAGE:SpellsC.rtf
Detect Undead Elixer					CLASSES:Alchemist=1			SCHOOL:Divination												TYPE:Elixer			COMPS:V, S, M/DF	CASTTIME:1 standard action	RANGE:60 ft.	ITEM:Potion	TARGETAREA:Cone-shaped emanation										DURATION:Concentration, up to (CASTERLEVEL) minutes [D]	SAVEINFO:None					SPELLRES:No							DESC:Reveals undead within 60 ft.																																																																								SOURCEPAGE:SpellsD-E.rtf
Endure Elements Elixer					CLASSES:Alchemist=1			SCHOOL:Abjuration												TYPE:Elixer			COMPS:V, S		CASTTIME:1 standard action	RANGE:Touch		ITEM:Potion	TARGETAREA:Creature touched											DURATION:24 hours								SAVEINFO:Will negates (harmless)		SPELLRES:Yes (harmless)					DESC:Exist comfortably in hot or cold environments.																																																																					SOURCEPAGE:SpellsD-E.rtf
Enlarge Person Elixer					CLASSES:Alchemist=1			SCHOOL:Transmutation											TYPE:Elixer			COMPS:V, S, M	CASTTIME:1 round			RANGE:Close		ITEM:Potion	TARGETAREA:One humanoid creature										DURATION:(CASTERLEVEL) minutes [D]					SAVEINFO:Fortitude negates			SPELLRES:Yes						DESC:Creatures size increases to next category												BONUS:COMBAT|TOHIT,AC|-1|TYPE=Size|PREAPPLY:ANYPC																									BONUS:STAT|STR|2|TYPE=Size|PREAPPLY:ANYPC	BONUS:STAT|DEX|-2|TYPE=Size|PREAPPLY:ANYPC											SOURCEPAGE:SpellsD-E.rtf
Erase Elixer						CLASSES:Alchemist=1			SCHOOL:Transmutation											TYPE:Elixer			COMPS:V, S		CASTTIME:1 standard action	RANGE:Close		ITEM:Potion	TARGETAREA:One scroll or two pages										DURATION:Instantaneous							SAVEINFO:See text					SPELLRES:No							DESC:Mundane or magical writing vanishes.																																																																							SOURCEPAGE:SpellsD-E.rtf
Estivation Elixer			NAMEISPI:YES	CLASSES:Alchemist=1			SCHOOL:Transmutation											TYPE:Elixer			COMPS:V S M		CASTTIME:30 minutes		RANGE:Personal+			TARGETAREA:You													DURATION:Up to 3 months							SAVEINFO:None					SPELLRES:No							DESC:See text																																																																											SOURCEPAGE:p.72
Expeditious Retreat Elixer				CLASSES:Alchemist=1			SCHOOL:Transmutation											TYPE:Elixer			COMPS:V, S		CASTTIME:1 standard action	RANGE:Personal	ITEM:Potion	TARGETAREA:You													DURATION:(CASTERLEVEL) minutes [D]					SAVEINFO:None					SPELLRES:No							DESC:Your speed increases by 30 ft.																							BONUS:POSTMOVEADD|TYPE.Walk|30|TYPE=Enhancement|PREAPPLY:PC																																								SOURCEPAGE:SpellsD-E.rtf
Goodberry Elixer						CLASSES:Alchemist=1			SCHOOL:Transmutation											TYPE:Elixer			COMPS:V, S, DF	CASTTIME:1 standard action	RANGE:Touch		ITEM:Potion	TARGETAREA:2d4 fresh berries touched									DURATION:(CASTERLEVEL) days						SAVEINFO:None					SPELLRES:Yes						DESC:2d4 berries each cure 1 hp [max 8 hp/24 hours].																																																																					SOURCEPAGE:SpellsF-G.rtf
Grease Elixer						CLASSES:Alchemist=1			SCHOOL:Conjuration	SUBSCHOOL:Creation							TYPE:Elixer			COMPS:V, S, M	CASTTIME:1 standard action	RANGE:Close		ITEM:Potion	TARGETAREA:One object or a 10-ft. square									DURATION:(CASTERLEVEL) rounds [D]					SAVEINFO:See text					SPELLRES:No							DESC:Makes 10-ft. square or one object slippery.																																																																					SOURCEPAGE:SpellsF-G.rtf
Hibernation Elixer		NAMEISPI:YES	CLASSES:Alchemist=1			SCHOOL:Transmutation											TYPE:Elixer			COMPS:V S M		CASTTIME:30 minutes		RANGE:Personal			TARGETAREA:You													DURATION:Up to 3 months							SAVEINFO:None					SPELLRES:No							DESC:See text																																																																											SOURCEPAGE:p.73
Identify Elixer						CLASSES:Alchemist=1			SCHOOL:Divination												TYPE:Elixer			COMPS:V, S, M/DF	CASTTIME:1 hour			RANGE:Touch		ITEM:Potion	TARGETAREA:One touched object											DURATION:Instantaneous							SAVEINFO:None					SPELLRES:No					COST:100	DESC:Determines properties of magic item.																																																																							SOURCEPAGE:SpellsH-L.rtf
Inflict Light Wounds Elixer				CLASSES:Alchemist=1			SCHOOL:Necromancy												TYPE:Elixer			COMPS:V, S		CASTTIME:1 standard action	RANGE:Touch		ITEM:Potion	TARGETAREA:Creature touched											DURATION:Instantaneous							SAVEINFO:Will half				SPELLRES:Yes						DESC:Touch deals 1d8+(min(CASTERLEVEL,5)) damage.																																																																					SOURCEPAGE:SpellsH-L.rtf
Jump Elixer							CLASSES:Alchemist=1			SCHOOL:Transmutation											TYPE:Elixer			COMPS:V, S, M	CASTTIME:1 standard action	RANGE:Touch		ITEM:Potion	TARGETAREA:Creature touched											DURATION:(CASTERLEVEL) minutes [D]					SAVEINFO:Will negates (harmless)		SPELLRES:Yes						DESC:Subject gets bonus on Jump checks.																																BONUS:SKILL|Jump|10+min((floor(%CHOICE/5)*10),20)|TYPE=Enhancement|PREAPPLY:ANYPC																CHOOSE:NUMBER|MIN=1|MAX=20|TITLE=Choose spell caster level	SOURCEPAGE:SpellsH-L.rtf
Magic Aura Elixer						CLASSES:Alchemist=1			SCHOOL:Illusion		SUBSCHOOL:Glamer								TYPE:Elixer			COMPS:V, S, F	CASTTIME:1 standard action	RANGE:Touch		ITEM:Potion	TARGETAREA:One touched object weighing up to (CASTERLEVEL*5) lbs					DURATION:(CASTERLEVEL) days [D]					SAVEINFO:None; see text				SPELLRES:No							DESC:Alters object's magic aura.																																																																								SOURCEPAGE:SpellsM-O.rtf
Mage Armor Elixer						CLASSES:Alchemist=1			SCHOOL:Conjuration	SUBSCHOOL:Creation	DESCRIPTOR:Force				TYPE:Elixer			COMPS:V, S, F	CASTTIME:1 standard action	RANGE:Touch		ITEM:Potion	TARGETAREA:Creature touched											DURATION:(CASTERLEVEL) hours [D]					SAVEINFO:Will negates (harmless)		SPELLRES:No							DESC:Gives subject +4 armor bonus.														BONUS:COMBAT|AC|4|TYPE=Armor.REPLACE|PREAPPLY:ANYPC																																																		SOURCEPAGE:SpellsM-O.rtf
Obscuring Mist Elixer					CLASSES:Alchemist=1			SCHOOL:Conjuration	SUBSCHOOL:Creation							TYPE:Elixer			COMPS:V, S		CASTTIME:1 standard action	RANGE:20 ft.	ITEM:Potion	TARGETAREA:Cloud spreads in 20-ft. radius from you, 20 ft. high					DURATION:(CASTERLEVEL) minutes					SAVEINFO:None					SPELLRES:No							DESC:Fog surrounds you.																																																																										SOURCEPAGE:SpellsM-O.rtf
Protect Mount Elixer		NAMEISPI:YES	CLASSES:Alchemist=1			SCHOOL:Enchantment											TYPE:Elixer			COMPS:V, S		CASTTIME:1 round			RANGE:Touch				TARGETAREA:(min(CASTERLEVEL/2,1)) animals									DURATION:(CASTERLEVEL) minutes					SAVEINFO:None					SPELLRES:No							DESC:Affords cavalry warhorses a measure of protection, something they usually receive only as an afterthought.																																																											SOURCEPAGE:p.118
Protection from Chaos Elixer				CLASSES:Alchemist=1			SCHOOL:Abjuration						DESCRIPTOR:Lawful				TYPE:Elixer			COMPS:V, S, M/DF	CASTTIME:1 standard action	RANGE:Touch		ITEM:Potion	TARGETAREA:Creature touched											DURATION:(CASTERLEVEL) minutes [D]					SAVEINFO:Will negates (harmless)		SPELLRES:No; see text					DESC:+2 to AC and saves, counter mind control, hedge out elementals and outsiders.																																																																SOURCEPAGE:SpellsP-R.rtf
Protection from Evil Elixer				CLASSES:Alchemist=1			SCHOOL:Abjuration						DESCRIPTOR:Good				TYPE:Elixer			COMPS:V, S, M/DF	CASTTIME:1 standard action	RANGE:Touch		ITEM:Potion	TARGETAREA:Creature touched											DURATION:(CASTERLEVEL) minutes [D]					SAVEINFO:Will negates (harmless)		SPELLRES:No; see text					DESC:+2 to AC and saves, counter mind control, hedge out elementals and outsiders.																																																																SOURCEPAGE:SpellsP-R.rtf
Protection from Good Elixer				CLASSES:Alchemist=1			SCHOOL:Abjuration						DESCRIPTOR:Evil				TYPE:Elixer			COMPS:V, S, M/DF	CASTTIME:1 standard action	RANGE:Touch		ITEM:Potion	TARGETAREA:Creature touched											DURATION:(CASTERLEVEL) minutes [D]					SAVEINFO:Will negates (harmless)		SPELLRES:No; see text					DESC:+2 to AC and saves, counter mind control, hedge out elementals and outsiders.																																																																SOURCEPAGE:SpellsP-R.rtf
Protection from Law Elixer				CLASSES:Alchemist=1			SCHOOL:Abjuration						DESCRIPTOR:Chaotic			TYPE:Elixer			COMPS:V, S, M/DF	CASTTIME:1 standard action	RANGE:Touch		ITEM:Potion	TARGETAREA:Creature touched											DURATION:(CASTERLEVEL) minutes [D]					SAVEINFO:Will negates (harmless)		SPELLRES:No; see text					DESC:+2 to AC and saves, counter mind control, hedge out elementals and outsiders.																																																																SOURCEPAGE:SpellsP-R.rtf
Reduce Person Elixer					CLASSES:Alchemist=1			SCHOOL:Transmutation											TYPE:Elixer			COMPS:V, S, M	CASTTIME:1 round			RANGE:Close		ITEM:Potion	TARGETAREA:One humanoid creature										DURATION:(CASTERLEVEL) minutes [D]					SAVEINFO:Fortitude negates			SPELLRES:Yes						DESC:Humanoid creature halves in size.													BONUS:COMBAT|TOHIT,AC|1|TYPE=Size|PREAPPLY:ANYPC																									BONUS:STAT|STR|-2|TYPE=Size|PREAPPLY:ANYPC	BONUS:STAT|DEX|2|TYPE=Size|PREAPPLY:ANYPC											SOURCEPAGE:SpellsP-R.rtf
Remove Fear Elixer					CLASSES:Alchemist=1			SCHOOL:Abjuration												TYPE:Elixer			COMPS:V, S		CASTTIME:1 standard action	RANGE:Close		ITEM:Potion	TARGETAREA:((CASTERLEVEL/4)+1) creatures, no two of which can be more than 30 ft. apart	DURATION:10 minutes; see text						SAVEINFO:Will negates (harmless)		SPELLRES:Yes (harmless)					DESC:Suppresses fear or gives +4 on saves against fear for (CASTERLEVEL/4+1) subjects.																																																															SOURCEPAGE:SpellsP-R.rtf
Shield Elixer						CLASSES:Alchemist=1			SCHOOL:Abjuration						DESCRIPTOR:Force				TYPE:Elixer			COMPS:V, S		CASTTIME:1 standard action	RANGE:Personal	ITEM:Potion	TARGETAREA:You													DURATION:(CASTERLEVEL) minutes [D]					SAVEINFO:None					SPELLRES:No							DESC:Invisible disc gives +4 to AC, blocks magic missiles.										BONUS:COMBAT|AC|4|TYPE=Shield|PREAPPLY:PC																																																				SOURCEPAGE:SpellsS.rtf
Shocking Grasp Elixer					CLASSES:Alchemist=1			SCHOOL:Evocation						DESCRIPTOR:Electricity			TYPE:Elixer			COMPS:V, S		CASTTIME:1 standard action	RANGE:Touch		ITEM:Potion	TARGETAREA:Creature or object touched									DURATION:Instantaneous							SAVEINFO:None					SPELLRES:Yes						DESC:Touch delivers (min(CASTERLEVEL,5))d6 electricity damage.																																																																			SOURCEPAGE:SpellsS.rtf
Silent Step Elixer		NAMEISPI:YES	CLASSES:Alchemist=1			SCHOOL:Transmutation											TYPE:Elixer			COMPS:S, M		CASTTIME:1 standard action	RANGE:Touch		ITEM:Potion	TARGETAREA:Creature Touched											DURATION:(CL) minutes							SAVEINFO:Will negates (harmless)		SPELLRES:Yes (harmless)					DESC:Subject gains a +10 competence bonus to Move Silently checks.																																																																		SOURCEPAGE:pg. 143
Sleep Elixer						CLASSES:Alchemist=1			SCHOOL:Enchantment	SUBSCHOOL:Compulsion	DESCRIPTOR:Mind-Affecting		TYPE:Elixer			COMPS:V, S, M	CASTTIME:1 round			RANGE:Medium	ITEM:Potion	TARGETAREA:One or more living creatures within a 10-ft.-radius burst				DURATION:(CASTERLEVEL) minutes					SAVEINFO:Will negates				SPELLRES:Yes						DESC:Puts 4 HD of creatures into magical slumber.																																																																					SOURCEPAGE:SpellsS.rtf
Spider Climb Elixer					CLASSES:Alchemist=1			SCHOOL:Transmutation											TYPE:Elixer			COMPS:V, S, M	CASTTIME:1 standard action	RANGE:Touch		ITEM:Potion	TARGETAREA:Creature touched											DURATION:(CASTERLEVEL*10) minutes					SAVEINFO:Will negates (harmless)		SPELLRES:Yes (harmless)					DESC:Grants ability to walk on walls and ceilings.																																																																					SOURCEPAGE:SpellsS.rtf
True Strike Elixer					CLASSES:Alchemist=1			SCHOOL:Divination												TYPE:Elixer			COMPS:V, F		CASTTIME:1 standard action	RANGE:Personal	ITEM:Potion	TARGETAREA:You													DURATION:See text								SAVEINFO:None					SPELLRES:No							DESC:+20 on your next attack roll.																																																																								SOURCEPAGE:SpellsT-Z.rtf



##Block: Spells
Acid Blade				NAMEISPI:YES
Ambush				NAMEISPI:YES
Arms of Force			NAMEISPI:YES
Athanae's Age Estimation	NAMEISPI:YES
Athanae's Know Contents		NAMEISPI:YES
Athanae's Know Creature		NAMEISPI:YES
Athanae's Know Status		NAMEISPI:YES
Awe					NAMEISPI:YES
Battle Knowledge			NAMEISPI:YES
Battle Roar				NAMEISPI:YES
Blindsight				NAMEISPI:YES
Boiling Oil				NAMEISPI:YES
Borin's Hammer			NAMEISPI:YES
Chatterteeth			NAMEISPI:YES
Combat Prescience			NAMEISPI:YES
Death Becomes Me			NAMEISPI:YES
Death Mist				NAMEISPI:YES
Elemental Flurry			NAMEISPI:YES
Enchant Weapon			NAMEISPI:YES
Energy Sheath			NAMEISPI:YES
Exhaust				NAMEISPI:YES
Eyes of the Beholder		NAMEISPI:YES
Fingerteeth				NAMEISPI:YES
Flame Brand				NAMEISPI:YES
Force Bridge			NAMEISPI:YES
Force Chakram			NAMEISPI:YES
Forceful Burst			NAMEISPI:YES
Forget				NAMEISPI:YES
Frost Fire				NAMEISPI:YES
Gluttony				NAMEISPI:YES
Grounding (Greater)		NAMEISPI:YES
Magic Armor (Greater)		NAMEISPI:YES
Grounding				NAMEISPI:YES
Handcramp				NAMEISPI:YES	CLASSES:Cleric,Sorcerer,Wizard=0	SCHOOL:Enchantment	SUBSCHOOL:Compulsion	DESCRIPTOR:Mind-Affecting		TYPE:Arcane.Divine	COMPS:V, S		CASTTIME:1 standard action	RANGE:Close		ITEM:Potion	TARGETAREA:One Creature												DURATION:Instantaneous							SAVEINFO:Will negates				SPELLRES:Yes						DESC:Causes person to let go of a held object.																																																																						SOURCEPAGE:pg. 141
Indomitable Charge		NAMEISPI:YES
Magic Armor				NAMEISPI:YES
Restoration (Minor)		NAMEISPI:YES
Mirror Legion			NAMEISPI:YES
Protection from Disease		NAMEISPI:YES
Psychometry				NAMEISPI:YES
Quickread				NAMEISPI:YES
Rally of the Damned		NAMEISPI:YES
Rearguard				NAMEISPI:YES
Sandstorm				NAMEISPI:YES
Shrapnel				NAMEISPI:YES
Shockblade				NAMEISPI:YES
Shocknet				NAMEISPI:YES
Silent Step				NAMEISPI:YES	CLASSES:Myrmidon,Sorcerer,Wizard=1	SCHOOL:Transmutation											TYPE:Arcane			COMPS:S, M		CASTTIME:1 standard action	RANGE:Touch		ITEM:Potion	TARGETAREA:Creature Touched											DURATION:(CASTERLEVEL) minutes					SAVEINFO:Will negates (harmless)		SPELLRES:Yes (harmless)					DESC:Subject gains a +10 competence bonus to Move Silently checks.																																																																		SOURCEPAGE:pg. 143
Smite Foe				NAMEISPI:YES
Spinewrack				NAMEISPI:YES
Staff of Defense			NAMEISPI:YES
Steal Poison			NAMEISPI:YES
Storm of Arrows			NAMEISPI:YES
Summon Sentinel			NAMEISPI:YES
Thunder Clap			NAMEISPI:YES
