# CVS $Revision: $ $Author: $ -- Sun May 13 12:06:50 2007 -- reformated by prettylst.pl v1.37 (build 2312)
SOURCELONG:The Divine and the Defeated	SOURCESHORT:DivineandDefeated	SOURCEWEB:http://www.swordsorcery.com

# Spell Name				Product Identity?	Classes of caster	Domains granting the spell	School				Sub-School			Spell Descriptors			Type	Components		Casting Time		Range			Target Area			Duration							Save Info					Spell Resistance		Required Skill			Description														Source Page
#Anointment of Blood			NAMEISPI:YES	CLASSES:							SCHOOL:True Ritual											TYPE:	COMPS:		CASTTIME:			RANGE:		TARGETAREA:			DURATION:							SAVEINFO:					SPELLRES:			PRESKILL:1,Ritual Casting=1	DESC:															SOURCEPAGE:218

#Gormoth's Torment			True Ritual			SOURCEPAGE:p.220
#Greater Ritual of Redemption		True Ritual			SOURCEPAGE:p.220
#Raise the Eternal Army			True Ritual
#Restore Creature				True Ritual
#Ritual of Redemption			True Ritual			SOURCEPAGE:p.221
#The Twistings				True Ritual			SOURCEPAGE:p.221


# Spell Name			School				Sub-School			Spell Descriptors			Components		Casting Time		Range			Target Area or Effect	Duration							Save Info					Spell Resistance		Description														Source Page
Amnesia				SCHOOL:Enchantment						DESCRIPTOR:Mind-Affecting	COMPS:V S		CASTTIME:1 action		RANGE:Close		TARGETAREA:None		DURATION:Instantaneous					SAVEINFO:Will negates			SPELLRES:Yes		DESC:The Target loses all memory										SOURCEPAGE:p.
Arms of the Mother		SCHOOL:Conjuration		SUBSCHOOL:Healing							COMPS:V S DF	CASTTIME:1 minute		RANGE:Touch		TARGETAREA:Circle		DURATION:8 hours						SAVEINFO:Reflex negates (harmless)	SPELLRES:Yes Harmless	DESC:You and one person/4 levels enter a healing sleep within the earth				SOURCEPAGE:p.218
Divine Talion			SCHOOL:Abjuration|Necromancy										COMPS:V S M DF	CASTTIME:1 action		RANGE:Personal	TARGETAREA:Personal	DURATION:1 round/level					SAVEINFO:See text				SPELLRES:No			DESC:Enemies attacks are revisited upon them								SOURCEPAGE:p.
Feast of Worms			SCHOOL:Conjuration		SUBSCHOOL:Summoning						COMPS:V S M		CASTTIME:1 action		RANGE:Medium	TARGETAREA:None		DURATION:1 round +1 round/level			SAVEINFO:None				SPELLRES:Yes		DESC:Summons lard worms to attack a victim within range						SOURCEPAGE:p.219
Fist of Iron			SCHOOL:Transmutation											COMPS:S DF		CASTTIME:1 action		RANGE:Personal	TARGETAREA:Personal	DURATION:1 minute/level					SAVEINFO:Will negates (harmless)	SPELLRES:Yes (harmless)	DESC:Transforms one fist into an iron club								SOURCEPAGE:p.
Fleshhammer				SCHOOL:Transmutation											COMPS:V S F DF	CASTTIME:1 action		RANGE:Touch		TARGETAREA:Touch		DURATION:1 round/level					SAVEINFO:Fortitude negates		SPELLRES:Yes		DESC:Enchants a bludgeoning weapon with the capacity for random ability drain			SOURCEPAGE:p.219
Fourfold Forging			SCHOOL:Transmutation											COMPS:V S F DF	CASTTIME:1 action		RANGE:Touch		TARGETAREA:Touch		DURATION:1 minute/level					SAVEINFO:None				SPELLRES:No			DESC:Transforms the caster's sword into four blades that act in unison				SOURCEPAGE:p.
Golthain's Insight		SCHOOL:Divination												COMPS:V S M		CASTTIME:1 action		RANGE:Long		TARGETAREA:None		DURATION:1 hour/level					SAVEINFO:Will negates			SPELLRES:Yes		DESC:Uses a vermin, animal or beast to sense the world						SOURCEPAGE:p.219
Heal Construct			SCHOOL:Conjuration		SUBSCHOOL:Healing							COMPS:V S		CASTTIME:1 action		RANGE:Touch		TARGETAREA:Touch		DURATION:Instantaneous					SAVEINFO:None				SPELLRES:Yes (harmless)	DESC:As the spell heal but on constructs									SOURCEPAGE:p.
Hero's Death			SCHOOL:Necromancy												COMPS:V S DF	CASTTIME:1 round		RANGE:Touch		TARGETAREA:Touch		DURATION:1 hour/level until completion of task	SAVEINFO:Will negates (harmless)	SPELLRES:Yes (harmless)	DESC:Empower the target to accomplish a last heroic feat before dying				SOURCEPAGE:p.
Invisibility to Constructs	SCHOOL:Abjuration												COMPS:V S DF	CASTTIME:1 action		RANGE:Touch		TARGETAREA:Touch		DURATION:10 minutes/level (D)				SAVEINFO:Will negates (see text)	SPELLRES:Yes		DESC:As invisibility, but affects only constructs							SOURCEPAGE:p.
Judgment of Gold			SCHOOL:Transmutation											COMPS:V S M DF	CASTTIME:1 action		RANGE:Touch		TARGETAREA:Touch		DURATION:Permanent					SAVEINFO:Fortitude negates		SPELLRES:Yes		DESC:Transforms target into golden statue									SOURCEPAGE:p.
Mind Share				SCHOOL:Divination							DESCRIPTOR:Mind-Affecting	COMPS:V S F/DF XP	CASTTIME:5 minutes	RANGE:Touch		TARGETAREA:Touch		DURATION:1 minute/level					SAVEINFO:Will Negates			SPELLRES:Yes		DESC:Allows the caster to get truthful answers to any questions asked of subject		SOURCEPAGE:p.
Oakenblade				SCHOOL:Conjuration		SUBSCHOOL:Creation						COMPS:V S M		CASTTIME:1 action		RANGE:Personal	TARGETAREA:Touch		DURATION:1 minute/level					SAVEINFO:None				SPELLRES:No			DESC:You create a blade out of life filled oak								SOURCEPAGE:p.220
Power of the Overlord		SCHOOL:Transmutation											COMPS:V S DF	CASTTIME:1 action		RANGE:Close		TARGETAREA:None		DURATION:1 day/level					SAVEINFO:Special				SPELLRES:Yes		DESC:Grants great strength but slowly corrupts the victim's soul					SOURCEPAGE:p.
Reconstruct				SCHOOL:Conjuration		SUBSCHOOL:Healing							COMPS:V S M DF XP	CASTTIME:10 minutes	RANGE:Touch		TARGETAREA:Touch		DURATION:Instantaneous					SAVEINFO:None (see text)		SPELLRES:No			DESC:As the spell resurrection but affects constructs							SOURCEPAGE:p.
Shield of Color			SCHOOL:Abjuration												COMPS:V S M		CASTTIME:1 action		RANGE:Personal	TARGETAREA:Personal	DURATION:1 round/level					SAVEINFO:None				SPELLRES:No			DESC:Creates a shimmering shield that protects the caster from attack and shadow magic	SOURCEPAGE:p.
Silver Sword			SCHOOL:Transmutation											COMPS:V S M F DF	CASTTIME:1 action		RANGE:Touch		TARGETAREA:Touch		DURATION:1 minute/level					SAVEINFO:None				SPELLRES:No			DESC:Causes a weapon to count as silver for any special attack purposes				SOURCEPAGE:p.
Siren Song				SCHOOL:Enchantment		SUBSCHOOL:Compulsion	DESCRIPTOR:Mind-Affecting	COMPS:V S		CASTTIME:1 full round	RANGE:Close		TARGETAREA:None		DURATION:Concentration +1 round/2 levels		SAVEINFO:Will negates			SPELLRES:Yes		DESC:Causes multiple targets to be drawn inexorably toward the caster				SOURCEPAGE:p.
Soul Blight				SCHOOL:Transmutation											COMPS:V S M F	CASTTIME:1 action		RANGE:Touch		TARGETAREA:Touch		DURATION:Instantaneous					SAVEINFO:Fortitude negates		SPELLRES:Yes		DESC:Wasting disease kills and creates a spirit of the plague					SOURCEPAGE:p.221
Steal Control			SCHOOL:Enchantment		SUBSCHOOL:Compulsion						COMPS:V S M DF	CASTTIME:1 full round	RANGE:Sight		TARGETAREA:None		DURATION:Concentration					SAVEINFO:Will negates			SPELLRES:Yes		DESC:Steal control of any construct in sight								SOURCEPAGE:p.
Stop Golem				SCHOOL:Enchantment		SUBSCHOOL:Compulsion						COMPS:V S DF	CASTTIME:1 action		RANGE:Medium	TARGETAREA:None		DURATION:1 round/level (D)				SAVEINFO:Will Negates			SPELLRES:Half		DESC:As hold person but functions against golems							SOURCEPAGE:p.
Strength of Nalthalos		SCHOOL:Transmutation											COMPS:V S DF	CASTTIME:1 action		RANGE:Touch		TARGETAREA:Touch		DURATION:1 hour/level					SAVEINFO:Will negates (harmless)	SPELLRES:Yes (harmless)	DESC:Subject gains 1d8+4 temporary strength								SOURCEPAGE:p.
Transfer Sentience		SCHOOL:Transmutation											COMPS:V S DF	CASTTIME:2 full rounds	RANGE:Touch		TARGETAREA:Touch		DURATION:1 minute/level (D)				SAVEINFO:Will negates (harmless)	SPELLRES:Yes (harmless)	DESC:Subject and target golem exchange minds								SOURCEPAGE:p.
Vangal's Dogs of War		SCHOOL:Conjuration		SUBSCHOOL:Summoning						COMPS:V S M		CASTTIME:1 full round	RANGE:Close		TARGETAREA:Spread		DURATION:1 hour/level (D)				SAVEINFO:None				SPELLRES:No			DESC:Summons 1 dog/3 levels to serve and fight for you						SOURCEPAGE:p.
Vangal's Wrath			SCHOOL:Evocation												COMPS:V S		CASTTIME:1 action		RANGE:Personal	TARGETAREA:Circle		DURATION:Instantaneous					SAVEINFO:Fortitude half			SPELLRES:Yes		DESC:A wave of divine energy deals 1d6 damage/level in all directions				SOURCEPAGE:p.
Vengeance of the Scorned	SCHOOL:Transmutation											COMPS:V S M		CASTTIME:1 full round	RANGE:Personal	TARGETAREA:Special	DURATION:Special						SAVEINFO:None				SPELLRES:No			DESC:Allow caster to find and defeat a single individual						SOURCEPAGE:p.
Visage of the Overlord		SCHOOL:Enchantment		SUBSCHOOL:Compulsion	DESCRIPTOR:Mind-Affecting	COMPS:V DF		CASTTIME:1 action		RANGE:Personal	TARGETAREA:Personal	DURATION:1 minute/level					SAVEINFO:None				SPELLRES:Yes		DESC:Surrounds the caster in an aura of command and competence					SOURCEPAGE:p.
