SOURCELONG:Rallanon Publishing Group - The Encyclopedia Rallanon	SOURCESHORT:EncRal	SOURCEWEB:http://groups.msn.com/raxstower

REGION:Algoria			PREALIGN:0,1,2,3,4,5,6,7
REGION:Ancient Kish		PREALIGN:0,1,2,3,4,5,6,7
REGION:Ardos			PREALIGN:0,1,2,3,4,5,6,7
REGION:Athega			PREALIGN:0,1,2,3,4,5,6,7
REGION:Bellagon			PREALIGN:0,1,2,3,4,5,6,7
REGION:Bencadrad Alliance	PREALIGN:0,1,2,3,4,5,6,7
REGION:Bloodlands			PREALIGN:0,1,2,3,4,5,6,7
REGION:Bonadan			PREALIGN:0,1,2,3,4,5,6,7
REGION:Candon			PREALIGN:0,1,2,3,4,5,6,7
REGION:Dentros			PREALIGN:0,1,2,3,4,5,6,7
REGION:Durinar			PREALIGN:0,1,2,3,4,5,6,7
REGION:Enchanted Wood		PREALIGN:0,1,2,3,4,5,6,7
REGION:Grass Sea			PREALIGN:0,1,2,3,4,5,6,7
REGION:Haknaar			PREALIGN:0,1,2,3,4,5,6,7
REGION:Kharsiris			PREALIGN:0,1,2,3,4,5,6,7
REGION:Kish				PREALIGN:0,1,2,3,4,5,6,7
REGION:Kuraek			PREALIGN:0,1,2,3,4,5,6,7
REGION:Landorn			PREALIGN:0,1,2,3,4,5,6,7
REGION:Li-Ming			PREALIGN:0,1,2,3,4,5,6,7
REGION:Mysidia			PREALIGN:0,1,2,3,4,5,6,7
REGION:Nyarsk			PREALIGN:0,1,2,3,4,5,6,7
REGION:Pantorka			PREALIGN:0,1,2,3,4,5,6,7
REGION:Roton			PREALIGN:0,1,2,3,4,5,6,7
REGION:Scrogothia			PREALIGN:0,1,2,3,4,5,6,7
REGION:Zhar				PREALIGN:0,1,2,3,4,5,6,7
