# CVS $Revision: $ $Author: rax_the_grey $ -- Fri May  8 13:30:11 2009 -- reformated by prettylst.pl v1.39 (build 8180)
SOURCELONG:Rallanon Publishing Group - The Encyclopedia Rallanon	SOURCESHORT:EncRal	SOURCEWEB:http://raxstower.finzen.com

# Domain Name	Class Skill				Innate Spells			Define													Caster level bonus			Bonus to skill					Modify VAR					Source Page						Description																																																																																									Move
Undeath (Good)											DEFINE:Turn Undead|3+CHA	DEFINE:AllowExtraTurning|1	DEFINE:Turn Level|0														BONUS:VAR|Turn Level|CL=Cleric	SOURCEPAGE:The Encyclopedia Rallanon	DESC:You may turn undead
Undeath (Evil)											DEFINE:Turn Undead|3+CHA	DEFINE:AllowExtraTurning|1	DEFINE:Turn Level|0														BONUS:VAR|Turn Level|CL=Cleric	SOURCEPAGE:The Encyclopedia Rallanon	DESC:You may rebuke undead


##OA Specific Domains
Ancestor																																													SOURCEPAGE:p.86					DESC:A number of times per day equal to your CHA bonus you can summon an ancestor and channel some of their karmic power into yourself. Grants a +4 bonus on any skill check.
Celestial																																													SOURCEPAGE:p.86					DESC:Rebuke or command spirits as an evil cleric rebukes undead. Use this ability a number of times per day equal to 3 + you CHA mod.
Community							SPELLS:Domain|Calm Emotions																					BONUS:SKILL|Diplomacy|2|TYPE=Competence							SOURCEPAGE:p.86					DESC:Use calm emotions as a spell-like ability once per day. Gain +2 competence bonus on Diplomacy checks.
Divination																										BONUS:PCLEVEL|SCHOOL.Divination|2														SOURCEPAGE:p.86					DESC:You cast divination spels at +2 caster levels.
Flame																																														SOURCEPAGE:p.86					DESC:You can generate a flame ward, a spell-like ability to grant yourself or someone you touch a resistance bonus equal to your shaman level on all saving throws agains fire spells and effects. Activating this power is a standard action. The flame ward is an abjuration effect with a duration of 1 minute+1 minute/level that is usable once per day.
Fortune																																													SOURCEPAGE:p.86					DESC:You gain the power of good fortune, whicb is usable once per day. This extraordinary ability allows you to reroll one roll that you have just made. You must take the result of the reroll, even if it's worse than the original roll.
Fury													DEFINE:Smite|0																									BONUS:VAR|Smite|1				SOURCEPAGE:p.87					DESC:You gain the smite power,the supernatural ability to make a single melee attack with a +4 attack bonus and a damage bonus equal to your shaman level (if you hit). You must declare the smite before making the attack. It is usable once per day.
Grave																																														SOURCEPAGE:p.87					DESC:You may use a death touch once per day. Your death youch is a spell-like ability that is a death effect. You must succeed at a melee touch attack against a living creature (using the rules for touch spells). When you touch, roll 1d6 per your shaman level. If the total at least equals the creature's current hit points, it dies.
Guardian																																													SOURCEPAGE:p.87					DESC:Once per day, you can add your shaman level to a single saving throw you make.
Healing																										BONUS:PCLEVEL|DESCRIPTOR.Healing|1														SOURCEPAGE:p.87					DESC:You cast healing spells at +1 caster level.
Hero																																														SOURCEPAGE:p.87					DESC:Once per day, you can add your shaman level to a single attack roll.
Knowledge		CSKILL:TYPE=Knowledge																					BONUS:PCLEVEL|SCHOOL.Divination|1														SOURCEPAGE:p.87					DESC:All knowledge skills are class skills. You cast divinations at +1 caster level.
Metal																																														SOURCEPAGE:p.87					DESC:You can generate a metal ward, a spell-like ability to grant yourself or someone you touch damage reduction 1/- against attacks from metal weapons or spell effects. This reduces the damage taken from such attacks by 1 each time damage is dealt. Activating this power is a standard action. The metal ward is an abjuration effect with a duration of 1 minute + 1 minute/level that is usable once per day.
Nature																																													SOURCEPAGE:p.88					DESC:Rebuke or command normal animals or plant creatures as an evil cleric rebukes or commands undead. Use this ability a total number of times per day equal to 3 + your Charisma modifier.
River																																	BONUS:SKILL|Swim|8|TYPE=Competence								SOURCEPAGE:p.88					DESC:You can swi with great skill (though you cannot breathe water without further magical assistance.) You have a base swimming speed of 30 ft. You do not need to make Swim checks to swim normally. You gain a +8 bonus on any swim check to perform some special action or avoid a hazard, and you can always choose to take 10 on these checks, even if rushede or threatened whe swimming. You can use the run action while swimming, provded you swim in a straight line.													MOVE:Swim,30
Stone																																														SOURCEPAGE:p.88					DESC:You can generate a stone ward, a spell-like ability to grant yourself or someone you touch damage reduction 5/- against attacks from stone weapons, creatures (such as earth elementals, gargoyles, clay golems, and stone golems), or spell effects, or against damage from falling onto earth or stone. This reduces the damage taken from such attacks by 5 each time damage is dealt. Activating this power is a standard action. The stoneward is an abjuration effect with a duration of 1 minute + 1 minute/level that is usable once per day.
Travel		CSKILL:Survival																																									SOURCEPAGE:p.88					DESC:For a total time per day of 1 round per your shaman level, you can act normally regardless of magical effects that impede movement (similar to the effect of the spell freedom of movement). This effect occurs automatically as soon asit applies, lasts until it runs out or is no longer needed, and can operate multiple times per day (up to a total daily limit of rounds). This is a supernatural ability.
Trickery		CSKILL:Bluff|Disguise|Hide																																							SOURCEPAGE:p.88					DESC:Bluff, Disguise, and Hide are class skills.
War																																														SOURCEPAGE:p.88					DESC:Free Martial Weapon Proficiency (if necessary) and Weapon Focus with a simple or martial melee weapon of your choice.
Wood																																														SOURCEPAGE:p.89					DESC:Move through natural thorns, briars, overgrown areas, and similar terrain at your normal speed and without taking damage or other impairment. Any such terrain that is magically manipulated to impede motion still impedes anyone with this granted power.
