# CVS $Revision: $ $Author: $ -- Thu May 21 19:15:37 2009 -- reformated by prettylst.pl v1.39 (build 8180)
SOURCELONG:Path of Magic	SOURCESHORT:Magic	SOURCEWEB:http://www.fantasyflightgames.com/llpom.html


## Legendary classes


# Class Name	Hit Dice	Type			Abbreviation	Max Level	Source Page		Save checks bonus											Combat bonus
CLASS:Death Lord	HD:6		TYPE:PC.Legendary	ABB:DLo		MAXLEVEL:5	SOURCEPAGE:p.42	BONUS:CHECKS|BASE.Will,BASE.Fortitude|CL/2+2	BONUS:CHECKS|BASE.Reflex|CL/3	BONUS:COMBAT|BAB|CL*3/4|TYPE=Base.REPLACE
# Class Name	Required AL				Required Feat						Required Skill													Req. Spell Type		Required Text
CLASS:Death Lord	PREALIGN:LN,LE,TN,NE,CN,CE	PREFEAT:2,Leadership,Spell Focus(Necromancy)	PRESKILL:1,Knowledge (Undead)=10	PRESKILL:1,Knowledge (Arcana)=15	PRESKILL:1,Heal=5	PRESPELLTYPE:1,Arcane=5	PRETEXT:Quests: See Text.
# Class Name	Skill Pts/Lvl	Class Skill
CLASS:Death Lord	STARTSKILLPTS:2	CSKILL:Concentration|TYPE.Craft|Heal|TYPE.Knowledge|TYPE.Profession|Spellcraft
1										AUTO:FEAT|Simple Weapon Proficiency
### Normal Level Progression
1	BONUS:ABILITYPOOL|Death Lord Legendary Ability|CL


# Class Name		Hit Dice	Type			Abbreviation	Max Level	Source Page		Save checks bonus											Combat bonus
CLASS:Elemental Lord	HD:6		TYPE:PC.Legendary	ABB:ELo		MAXLEVEL:5	SOURCEPAGE:p.44	BONUS:CHECKS|BASE.Will,BASE.Fortitude|CL/2+2	BONUS:CHECKS|BASE.Reflex|CL/3	BONUS:COMBAT|BAB|CL*3/4|TYPE=Base.REPLACE
# Class Name		Required Feat							Required Skill															Required Text
CLASS:Elemental Lord	PREFEAT:2,Great Fortitude,Spell Focus(Evocation)	PRESKILL:1,Knowledge (The Planes)=7	PRESKILL:1,Knowledge (Arcana)=15	PRESKILL:1,Spellcraft=12	PRETEXT:At least half of the character's spells known must have an elemental descriptor or be elemental in nature. Quests: See Text.
# Class Name		Skill Pts/Lvl	Class Skill
CLASS:Elemental Lord	STARTSKILLPTS:2	CSKILL:Concentration|TYPE.Craft|TYPE.Knowledge|TYPE.Profession|Spellcraft
1										AUTO:FEAT|Simple Weapon Proficiency
###Normal Level Progression
1	BONUS:ABILITYPOOL|Elemental Lord Legendary Ability|CL


# Class Name	Hit Dice	Type			Abbreviation	Max Level	Source Page		Save checks bonus											Combat bonus
CLASS:Infiltrator	HD:8		TYPE:PC.Legendary	ABB:Inf		MAXLEVEL:5	SOURCEPAGE:p.46	BONUS:CHECKS|BASE.Will,BASE.Reflex|CL/2+2	BONUS:CHECKS|BASE.Fortitude|CL/3	BONUS:COMBAT|BAB|CL*3/4|TYPE=Base.REPLACE
# Class Name	Required AL				Required Feat																					Required Skill																				Req. Spell Type		Required Text
CLASS:Infiltrator	PREALIGN:NG,TN,NE,CG,CN,CE	PREFEAT:1,Spell Focus(Enchantment)	PREFEAT:1,Skill Focus(Bluff),Skill Focus(Diplomacy),Skill Focus(Disguise),Skill Focus(Sense Motive)	PRESKILL:1,Forgery=2	PRESKILL:3,Diplomacy=8,Gather Information=8,Sense Motive=8	PRESKILL:1,Bluff=12	PRESKILL:1,Disguise=15	PRESPELLTYPE:1,Arcane=3	PRETEXT:Able to cast 3rd-level Bard spells. Quests: See Text.
# Class Name	Skill Pts/Lvl	Class Skill
CLASS:Infiltrator	STARTSKILLPTS:8	CSKILL:Appraise|Balance|Bluff|Climb|Concentration|TYPE.Craft|Decipher Script|Diplomacy|Disguise|Escape Artist|Forgery|Gather Information|Hide|Jump|TYPE.Knowledge|Listen|Move Silently|TYPE.Perform|Sleight of Hand|TYPE.Profession|Sense Motive|Speak Language|Spellcraft|Tumble|Use Magic Device
1										AUTO:FEAT|Simple Weapon Proficiency
1										AUTO:FEAT|Armor Proficiency (Light)|Armor Proficiency (Medium)
1										AUTO:FEAT|Shield Proficiency
###Normal Level Progression
1	BONUS:ABILITYPOOL|Infiltrator Legendary Ability|CL


# Class Name	Hit Dice	Type			Abbreviation	Max Level	Source Page		Save checks bonus											Combat bonus
CLASS:Landwalker	HD:6		TYPE:PC.Legendary	ABB:Lan		MAXLEVEL:5	SOURCEPAGE:p.48	BONUS:CHECKS|BASE.Will,BASE.Fortitude|CL/2+2	BONUS:CHECKS|BASE.Reflex|CL/3	BONUS:COMBAT|BAB|CL*3/4|TYPE=Base.REPLACE
# Class Name	Required AL		Required Feat			Required Skill										Req. Known Spell									Required Text
CLASS:Landwalker	PREALIGN:CG,CN,CE	PREFEAT:2,Alertness,Toughness	PRESKILL:1,Knowledge (Nature)=6	PRESKILL:1,Knowledge (Arcana)=15	PRESPELL:2,Animal Growth,Control Water,Locate Creature,Move Earth	PRETEXT:Quests: See Text.
# Class Name	Skill Pts/Lvl	Class Skill
CLASS:Landwalker	STARTSKILLPTS:4	CSKILL:Concentration|TYPE.Craft|TYPE.Knowledge|TYPE.Profession|Spellcraft|Survival
1															AUTO:FEAT|Simple Weapon Proficiency
###Normal Level Progression
1	BONUS:ABILITYPOOL|Landwalker Legendary Ability|CL	DEFINE:TurnPlantsAnimals|0


# Class Name	Hit Dice	Type			Abbreviation	Max Level	Source Page		Save checks bonus											Combat bonus
CLASS:Maestro	HD:8		TYPE:PC.Legendary	ABB:Mae		MAXLEVEL:5	SOURCEPAGE:p.50	BONUS:CHECKS|BASE.Will,BASE.Reflex|CL/2+2	BONUS:CHECKS|BASE.Fortitude|CL/3	BONUS:COMBAT|BAB|CL*3/4|TYPE=Base.REPLACE
# Class Name	Required Feat																				Required Language	Required Skill													Req. Spell Type		Required Text
CLASS:Maestro	PREFEAT:1,Leadership	PREFEAT:1,Skill Focus(Bluff),Skill Focus(Diplomacy),Skill Focus(TYPE.Perform),Skill Focus(Sense Motive)	PRELANG:3,ANY	PRESKILL:2,Bluff=8,Sense Motive=8	PRESKILL:1,TYPE.Perform=12	PRESKILL:1,Diplomacy=15	PRESPELLTYPE:1,Arcane=3	PRETEXT:Able to cast 3rd-level Bard spells. Quests: See Text.
# Class Name	Skill Pts/Lvl	Class Skill
CLASS:Maestro	STARTSKILLPTS:8	CSKILL:Appraise|Balance|Bluff|Climb|Concentration|TYPE.Craft|Decipher Script|Diplomacy|Disguise|Escape Artist|Gather Information|Hide|Jump|TYPE.Knowledge|Listen|Move Silently|TYPE.Perform|Sleight of Hand|TYPE.Profession|Sense Motive|Speak Language|Spellcraft|Tumble|Use Magic Device
1									ABILITY:Special Ability|AUTOMATIC|All Martial Weapon Proficiencies	AUTO:FEAT|Simple Weapon Proficiency|Martial Weapon Proficiency
1																					AUTO:FEAT|Armor Proficiency (Light)|Armor Proficiency (Medium)
1																					AUTO:FEAT|Shield Proficiency
###Normal Level Progression
1	BONUS:ABILITYPOOL|Maestro Legendary Ability|CL


# Class Name	Hit Dice	Type			Abbreviation	Max Level	Source Page		Save checks bonus											Combat bonus
CLASS:Oracle	HD:6		TYPE:PC.Legendary	ABB:Ora		MAXLEVEL:5	SOURCEPAGE:p.52	BONUS:CHECKS|BASE.Will,BASE.Reflex|CL/2+2	BONUS:CHECKS|BASE.Fortitude|CL/3	BONUS:COMBAT|BAB|CL*3/4|TYPE=Base.REPLACE
# Class Name	Multiple Requirements																										Required Skill								Required Text
CLASS:Oracle	PREMULT:5,[PRESPELLSCHOOL:5,Divination=1],[PRESPELLSCHOOL:4,Divination=2],[PRESPELLSCHOOL:3,Divination=3],[PRESPELLSCHOOL:2,Divination=4],[PRESPELLSCHOOL:1,Divination=5]	PRESKILL:1,Concentration=8	PRESKILL:1,Sense Motive=5	PRETEXT:The character must suffer some physical deformity, such as being blind or missing a hand or foot. Quests: See Text.
# Class Name	Skill Pts/Lvl	Class Skill
CLASS:Oracle	STARTSKILLPTS:4	CSKILL:Concentration|TYPE.Craft|TYPE.Knowledge|TYPE.Profession|Sense Motive|Spellcraft
1									AUTO:FEAT|Simple Weapon Proficiency
###Normal Level Progression
1	BONUS:ABILITYPOOL|Oracle Legendary Ability|CL
# Spellcasting:The character must know at least one divination spell from five different spell levels.....


# Class Name		Hit Dice	Type			Abbreviation	Max Level	Source Page		Save checks bonus											Combat bonus
CLASS:Puppetmaster	HD:6		TYPE:PC.Legendary	ABB:Ppt		MAXLEVEL:5	SOURCEPAGE:p.54	BONUS:CHECKS|BASE.Will,BASE.Fortitude|CL/2+2	BONUS:CHECKS|BASE.Reflex|CL/3	BONUS:COMBAT|BAB|CL*3/4|TYPE=Base.REPLACE
# Class Name		Required Feat					Required Skill														Req. Known Spell			Required Stat	Required Text
CLASS:Puppetmaster	PREFEAT:2,Craft Wondrous Item,Iron Will	PRESKILL:1,Spellcraft=10	PRESKILL:1,Knowledge (Arcana)=12	PRESKILL:1,TYPE.Craft=15	PRESPELL:1,Charm Monster	PRESTAT:1,CHA=13	PRETEXT:Quests: See Text.
# Class Name		Skill Pts/Lvl	Class Skill
CLASS:Puppetmaster	STARTSKILLPTS:4	CSKILL:Concentration|TYPE.Craft|Diplomacy|TYPE.Knowledge|TYPE.Profession|Spellcraft
1										AUTO:FEAT|Simple Weapon Proficiency
###Normal Level Progression
1	BONUS:ABILITYPOOL|Puppetmaster Legendary Ability|CL


# Class Name		Hit Dice	Type			Abbreviation	Max Level	Source Page		Save checks bonus											Combat bonus
CLASS:Puzzlemaster	HD:8		TYPE:PC.Legendary	ABB:Pzl		MAXLEVEL:5	SOURCEPAGE:p.56	BONUS:CHECKS|BASE.Will,BASE.Reflex|CL/2+2	BONUS:CHECKS|BASE.Fortitude|CL/3	BONUS:COMBAT|BAB|CL*3/4|TYPE=Base.REPLACE
# Class Name		Required AL				Required Feat														Req. Special Ability		Required Skill												Required Text
CLASS:Puzzlemaster	PREALIGN:LG,LN,LE,NG,TN,NE	PREFEAT:1,Alertness	PREFEAT:1,Skill Focus(Disable Device),Skill Focus(Use Magic Device)	PRESA:1,Bardic knowledge	PRESKILL:2,Disable Device=10,Use Magic Device=10	PRESKILL:1,Decipher Script=15	PRETEXT:Quests: See Text.
# Class Name		Skill Pts/Lvl	Class Skill
CLASS:Puzzlemaster	STARTSKILLPTS:8	CSKILL:Appraise|Balance|Bluff|Climb|Concentration|TYPE.Craft|Decipher Script|Diplomacy|Disable Device|Disguise|Escape Artist|Gather Information|Hide|Jump|TYPE.Knowledge|Listen|Move Silently|TYPE.Perform|Sleight of Hand|TYPE.Profession|Sense Motive|Speak Language|Spellcraft|Tumble|Use Magic Device
1										AUTO:FEAT|Simple Weapon Proficiency
1										AUTO:FEAT|Armor Proficiency (Light)|Armor Proficiency (Medium)
1										AUTO:FEAT|Shield Proficiency
###Normal Level Progression
1	BONUS:ABILITYPOOL|Puzzlemaster Legendary Ability|CL


# Class Name	Hit Dice	Type			Abbreviation	Max Level	Source Page		Save checks bonus											Combat bonus
CLASS:Traveler	HD:6		TYPE:PC.Legendary	ABB:Tra		MAXLEVEL:5	SOURCEPAGE:p.58	BONUS:CHECKS|BASE.Will,BASE.Fortitude|CL/2+2	BONUS:CHECKS|BASE.Reflex|CL/3	BONUS:COMBAT|BAB|CL*3/4|TYPE=Base.REPLACE
# Class Name	Required Class				Required Feat								Required Skill															Required Stat	Required Text
CLASS:Traveler	PRECLASS:1,SPELLCASTER.Arcane=9	PREFEAT:2,Skill Focus(Diplomacy),Spell Focus(Conjuration)	PRESKILL:1,Diplomacy=7	PRESKILL:1,Knowledge (Arcana)=10	PRESKILL:1,Knowledge (The Planes)=15	PRESTAT:1,CHA=13	PRETEXT:Quests: See Text.
# Class Name	Skill Pts/Lvl	Class Skill
CLASS:Traveler	STARTSKILLPTS:4	CSKILL:Concentration|TYPE.Craft|Diplomacy|TYPE.Knowledge|TYPE.Profession|Spellcraft
1														AUTO:FEAT|Simple Weapon Proficiency
1														AUTO:FEAT|Armor Proficiency (Light)
###Normal Level Progression
1	BONUS:ABILITYPOOL|Traveler Legendary Ability|CL	ADD:SPELLCASTER|1|Arcane
3									ADD:SPELLCASTER|1|Arcane
5									ADD:SPELLCASTER|1|Arcane


# Class Name	Hit Dice	Type			Abbreviation	Max Level	Source Page		Save checks bonus											Combat bonus
CLASS:Wizard King	HD:6		TYPE:PC.Legendary	ABB:WKi		MAXLEVEL:5	SOURCEPAGE:p.60	BONUS:CHECKS|BASE.Will,BASE.Fortitude|CL/2+2	BONUS:CHECKS|BASE.Reflex|CL/3	BONUS:COMBAT|BAB|CL*3/4|TYPE=Base.REPLACE
# Class Name	Required Feat						Required Skill									Req. Spell Type		Required Text
CLASS:Wizard King	PREFEAT:5,TYPE.Metamagic,TYPE.ItemCreation	PRESKILL:1,Spellcraft=10	PRESKILL:1,Knowledge (Arcana)=15	PRESPELLTYPE:1,Arcane=6	PRETEXT:Quests: See Text.
# Class Name	Skill Pts/Lvl	Class Skill
CLASS:Wizard King	STARTSKILLPTS:2	CSKILL:Concentration|TYPE.Craft|TYPE.Knowledge|TYPE.Profession|Spellcraft
1															AUTO:FEAT|Simple Weapon Proficiency
1															AUTO:FEAT|Armor Proficiency (Light)
###Normal Level Progression
1	BONUS:ABILITYPOOL|Wizard King Legendary Ability|CL	ADD:SPELLCASTER|1|Arcane
3										ADD:SPELLCASTER|1|Arcane
5										ADD:SPELLCASTER|1|Arcane

