# CVS $Revision: $ $Author: $ -- Thu May 21 19:15:37 2009 -- reformated by prettylst.pl v1.39 (build 8180)
SOURCELONG:Path of Magic	SOURCESHORT:Magic	SOURCEWEB:http://www.fantasyflightgames.com/llpom.html


###Block: Generic legendary abilities
# Ability Name			Category of Ability		Type																													Visible	Restricted Ability										Special ABility			Stat bonus					Source Page
Enhanced Dexterity I		CATEGORY:Legendary Ability	TYPE:SpecialQuality.LegendaryEnhancedDEX.LAPL1.MaestroAbilities	PRECLASS:1,TYPE.Legendary=1																				VISIBLE:YES	!PREABILITY:1,CATEGORY=Legendary Ability,TYPE.LegendaryEnhancedDEX,TYPE.LAPL1	SAB:Enhanced Dexterity		BONUS:STAT|DEX|1|TYPE=Legendary	SOURCEPAGE:p52
Enhanced Dexterity II		CATEGORY:Legendary Ability	TYPE:SpecialQuality.LegendaryEnhancedDEX.LAPL2.MaestroAbilities	PRECLASS:1,TYPE.Legendary=2																				VISIBLE:YES	!PREABILITY:1,CATEGORY=Legendary Ability,TYPE.LegendaryEnhancedDEX,TYPE.LAPL2	SAB:Enhanced Dexterity		BONUS:STAT|DEX|2|TYPE=Legendary	SOURCEPAGE:p52
Enhanced Dexterity III		CATEGORY:Legendary Ability	TYPE:SpecialQuality.LegendaryEnhancedDEX.LAPL3.MaestroAbilities	PRECLASS:1,TYPE.Legendary=3																				VISIBLE:YES	!PREABILITY:1,CATEGORY=Legendary Ability,TYPE.LegendaryEnhancedDEX,TYPE.LAPL3	SAB:Enhanced Dexterity		BONUS:STAT|DEX|3|TYPE=Legendary	SOURCEPAGE:p52
Enhanced Dexterity IV		CATEGORY:Legendary Ability	TYPE:SpecialQuality.LegendaryEnhancedDEX.LAPL4.MaestroAbilities	PRECLASS:1,TYPE.Legendary=4																				VISIBLE:YES	!PREABILITY:1,CATEGORY=Legendary Ability,TYPE.LegendaryEnhancedDEX,TYPE.LAPL4	SAB:Enhanced Dexterity		BONUS:STAT|DEX|4|TYPE=Legendary	SOURCEPAGE:p52
Enhanced Dexterity V		CATEGORY:Legendary Ability	TYPE:SpecialQuality.LegendaryEnhancedDEX.LAPL5.MaestroAbilities	PRECLASS:1,TYPE.Legendary=5																				VISIBLE:YES	!PREABILITY:1,CATEGORY=Legendary Ability,TYPE.LegendaryEnhancedDEX,TYPE.LAPL5	SAB:Enhanced Dexterity		BONUS:STAT|DEX|5|TYPE=Legendary	SOURCEPAGE:p52

Enhanced Constitution I		CATEGORY:Legendary Ability	TYPE:SpecialQuality.LegendaryEnhancedCON.LAPL1.DeathLordAbilities.ElementalLordAbilities	PRECLASS:1,TYPE.Legendary=1																VISIBLE:YES	!PREABILITY:1,CATEGORY=Legendary Ability,TYPE.LegendaryEnhancedCON,TYPE.LAPL1	SAB:Enhanced Constitution	BONUS:STAT|CON|1|TYPE=Legendary	SOURCEPAGE:p46
Enhanced Constitution II	CATEGORY:Legendary Ability	TYPE:SpecialQuality.LegendaryEnhancedCON.LAPL2.DeathLordAbilities.ElementalLordAbilities	PRECLASS:1,TYPE.Legendary=2																VISIBLE:YES	!PREABILITY:1,CATEGORY=Legendary Ability,TYPE.LegendaryEnhancedCON,TYPE.LAPL2	SAB:Enhanced Constitution	BONUS:STAT|CON|2|TYPE=Legendary	SOURCEPAGE:p46
Enhanced Constitution III	CATEGORY:Legendary Ability	TYPE:SpecialQuality.LegendaryEnhancedCON.LAPL3.DeathLordAbilities.ElementalLordAbilities	PRECLASS:1,TYPE.Legendary=3																VISIBLE:YES	!PREABILITY:1,CATEGORY=Legendary Ability,TYPE.LegendaryEnhancedCON,TYPE.LAPL3	SAB:Enhanced Constitution	BONUS:STAT|CON|3|TYPE=Legendary	SOURCEPAGE:p46
Enhanced Constitution IV	CATEGORY:Legendary Ability	TYPE:SpecialQuality.LegendaryEnhancedCON.LAPL4.DeathLordAbilities.ElementalLordAbilities	PRECLASS:1,TYPE.Legendary=4																VISIBLE:YES	!PREABILITY:1,CATEGORY=Legendary Ability,TYPE.LegendaryEnhancedCON,TYPE.LAPL4	SAB:Enhanced Constitution	BONUS:STAT|CON|4|TYPE=Legendary	SOURCEPAGE:p46
Enhanced Constitution V		CATEGORY:Legendary Ability	TYPE:SpecialQuality.LegendaryEnhancedCON.LAPL5.DeathLordAbilities.ElementalLordAbilities	PRECLASS:1,TYPE.Legendary=5																VISIBLE:YES	!PREABILITY:1,CATEGORY=Legendary Ability,TYPE.LegendaryEnhancedCON,TYPE.LAPL5	SAB:Enhanced Constitution	BONUS:STAT|CON|5|TYPE=Legendary	SOURCEPAGE:p46

Enhanced Wisdom I			CATEGORY:Legendary Ability	TYPE:SpecialQuality.LegendaryEnhancedWIS.LAPL1.LandwalkerAbilities.OracleAbilities		PRECLASS:1,TYPE.Legendary=1																VISIBLE:YES	!PREABILITY:1,CATEGORY=Legendary Ability,TYPE.LegendaryEnhancedWIS,TYPE.LAPL1	SAB:Enhanced Wisdom		BONUS:STAT|WIS|1|TYPE=Legendary	SOURCEPAGE:p54
Enhanced Wisdom II		CATEGORY:Legendary Ability	TYPE:SpecialQuality.LegendaryEnhancedWIS.LAPL2.LandwalkerAbilities.OracleAbilities		PRECLASS:1,TYPE.Legendary=2																VISIBLE:YES	!PREABILITY:1,CATEGORY=Legendary Ability,TYPE.LegendaryEnhancedWIS,TYPE.LAPL2	SAB:Enhanced Wisdom		BONUS:STAT|WIS|2|TYPE=Legendary	SOURCEPAGE:p54
Enhanced Wisdom III		CATEGORY:Legendary Ability	TYPE:SpecialQuality.LegendaryEnhancedWIS.LAPL3.LandwalkerAbilities.OracleAbilities		PRECLASS:1,TYPE.Legendary=3																VISIBLE:YES	!PREABILITY:1,CATEGORY=Legendary Ability,TYPE.LegendaryEnhancedWIS,TYPE.LAPL3	SAB:Enhanced Wisdom		BONUS:STAT|WIS|3|TYPE=Legendary	SOURCEPAGE:p54
Enhanced Wisdom IV		CATEGORY:Legendary Ability	TYPE:SpecialQuality.LegendaryEnhancedWIS.LAPL4.LandwalkerAbilities.OracleAbilities		PRECLASS:1,TYPE.Legendary=4																VISIBLE:YES	!PREABILITY:1,CATEGORY=Legendary Ability,TYPE.LegendaryEnhancedWIS,TYPE.LAPL4	SAB:Enhanced Wisdom		BONUS:STAT|WIS|4|TYPE=Legendary	SOURCEPAGE:p54
Enhanced Wisdom V			CATEGORY:Legendary Ability	TYPE:SpecialQuality.LegendaryEnhancedWIS.LAPL5.LandwalkerAbilities.OracleAbilities		PRECLASS:1,TYPE.Legendary=5																VISIBLE:YES	!PREABILITY:1,CATEGORY=Legendary Ability,TYPE.LegendaryEnhancedWIS,TYPE.LAPL5	SAB:Enhanced Wisdom		BONUS:STAT|WIS|5|TYPE=Legendary	SOURCEPAGE:p54

Enhanced Intelligence I		CATEGORY:Legendary Ability	TYPE:SpecialQuality.LegendaryEnhancedINT.LAPL1.TravelerAbilities.ElementalLordAbilities.InfiltratorAbilities.OracleAbilities.PuppetmasterAbilities.PuzzlemasterAbilities.WizardKingAbilities	VISIBLE:YES	!PREABILITY:1,CATEGORY=Legendary Ability,TYPE.LegendaryEnhancedINT,TYPE.LAPL1	SAB:Enhanced Intelligence	BONUS:STAT|INT|1|TYPE=Legendary	SOURCEPAGE:p61	PRECLASS:1,TYPE.Legendary=1
Enhanced Intelligence II	CATEGORY:Legendary Ability	TYPE:SpecialQuality.LegendaryEnhancedINT.LAPL2.TravelerAbilities.ElementalLordAbilities.InfiltratorAbilities.OracleAbilities.PuppetmasterAbilities.PuzzlemasterAbilities.WizardKingAbilities	VISIBLE:YES	!PREABILITY:1,CATEGORY=Legendary Ability,TYPE.LegendaryEnhancedINT,TYPE.LAPL2	SAB:Enhanced Intelligence	BONUS:STAT|INT|2|TYPE=Legendary	SOURCEPAGE:p61	PRECLASS:1,TYPE.Legendary=2
Enhanced Intelligence III	CATEGORY:Legendary Ability	TYPE:SpecialQuality.LegendaryEnhancedINT.LAPL3.TravelerAbilities.ElementalLordAbilities.InfiltratorAbilities.OracleAbilities.PuppetmasterAbilities.PuzzlemasterAbilities.WizardKingAbilities	VISIBLE:YES	!PREABILITY:1,CATEGORY=Legendary Ability,TYPE.LegendaryEnhancedINT,TYPE.LAPL3	SAB:Enhanced Intelligence	BONUS:STAT|INT|3|TYPE=Legendary	SOURCEPAGE:p61	PRECLASS:1,TYPE.Legendary=3
Enhanced Intelligence IV	CATEGORY:Legendary Ability	TYPE:SpecialQuality.LegendaryEnhancedINT.LAPL4.TravelerAbilities.ElementalLordAbilities.InfiltratorAbilities.OracleAbilities.PuppetmasterAbilities.PuzzlemasterAbilities.WizardKingAbilities	VISIBLE:YES	!PREABILITY:1,CATEGORY=Legendary Ability,TYPE.LegendaryEnhancedINT,TYPE.LAPL4	SAB:Enhanced Intelligence	BONUS:STAT|INT|4|TYPE=Legendary	SOURCEPAGE:p61	PRECLASS:1,TYPE.Legendary=4
Enhanced Intelligence V		CATEGORY:Legendary Ability	TYPE:SpecialQuality.LegendaryEnhancedINT.LAPL5.TravelerAbilities.ElementalLordAbilities.InfiltratorAbilities.OracleAbilities.PuppetmasterAbilities.PuzzlemasterAbilities.WizardKingAbilities	VISIBLE:YES	!PREABILITY:1,CATEGORY=Legendary Ability,TYPE.LegendaryEnhancedINT,TYPE.LAPL5	SAB:Enhanced Intelligence	BONUS:STAT|INT|5|TYPE=Legendary	SOURCEPAGE:p61	PRECLASS:1,TYPE.Legendary=5

Enhanced Charisma I		CATEGORY:Legendary Ability	TYPE:SpecialQuality.LegendaryEnhancedCHA.LAPL1.TravelerAbilities.DeathLordAbilities.InfiltratorAbilities.LandwalkerAbilities.MaestroAbilities.PuppetmasterAbilities.PuzzlemasterAbilities	VISIBLE:YES	!PREABILITY:1,CATEGORY=Legendary Ability,TYPE.LegendaryEnhancedCHA,TYPE.LAPL1	SAB:Enhanced Charisma		BONUS:STAT|CHA|1|TYPE=Legendary	SOURCEPAGE:p61	PRECLASS:1,TYPE.Legendary=1
Enhanced Charisma II		CATEGORY:Legendary Ability	TYPE:SpecialQuality.LegendaryEnhancedCHA.LAPL2.TravelerAbilities.DeathLordAbilities.InfiltratorAbilities.LandwalkerAbilities.MaestroAbilities.PuppetmasterAbilities.PuzzlemasterAbilities	VISIBLE:YES	!PREABILITY:1,CATEGORY=Legendary Ability,TYPE.LegendaryEnhancedCHA,TYPE.LAPL2	SAB:Enhanced Charisma		BONUS:STAT|CHA|2|TYPE=Legendary	SOURCEPAGE:p61	PRECLASS:1,TYPE.Legendary=2
Enhanced Charisma III		CATEGORY:Legendary Ability	TYPE:SpecialQuality.LegendaryEnhancedCHA.LAPL3.TravelerAbilities.DeathLordAbilities.InfiltratorAbilities.LandwalkerAbilities.MaestroAbilities.PuppetmasterAbilities.PuzzlemasterAbilities	VISIBLE:YES	!PREABILITY:1,CATEGORY=Legendary Ability,TYPE.LegendaryEnhancedCHA,TYPE.LAPL3	SAB:Enhanced Charisma		BONUS:STAT|CHA|3|TYPE=Legendary	SOURCEPAGE:p61	PRECLASS:1,TYPE.Legendary=3
Enhanced Charisma IV		CATEGORY:Legendary Ability	TYPE:SpecialQuality.LegendaryEnhancedCHA.LAPL4.TravelerAbilities.DeathLordAbilities.InfiltratorAbilities.LandwalkerAbilities.MaestroAbilities.PuppetmasterAbilities.PuzzlemasterAbilities	VISIBLE:YES	!PREABILITY:1,CATEGORY=Legendary Ability,TYPE.LegendaryEnhancedCHA,TYPE.LAPL4	SAB:Enhanced Charisma		BONUS:STAT|CHA|4|TYPE=Legendary	SOURCEPAGE:p61	PRECLASS:1,TYPE.Legendary=4
Enhanced Charisma V		CATEGORY:Legendary Ability	TYPE:SpecialQuality.LegendaryEnhancedCHA.LAPL5.TravelerAbilities.DeathLordAbilities.InfiltratorAbilities.LandwalkerAbilities.MaestroAbilities.PuppetmasterAbilities.PuzzlemasterAbilities	VISIBLE:YES	!PREABILITY:1,CATEGORY=Legendary Ability,TYPE.LegendaryEnhancedCHA,TYPE.LAPL5	SAB:Enhanced Charisma		BONUS:STAT|CHA|5|TYPE=Legendary	SOURCEPAGE:p61	PRECLASS:1,TYPE.Legendary=5


###Block: Death Lord legendary abilities
# Ability Name		Category of Ability		Type									Visible	Restricted Ability											Required Class		Special ABility			Innate Spells					Source Page
Undead Cohorts I		CATEGORY:Legendary Ability	TYPE:SpecialQuality.LegendaryUndeadCohorts.LAPL1.DeathLordAbilities	VISIBLE:YES	!PREABILITY:1,CATEGORY=Legendary Ability,TYPE.LegendaryUndeadCohorts,TYPE.LAPL1	PRECLASS:1,Death Lord=1	SAB:Undead Cohorts (+1)									SOURCEPAGE:p43
Undead Cohorts II		CATEGORY:Legendary Ability	TYPE:SpecialQuality.LegendaryUndeadCohorts.LAPL2.DeathLordAbilities	VISIBLE:YES	!PREABILITY:1,CATEGORY=Legendary Ability,TYPE.LegendaryUndeadCohorts,TYPE.LAPL2	PRECLASS:1,Death Lord=2	SAB:Undead Cohorts (+2)									SOURCEPAGE:p43
Undead Cohorts III	CATEGORY:Legendary Ability	TYPE:SpecialQuality.LegendaryUndeadCohorts.LAPL3.DeathLordAbilities	VISIBLE:YES	!PREABILITY:1,CATEGORY=Legendary Ability,TYPE.LegendaryUndeadCohorts,TYPE.LAPL3	PRECLASS:1,Death Lord=3	SAB:Undead Cohorts (+3)									SOURCEPAGE:p43
Undead Cohorts IV		CATEGORY:Legendary Ability	TYPE:SpecialQuality.LegendaryUndeadCohorts.LAPL4.DeathLordAbilities	VISIBLE:YES	!PREABILITY:1,CATEGORY=Legendary Ability,TYPE.LegendaryUndeadCohorts,TYPE.LAPL4	PRECLASS:1,Death Lord=4	SAB:Undead Cohorts (+4)									SOURCEPAGE:p43
Undead Cohorts V		CATEGORY:Legendary Ability	TYPE:SpecialQuality.LegendaryUndeadCohorts.LAPL5.DeathLordAbilities	VISIBLE:YES	!PREABILITY:1,CATEGORY=Legendary Ability,TYPE.LegendaryUndeadCohorts,TYPE.LAPL5	PRECLASS:1,Death Lord=5	SAB:Undead Cohorts (+5)									SOURCEPAGE:p43

Legions of the Dead I	CATEGORY:Legendary Ability	TYPE:SpecialQuality.LegendaryLegionsDead.LAPL1.DeathLordAbilities	VISIBLE:YES	!PREABILITY:1,CATEGORY=Legendary Ability,TYPE.LegendaryLegionsDead			PRECLASS:1,Death Lord=1													SOURCEPAGE:p43
Legions of the Dead II	CATEGORY:Legendary Ability	TYPE:SpecialQuality.LegendaryLegionsDead.LAPL2.DeathLordAbilities	VISIBLE:YES	!PREABILITY:1,CATEGORY=Legendary Ability,TYPE.LegendaryLegionsDead			PRECLASS:1,Death Lord=2													SOURCEPAGE:p43
Legions of the Dead III	CATEGORY:Legendary Ability	TYPE:SpecialQuality.LegendaryLegionsDead.LAPL3.DeathLordAbilities	VISIBLE:YES	!PREABILITY:1,CATEGORY=Legendary Ability,TYPE.LegendaryLegionsDead			PRECLASS:1,Death Lord=3													SOURCEPAGE:p43
Legions of the Dead IV	CATEGORY:Legendary Ability	TYPE:SpecialQuality.LegendaryLegionsDead.LAPL4.DeathLordAbilities	VISIBLE:YES	!PREABILITY:1,CATEGORY=Legendary Ability,TYPE.LegendaryLegionsDead			PRECLASS:1,Death Lord=4													SOURCEPAGE:p43
Legions of the Dead V	CATEGORY:Legendary Ability	TYPE:SpecialQuality.LegendaryLegionsDead.LAPL5.DeathLordAbilities	VISIBLE:YES	!PREABILITY:1,CATEGORY=Legendary Ability,TYPE.LegendaryLegionsDead			PRECLASS:1,Death Lord=5													SOURCEPAGE:p43

Wilt Living I		CATEGORY:Legendary Ability	TYPE:SpecialQuality.Supernatural.LegendaryWiltLiving.LAPL1.DeathLordAbilities	VISIBLE:YES	!PREABILITY:1,CATEGORY=Legendary Ability,TYPE.LegendaryWiltLiving				PRECLASS:1,Death Lord=1													SOURCEPAGE:p44
Wilt Living II		CATEGORY:Legendary Ability	TYPE:SpecialQuality.Supernatural.LegendaryWiltLiving.LAPL2.DeathLordAbilities	VISIBLE:YES	!PREABILITY:1,CATEGORY=Legendary Ability,TYPE.LegendaryWiltLiving				PRECLASS:1,Death Lord=2													SOURCEPAGE:p44
Wilt Living III		CATEGORY:Legendary Ability	TYPE:SpecialQuality.Supernatural.LegendaryWiltLiving.LAPL3.DeathLordAbilities	VISIBLE:YES	!PREABILITY:1,CATEGORY=Legendary Ability,TYPE.LegendaryWiltLiving				PRECLASS:1,Death Lord=3													SOURCEPAGE:p44
Wilt Living IV		CATEGORY:Legendary Ability	TYPE:SpecialQuality.Supernatural.LegendaryWiltLiving.LAPL4.DeathLordAbilities	VISIBLE:YES	!PREABILITY:1,CATEGORY=Legendary Ability,TYPE.LegendaryWiltLiving				PRECLASS:1,Death Lord=4													SOURCEPAGE:p44
Wilt Living V		CATEGORY:Legendary Ability	TYPE:SpecialQuality.Supernatural.LegendaryWiltLiving.LAPL5.DeathLordAbilities	VISIBLE:YES	!PREABILITY:1,CATEGORY=Legendary Ability,TYPE.LegendaryWiltLiving				PRECLASS:1,Death Lord=5													SOURCEPAGE:p44

Command Undead I		CATEGORY:Legendary Ability	TYPE:SpecialQuality.SpellLike.LegendaryWiltLiving.LAPL1.DeathLordAbilities	VISIBLE:YES	!PREABILITY:1,CATEGORY=Legendary Ability,TYPE.LegendaryWiltLiving,LAPL1			PRECLASS:1,Death Lord=1						SPELLS:Innate|TIMES=1|Dominate Monster	SOURCEPAGE:p44
Command Undead II		CATEGORY:Legendary Ability	TYPE:SpecialQuality.SpellLike.LegendaryWiltLiving.LAPL2.DeathLordAbilities	VISIBLE:YES	!PREABILITY:1,CATEGORY=Legendary Ability,TYPE.LegendaryWiltLiving,LAPL2			PRECLASS:1,Death Lord=2						SPELLS:Innate|TIMES=2|Dominate Monster	SOURCEPAGE:p44
Command Undead III	CATEGORY:Legendary Ability	TYPE:SpecialQuality.SpellLike.LegendaryWiltLiving.LAPL3.DeathLordAbilities	VISIBLE:YES	!PREABILITY:1,CATEGORY=Legendary Ability,TYPE.LegendaryWiltLiving,LAPL3			PRECLASS:1,Death Lord=3						SPELLS:Innate|TIMES=3|Dominate Monster	SOURCEPAGE:p44
Command Undead IV		CATEGORY:Legendary Ability	TYPE:SpecialQuality.SpellLike.LegendaryWiltLiving.LAPL4.DeathLordAbilities	VISIBLE:YES	!PREABILITY:1,CATEGORY=Legendary Ability,TYPE.LegendaryWiltLiving,LAPL4			PRECLASS:1,Death Lord=4						SPELLS:Innate|TIMES=4|Dominate Monster	SOURCEPAGE:p44
Command Undead V		CATEGORY:Legendary Ability	TYPE:SpecialQuality.SpellLike.LegendaryWiltLiving.LAPL5.DeathLordAbilities	VISIBLE:YES	!PREABILITY:1,CATEGORY=Legendary Ability,TYPE.LegendaryWiltLiving,LAPL5			PRECLASS:1,Death Lord=5						SPELLS:Innate|TIMES=5|Dominate Monster	SOURCEPAGE:p44

Drain Undead I		CATEGORY:Legendary Ability	TYPE:SpecialQuality.Supernatural.LegendaryDrainUndead.LAPL1.DeathLordAbilities	VISIBLE:YES	!PREABILITY:1,CATEGORY=Legendary Ability,TYPE.LegendaryDrainUndead			PRECLASS:1,Death Lord=1	SAB:Drain Undead (1/day)								SOURCEPAGE:p44
Drain Undead II		CATEGORY:Legendary Ability	TYPE:SpecialQuality.Supernatural.LegendaryDrainUndead.LAPL2.DeathLordAbilities	VISIBLE:YES	!PREABILITY:1,CATEGORY=Legendary Ability,TYPE.LegendaryDrainUndead			PRECLASS:1,Death Lord=2	SAB:Drain Undead (2/day)								SOURCEPAGE:p44
Drain Undead III		CATEGORY:Legendary Ability	TYPE:SpecialQuality.Supernatural.LegendaryDrainUndead.LAPL3.DeathLordAbilities	VISIBLE:YES	!PREABILITY:1,CATEGORY=Legendary Ability,TYPE.LegendaryDrainUndead			PRECLASS:1,Death Lord=3	SAB:Drain Undead (3/day)								SOURCEPAGE:p44
Drain Undead IV		CATEGORY:Legendary Ability	TYPE:SpecialQuality.Supernatural.LegendaryDrainUndead.LAPL4.DeathLordAbilities	VISIBLE:YES	!PREABILITY:1,CATEGORY=Legendary Ability,TYPE.LegendaryDrainUndead			PRECLASS:1,Death Lord=4	SAB:Drain Undead (4/day)								SOURCEPAGE:p44
Drain Undead V		CATEGORY:Legendary Ability	TYPE:SpecialQuality.Supernatural.LegendaryDrainUndead.LAPL5.DeathLordAbilities	VISIBLE:YES	!PREABILITY:1,CATEGORY=Legendary Ability,TYPE.LegendaryDrainUndead			PRECLASS:1,Death Lord=5	SAB:Drain Undead (5/day)								SOURCEPAGE:p44


###Block: Elemental Lord legendary abilities
# Ability Name			Category of Ability		Type							Visible	Restricted Ability										Required Class			Special ABility						Source Page
Master of the Elements I	CATEGORY:Legendary Ability	TYPE:SpecialQuality.Extraordinary.LegendaryMasterElements.LAPL1.ElementalLordAbilities		VISIBLE:YES	!PREABILITY:1,CATEGORY=Legendary Ability,TYPE.LegendaryMasterElements		PRECLASS:1,Elemental Lord=1	SAB:Master of the Elements (1 energy type)	SOURCEPAGE:p46
Master of the Elements II	CATEGORY:Legendary Ability	TYPE:SpecialQuality.Extraordinary.LegendaryMasterElements.LAPL2.ElementalLordAbilities		VISIBLE:YES	!PREABILITY:1,CATEGORY=Legendary Ability,TYPE.LegendaryMasterElements		PRECLASS:1,Elemental Lord=2	SAB:Master of the Elements (2 energy types)	SOURCEPAGE:p46
Master of the Elements III	CATEGORY:Legendary Ability	TYPE:SpecialQuality.Extraordinary.LegendaryMasterElements.LAPL3.ElementalLordAbilities		VISIBLE:YES	!PREABILITY:1,CATEGORY=Legendary Ability,TYPE.LegendaryMasterElements		PRECLASS:1,Elemental Lord=3	SAB:Master of the Elements (3 energy types)	SOURCEPAGE:p46
Master of the Elements IV	CATEGORY:Legendary Ability	TYPE:SpecialQuality.Extraordinary.LegendaryMasterElements.LAPL4.ElementalLordAbilities		VISIBLE:YES	!PREABILITY:1,CATEGORY=Legendary Ability,TYPE.LegendaryMasterElements		PRECLASS:1,Elemental Lord=4	SAB:Master of the Elements (4 energy types)	SOURCEPAGE:p46
Master of the Elements V	CATEGORY:Legendary Ability	TYPE:SpecialQuality.Extraordinary.LegendaryMasterElements.LAPL5.ElementalLordAbilities		VISIBLE:YES	!PREABILITY:1,CATEGORY=Legendary Ability,TYPE.LegendaryMasterElements		PRECLASS:1,Elemental Lord=5	SAB:Master of the Elements (5 energy types)	SOURCEPAGE:p46
# which are the energy types?? Fire Cold Electricity ??Air Earth Water???

Fire in the Blood I		CATEGORY:Legendary Ability	TYPE:SpecialQuality.LegendaryFireBlood.LAPL1.ElementalLordAbilities			VISIBLE:YES	!PREABILITY:1,CATEGORY=Legendary Ability,TYPE.LegendaryFireBlood			PRECLASS:1,Elemental Lord=1	SAB:Fire in the Blood (3 spell levels/day)	SOURCEPAGE:p46
Fire in the Blood II		CATEGORY:Legendary Ability	TYPE:SpecialQuality.LegendaryFireBlood.LAPL2.ElementalLordAbilities			VISIBLE:YES	!PREABILITY:1,CATEGORY=Legendary Ability,TYPE.LegendaryFireBlood			PRECLASS:1,Elemental Lord=2	SAB:Fire in the Blood (6 spell levels/day)	SOURCEPAGE:p46
Fire in the Blood III		CATEGORY:Legendary Ability	TYPE:SpecialQuality.LegendaryFireBlood.LAPL3.ElementalLordAbilities			VISIBLE:YES	!PREABILITY:1,CATEGORY=Legendary Ability,TYPE.LegendaryFireBlood			PRECLASS:1,Elemental Lord=3	SAB:Fire in the Blood (9 spell levels/day)	SOURCEPAGE:p46
Fire in the Blood IV		CATEGORY:Legendary Ability	TYPE:SpecialQuality.LegendaryFireBlood.LAPL4.ElementalLordAbilities			VISIBLE:YES	!PREABILITY:1,CATEGORY=Legendary Ability,TYPE.LegendaryFireBlood			PRECLASS:1,Elemental Lord=4	SAB:Fire in the Blood (12 spell levels/day)	SOURCEPAGE:p46
Fire in the Blood V		CATEGORY:Legendary Ability	TYPE:SpecialQuality.LegendaryFireBlood.LAPL5.ElementalLordAbilities			VISIBLE:YES	!PREABILITY:1,CATEGORY=Legendary Ability,TYPE.LegendaryFireBlood			PRECLASS:1,Elemental Lord=5	SAB:Fire in the Blood (15 spell levels/day)	SOURCEPAGE:p46

Signature Elements I		CATEGORY:Legendary Ability	TYPE:SpecialQuality.LegendarySignatureElements.LAPL1.ElementalLordAbilities	VISIBLE:YES	!PREABILITY:1,CATEGORY=Legendary Ability,TYPE.LegendarySignatureElements	PRECLASS:1,Elemental Lord=1	SAB:Signature Elements (1 spell)			SOURCEPAGE:p46
Signature Elements II		CATEGORY:Legendary Ability	TYPE:SpecialQuality.LegendarySignatureElements.LAPL2.ElementalLordAbilities	VISIBLE:YES	!PREABILITY:1,CATEGORY=Legendary Ability,TYPE.LegendarySignatureElements	PRECLASS:1,Elemental Lord=2	SAB:Signature Elements (2 spells)			SOURCEPAGE:p46
Signature Elements III		CATEGORY:Legendary Ability	TYPE:SpecialQuality.LegendarySignatureElements.LAPL3.ElementalLordAbilities	VISIBLE:YES	!PREABILITY:1,CATEGORY=Legendary Ability,TYPE.LegendarySignatureElements	PRECLASS:1,Elemental Lord=3	SAB:Signature Elements (3 spells)			SOURCEPAGE:p46
Signature Elements IV		CATEGORY:Legendary Ability	TYPE:SpecialQuality.LegendarySignatureElements.LAPL4.ElementalLordAbilities	VISIBLE:YES	!PREABILITY:1,CATEGORY=Legendary Ability,TYPE.LegendarySignatureElements	PRECLASS:1,Elemental Lord=4	SAB:Signature Elements (4 spells)			SOURCEPAGE:p46
Signature Elements V		CATEGORY:Legendary Ability	TYPE:SpecialQuality.LegendarySignatureElements.LAPL5.ElementalLordAbilities	VISIBLE:YES	!PREABILITY:1,CATEGORY=Legendary Ability,TYPE.LegendarySignatureElements	PRECLASS:1,Elemental Lord=5	SAB:Signature Elements (5 spells)			SOURCEPAGE:p46

Elemental Familiar I		CATEGORY:Legendary Ability	TYPE:SpecialQuality.LegendaryElementalFamiliar.LAPL1.ElementalLordAbilities	VISIBLE:YES	!PREABILITY:1,CATEGORY=Legendary Ability,TYPE.LegendaryElementalFamiliar	PRECLASS:1,Elemental Lord=1	SAB:Elemental Familiar (2HD)				SOURCEPAGE:p46
Elemental Familiar II		CATEGORY:Legendary Ability	TYPE:SpecialQuality.LegendaryElementalFamiliar.LAPL2.ElementalLordAbilities	VISIBLE:YES	!PREABILITY:1,CATEGORY=Legendary Ability,TYPE.LegendaryElementalFamiliar	PRECLASS:1,Elemental Lord=2	SAB:Elemental Familiar (4HD)				SOURCEPAGE:p46
Elemental Familiar III		CATEGORY:Legendary Ability	TYPE:SpecialQuality.LegendaryElementalFamiliar.LAPL3.ElementalLordAbilities	VISIBLE:YES	!PREABILITY:1,CATEGORY=Legendary Ability,TYPE.LegendaryElementalFamiliar	PRECLASS:1,Elemental Lord=3	SAB:Elemental Familiar (6HD)				SOURCEPAGE:p46
Elemental Familiar IV		CATEGORY:Legendary Ability	TYPE:SpecialQuality.LegendaryElementalFamiliar.LAPL4.ElementalLordAbilities	VISIBLE:YES	!PREABILITY:1,CATEGORY=Legendary Ability,TYPE.LegendaryElementalFamiliar	PRECLASS:1,Elemental Lord=4	SAB:Elemental Familiar (8HD)				SOURCEPAGE:p46
Elemental Familiar V		CATEGORY:Legendary Ability	TYPE:SpecialQuality.LegendaryElementalFamiliar.LAPL5.ElementalLordAbilities	VISIBLE:YES	!PREABILITY:1,CATEGORY=Legendary Ability,TYPE.LegendaryElementalFamiliar	PRECLASS:1,Elemental Lord=5	SAB:Elemental Familiar (10HD)			SOURCEPAGE:p46

Elemental Resistance I		CATEGORY:Legendary Ability	TYPE:SpecialQuality.Extraordinary.LegendaryElementalResistance.LAPL1.ElementalLordAbilities	VISIBLE:YES	!PREABILITY:1,CATEGORY=Legendary Ability,TYPE.LegendaryElementalResistance	PRECLASS:1,Elemental Lord=1	SAB:Elemental Resistance (1 energy type)			SOURCEPAGE:p46
Elemental Resistance II		CATEGORY:Legendary Ability	TYPE:SpecialQuality.Extraordinary.LegendaryElementalResistance.LAPL2.ElementalLordAbilities	VISIBLE:YES	!PREABILITY:1,CATEGORY=Legendary Ability,TYPE.LegendaryElementalResistance	PRECLASS:1,Elemental Lord=2	SAB:Elemental Resistance (2 energy types)		SOURCEPAGE:p46
Elemental Resistance III	CATEGORY:Legendary Ability	TYPE:SpecialQuality.Extraordinary.LegendaryElementalResistance.LAPL3.ElementalLordAbilities	VISIBLE:YES	!PREABILITY:1,CATEGORY=Legendary Ability,TYPE.LegendaryElementalResistance	PRECLASS:1,Elemental Lord=3	SAB:Elemental Resistance (3 energy types)		SOURCEPAGE:p46
Elemental Resistance IV		CATEGORY:Legendary Ability	TYPE:SpecialQuality.Extraordinary.LegendaryElementalResistance.LAPL4.ElementalLordAbilities	VISIBLE:YES	!PREABILITY:1,CATEGORY=Legendary Ability,TYPE.LegendaryElementalResistance	PRECLASS:1,Elemental Lord=4	SAB:Elemental Resistance (4 energy types)		SOURCEPAGE:p46
Elemental Resistance V		CATEGORY:Legendary Ability	TYPE:SpecialQuality.Extraordinary.LegendaryElementalResistance.LAPL5.ElementalLordAbilities	VISIBLE:YES	!PREABILITY:1,CATEGORY=Legendary Ability,TYPE.LegendaryElementalResistance	PRECLASS:1,Elemental Lord=5	SAB:Elemental Resistance (5 energy types)		SOURCEPAGE:p46


###Block: Infiltrator legendary abilities
# Ability Name			Category of Ability		Type							Visible	Restricted Ability										Required Class			Special ABility				Innate Spells							Bonus to skill								Source Page
Undetectable Disguise I		CATEGORY:Legendary Ability	TYPE:SpecialQuality.SpellLike.LegendaryUndetectableDisguise.LAPL1.InfiltratorAbilities	VISIBLE:YES	!PREABILITY:1,CATEGORY=Legendary Ability,TYPE.LegendaryUndetectableDisguise	PRECLASS:1,Infiltrator=1	SAB:Undetectable Disguise		SPELLS:Innate|TIMES=1|Alter Self|Alter Self|Hypnotism											SOURCEPAGE:p48
Undetectable Disguise II	CATEGORY:Legendary Ability	TYPE:SpecialQuality.SpellLike.LegendaryUndetectableDisguise.LAPL2.InfiltratorAbilities	VISIBLE:YES	!PREABILITY:1,CATEGORY=Legendary Ability,TYPE.LegendaryUndetectableDisguise	PRECLASS:1,Infiltrator=2	SAB:Undetectable Disguise		SPELLS:Innate|TIMES=2|Alter Self|Alter Self|Hypnotism											SOURCEPAGE:p48
Undetectable Disguise III	CATEGORY:Legendary Ability	TYPE:SpecialQuality.SpellLike.LegendaryUndetectableDisguise.LAPL3.InfiltratorAbilities	VISIBLE:YES	!PREABILITY:1,CATEGORY=Legendary Ability,TYPE.LegendaryUndetectableDisguise	PRECLASS:1,Infiltrator=3	SAB:Undetectable Disguise		SPELLS:Innate|TIMES=3|Alter Self|Alter Self|Hypnotism											SOURCEPAGE:p48
Undetectable Disguise IV	CATEGORY:Legendary Ability	TYPE:SpecialQuality.SpellLike.LegendaryUndetectableDisguise.LAPL4.InfiltratorAbilities	VISIBLE:YES	!PREABILITY:1,CATEGORY=Legendary Ability,TYPE.LegendaryUndetectableDisguise	PRECLASS:1,Infiltrator=4	SAB:Undetectable Disguise		SPELLS:Innate|TIMES=4|Alter Self|Alter Self|Hypnotism											SOURCEPAGE:p48
Undetectable Disguise V		CATEGORY:Legendary Ability	TYPE:SpecialQuality.SpellLike.LegendaryUndetectableDisguise.LAPL5.InfiltratorAbilities	VISIBLE:YES	!PREABILITY:1,CATEGORY=Legendary Ability,TYPE.LegendaryUndetectableDisguise	PRECLASS:1,Infiltrator=5	SAB:Undetectable Disguise		SPELLS:Innate|TIMES=5|Alter Self|Alter Self|Hypnotism											SOURCEPAGE:p48

Glib Tongue I			CATEGORY:Legendary Ability	TYPE:SpecialQuality.LegendaryGlibTongue.LAPL1.InfiltratorAbilities		VISIBLE:YES	!PREABILITY:1,CATEGORY=Legendary Ability,TYPE.LegendaryGlibTongue			PRECLASS:1,Infiltrator=1	SAB:Glib Tongue													BONUS:SKILL|Bluff,Diplomacy,Disguise,Gather Information|5	SOURCEPAGE:p48
Glib Tongue II			CATEGORY:Legendary Ability	TYPE:SpecialQuality.LegendaryGlibTongue.LAPL2.InfiltratorAbilities		VISIBLE:YES	!PREABILITY:1,CATEGORY=Legendary Ability,TYPE.LegendaryGlibTongue			PRECLASS:1,Infiltrator=2	SAB:Glib Tongue													BONUS:SKILL|Bluff,Diplomacy,Disguise,Gather Information|10	SOURCEPAGE:p48
Glib Tongue III			CATEGORY:Legendary Ability	TYPE:SpecialQuality.LegendaryGlibTongue.LAPL3.InfiltratorAbilities		VISIBLE:YES	!PREABILITY:1,CATEGORY=Legendary Ability,TYPE.LegendaryGlibTongue			PRECLASS:1,Infiltrator=3	SAB:Glib Tongue													BONUS:SKILL|Bluff,Diplomacy,Disguise,Gather Information|15	SOURCEPAGE:p48
Glib Tongue IV			CATEGORY:Legendary Ability	TYPE:SpecialQuality.LegendaryGlibTongue.LAPL4.InfiltratorAbilities		VISIBLE:YES	!PREABILITY:1,CATEGORY=Legendary Ability,TYPE.LegendaryGlibTongue			PRECLASS:1,Infiltrator=4	SAB:Glib Tongue													BONUS:SKILL|Bluff,Diplomacy,Disguise,Gather Information|20	SOURCEPAGE:p48
Glib Tongue V			CATEGORY:Legendary Ability	TYPE:SpecialQuality.LegendaryGlibTongue.LAPL5.InfiltratorAbilities		VISIBLE:YES	!PREABILITY:1,CATEGORY=Legendary Ability,TYPE.LegendaryGlibTongue			PRECLASS:1,Infiltrator=5	SAB:Glib Tongue													BONUS:SKILL|Bluff,Diplomacy,Disguise,Gather Information|25	SOURCEPAGE:p48

Contacts I				CATEGORY:Legendary Ability	TYPE:SpecialQuality.LegendaryContacts.LAPL1.InfiltratorAbilities			VISIBLE:YES	!PREABILITY:1,CATEGORY=Legendary Ability,TYPE.LegendaryContacts			PRECLASS:1,Infiltrator=1	SAB:Contacts (1/week)																						SOURCEPAGE:p48
Contacts II				CATEGORY:Legendary Ability	TYPE:SpecialQuality.LegendaryContacts.LAPL2.InfiltratorAbilities			VISIBLE:YES	!PREABILITY:1,CATEGORY=Legendary Ability,TYPE.LegendaryContacts			PRECLASS:1,Infiltrator=2	SAB:Contacts (2/week)																						SOURCEPAGE:p48
Contacts III			CATEGORY:Legendary Ability	TYPE:SpecialQuality.LegendaryContacts.LAPL3.InfiltratorAbilities			VISIBLE:YES	!PREABILITY:1,CATEGORY=Legendary Ability,TYPE.LegendaryContacts			PRECLASS:1,Infiltrator=3	SAB:Contacts (3/week)																						SOURCEPAGE:p48
Contacts IV				CATEGORY:Legendary Ability	TYPE:SpecialQuality.LegendaryContacts.LAPL4.InfiltratorAbilities			VISIBLE:YES	!PREABILITY:1,CATEGORY=Legendary Ability,TYPE.LegendaryContacts			PRECLASS:1,Infiltrator=4	SAB:Contacts (4/week)																						SOURCEPAGE:p48
Contacts V				CATEGORY:Legendary Ability	TYPE:SpecialQuality.LegendaryContacts.LAPL5.InfiltratorAbilities			VISIBLE:YES	!PREABILITY:1,CATEGORY=Legendary Ability,TYPE.LegendaryContacts			PRECLASS:1,Infiltrator=5	SAB:Contacts (5/week)																						SOURCEPAGE:p48

Quick Search I			CATEGORY:Legendary Ability	TYPE:SpecialQuality.Extraordinary.LegendaryQuickSearch.LAPL1.InfiltratorAbilities		VISIBLE:YES	!PREABILITY:1,CATEGORY=Legendary Ability,TYPE.LegendaryQuickSearch		PRECLASS:1,Infiltrator=1	SAB:Quick Search (10 feet radius)																				SOURCEPAGE:p48
Quick Search II			CATEGORY:Legendary Ability	TYPE:SpecialQuality.Extraordinary.LegendaryQuickSearch.LAPL2.InfiltratorAbilities		VISIBLE:YES	!PREABILITY:1,CATEGORY=Legendary Ability,TYPE.LegendaryQuickSearch		PRECLASS:1,Infiltrator=2	SAB:Quick Search (20 feet radius)																				SOURCEPAGE:p48
Quick Search III			CATEGORY:Legendary Ability	TYPE:SpecialQuality.Extraordinary.LegendaryQuickSearch.LAPL3.InfiltratorAbilities		VISIBLE:YES	!PREABILITY:1,CATEGORY=Legendary Ability,TYPE.LegendaryQuickSearch		PRECLASS:1,Infiltrator=3	SAB:Quick Search (30 feet radius)																				SOURCEPAGE:p48
Quick Search IV			CATEGORY:Legendary Ability	TYPE:SpecialQuality.Extraordinary.LegendaryQuickSearch.LAPL4.InfiltratorAbilities		VISIBLE:YES	!PREABILITY:1,CATEGORY=Legendary Ability,TYPE.LegendaryQuickSearch		PRECLASS:1,Infiltrator=4	SAB:Quick Search (40 feet radius)																				SOURCEPAGE:p48
Quick Search V			CATEGORY:Legendary Ability	TYPE:SpecialQuality.Extraordinary.LegendaryQuickSearch.LAPL5.InfiltratorAbilities		VISIBLE:YES	!PREABILITY:1,CATEGORY=Legendary Ability,TYPE.LegendaryQuickSearch		PRECLASS:1,Infiltrator=5	SAB:Quick Search (50 feet radius)																				SOURCEPAGE:p48

Whispers and Lies I		CATEGORY:Legendary Ability	TYPE:SpecialQuality.Supernatural.LegendaryWhispersLies.LAPL1.InfiltratorAbilities		VISIBLE:YES	!PREABILITY:1,CATEGORY=Legendary Ability,TYPE.LegendaryWhispersLies		PRECLASS:1,Infiltrator=1	SAB:Whispers and Lies (1/day)																					SOURCEPAGE:p48
Whispers and Lies II		CATEGORY:Legendary Ability	TYPE:SpecialQuality.Supernatural.LegendaryWhispersLies.LAPL2.InfiltratorAbilities		VISIBLE:YES	!PREABILITY:1,CATEGORY=Legendary Ability,TYPE.LegendaryWhispersLies		PRECLASS:1,Infiltrator=2	SAB:Whispers and Lies (2/day)																					SOURCEPAGE:p48
Whispers and Lies III		CATEGORY:Legendary Ability	TYPE:SpecialQuality.Supernatural.LegendaryWhispersLies.LAPL3.InfiltratorAbilities		VISIBLE:YES	!PREABILITY:1,CATEGORY=Legendary Ability,TYPE.LegendaryWhispersLies		PRECLASS:1,Infiltrator=3	SAB:Whispers and Lies (3/day)																					SOURCEPAGE:p48
Whispers and Lies IV		CATEGORY:Legendary Ability	TYPE:SpecialQuality.Supernatural.LegendaryWhispersLies.LAPL4.InfiltratorAbilities		VISIBLE:YES	!PREABILITY:1,CATEGORY=Legendary Ability,TYPE.LegendaryWhispersLies		PRECLASS:1,Infiltrator=4	SAB:Whispers and Lies (4/day)																					SOURCEPAGE:p48
Whispers and Lies V		CATEGORY:Legendary Ability	TYPE:SpecialQuality.Supernatural.LegendaryWhispersLies.LAPL5.InfiltratorAbilities		VISIBLE:YES	!PREABILITY:1,CATEGORY=Legendary Ability,TYPE.LegendaryWhispersLies		PRECLASS:1,Infiltrator=5	SAB:Whispers and Lies (5/day)																					SOURCEPAGE:p48


###Block: Landwalker legendary abilities
# Ability Name			Category of Ability		Type						Visible	Restricted Ability									Required Class		Special ABility							Define				Innate Spells						Add 						Modify VAR				Source Page
Dire Familiar I			CATEGORY:Legendary Ability	TYPE:SpecialQuality.LegendaryDireFamiliar.LAPL1.LandwalkerAbilities	VISIBLE:YES	!PREABILITY:1,CATEGORY=Legendary Ability,TYPE.LegendaryDireFamiliar	PRECLASS:1,Landwalker=1	SAB:Dire Familiar (3HD)																													SOURCEPAGE:p50
Dire Familiar II			CATEGORY:Legendary Ability	TYPE:SpecialQuality.LegendaryDireFamiliar.LAPL2.LandwalkerAbilities	VISIBLE:YES	!PREABILITY:1,CATEGORY=Legendary Ability,TYPE.LegendaryDireFamiliar	PRECLASS:1,Landwalker=2	SAB:Dire Familiar (6HD)																													SOURCEPAGE:p50
Dire Familiar III			CATEGORY:Legendary Ability	TYPE:SpecialQuality.LegendaryDireFamiliar.LAPL3.LandwalkerAbilities	VISIBLE:YES	!PREABILITY:1,CATEGORY=Legendary Ability,TYPE.LegendaryDireFamiliar	PRECLASS:1,Landwalker=3	SAB:Dire Familiar (9HD)																													SOURCEPAGE:p50
Dire Familiar IV			CATEGORY:Legendary Ability	TYPE:SpecialQuality.LegendaryDireFamiliar.LAPL4.LandwalkerAbilities	VISIBLE:YES	!PREABILITY:1,CATEGORY=Legendary Ability,TYPE.LegendaryDireFamiliar	PRECLASS:1,Landwalker=4	SAB:Dire Familiar (12HD)																													SOURCEPAGE:p50
Dire Familiar V			CATEGORY:Legendary Ability	TYPE:SpecialQuality.LegendaryDireFamiliar.LAPL5.LandwalkerAbilities	VISIBLE:YES	!PREABILITY:1,CATEGORY=Legendary Ability,TYPE.LegendaryDireFamiliar	PRECLASS:1,Landwalker=5	SAB:Dire Familiar (15HD)																													SOURCEPAGE:p50

Healing Earth I			CATEGORY:Legendary Ability	TYPE:SpecialQuality.Supernatural.LegendaryHealingEarth.LAPL1.LandwalkerAbilities	VISIBLE:YES	!PREABILITY:1,CATEGORY=Legendary Ability,TYPE.LegendaryHealingEarth	PRECLASS:1,Landwalker=1	SAB:Healing Earth (1/day)																													SOURCEPAGE:p50
Healing Earth II			CATEGORY:Legendary Ability	TYPE:SpecialQuality.Supernatural.LegendaryHealingEarth.LAPL2.LandwalkerAbilities	VISIBLE:YES	!PREABILITY:1,CATEGORY=Legendary Ability,TYPE.LegendaryHealingEarth	PRECLASS:1,Landwalker=2	SAB:Healing Earth (2/day)																													SOURCEPAGE:p50
Healing Earth III			CATEGORY:Legendary Ability	TYPE:SpecialQuality.Supernatural.LegendaryHealingEarth.LAPL3.LandwalkerAbilities	VISIBLE:YES	!PREABILITY:1,CATEGORY=Legendary Ability,TYPE.LegendaryHealingEarth	PRECLASS:1,Landwalker=3	SAB:Healing Earth (3/day)																													SOURCEPAGE:p50
Healing Earth IV			CATEGORY:Legendary Ability	TYPE:SpecialQuality.Supernatural.LegendaryHealingEarth.LAPL4.LandwalkerAbilities	VISIBLE:YES	!PREABILITY:1,CATEGORY=Legendary Ability,TYPE.LegendaryHealingEarth	PRECLASS:1,Landwalker=4	SAB:Healing Earth (4/day)																													SOURCEPAGE:p50
Healing Earth V			CATEGORY:Legendary Ability	TYPE:SpecialQuality.Supernatural.LegendaryHealingEarth.LAPL5.LandwalkerAbilities	VISIBLE:YES	!PREABILITY:1,CATEGORY=Legendary Ability,TYPE.LegendaryHealingEarth	PRECLASS:1,Landwalker=5	SAB:Healing Earth (5/day)																													SOURCEPAGE:p50

Nature's Song I			CATEGORY:Legendary Ability	TYPE:SpecialQuality.SpellLike.LegendaryNatureSong.LAPL1.LandwalkerAbilities	VISIBLE:YES	!PREABILITY:1,CATEGORY=Legendary Ability,TYPE.LegendaryNatureSong		PRECLASS:1,Landwalker=1	SAB:Nature's Song (1/day)															MULT:YES	SELECT:1		CHOOSE:ABILITY|Legendary Ability|TYPE=NatureSongSpell						SOURCEPAGE:p50
Nature's Song II			CATEGORY:Legendary Ability	TYPE:SpecialQuality.SpellLike.LegendaryNatureSong.LAPL2.LandwalkerAbilities	VISIBLE:YES	!PREABILITY:1,CATEGORY=Legendary Ability,TYPE.LegendaryNatureSong		PRECLASS:1,Landwalker=2	SAB:Nature's Song (2/day)															MULT:YES	SELECT:2		CHOOSE:ABILITY|Legendary Ability|TYPE=NatureSongSpell						SOURCEPAGE:p50
Nature's Song III			CATEGORY:Legendary Ability	TYPE:SpecialQuality.SpellLike.LegendaryNatureSong.LAPL3.LandwalkerAbilities	VISIBLE:YES	!PREABILITY:1,CATEGORY=Legendary Ability,TYPE.LegendaryNatureSong		PRECLASS:1,Landwalker=3	SAB:Nature's Song (3/day)															MULT:YES	SELECT:3		CHOOSE:ABILITY|Legendary Ability|TYPE=NatureSongSpell						SOURCEPAGE:p50
Nature's Song IV			CATEGORY:Legendary Ability	TYPE:SpecialQuality.SpellLike.LegendaryNatureSong.LAPL4.LandwalkerAbilities	VISIBLE:YES	!PREABILITY:1,CATEGORY=Legendary Ability,TYPE.LegendaryNatureSong		PRECLASS:1,Landwalker=4	SAB:Nature's Song (4/day)															MULT:YES	SELECT:4		CHOOSE:ABILITY|Legendary Ability|TYPE=NatureSongSpell						SOURCEPAGE:p50
Nature's Song V			CATEGORY:Legendary Ability	TYPE:SpecialQuality.SpellLike.LegendaryNatureSong.LAPL5.LandwalkerAbilities	VISIBLE:YES	!PREABILITY:1,CATEGORY=Legendary Ability,TYPE.LegendaryNatureSong		PRECLASS:1,Landwalker=5	SAB:Nature's Song (5/day)															MULT:YES	SELECT:5		CHOOSE:ABILITY|Legendary Ability|TYPE=NatureSongSpell						SOURCEPAGE:p50

Friends All Around I		CATEGORY:Legendary Ability	TYPE:SpecialQuality.Supernatural.LegendaryFriendsAround.LAPL1.LandwalkerAbilities	VISIBLE:YES	!PREABILITY:1,CATEGORY=Legendary Ability,TYPE.LegendaryFriendsAround	PRECLASS:1,Landwalker=1	SAB:Friends All Around																			ABILITY:Legendary Ability|AUTOMATIC|TYPE=TurnPlantsAnimals	BONUS:VAR|TurnPlantsAnimals|1	SOURCEPAGE:p50
Friends All Around II		CATEGORY:Legendary Ability	TYPE:SpecialQuality.Supernatural.LegendaryFriendsAround.LAPL2.LandwalkerAbilities	VISIBLE:YES	!PREABILITY:1,CATEGORY=Legendary Ability,TYPE.LegendaryFriendsAround	PRECLASS:1,Landwalker=2	SAB:Friends All Around																			ABILITY:Legendary Ability|AUTOMATIC|TYPE=TurnPlantsAnimals	BONUS:VAR|TurnPlantsAnimals|2	SOURCEPAGE:p50
Friends All Around III		CATEGORY:Legendary Ability	TYPE:SpecialQuality.Supernatural.LegendaryFriendsAround.LAPL3.LandwalkerAbilities	VISIBLE:YES	!PREABILITY:1,CATEGORY=Legendary Ability,TYPE.LegendaryFriendsAround	PRECLASS:1,Landwalker=3	SAB:Friends All Around																			ABILITY:Legendary Ability|AUTOMATIC|TYPE=TurnPlantsAnimals	BONUS:VAR|TurnPlantsAnimals|3	SOURCEPAGE:p50
Friends All Around IV		CATEGORY:Legendary Ability	TYPE:SpecialQuality.Supernatural.LegendaryFriendsAround.LAPL4.LandwalkerAbilities	VISIBLE:YES	!PREABILITY:1,CATEGORY=Legendary Ability,TYPE.LegendaryFriendsAround	PRECLASS:1,Landwalker=4	SAB:Friends All Around																			ABILITY:Legendary Ability|AUTOMATIC|TYPE=TurnPlantsAnimals	BONUS:VAR|TurnPlantsAnimals|4	SOURCEPAGE:p50
Friends All Around V		CATEGORY:Legendary Ability	TYPE:SpecialQuality.Supernatural.LegendaryFriendsAround.LAPL5.LandwalkerAbilities	VISIBLE:YES	!PREABILITY:1,CATEGORY=Legendary Ability,TYPE.LegendaryFriendsAround	PRECLASS:1,Landwalker=5	SAB:Friends All Around																			ABILITY:Legendary Ability|AUTOMATIC|TYPE=TurnPlantsAnimals	BONUS:VAR|TurnPlantsAnimals|5	SOURCEPAGE:p50

The Power of the Land I		CATEGORY:Legendary Ability	TYPE:SpecialQuality.LegendaryPowerLand.LAPL1.LandwalkerAbilities		VISIBLE:YES	!PREABILITY:1,CATEGORY=Legendary Ability,TYPE.LegendaryPowerLand		PRECLASS:1,Landwalker=1	SAB:The Power of the Land (2 spell levels/day)																										SOURCEPAGE:p50
The Power of the Land II	CATEGORY:Legendary Ability	TYPE:SpecialQuality.LegendaryPowerLand.LAPL2.LandwalkerAbilities		VISIBLE:YES	!PREABILITY:1,CATEGORY=Legendary Ability,TYPE.LegendaryPowerLand		PRECLASS:1,Landwalker=2	SAB:The Power of the Land (4 spell levels/day)																										SOURCEPAGE:p50
The Power of the Land III	CATEGORY:Legendary Ability	TYPE:SpecialQuality.LegendaryPowerLand.LAPL3.LandwalkerAbilities		VISIBLE:YES	!PREABILITY:1,CATEGORY=Legendary Ability,TYPE.LegendaryPowerLand		PRECLASS:1,Landwalker=3	SAB:The Power of the Land (6 spell levels/day)																										SOURCEPAGE:p50
The Power of the Land IV	CATEGORY:Legendary Ability	TYPE:SpecialQuality.LegendaryPowerLand.LAPL4.LandwalkerAbilities		VISIBLE:YES	!PREABILITY:1,CATEGORY=Legendary Ability,TYPE.LegendaryPowerLand		PRECLASS:1,Landwalker=4	SAB:The Power of the Land (8 spell levels/day)																										SOURCEPAGE:p50
The Power of the Land V		CATEGORY:Legendary Ability	TYPE:SpecialQuality.LegendaryPowerLand.LAPL5.LandwalkerAbilities		VISIBLE:YES	!PREABILITY:1,CATEGORY=Legendary Ability,TYPE.LegendaryPowerLand		PRECLASS:1,Landwalker=5	SAB:The Power of the Land (10 spell levels/day)																									SOURCEPAGE:p50

Nature's Song Animal Growth	CATEGORY:Legendary Ability	TYPE:NatureSongSpell			VISIBLE:YES																															SPELLS:Nature's Song|TIMES=1|Animal Growth
Nature's Song Control Plants	CATEGORY:Legendary Ability	TYPE:NatureSongSpell			VISIBLE:YES																															SPELLS:Nature's Song|TIMES=1|Control Plants
Nature's Song Control Winds	CATEGORY:Legendary Ability	TYPE:NatureSongSpell			VISIBLE:YES																															SPELLS:Nature's Song|TIMES=1|Control Winds
Nature's Song Diminish Plants	CATEGORY:Legendary Ability	TYPE:NatureSongSpell			VISIBLE:YES																															SPELLS:Nature's Song|TIMES=1|Diminish Plants
Nature's Song Move Earth	CATEGORY:Legendary Ability	TYPE:NatureSongSpell			VISIBLE:YES																															SPELLS:Nature's Song|TIMES=1|Move Earth
#Should be castable 1/day per power level but I mention that in the SA instead...

Turn Plants and Animals		CATEGORY:Legendary Ability	TYPE:SpecialQuality.Supernatural.TurnPlantsAnimals			VISIBLE:YES																	SAB:Turn Plants and Animals %1/day|TurnPlantsAnimals	DEFINE:TurnPlantsAnimals|0																				SOURCEPAGE:p50
Rebuke Plants and Animals	CATEGORY:Legendary Ability	TYPE:SpecialQuality.Supernatural.TurnPlantsAnimals			VISIBLE:YES																	SAB:Rebuke Plants and Animals %1/day|TurnPlantsAnimals	DEFINE:TurnPlantsAnimals|0																				SOURCEPAGE:p50


###Block: Maestro legendary abilities
# Ability Name			Category of Ability		Type							Visible	Restricted Ability										Required Class		Special ABility				Bonus to skill					Source Page
Influence Reaction I		CATEGORY:Legendary Ability	TYPE:SpecialQuality.Supernatural.LegendaryInfluenceReaction.LAPL1.MaestroAbilities		VISIBLE:YES	!PREABILITY:1,CATEGORY=Legendary Ability,TYPE.LegendaryInfluenceReaction	PRECLASS:1,Maestro=1	SAB:Influence Reaction (1/day)								SOURCEPAGE:p52
Influence Reaction II		CATEGORY:Legendary Ability	TYPE:SpecialQuality.Supernatural.LegendaryInfluenceReaction.LAPL2.MaestroAbilities		VISIBLE:YES	!PREABILITY:1,CATEGORY=Legendary Ability,TYPE.LegendaryInfluenceReaction	PRECLASS:1,Maestro=2	SAB:Influence Reaction (2/day)								SOURCEPAGE:p52
Influence Reaction III		CATEGORY:Legendary Ability	TYPE:SpecialQuality.Supernatural.LegendaryInfluenceReaction.LAPL3.MaestroAbilities		VISIBLE:YES	!PREABILITY:1,CATEGORY=Legendary Ability,TYPE.LegendaryInfluenceReaction	PRECLASS:1,Maestro=3	SAB:Influence Reaction (3/day)								SOURCEPAGE:p52
Influence Reaction IV		CATEGORY:Legendary Ability	TYPE:SpecialQuality.Supernatural.LegendaryInfluenceReaction.LAPL4.MaestroAbilities		VISIBLE:YES	!PREABILITY:1,CATEGORY=Legendary Ability,TYPE.LegendaryInfluenceReaction	PRECLASS:1,Maestro=4	SAB:Influence Reaction (4/day)								SOURCEPAGE:p52
Influence Reaction V		CATEGORY:Legendary Ability	TYPE:SpecialQuality.Supernatural.LegendaryInfluenceReaction.LAPL5.MaestroAbilities		VISIBLE:YES	!PREABILITY:1,CATEGORY=Legendary Ability,TYPE.LegendaryInfluenceReaction	PRECLASS:1,Maestro=5	SAB:Influence Reaction (5/day)								SOURCEPAGE:p52

Coordinate Action I		CATEGORY:Legendary Ability	TYPE:SpecialQuality.Supernatural.LegendaryCoordinateAction.LAPL1.MaestroAbilities		VISIBLE:YES	!PREABILITY:1,CATEGORY=Legendary Ability,TYPE.LegendaryCoordinateAction		PRECLASS:1,Maestro=1	SAB:Coordinate Action (1/day)									SOURCEPAGE:p52
Coordinate Action II		CATEGORY:Legendary Ability	TYPE:SpecialQuality.Supernatural.LegendaryCoordinateAction.LAPL2.MaestroAbilities		VISIBLE:YES	!PREABILITY:1,CATEGORY=Legendary Ability,TYPE.LegendaryCoordinateAction		PRECLASS:1,Maestro=2	SAB:Coordinate Action (2/day)									SOURCEPAGE:p52
Coordinate Action III		CATEGORY:Legendary Ability	TYPE:SpecialQuality.Supernatural.LegendaryCoordinateAction.LAPL3.MaestroAbilities		VISIBLE:YES	!PREABILITY:1,CATEGORY=Legendary Ability,TYPE.LegendaryCoordinateAction		PRECLASS:1,Maestro=3	SAB:Coordinate Action (3/day)									SOURCEPAGE:p52
Coordinate Action IV		CATEGORY:Legendary Ability	TYPE:SpecialQuality.Supernatural.LegendaryCoordinateAction.LAPL4.MaestroAbilities		VISIBLE:YES	!PREABILITY:1,CATEGORY=Legendary Ability,TYPE.LegendaryCoordinateAction		PRECLASS:1,Maestro=4	SAB:Coordinate Action (4/day)									SOURCEPAGE:p52
Coordinate Action V		CATEGORY:Legendary Ability	TYPE:SpecialQuality.Supernatural.LegendaryCoordinateAction.LAPL5.MaestroAbilities		VISIBLE:YES	!PREABILITY:1,CATEGORY=Legendary Ability,TYPE.LegendaryCoordinateAction		PRECLASS:1,Maestro=5	SAB:Coordinate Action (5/day)									SOURCEPAGE:p52

Natural Leader I			CATEGORY:Legendary Ability	TYPE:SpecialQuality.LegendaryNaturalLeader.LAPL1.MaestroAbilities			VISIBLE:YES	!PREABILITY:1,CATEGORY=Legendary Ability,TYPE.LegendaryNaturalLeader		PRECLASS:1,Maestro=1	SAB:Natural Leader (+1)										SOURCEPAGE:p52
Natural Leader II			CATEGORY:Legendary Ability	TYPE:SpecialQuality.LegendaryNaturalLeader.LAPL2.MaestroAbilities			VISIBLE:YES	!PREABILITY:1,CATEGORY=Legendary Ability,TYPE.LegendaryNaturalLeader		PRECLASS:1,Maestro=2	SAB:Natural Leader (+2)										SOURCEPAGE:p52
Natural Leader III		CATEGORY:Legendary Ability	TYPE:SpecialQuality.LegendaryNaturalLeader.LAPL3.MaestroAbilities			VISIBLE:YES	!PREABILITY:1,CATEGORY=Legendary Ability,TYPE.LegendaryNaturalLeader		PRECLASS:1,Maestro=3	SAB:Natural Leader (+3)										SOURCEPAGE:p52
Natural Leader IV			CATEGORY:Legendary Ability	TYPE:SpecialQuality.LegendaryNaturalLeader.LAPL4.MaestroAbilities			VISIBLE:YES	!PREABILITY:1,CATEGORY=Legendary Ability,TYPE.LegendaryNaturalLeader		PRECLASS:1,Maestro=4	SAB:Natural Leader (+4)										SOURCEPAGE:p52
Natural Leader V			CATEGORY:Legendary Ability	TYPE:SpecialQuality.LegendaryNaturalLeader.LAPL5.MaestroAbilities			VISIBLE:YES	!PREABILITY:1,CATEGORY=Legendary Ability,TYPE.LegendaryNaturalLeader		PRECLASS:1,Maestro=5	SAB:Natural Leader (+5)										SOURCEPAGE:p52

Conduct Combat I			CATEGORY:Legendary Ability	TYPE:SpecialQuality.Supernatural.LegendaryConductCombat.LAPL1.MaestroAbilities			VISIBLE:YES	!PREABILITY:1,CATEGORY=Legendary Ability,TYPE.LegendaryConductCombat		PRECLASS:1,Maestro=1	SAB:Conduct Combat (1/day)									SOURCEPAGE:p52
Conduct Combat II			CATEGORY:Legendary Ability	TYPE:SpecialQuality.Supernatural.LegendaryConductCombat.LAPL2.MaestroAbilities			VISIBLE:YES	!PREABILITY:1,CATEGORY=Legendary Ability,TYPE.LegendaryConductCombat		PRECLASS:1,Maestro=2	SAB:Conduct Combat (2/day)									SOURCEPAGE:p52
Conduct Combat III		CATEGORY:Legendary Ability	TYPE:SpecialQuality.Supernatural.LegendaryConductCombat.LAPL3.MaestroAbilities			VISIBLE:YES	!PREABILITY:1,CATEGORY=Legendary Ability,TYPE.LegendaryConductCombat		PRECLASS:1,Maestro=3	SAB:Conduct Combat (3/day)									SOURCEPAGE:p52
Conduct Combat IV			CATEGORY:Legendary Ability	TYPE:SpecialQuality.Supernatural.LegendaryConductCombat.LAPL4.MaestroAbilities			VISIBLE:YES	!PREABILITY:1,CATEGORY=Legendary Ability,TYPE.LegendaryConductCombat		PRECLASS:1,Maestro=4	SAB:Conduct Combat (4/day)									SOURCEPAGE:p52
Conduct Combat V			CATEGORY:Legendary Ability	TYPE:SpecialQuality.Supernatural.LegendaryConductCombat.LAPL5.MaestroAbilities			VISIBLE:YES	!PREABILITY:1,CATEGORY=Legendary Ability,TYPE.LegendaryConductCombat		PRECLASS:1,Maestro=5	SAB:Conduct Combat (5/day)									SOURCEPAGE:p52

Legendary Reputation I		CATEGORY:Legendary Ability	TYPE:SpecialQuality.LegendaryReputation.LAPL1.MaestroAbilities			VISIBLE:YES	!PREABILITY:1,CATEGORY=Legendary Ability,TYPE.LegendaryReputation			PRECLASS:1,Maestro=1	SAB:Legendary Reputation		BONUS:SKILL|Bluff,Diplomacy,TYPE.Perform|5	SOURCEPAGE:p52
Legendary Reputation II		CATEGORY:Legendary Ability	TYPE:SpecialQuality.LegendaryReputation.LAPL2.MaestroAbilities			VISIBLE:YES	!PREABILITY:1,CATEGORY=Legendary Ability,TYPE.LegendaryReputation			PRECLASS:1,Maestro=2	SAB:Legendary Reputation		BONUS:SKILL|Bluff,Diplomacy,TYPE.Perform|10	SOURCEPAGE:p52
Legendary Reputation III	CATEGORY:Legendary Ability	TYPE:SpecialQuality.LegendaryReputation.LAPL3.MaestroAbilities			VISIBLE:YES	!PREABILITY:1,CATEGORY=Legendary Ability,TYPE.LegendaryReputation			PRECLASS:1,Maestro=3	SAB:Legendary Reputation		BONUS:SKILL|Bluff,Diplomacy,TYPE.Perform|15	SOURCEPAGE:p52
Legendary Reputation IV		CATEGORY:Legendary Ability	TYPE:SpecialQuality.LegendaryReputation.LAPL4.MaestroAbilities			VISIBLE:YES	!PREABILITY:1,CATEGORY=Legendary Ability,TYPE.LegendaryReputation			PRECLASS:1,Maestro=4	SAB:Legendary Reputation		BONUS:SKILL|Bluff,Diplomacy,TYPE.Perform|20	SOURCEPAGE:p52
Legendary Reputation V		CATEGORY:Legendary Ability	TYPE:SpecialQuality.LegendaryReputation.LAPL5.MaestroAbilities			VISIBLE:YES	!PREABILITY:1,CATEGORY=Legendary Ability,TYPE.LegendaryReputation			PRECLASS:1,Maestro=5	SAB:Legendary Reputation		BONUS:SKILL|Bluff,Diplomacy,TYPE.Perform|25	SOURCEPAGE:p52


###Block: Oracle legendary abilities
# Ability Name			Category of Ability		Type							Visible	Restricted Ability										Required Class		Special ABility				Innate Spells								Combat bonus				Source Page
Precognition I			CATEGORY:Legendary Ability	TYPE:SpecialQuality.SpellLike.LegendaryPrecognition.LAPL1.OracleAbilities			VISIBLE:YES	!PREABILITY:1,CATEGORY=Legendary Ability,TYPE.LegendaryPrecognition		PRECLASS:1,Oracle=1	SAB:Precognition (+10min +2pct.)	SPELLS:Innate|TIMES=ATWILL|Augury											SOURCEPAGE:p54
Precognition II			CATEGORY:Legendary Ability	TYPE:SpecialQuality.SpellLike.LegendaryPrecognition.LAPL2.OracleAbilities			VISIBLE:YES	!PREABILITY:1,CATEGORY=Legendary Ability,TYPE.LegendaryPrecognition		PRECLASS:1,Oracle=2	SAB:Precognition (+20min +4pct.)	SPELLS:Innate|TIMES=ATWILL|Augury											SOURCEPAGE:p54
Precognition III			CATEGORY:Legendary Ability	TYPE:SpecialQuality.SpellLike.LegendaryPrecognition.LAPL3.OracleAbilities			VISIBLE:YES	!PREABILITY:1,CATEGORY=Legendary Ability,TYPE.LegendaryPrecognition		PRECLASS:1,Oracle=3	SAB:Precognition (+30min +6pct.)	SPELLS:Innate|TIMES=ATWILL|Augury											SOURCEPAGE:p54
Precognition IV			CATEGORY:Legendary Ability	TYPE:SpecialQuality.SpellLike.LegendaryPrecognition.LAPL4.OracleAbilities			VISIBLE:YES	!PREABILITY:1,CATEGORY=Legendary Ability,TYPE.LegendaryPrecognition		PRECLASS:1,Oracle=4	SAB:Precognition (+40min +8pct.)	SPELLS:Innate|TIMES=ATWILL|Augury											SOURCEPAGE:p54
Precognition V			CATEGORY:Legendary Ability	TYPE:SpecialQuality.SpellLike.LegendaryPrecognition.LAPL5.OracleAbilities			VISIBLE:YES	!PREABILITY:1,CATEGORY=Legendary Ability,TYPE.LegendaryPrecognition		PRECLASS:1,Oracle=5	SAB:Precognition (+50min +10pct.)	SPELLS:Innate|TIMES=ATWILL|Augury											SOURCEPAGE:p54

Soul Searching I			CATEGORY:Legendary Ability	TYPE:SpecialQuality.LegendarySoulSearching.LAPL1.OracleAbilities			VISIBLE:YES	!PREABILITY:1,CATEGORY=Legendary Ability,TYPE.LegendarySoulSearching		PRECLASS:1,Oracle=1	SAB:Soul Searching (1/day)																		SOURCEPAGE:p54
Soul Searching II			CATEGORY:Legendary Ability	TYPE:SpecialQuality.LegendarySoulSearching.LAPL2.OracleAbilities			VISIBLE:YES	!PREABILITY:1,CATEGORY=Legendary Ability,TYPE.LegendarySoulSearching		PRECLASS:1,Oracle=2	SAB:Soul Searching (2/day)																		SOURCEPAGE:p54
Soul Searching III		CATEGORY:Legendary Ability	TYPE:SpecialQuality.LegendarySoulSearching.LAPL3.OracleAbilities			VISIBLE:YES	!PREABILITY:1,CATEGORY=Legendary Ability,TYPE.LegendarySoulSearching		PRECLASS:1,Oracle=3	SAB:Soul Searching (3/day)																		SOURCEPAGE:p54
Soul Searching IV			CATEGORY:Legendary Ability	TYPE:SpecialQuality.LegendarySoulSearching.LAPL4.OracleAbilities			VISIBLE:YES	!PREABILITY:1,CATEGORY=Legendary Ability,TYPE.LegendarySoulSearching		PRECLASS:1,Oracle=4	SAB:Soul Searching (4/day)																		SOURCEPAGE:p54
Soul Searching V			CATEGORY:Legendary Ability	TYPE:SpecialQuality.LegendarySoulSearching.LAPL5.OracleAbilities			VISIBLE:YES	!PREABILITY:1,CATEGORY=Legendary Ability,TYPE.LegendarySoulSearching		PRECLASS:1,Oracle=5	SAB:Soul Searching (5/day)																		SOURCEPAGE:p54

Perfect Communication I		CATEGORY:Legendary Ability	TYPE:SpecialQuality.SpellLike.LegendaryPerfectCommunication.LAPL1.OracleAbilities		VISIBLE:YES	!PREABILITY:1,CATEGORY=Legendary Ability,TYPE.LegendaryPerfectCommunication	PRECLASS:1,Oracle=1	SAB:Perfect Communication (1/day)																	SOURCEPAGE:p54
Perfect Communication II	CATEGORY:Legendary Ability	TYPE:SpecialQuality.SpellLike.LegendaryPerfectCommunication.LAPL2.OracleAbilities		VISIBLE:YES	!PREABILITY:1,CATEGORY=Legendary Ability,TYPE.LegendaryPerfectCommunication	PRECLASS:1,Oracle=2	SAB:Perfect Communication (2/day)																	SOURCEPAGE:p54
Perfect Communication III	CATEGORY:Legendary Ability	TYPE:SpecialQuality.SpellLike.LegendaryPerfectCommunication.LAPL3.OracleAbilities		VISIBLE:YES	!PREABILITY:1,CATEGORY=Legendary Ability,TYPE.LegendaryPerfectCommunication	PRECLASS:1,Oracle=3	SAB:Perfect Communication (3/day)																	SOURCEPAGE:p54
Perfect Communication IV	CATEGORY:Legendary Ability	TYPE:SpecialQuality.SpellLike.LegendaryPerfectCommunication.LAPL4.OracleAbilities		VISIBLE:YES	!PREABILITY:1,CATEGORY=Legendary Ability,TYPE.LegendaryPerfectCommunication	PRECLASS:1,Oracle=4	SAB:Perfect Communication (4/day)																	SOURCEPAGE:p54
Perfect Communication V		CATEGORY:Legendary Ability	TYPE:SpecialQuality.SpellLike.LegendaryPerfectCommunication.LAPL5.OracleAbilities		VISIBLE:YES	!PREABILITY:1,CATEGORY=Legendary Ability,TYPE.LegendaryPerfectCommunication	PRECLASS:1,Oracle=5	SAB:Perfect Communication (5/day)																	SOURCEPAGE:p54

Combat Prescience I		CATEGORY:Legendary Ability	TYPE:SpecialQuality.LegendaryCombatPrescience.LAPL1.OracleAbilities		VISIBLE:YES	!PREABILITY:1,CATEGORY=Legendary Ability,TYPE.LegendaryCombatPrescience		PRECLASS:1,Oracle=1	SAB:Combat Prescience													BONUS:COMBAT|AC|1|TYPE=Legendary	SOURCEPAGE:p54
Combat Prescience II		CATEGORY:Legendary Ability	TYPE:SpecialQuality.LegendaryCombatPrescience.LAPL2.OracleAbilities		VISIBLE:YES	!PREABILITY:1,CATEGORY=Legendary Ability,TYPE.LegendaryCombatPrescience		PRECLASS:1,Oracle=2	SAB:Combat Prescience													BONUS:COMBAT|AC|2|TYPE=Legendary	SOURCEPAGE:p54
Combat Prescience III		CATEGORY:Legendary Ability	TYPE:SpecialQuality.LegendaryCombatPrescience.LAPL3.OracleAbilities		VISIBLE:YES	!PREABILITY:1,CATEGORY=Legendary Ability,TYPE.LegendaryCombatPrescience		PRECLASS:1,Oracle=3	SAB:Combat Prescience													BONUS:COMBAT|AC|3|TYPE=Legendary	SOURCEPAGE:p54
Combat Prescience IV		CATEGORY:Legendary Ability	TYPE:SpecialQuality.LegendaryCombatPrescience.LAPL4.OracleAbilities		VISIBLE:YES	!PREABILITY:1,CATEGORY=Legendary Ability,TYPE.LegendaryCombatPrescience		PRECLASS:1,Oracle=4	SAB:Combat Prescience													BONUS:COMBAT|AC|4|TYPE=Legendary	SOURCEPAGE:p54
Combat Prescience V		CATEGORY:Legendary Ability	TYPE:SpecialQuality.LegendaryCombatPrescience.LAPL5.OracleAbilities		VISIBLE:YES	!PREABILITY:1,CATEGORY=Legendary Ability,TYPE.LegendaryCombatPrescience		PRECLASS:1,Oracle=5	SAB:Combat Prescience													BONUS:COMBAT|AC|5|TYPE=Legendary	SOURCEPAGE:p54

Visions I				CATEGORY:Legendary Ability	TYPE:SpecialQuality.SpellLike.LegendaryVisions.LAPL1.OracleAbilities				VISIBLE:YES	!PREABILITY:1,CATEGORY=Legendary Ability,TYPE.LegendaryVisions			PRECLASS:1,Oracle=1	SAB:Visions					SPELLS:Innate|TIMES=1|Clairaudience/Clairvoyance|Scrying							SOURCEPAGE:p54
Visions II				CATEGORY:Legendary Ability	TYPE:SpecialQuality.SpellLike.LegendaryVisions.LAPL2.OracleAbilities				VISIBLE:YES	!PREABILITY:1,CATEGORY=Legendary Ability,TYPE.LegendaryVisions			PRECLASS:1,Oracle=2	SAB:Visions					SPELLS:Innate|TIMES=2|Clairaudience/Clairvoyance|Scrying							SOURCEPAGE:p54
Visions III				CATEGORY:Legendary Ability	TYPE:SpecialQuality.SpellLike.LegendaryVisions.LAPL3.OracleAbilities				VISIBLE:YES	!PREABILITY:1,CATEGORY=Legendary Ability,TYPE.LegendaryVisions			PRECLASS:1,Oracle=3	SAB:Visions					SPELLS:Innate|TIMES=3|Clairaudience/Clairvoyance|Scrying							SOURCEPAGE:p54
Visions IV				CATEGORY:Legendary Ability	TYPE:SpecialQuality.SpellLike.LegendaryVisions.LAPL4.OracleAbilities				VISIBLE:YES	!PREABILITY:1,CATEGORY=Legendary Ability,TYPE.LegendaryVisions			PRECLASS:1,Oracle=4	SAB:Visions					SPELLS:Innate|TIMES=4|Clairaudience/Clairvoyance|Scrying							SOURCEPAGE:p54
Visions V				CATEGORY:Legendary Ability	TYPE:SpecialQuality.SpellLike.LegendaryVisions.LAPL5.OracleAbilities				VISIBLE:YES	!PREABILITY:1,CATEGORY=Legendary Ability,TYPE.LegendaryVisions			PRECLASS:1,Oracle=5	SAB:Visions					SPELLS:Innate|TIMES=5|Clairaudience/Clairvoyance|Scrying							SOURCEPAGE:p54



###Block: Puppetmaster legendary abilities
# Ability Name			Category of Ability		Type							Visible	Restricted Ability										Required Class			Special ABility					Source Page
Construct Companions I		CATEGORY:Legendary Ability	TYPE:SpecialQuality.LegendaryConstructCompanions.LAPL1.PuppetmasterAbilities		VISIBLE:YES	!PREABILITY:1,CATEGORY=Legendary Ability,TYPE.LegendaryConstructCompanions	PRECLASS:1,Puppetmaster=1	SAB:Construct Companions (1 object 2HD)	SOURCEPAGE:p55
Construct Companions II		CATEGORY:Legendary Ability	TYPE:SpecialQuality.LegendaryConstructCompanions.LAPL2.PuppetmasterAbilities		VISIBLE:YES	!PREABILITY:1,CATEGORY=Legendary Ability,TYPE.LegendaryConstructCompanions	PRECLASS:1,Puppetmaster=2	SAB:Construct Companions (2 objects 4HD)	SOURCEPAGE:p55
Construct Companions III	CATEGORY:Legendary Ability	TYPE:SpecialQuality.LegendaryConstructCompanions.LAPL3.PuppetmasterAbilities		VISIBLE:YES	!PREABILITY:1,CATEGORY=Legendary Ability,TYPE.LegendaryConstructCompanions	PRECLASS:1,Puppetmaster=3	SAB:Construct Companions (3 objects 6HD)	SOURCEPAGE:p55
Construct Companions IV		CATEGORY:Legendary Ability	TYPE:SpecialQuality.LegendaryConstructCompanions.LAPL4.PuppetmasterAbilities		VISIBLE:YES	!PREABILITY:1,CATEGORY=Legendary Ability,TYPE.LegendaryConstructCompanions	PRECLASS:1,Puppetmaster=4	SAB:Construct Companions (4 objects 8HD)	SOURCEPAGE:p55
Construct Companions V		CATEGORY:Legendary Ability	TYPE:SpecialQuality.LegendaryConstructCompanions.LAPL5.PuppetmasterAbilities		VISIBLE:YES	!PREABILITY:1,CATEGORY=Legendary Ability,TYPE.LegendaryConstructCompanions	PRECLASS:1,Puppetmaster=5	SAB:Construct Companions (5 objects 10HD)	SOURCEPAGE:p55

Master of the Craft I		CATEGORY:Legendary Ability	TYPE:SpecialQuality.LegendaryMasterCraft.LAPL1.PuppetmasterAbilities			VISIBLE:YES	!PREABILITY:1,CATEGORY=Legendary Ability,TYPE.LegendaryMasterCraft		PRECLASS:1,Puppetmaster=1	SAB:Master of the Craft (10 pct.)		SOURCEPAGE:p56
Master of the Craft II		CATEGORY:Legendary Ability	TYPE:SpecialQuality.LegendaryMasterCraft.LAPL2.PuppetmasterAbilities			VISIBLE:YES	!PREABILITY:1,CATEGORY=Legendary Ability,TYPE.LegendaryMasterCraft		PRECLASS:1,Puppetmaster=2	SAB:Master of the Craft (20 pct.)		SOURCEPAGE:p56
Master of the Craft III		CATEGORY:Legendary Ability	TYPE:SpecialQuality.LegendaryMasterCraft.LAPL3.PuppetmasterAbilities			VISIBLE:YES	!PREABILITY:1,CATEGORY=Legendary Ability,TYPE.LegendaryMasterCraft		PRECLASS:1,Puppetmaster=3	SAB:Master of the Craft (30 pct.)		SOURCEPAGE:p56
Master of the Craft IV		CATEGORY:Legendary Ability	TYPE:SpecialQuality.LegendaryMasterCraft.LAPL4.PuppetmasterAbilities			VISIBLE:YES	!PREABILITY:1,CATEGORY=Legendary Ability,TYPE.LegendaryMasterCraft		PRECLASS:1,Puppetmaster=4	SAB:Master of the Craft (40 pct.)		SOURCEPAGE:p56
Master of the Craft V		CATEGORY:Legendary Ability	TYPE:SpecialQuality.LegendaryMasterCraft.LAPL5.PuppetmasterAbilities			VISIBLE:YES	!PREABILITY:1,CATEGORY=Legendary Ability,TYPE.LegendaryMasterCraft		PRECLASS:1,Puppetmaster=5	SAB:Master of the Craft (50 pct.)		SOURCEPAGE:p56

Wrest Control I			CATEGORY:Legendary Ability	TYPE:SpecialQuality.SpellLike.LegendaryWrestControl.LAPL1.PuppetmasterAbilities			VISIBLE:YES	!PREABILITY:1,CATEGORY=Legendary Ability,TYPE.LegendaryWrestControl		PRECLASS:1,Puppetmaster=1	SAB:Wrest Control (1/day)			SOURCEPAGE:p56
Wrest Control II			CATEGORY:Legendary Ability	TYPE:SpecialQuality.SpellLike.LegendaryWrestControl.LAPL2.PuppetmasterAbilities			VISIBLE:YES	!PREABILITY:1,CATEGORY=Legendary Ability,TYPE.LegendaryWrestControl		PRECLASS:1,Puppetmaster=2	SAB:Wrest Control (2/day)			SOURCEPAGE:p56
Wrest Control III			CATEGORY:Legendary Ability	TYPE:SpecialQuality.SpellLike.LegendaryWrestControl.LAPL3.PuppetmasterAbilities			VISIBLE:YES	!PREABILITY:1,CATEGORY=Legendary Ability,TYPE.LegendaryWrestControl		PRECLASS:1,Puppetmaster=3	SAB:Wrest Control (3/day)			SOURCEPAGE:p56
Wrest Control IV			CATEGORY:Legendary Ability	TYPE:SpecialQuality.SpellLike.LegendaryWrestControl.LAPL4.PuppetmasterAbilities			VISIBLE:YES	!PREABILITY:1,CATEGORY=Legendary Ability,TYPE.LegendaryWrestControl		PRECLASS:1,Puppetmaster=4	SAB:Wrest Control (4/day)			SOURCEPAGE:p56
Wrest Control V			CATEGORY:Legendary Ability	TYPE:SpecialQuality.SpellLike.LegendaryWrestControl.LAPL5.PuppetmasterAbilities			VISIBLE:YES	!PREABILITY:1,CATEGORY=Legendary Ability,TYPE.LegendaryWrestControl		PRECLASS:1,Puppetmaster=5	SAB:Wrest Control (5/day)			SOURCEPAGE:p56

Pull the Strings I		CATEGORY:Legendary Ability	TYPE:SpecialQuality.SpellLike.LegendaryPullStrings.LAPL1.PuppetmasterAbilities			VISIBLE:YES	!PREABILITY:1,CATEGORY=Legendary Ability,TYPE.LegendaryPullStrings		PRECLASS:1,Puppetmaster=1	SAB:Pull the Strings (1/day)			SOURCEPAGE:p56
Pull the Strings II		CATEGORY:Legendary Ability	TYPE:SpecialQuality.SpellLike.LegendaryPullStrings.LAPL2.PuppetmasterAbilities			VISIBLE:YES	!PREABILITY:1,CATEGORY=Legendary Ability,TYPE.LegendaryPullStrings		PRECLASS:1,Puppetmaster=2	SAB:Pull the Strings (2/day)			SOURCEPAGE:p56
Pull the Strings III		CATEGORY:Legendary Ability	TYPE:SpecialQuality.SpellLike.LegendaryPullStrings.LAPL3.PuppetmasterAbilities			VISIBLE:YES	!PREABILITY:1,CATEGORY=Legendary Ability,TYPE.LegendaryPullStrings		PRECLASS:1,Puppetmaster=3	SAB:Pull the Strings (3/day)			SOURCEPAGE:p56
Pull the Strings IV		CATEGORY:Legendary Ability	TYPE:SpecialQuality.SpellLike.LegendaryPullStrings.LAPL4.PuppetmasterAbilities			VISIBLE:YES	!PREABILITY:1,CATEGORY=Legendary Ability,TYPE.LegendaryPullStrings		PRECLASS:1,Puppetmaster=4	SAB:Pull the Strings (4/day)			SOURCEPAGE:p56
Pull the Strings V		CATEGORY:Legendary Ability	TYPE:SpecialQuality.SpellLike.LegendaryPullStrings.LAPL5.PuppetmasterAbilities			VISIBLE:YES	!PREABILITY:1,CATEGORY=Legendary Ability,TYPE.LegendaryPullStrings		PRECLASS:1,Puppetmaster=5	SAB:Pull the Strings (5/day)			SOURCEPAGE:p56

Convincing Oration I		CATEGORY:Legendary Ability	TYPE:SpecialQuality.LegendaryConvincingOration.LAPL1.PuppetmasterAbilities		VISIBLE:YES	!PREABILITY:1,CATEGORY=Legendary Ability,TYPE.LegendaryConvincingOration	PRECLASS:1,Puppetmaster=1	SAB:Convincing Oration (+1)			SOURCEPAGE:p56
Convincing Oration II		CATEGORY:Legendary Ability	TYPE:SpecialQuality.LegendaryConvincingOration.LAPL2.PuppetmasterAbilities		VISIBLE:YES	!PREABILITY:1,CATEGORY=Legendary Ability,TYPE.LegendaryConvincingOration	PRECLASS:1,Puppetmaster=2	SAB:Convincing Oration (+2)			SOURCEPAGE:p56
Convincing Oration III		CATEGORY:Legendary Ability	TYPE:SpecialQuality.LegendaryConvincingOration.LAPL3.PuppetmasterAbilities		VISIBLE:YES	!PREABILITY:1,CATEGORY=Legendary Ability,TYPE.LegendaryConvincingOration	PRECLASS:1,Puppetmaster=3	SAB:Convincing Oration (+3)			SOURCEPAGE:p56
Convincing Oration IV		CATEGORY:Legendary Ability	TYPE:SpecialQuality.LegendaryConvincingOration.LAPL4.PuppetmasterAbilities		VISIBLE:YES	!PREABILITY:1,CATEGORY=Legendary Ability,TYPE.LegendaryConvincingOration	PRECLASS:1,Puppetmaster=4	SAB:Convincing Oration (+4)			SOURCEPAGE:p56
Convincing Oration V		CATEGORY:Legendary Ability	TYPE:SpecialQuality.LegendaryConvincingOration.LAPL5.PuppetmasterAbilities		VISIBLE:YES	!PREABILITY:1,CATEGORY=Legendary Ability,TYPE.LegendaryConvincingOration	PRECLASS:1,Puppetmaster=5	SAB:Convincing Oration (+5)			SOURCEPAGE:p56



###Block: Puzzlemaster legendary abilities
# Ability Name			Category of Ability		Type							Visible	Restricted Ability										Required Class			Special ABility				Innate Spells			Bonus to skill									Source Page
Unsolvable Riddle I		CATEGORY:Legendary Ability	TYPE:SpecialQuality.SpellLike.LegendaryUnsolvableRiddle.LAPL1.PuzzlemasterAbilities		VISIBLE:YES	!PREABILITY:1,CATEGORY=Legendary Ability,TYPE.LegendaryUnsolvableRiddle		PRECLASS:1,Puzzlemaster=1	SAB:Unsolvable Riddle (1/day)																		SOURCEPAGE:p57
Unsolvable Riddle II		CATEGORY:Legendary Ability	TYPE:SpecialQuality.SpellLike.LegendaryUnsolvableRiddle.LAPL2.PuzzlemasterAbilities		VISIBLE:YES	!PREABILITY:1,CATEGORY=Legendary Ability,TYPE.LegendaryUnsolvableRiddle		PRECLASS:1,Puzzlemaster=2	SAB:Unsolvable Riddle (2/day)																		SOURCEPAGE:p57
Unsolvable Riddle III		CATEGORY:Legendary Ability	TYPE:SpecialQuality.SpellLike.LegendaryUnsolvableRiddle.LAPL3.PuzzlemasterAbilities		VISIBLE:YES	!PREABILITY:1,CATEGORY=Legendary Ability,TYPE.LegendaryUnsolvableRiddle		PRECLASS:1,Puzzlemaster=3	SAB:Unsolvable Riddle (3/day)																		SOURCEPAGE:p57
Unsolvable Riddle IV		CATEGORY:Legendary Ability	TYPE:SpecialQuality.SpellLike.LegendaryUnsolvableRiddle.LAPL4.PuzzlemasterAbilities		VISIBLE:YES	!PREABILITY:1,CATEGORY=Legendary Ability,TYPE.LegendaryUnsolvableRiddle		PRECLASS:1,Puzzlemaster=4	SAB:Unsolvable Riddle (4/day)																		SOURCEPAGE:p57
Unsolvable Riddle V		CATEGORY:Legendary Ability	TYPE:SpecialQuality.SpellLike.LegendaryUnsolvableRiddle.LAPL5.PuzzlemasterAbilities		VISIBLE:YES	!PREABILITY:1,CATEGORY=Legendary Ability,TYPE.LegendaryUnsolvableRiddle		PRECLASS:1,Puzzlemaster=5	SAB:Unsolvable Riddle (5/day)																		SOURCEPAGE:p57

Unraveling Mysteries I		CATEGORY:Legendary Ability	TYPE:SpecialQuality.LegendaryMundaneArts.LAPL1.PuzzlemasterAbilities			VISIBLE:YES	!PREABILITY:1,CATEGORY=Legendary Ability,TYPE.LegendaryMundaneArts		PRECLASS:1,Puzzlemaster=1	SAB:Unraveling Mysteries							BONUS:SKILL|Decipher Script,Disable Device,Use Magic Device|5	SOURCEPAGE:p58
Unraveling Mysteries II		CATEGORY:Legendary Ability	TYPE:SpecialQuality.LegendaryMundaneArts.LAPL2.PuzzlemasterAbilities			VISIBLE:YES	!PREABILITY:1,CATEGORY=Legendary Ability,TYPE.LegendaryMundaneArts		PRECLASS:1,Puzzlemaster=2	SAB:Unraveling Mysteries							BONUS:SKILL|Decipher Script,Disable Device,Use Magic Device|10	SOURCEPAGE:p58
Unraveling Mysteries III	CATEGORY:Legendary Ability	TYPE:SpecialQuality.LegendaryMundaneArts.LAPL3.PuzzlemasterAbilities			VISIBLE:YES	!PREABILITY:1,CATEGORY=Legendary Ability,TYPE.LegendaryMundaneArts		PRECLASS:1,Puzzlemaster=3	SAB:Unraveling Mysteries							BONUS:SKILL|Decipher Script,Disable Device,Use Magic Device|15	SOURCEPAGE:p58
Unraveling Mysteries IV		CATEGORY:Legendary Ability	TYPE:SpecialQuality.LegendaryMundaneArts.LAPL4.PuzzlemasterAbilities			VISIBLE:YES	!PREABILITY:1,CATEGORY=Legendary Ability,TYPE.LegendaryMundaneArts		PRECLASS:1,Puzzlemaster=4	SAB:Unraveling Mysteries							BONUS:SKILL|Decipher Script,Disable Device,Use Magic Device|20	SOURCEPAGE:p58
Unraveling Mysteries V		CATEGORY:Legendary Ability	TYPE:SpecialQuality.LegendaryMundaneArts.LAPL5.PuzzlemasterAbilities			VISIBLE:YES	!PREABILITY:1,CATEGORY=Legendary Ability,TYPE.LegendaryMundaneArts		PRECLASS:1,Puzzlemaster=5	SAB:Unraveling Mysteries							BONUS:SKILL|Decipher Script,Disable Device,Use Magic Device|25	SOURCEPAGE:p58

Logical Deduction I		CATEGORY:Legendary Ability	TYPE:SpecialQuality.SpellLike.LegendaryLogicalDeduction.LAPL1.PuzzlemasterAbilities		VISIBLE:YES	!PREABILITY:1,CATEGORY=Legendary Ability,TYPE.LegendaryLogicalDeduction		PRECLASS:1,Puzzlemaster=1	SAB:Logical Deduction (2 pct.)	SPELLS:Innate|TIMES=1|Augury												SOURCEPAGE:p58
Logical Deduction II		CATEGORY:Legendary Ability	TYPE:SpecialQuality.SpellLike.LegendaryLogicalDeduction.LAPL2.PuzzlemasterAbilities		VISIBLE:YES	!PREABILITY:1,CATEGORY=Legendary Ability,TYPE.LegendaryLogicalDeduction		PRECLASS:1,Puzzlemaster=2	SAB:Logical Deduction (4 pct.)	SPELLS:Innate|TIMES=2|Augury												SOURCEPAGE:p58
Logical Deduction III		CATEGORY:Legendary Ability	TYPE:SpecialQuality.SpellLike.LegendaryLogicalDeduction.LAPL3.PuzzlemasterAbilities		VISIBLE:YES	!PREABILITY:1,CATEGORY=Legendary Ability,TYPE.LegendaryLogicalDeduction		PRECLASS:1,Puzzlemaster=3	SAB:Logical Deduction (6 pct.)	SPELLS:Innate|TIMES=3|Augury												SOURCEPAGE:p58
Logical Deduction IV		CATEGORY:Legendary Ability	TYPE:SpecialQuality.SpellLike.LegendaryLogicalDeduction.LAPL4.PuzzlemasterAbilities		VISIBLE:YES	!PREABILITY:1,CATEGORY=Legendary Ability,TYPE.LegendaryLogicalDeduction		PRECLASS:1,Puzzlemaster=4	SAB:Logical Deduction (8 pct.)	SPELLS:Innate|TIMES=4|Augury												SOURCEPAGE:p58
Logical Deduction V		CATEGORY:Legendary Ability	TYPE:SpecialQuality.SpellLike.LegendaryLogicalDeduction.LAPL5.PuzzlemasterAbilities		VISIBLE:YES	!PREABILITY:1,CATEGORY=Legendary Ability,TYPE.LegendaryLogicalDeduction		PRECLASS:1,Puzzlemaster=5	SAB:Logical Deduction (10 pct.)	SPELLS:Innate|TIMES=5|Augury												SOURCEPAGE:p58

Combat Orientation I		CATEGORY:Legendary Ability	TYPE:SpecialQuality.LegendaryCombatOrientation.LAPL1.PuzzlemasterAbilities		VISIBLE:YES	!PREABILITY:1,CATEGORY=Legendary Ability,TYPE.LegendaryCombatOrientation	PRECLASS:1,Puzzlemaster=1	SAB:Combat Orientation (+1 to AC)																	SOURCEPAGE:p58
Combat Orientation II		CATEGORY:Legendary Ability	TYPE:SpecialQuality.LegendaryCombatOrientation.LAPL2.PuzzlemasterAbilities		VISIBLE:YES	!PREABILITY:1,CATEGORY=Legendary Ability,TYPE.LegendaryCombatOrientation	PRECLASS:1,Puzzlemaster=2	SAB:Combat Orientation (+2 to AC)																	SOURCEPAGE:p58
Combat Orientation III		CATEGORY:Legendary Ability	TYPE:SpecialQuality.LegendaryCombatOrientation.LAPL3.PuzzlemasterAbilities		VISIBLE:YES	!PREABILITY:1,CATEGORY=Legendary Ability,TYPE.LegendaryCombatOrientation	PRECLASS:1,Puzzlemaster=3	SAB:Combat Orientation (+3 to AC)																	SOURCEPAGE:p58
Combat Orientation IV		CATEGORY:Legendary Ability	TYPE:SpecialQuality.LegendaryCombatOrientation.LAPL4.PuzzlemasterAbilities		VISIBLE:YES	!PREABILITY:1,CATEGORY=Legendary Ability,TYPE.LegendaryCombatOrientation	PRECLASS:1,Puzzlemaster=4	SAB:Combat Orientation (+4 to AC)																	SOURCEPAGE:p58
Combat Orientation V		CATEGORY:Legendary Ability	TYPE:SpecialQuality.LegendaryCombatOrientation.LAPL5.PuzzlemasterAbilities		VISIBLE:YES	!PREABILITY:1,CATEGORY=Legendary Ability,TYPE.LegendaryCombatOrientation	PRECLASS:1,Puzzlemaster=5	SAB:Combat Orientation (+5 to AC)																	SOURCEPAGE:p58

Inspiration I			CATEGORY:Legendary Ability	TYPE:SpecialQuality.LegendaryInspiration.LAPL1.PuzzlemasterAbilities			VISIBLE:YES	!PREABILITY:1,CATEGORY=Legendary Ability,TYPE.LegendaryInspiration		PRECLASS:1,Puzzlemaster=1	SAB:Inspiration (2 spell levels)																	SOURCEPAGE:p58
Inspiration II			CATEGORY:Legendary Ability	TYPE:SpecialQuality.LegendaryInspiration.LAPL2.PuzzlemasterAbilities			VISIBLE:YES	!PREABILITY:1,CATEGORY=Legendary Ability,TYPE.LegendaryInspiration		PRECLASS:1,Puzzlemaster=2	SAB:Inspiration (4 spell levels)																	SOURCEPAGE:p58
Inspiration III			CATEGORY:Legendary Ability	TYPE:SpecialQuality.LegendaryInspiration.LAPL3.PuzzlemasterAbilities			VISIBLE:YES	!PREABILITY:1,CATEGORY=Legendary Ability,TYPE.LegendaryInspiration		PRECLASS:1,Puzzlemaster=3	SAB:Inspiration (6 spell levels)																	SOURCEPAGE:p58
Inspiration IV			CATEGORY:Legendary Ability	TYPE:SpecialQuality.LegendaryInspiration.LAPL4.PuzzlemasterAbilities			VISIBLE:YES	!PREABILITY:1,CATEGORY=Legendary Ability,TYPE.LegendaryInspiration		PRECLASS:1,Puzzlemaster=4	SAB:Inspiration (8 spell levels)																	SOURCEPAGE:p58
Inspiration V			CATEGORY:Legendary Ability	TYPE:SpecialQuality.LegendaryInspiration.LAPL5.PuzzlemasterAbilities			VISIBLE:YES	!PREABILITY:1,CATEGORY=Legendary Ability,TYPE.LegendaryInspiration		PRECLASS:1,Puzzlemaster=5	SAB:Inspiration (10 spell levels)																	SOURCEPAGE:p58


###Block: Traveler legendary abilities
# Ability Name		Category of Ability		Type									Visible	Restricted Ability											Required Class		Special ABility				Source Page
Planar Familiar I		CATEGORY:Legendary Ability	TYPE:SpecialQuality.LegendaryPlanarFamiliar.LAPL1.TravelerAbilities	VISIBLE:YES	!PREABILITY:1,CATEGORY=Legendary Ability,TYPE.LegendaryPlanarFamiliar,TYPE.LAPL1	PRECLASS:1,Traveler=1	SAB:Planar Familiar (2HD)		SOURCEPAGE:p59
Planar Familiar II	CATEGORY:Legendary Ability	TYPE:SpecialQuality.LegendaryPlanarFamiliar.LAPL2.TravelerAbilities	VISIBLE:YES	!PREABILITY:1,CATEGORY=Legendary Ability,TYPE.LegendaryPlanarFamiliar,TYPE.LAPL2	PRECLASS:1,Traveler=2	SAB:Planar Familiar (4HD)		SOURCEPAGE:p59
Planar Familiar III	CATEGORY:Legendary Ability	TYPE:SpecialQuality.LegendaryPlanarFamiliar.LAPL3.TravelerAbilities	VISIBLE:YES	!PREABILITY:1,CATEGORY=Legendary Ability,TYPE.LegendaryPlanarFamiliar,TYPE.LAPL3	PRECLASS:1,Traveler=3	SAB:Planar Familiar (6HD)		SOURCEPAGE:p59
Planar Familiar IV	CATEGORY:Legendary Ability	TYPE:SpecialQuality.LegendaryPlanarFamiliar.LAPL4.TravelerAbilities	VISIBLE:YES	!PREABILITY:1,CATEGORY=Legendary Ability,TYPE.LegendaryPlanarFamiliar,TYPE.LAPL4	PRECLASS:1,Traveler=4	SAB:Planar Familiar (8HD)		SOURCEPAGE:p59
Planar Familiar V		CATEGORY:Legendary Ability	TYPE:SpecialQuality.LegendaryPlanarFamiliar.LAPL5.TravelerAbilities	VISIBLE:YES	!PREABILITY:1,CATEGORY=Legendary Ability,TYPE.LegendaryPlanarFamiliar,TYPE.LAPL5	PRECLASS:1,Traveler=5	SAB:Planar Familiar (10HD)		SOURCEPAGE:p59

Planar Rift I		CATEGORY:Legendary Ability	TYPE:SpecialQuality.SpellLike.LegendaryPlanarRift.LAPL1.TravelerAbilities	VISIBLE:YES	!PREABILITY:1,CATEGORY=Legendary Ability,TYPE.LegendaryPlanarRift,TYPE.LAPL1		PRECLASS:1,Traveler=1	SAB:Planar Rift (1/day)		SOURCEPAGE:p59
Planar Rift II		CATEGORY:Legendary Ability	TYPE:SpecialQuality.SpellLike.LegendaryPlanarRift.LAPL2.TravelerAbilities	VISIBLE:YES	!PREABILITY:1,CATEGORY=Legendary Ability,TYPE.LegendaryPlanarRift,TYPE.LAPL2		PRECLASS:1,Traveler=2	SAB:Planar Rift (2/day)		SOURCEPAGE:p59
Planar Rift III		CATEGORY:Legendary Ability	TYPE:SpecialQuality.SpellLike.LegendaryPlanarRift.LAPL3.TravelerAbilities	VISIBLE:YES	!PREABILITY:1,CATEGORY=Legendary Ability,TYPE.LegendaryPlanarRift,TYPE.LAPL3		PRECLASS:1,Traveler=3	SAB:Planar Rift (3/day)		SOURCEPAGE:p59
Planar Rift IV		CATEGORY:Legendary Ability	TYPE:SpecialQuality.SpellLike.LegendaryPlanarRift.LAPL4.TravelerAbilities	VISIBLE:YES	!PREABILITY:1,CATEGORY=Legendary Ability,TYPE.LegendaryPlanarRift,TYPE.LAPL4		PRECLASS:1,Traveler=4	SAB:Planar Rift (4/day)		SOURCEPAGE:p59
Planar Rift V		CATEGORY:Legendary Ability	TYPE:SpecialQuality.SpellLike.LegendaryPlanarRift.LAPL5.TravelerAbilities	VISIBLE:YES	!PREABILITY:1,CATEGORY=Legendary Ability,TYPE.LegendaryPlanarRift,TYPE.LAPL5		PRECLASS:1,Traveler=5	SAB:Planar Rift (5/day)		SOURCEPAGE:p59

Spacial Flux I		CATEGORY:Legendary Ability	TYPE:SpecialQuality.SpellLike.LegendarySpacialFlux.LAPL1.TravelerAbilities	VISIBLE:YES	!PREABILITY:1,CATEGORY=Legendary Ability,TYPE.LegendarySpacialFlux,TYPE.LAPL1		PRECLASS:1,Traveler=1	SAB:Spacial Flux (1/day)		SOURCEPAGE:p60
Spacial Flux II		CATEGORY:Legendary Ability	TYPE:SpecialQuality.SpellLike.LegendarySpacialFlux.LAPL2.TravelerAbilities	VISIBLE:YES	!PREABILITY:1,CATEGORY=Legendary Ability,TYPE.LegendarySpacialFlux,TYPE.LAPL2		PRECLASS:1,Traveler=2	SAB:Spacial Flux (2/day)		SOURCEPAGE:p60
Spacial Flux III		CATEGORY:Legendary Ability	TYPE:SpecialQuality.SpellLike.LegendarySpacialFlux.LAPL3.TravelerAbilities	VISIBLE:YES	!PREABILITY:1,CATEGORY=Legendary Ability,TYPE.LegendarySpacialFlux,TYPE.LAPL3		PRECLASS:1,Traveler=3	SAB:Spacial Flux (3/day)		SOURCEPAGE:p60
Spacial Flux IV		CATEGORY:Legendary Ability	TYPE:SpecialQuality.SpellLike.LegendarySpacialFlux.LAPL4.TravelerAbilities	VISIBLE:YES	!PREABILITY:1,CATEGORY=Legendary Ability,TYPE.LegendarySpacialFlux,TYPE.LAPL4		PRECLASS:1,Traveler=4	SAB:Spacial Flux (4/day)		SOURCEPAGE:p60
Spacial Flux V		CATEGORY:Legendary Ability	TYPE:SpecialQuality.SpellLike.LegendarySpacialFlux.LAPL5.TravelerAbilities	VISIBLE:YES	!PREABILITY:1,CATEGORY=Legendary Ability,TYPE.LegendarySpacialFlux,TYPE.LAPL5		PRECLASS:1,Traveler=5	SAB:Spacial Flux (5/day)		SOURCEPAGE:p60

Astral Doppelganger I	CATEGORY:Legendary Ability	TYPE:SpecialQuality.SpellLike.LegendaryAstralDoppel.LAPL1.TravelerAbilities	VISIBLE:YES	!PREABILITY:1,CATEGORY=Legendary Ability,TYPE.LegendaryAstralDoppel,TYPE.LAPL1	PRECLASS:1,Traveler=1	SAB:Astral Doppelganger (1/day)	SOURCEPAGE:p60
Astral Doppelganger II	CATEGORY:Legendary Ability	TYPE:SpecialQuality.SpellLike.LegendaryAstralDoppel.LAPL2.TravelerAbilities	VISIBLE:YES	!PREABILITY:1,CATEGORY=Legendary Ability,TYPE.LegendaryAstralDoppel,TYPE.LAPL2	PRECLASS:1,Traveler=2	SAB:Astral Doppelganger (2/day)	SOURCEPAGE:p60
Astral Doppelganger III	CATEGORY:Legendary Ability	TYPE:SpecialQuality.SpellLike.LegendaryAstralDoppel.LAPL3.TravelerAbilities	VISIBLE:YES	!PREABILITY:1,CATEGORY=Legendary Ability,TYPE.LegendaryAstralDoppel,TYPE.LAPL3	PRECLASS:1,Traveler=3	SAB:Astral Doppelganger (3/day)	SOURCEPAGE:p60
Astral Doppelganger IV	CATEGORY:Legendary Ability	TYPE:SpecialQuality.SpellLike.LegendaryAstralDoppel.LAPL4.TravelerAbilities	VISIBLE:YES	!PREABILITY:1,CATEGORY=Legendary Ability,TYPE.LegendaryAstralDoppel,TYPE.LAPL4	PRECLASS:1,Traveler=4	SAB:Astral Doppelganger (4/day)	SOURCEPAGE:p60
Astral Doppelganger V	CATEGORY:Legendary Ability	TYPE:SpecialQuality.SpellLike.LegendaryAstralDoppel.LAPL5.TravelerAbilities	VISIBLE:YES	!PREABILITY:1,CATEGORY=Legendary Ability,TYPE.LegendaryAstralDoppel,TYPE.LAPL5	PRECLASS:1,Traveler=5	SAB:Astral Doppelganger (5/day)	SOURCEPAGE:p60

Planar Wrenching I	CATEGORY:Legendary Ability	TYPE:SpecialQuality.Supernatural.LegendaryPlanarWrenching.LAPL1.TravelerAbilities	VISIBLE:YES	!PREABILITY:1,CATEGORY=Legendary Ability,TYPE.LegendaryPlanarWrenching,TYPE.LAPL1	PRECLASS:1,Traveler=1	SAB:Planar Wrenching (1/day)		SOURCEPAGE:p60
Planar Wrenching II	CATEGORY:Legendary Ability	TYPE:SpecialQuality.Supernatural.LegendaryPlanarWrenching.LAPL2.TravelerAbilities	VISIBLE:YES	!PREABILITY:1,CATEGORY=Legendary Ability,TYPE.LegendaryPlanarWrenching,TYPE.LAPL2	PRECLASS:1,Traveler=2	SAB:Planar Wrenching (2/day)		SOURCEPAGE:p60
Planar Wrenching III	CATEGORY:Legendary Ability	TYPE:SpecialQuality.Supernatural.LegendaryPlanarWrenching.LAPL3.TravelerAbilities	VISIBLE:YES	!PREABILITY:1,CATEGORY=Legendary Ability,TYPE.LegendaryPlanarWrenching,TYPE.LAPL3	PRECLASS:1,Traveler=3	SAB:Planar Wrenching (3/day)		SOURCEPAGE:p60
Planar Wrenching IV	CATEGORY:Legendary Ability	TYPE:SpecialQuality.Supernatural.LegendaryPlanarWrenching.LAPL4.TravelerAbilities	VISIBLE:YES	!PREABILITY:1,CATEGORY=Legendary Ability,TYPE.LegendaryPlanarWrenching,TYPE.LAPL4	PRECLASS:1,Traveler=4	SAB:Planar Wrenching (4/day)		SOURCEPAGE:p60
Planar Wrenching V	CATEGORY:Legendary Ability	TYPE:SpecialQuality.Supernatural.LegendaryPlanarWrenching.LAPL5.TravelerAbilities	VISIBLE:YES	!PREABILITY:1,CATEGORY=Legendary Ability,TYPE.LegendaryPlanarWrenching,TYPE.LAPL5	PRECLASS:1,Traveler=5	SAB:Planar Wrenching (5/day)		SOURCEPAGE:p60


###Block: Wizard King legendary abilities
# Ability Name				Category of Ability		Type							Visible	Restricted Ability										Required Class			Special ABility				Add 						Bonus to DC					Bonus to skill									Source Page
Increased Spell Power I			CATEGORY:Legendary Ability	TYPE:SpecialQuality.LegendaryIncSpellPower.LAPL1.WizardKingAbilities			VISIBLE:YES	!PREABILITY:1,CATEGORY=Legendary Ability,TYPE.LegendaryIncSpellPower		PRECLASS:1,Wizard King=1	SAB:Increased Spell Power		MULT:YES	SELECT:1		CHOOSE:ABILITY|Legendary Ability|TYPE=IncSpellPowerSchool																		SOURCEPAGE:p62
Increased Spell Power II		CATEGORY:Legendary Ability	TYPE:SpecialQuality.LegendaryIncSpellPower.LAPL2.WizardKingAbilities			VISIBLE:YES	!PREABILITY:1,CATEGORY=Legendary Ability,TYPE.LegendaryIncSpellPower		PRECLASS:1,Wizard King=2	SAB:Increased Spell Power		MULT:YES	SELECT:2		CHOOSE:ABILITY|Legendary Ability|TYPE=IncSpellPowerSchool																		SOURCEPAGE:p62
Increased Spell Power III		CATEGORY:Legendary Ability	TYPE:SpecialQuality.LegendaryIncSpellPower.LAPL3.WizardKingAbilities			VISIBLE:YES	!PREABILITY:1,CATEGORY=Legendary Ability,TYPE.LegendaryIncSpellPower		PRECLASS:1,Wizard King=3	SAB:Increased Spell Power		MULT:YES	SELECT:3		CHOOSE:ABILITY|Legendary Ability|TYPE=IncSpellPowerSchool																		SOURCEPAGE:p62
Increased Spell Power IV		CATEGORY:Legendary Ability	TYPE:SpecialQuality.LegendaryIncSpellPower.LAPL4.WizardKingAbilities			VISIBLE:YES	!PREABILITY:1,CATEGORY=Legendary Ability,TYPE.LegendaryIncSpellPower		PRECLASS:1,Wizard King=4	SAB:Increased Spell Power		MULT:YES	SELECT:4		CHOOSE:ABILITY|Legendary Ability|TYPE=IncSpellPowerSchool																		SOURCEPAGE:p62
Increased Spell Power V			CATEGORY:Legendary Ability	TYPE:SpecialQuality.LegendaryIncSpellPower.LAPL5.WizardKingAbilities			VISIBLE:YES	!PREABILITY:1,CATEGORY=Legendary Ability,TYPE.LegendaryIncSpellPower		PRECLASS:1,Wizard King=5	SAB:Increased Spell Power		MULT:YES	SELECT:5		CHOOSE:ABILITY|Legendary Ability|TYPE=IncSpellPowerSchool																		SOURCEPAGE:p62

Mastered Spells I				CATEGORY:Legendary Ability	TYPE:SpecialQuality.Extraordinary.LegendaryMasteredSpells.LAPL1.WizardKingAbilities			VISIBLE:YES	!PREABILITY:1,CATEGORY=Legendary Ability,TYPE.LegendaryMasteredSpells		PRECLASS:1,Wizard King=1	SAB:Mastered Spells (1)																										SOURCEPAGE:p62
Mastered Spells II			CATEGORY:Legendary Ability	TYPE:SpecialQuality.Extraordinary.LegendaryMasteredSpells.LAPL2.WizardKingAbilities			VISIBLE:YES	!PREABILITY:1,CATEGORY=Legendary Ability,TYPE.LegendaryMasteredSpells		PRECLASS:1,Wizard King=2	SAB:Mastered Spells (2)																										SOURCEPAGE:p62
Mastered Spells III			CATEGORY:Legendary Ability	TYPE:SpecialQuality.Extraordinary.LegendaryMasteredSpells.LAPL3.WizardKingAbilities			VISIBLE:YES	!PREABILITY:1,CATEGORY=Legendary Ability,TYPE.LegendaryMasteredSpells		PRECLASS:1,Wizard King=3	SAB:Mastered Spells (3)																										SOURCEPAGE:p62
Mastered Spells IV			CATEGORY:Legendary Ability	TYPE:SpecialQuality.Extraordinary.LegendaryMasteredSpells.LAPL4.WizardKingAbilities			VISIBLE:YES	!PREABILITY:1,CATEGORY=Legendary Ability,TYPE.LegendaryMasteredSpells		PRECLASS:1,Wizard King=4	SAB:Mastered Spells (4)																										SOURCEPAGE:p62
Mastered Spells V				CATEGORY:Legendary Ability	TYPE:SpecialQuality.Extraordinary.LegendaryMasteredSpells.LAPL5.WizardKingAbilities			VISIBLE:YES	!PREABILITY:1,CATEGORY=Legendary Ability,TYPE.LegendaryMasteredSpells		PRECLASS:1,Wizard King=5	SAB:Mastered Spells (5)																										SOURCEPAGE:p62
# Can't really see a way to do more here. Gimme, gimme, gimme, Chooser for spells....and then add to a separate spell list...

Unearthly Penetration I			CATEGORY:Legendary Ability	TYPE:SpecialQuality.LegendaryUnearthlyPenetration.LAPL1.WizardKingAbilities		VISIBLE:YES	!PREABILITY:1,CATEGORY=Legendary Ability,TYPE.LegendaryUnearthlyPenetration	PRECLASS:1,Wizard King=1	SAB:Unearthly Penetration +1																									SOURCEPAGE:p62
Unearthly Penetration II		CATEGORY:Legendary Ability	TYPE:SpecialQuality.LegendaryUnearthlyPenetration.LAPL2.WizardKingAbilities		VISIBLE:YES	!PREABILITY:1,CATEGORY=Legendary Ability,TYPE.LegendaryUnearthlyPenetration	PRECLASS:1,Wizard King=2	SAB:Unearthly Penetration +2																									SOURCEPAGE:p62
Unearthly Penetration III		CATEGORY:Legendary Ability	TYPE:SpecialQuality.LegendaryUnearthlyPenetration.LAPL3.WizardKingAbilities		VISIBLE:YES	!PREABILITY:1,CATEGORY=Legendary Ability,TYPE.LegendaryUnearthlyPenetration	PRECLASS:1,Wizard King=3	SAB:Unearthly Penetration +3																									SOURCEPAGE:p62
Unearthly Penetration IV		CATEGORY:Legendary Ability	TYPE:SpecialQuality.LegendaryUnearthlyPenetration.LAPL4.WizardKingAbilities		VISIBLE:YES	!PREABILITY:1,CATEGORY=Legendary Ability,TYPE.LegendaryUnearthlyPenetration	PRECLASS:1,Wizard King=4	SAB:Unearthly Penetration +4																									SOURCEPAGE:p62
Unearthly Penetration V			CATEGORY:Legendary Ability	TYPE:SpecialQuality.LegendaryUnearthlyPenetration.LAPL5.WizardKingAbilities		VISIBLE:YES	!PREABILITY:1,CATEGORY=Legendary Ability,TYPE.LegendaryUnearthlyPenetration	PRECLASS:1,Wizard King=5	SAB:Unearthly Penetration +5																									SOURCEPAGE:p62

Arcane Resistance I			CATEGORY:Legendary Ability	TYPE:SpecialQuality.LegendaryArcaneResistance.LAPL1.WizardKingAbilities		VISIBLE:YES	!PREABILITY:1,CATEGORY=Legendary Ability,TYPE.LegendaryArcaneResistance		PRECLASS:1,Wizard King=1	SAB:Arcane Resistance +1																									SOURCEPAGE:p62
Arcane Resistance II			CATEGORY:Legendary Ability	TYPE:SpecialQuality.LegendaryArcaneResistance.LAPL2.WizardKingAbilities		VISIBLE:YES	!PREABILITY:1,CATEGORY=Legendary Ability,TYPE.LegendaryArcaneResistance		PRECLASS:1,Wizard King=2	SAB:Arcane Resistance +2																									SOURCEPAGE:p62
Arcane Resistance III			CATEGORY:Legendary Ability	TYPE:SpecialQuality.LegendaryArcaneResistance.LAPL3.WizardKingAbilities		VISIBLE:YES	!PREABILITY:1,CATEGORY=Legendary Ability,TYPE.LegendaryArcaneResistance		PRECLASS:1,Wizard King=3	SAB:Arcane Resistance +3																									SOURCEPAGE:p62
Arcane Resistance IV			CATEGORY:Legendary Ability	TYPE:SpecialQuality.LegendaryArcaneResistance.LAPL4.WizardKingAbilities		VISIBLE:YES	!PREABILITY:1,CATEGORY=Legendary Ability,TYPE.LegendaryArcaneResistance		PRECLASS:1,Wizard King=4	SAB:Arcane Resistance +4																									SOURCEPAGE:p62
Arcane Resistance V			CATEGORY:Legendary Ability	TYPE:SpecialQuality.LegendaryArcaneResistance.LAPL5.WizardKingAbilities		VISIBLE:YES	!PREABILITY:1,CATEGORY=Legendary Ability,TYPE.LegendaryArcaneResistance		PRECLASS:1,Wizard King=5	SAB:Arcane Resistance +5																									SOURCEPAGE:p62

Master of the Mundane Arts I		CATEGORY:Legendary Ability	TYPE:SpecialQuality.Extraordinary.LegendaryMundaneArts.LAPL1.WizardKingAbilities			VISIBLE:YES	!PREABILITY:1,CATEGORY=Legendary Ability,TYPE.LegendaryMundaneArts		PRECLASS:1,Wizard King=1	SAB:Master of the Mundane Arts													BONUS:SKILL|Craft (Alchemy),Knowledge (Arcana),Spellcraft|5		SOURCEPAGE:p62
Master of the Mundane Arts II		CATEGORY:Legendary Ability	TYPE:SpecialQuality.Extraordinary.LegendaryMundaneArts.LAPL2.WizardKingAbilities			VISIBLE:YES	!PREABILITY:1,CATEGORY=Legendary Ability,TYPE.LegendaryMundaneArts		PRECLASS:1,Wizard King=2	SAB:Master of the Mundane Arts													BONUS:SKILL|Craft (Alchemy),Knowledge (Arcana),Spellcraft|10	SOURCEPAGE:p62
Master of the Mundane Arts III	CATEGORY:Legendary Ability	TYPE:SpecialQuality.Extraordinary.LegendaryMundaneArts.LAPL3.WizardKingAbilities			VISIBLE:YES	!PREABILITY:1,CATEGORY=Legendary Ability,TYPE.LegendaryMundaneArts		PRECLASS:1,Wizard King=3	SAB:Master of the Mundane Arts													BONUS:SKILL|Craft (Alchemy),Knowledge (Arcana),Spellcraft|15	SOURCEPAGE:p62
Master of the Mundane Arts IV		CATEGORY:Legendary Ability	TYPE:SpecialQuality.Extraordinary.LegendaryMundaneArts.LAPL4.WizardKingAbilities			VISIBLE:YES	!PREABILITY:1,CATEGORY=Legendary Ability,TYPE.LegendaryMundaneArts		PRECLASS:1,Wizard King=4	SAB:Master of the Mundane Arts													BONUS:SKILL|Craft (Alchemy),Knowledge (Arcana),Spellcraft|20	SOURCEPAGE:p62
Master of the Mundane Arts V		CATEGORY:Legendary Ability	TYPE:SpecialQuality.Extraordinary.LegendaryMundaneArts.LAPL5.WizardKingAbilities			VISIBLE:YES	!PREABILITY:1,CATEGORY=Legendary Ability,TYPE.LegendaryMundaneArts		PRECLASS:1,Wizard King=5	SAB:Master of the Mundane Arts													BONUS:SKILL|Craft (Alchemy),Knowledge (Arcana),Spellcraft|25	SOURCEPAGE:p62

Increase Abjuration Spell Power	CATEGORY:Legendary Ability	TYPE:IncSpellPowerSchool			VISIBLE:YES														PRECLASS:1,Wizard King=1													BONUS:DC|SCHOOL.Abjuration|2													SOURCEPAGE:p62
Increase Conjuration Spell Power	CATEGORY:Legendary Ability	TYPE:IncSpellPowerSchool			VISIBLE:YES														PRECLASS:1,Wizard King=1													BONUS:DC|SCHOOL.Conjuration|2													SOURCEPAGE:p62
Increase Divination Spell Power	CATEGORY:Legendary Ability	TYPE:IncSpellPowerSchool			VISIBLE:YES														PRECLASS:1,Wizard King=1													BONUS:DC|SCHOOL.Divination|2													SOURCEPAGE:p62
Increase Enchantment Spell Power	CATEGORY:Legendary Ability	TYPE:IncSpellPowerSchool			VISIBLE:YES														PRECLASS:1,Wizard King=1													BONUS:DC|SCHOOL.Enchantment|2													SOURCEPAGE:p62
Increase Evocation Spell Power	CATEGORY:Legendary Ability	TYPE:IncSpellPowerSchool			VISIBLE:YES														PRECLASS:1,Wizard King=1													BONUS:DC|SCHOOL.Evocation|2													SOURCEPAGE:p62
Increase Illusion Spell Power		CATEGORY:Legendary Ability	TYPE:IncSpellPowerSchool			VISIBLE:YES														PRECLASS:1,Wizard King=1													BONUS:DC|SCHOOL.Illusion|2													SOURCEPAGE:p62
Increase Necromancy Spell Power	CATEGORY:Legendary Ability	TYPE:IncSpellPowerSchool			VISIBLE:YES														PRECLASS:1,Wizard King=1													BONUS:DC|SCHOOL.Necromancy|2													SOURCEPAGE:p62
Increase Transmutation Spell Power	CATEGORY:Legendary Ability	TYPE:IncSpellPowerSchool			VISIBLE:YES														PRECLASS:1,Wizard King=1													BONUS:DC|SCHOOL.Transmutation|2												SOURCEPAGE:p62

