# CVS $Revision: $ $Author: $ -- Fri May  8 13:30:11 2009 -- reformated by prettylst.pl v1.39 (build 8180)
SOURCELONG:Fantasy Flight Games - Dragonstar - Guide to Galaxy	SOURCESHORT:GuideGalaxy	SOURCEWEB:http://www.fantasyflightgames.com/dragonstar.html

#Magic armor
# Equipment Name				Output Name					Required Proficiency				Type														Cost		Weight	Slot Needed	AC Penalty Check	Critical Hit Multiplier	Critical Hit Range	Damage		Maximum DEX Bonus	Range		Size		Move		Source Page		% of Spell Failure	Innate Spells						Combat bonus					Bonus to skill						Weapon prop. bonus					Special Property																													Rate of Fire
Ace Pilot's Flight suit									PROFICIENCY:ARMOR|Ace Pilot's Flight suit	TYPE:Armor.HighTechLight.Suit.Standard.Nonmetal							COST:11200	WT:6				ACCHECK:0													MAXDEX:8						MOVE:30,20	SOURCEPAGE:p.77	SPELLFAILURE:0		SPELLS:Innate|TIMES=1|CASTERLEVEL=5|Featherfall	BONUS:COMBAT|AC|6|TYPE=Armor.REPLACE	BONUS:SKILL|Pilot|10|TYPE=Circumstance.REPLACE									SPROP:Featherfall once per day as spell cast by 5th level caster
Airborne Combat armor									PROFICIENCY:ARMOR|Airborne Combat armor	TYPE:Armor.HighTechLight.Suit.Standard.Nonmetal							COST:24900	WT:25				ACCHECK:-1													MAXDEX:6						MOVE:30,20	SOURCEPAGE:p.77	SPELLFAILURE:10		SPELLS:Innate|TIMES=1|CASTERLEVEL=5|Fly		BONUS:COMBAT|AC|11|TYPE=Armor.REPLACE																	SPROP:Fly  once per day as spell cast by 5th level caster
Arcanist's Vest										PROFICIENCY:ARMOR|Arcanist's Vest		TYPE:Armor.HighTechLight.Suit.Standard.Nonmetal							COST:4225	WT:8				ACCHECK:0													MAXDEX:5						MOVE:30,20	SOURCEPAGE:p.77	SPELLFAILURE:0										BONUS:COMBAT|AC|6|TYPE=Armor.REPLACE
Dragon Powered Armor									PROFICIENCY:ARMOR|Dragon Powered Armor	TYPE:Armor.HighTechPowered.Suit.Standard.Nonmetal.Weapon.Melee.Slashing.Natural	COST:35650	WT:250			ACCHECK:0		CRITMULT:x2			CRITRANGE:3			DAMAGE:1d10+4	MAXDEX:1						MOVE:40,40	SOURCEPAGE:p.77	SPELLFAILURE:40										BONUS:COMBAT|AC|18|TYPE=Armor.REPLACE																	SPROP:The armor gives the wearer claw attacks that strike as a +1 weapon and effect the target as if struck by a slow spell (DC14 will to negate)
Elven Battle suit										PROFICIENCY:ARMOR|Elven Battle suit		TYPE:Armor.HighTechLight.Suit.Standard.Nonmetal.						COST:4500	WT:8				ACCHECK:0													MAXDEX:8						MOVE:30,20	SOURCEPAGE:p.77	SPELLFAILURE:5										BONUS:COMBAT|AC|7|TYPE=Armor.REPLACE
#Magic weapons
# Equipment Name				Output Name					Required Proficiency				Type														Cost		Weight	Slot Needed	AC Penalty Check	Critical Hit Multiplier	Critical Hit Range	Damage		Maximum DEX Bonus	Range		Size		Move		Source Page		% of Spell Failure	Innate Spells						Combat bonus					Bonus to skill						Weapon prop. bonus					Special Property																													Rate of Fire
Antimatter Cannon																	TYPE:Weapon.HighTechMartial.Ranged.Firearm.Fire							COST:27800	WT:14							CRITMULT:x2			CRITRANGE:1			DAMAGE:5d10					RANGE:300	SIZE:L			SOURCEPAGE:p.79																												BONUS:WEAPON|DAMAGE,TOHIT|2|TYPE=Enhancement	SPROP:Armor & enhancemet bonus do not apply to target AC, nor does object hardness apply. Indeed, the attack gains bonus damage = to the armor bonus and does double damage to objects	RATEOFFIRE:Single Pulse/Attack
Assassin's Rifle																	TYPE:Weapon.HighTechMartial.Ranged.Firearm.Piercing						COST:37100	WT:12							CRITMULT:x3			CRITRANGE:1			DAMAGE:1d12					RANGE:300	SIZE:L			SOURCEPAGE:p.98																												BONUS:WEAPON|DAMAGE,TOHIT|3|TYPE=Enhancement	SPROP:1 per day per 5 level, the wielder can make a sneak/death attack at a distance up to the 1st range increment,adjusted for any modifiers								RATEOFFIRE:Single Pulse/Attack
Negative Energy Rifle																TYPE:Weapon.HighTechSimple.Ranged.Firearm.Acid							COST:17300	WT:10							CRITMULT:x2			CRITRANGE:1			DAMAGE:4d10					RANGE:200	SIZE:L			SOURCEPAGE:p.98																												BONUS:WEAPON|DAMAGE,TOHIT|2|TYPE=Enhancement	SPROP:On a crit this weapon bestows a negative level																							RATEOFFIRE:Single Pulse/Attack
Laser Rifle																		TYPE:Weapon.HighTechSimple.Ranged.Firearm.Fire							COST:19100	WT:8							CRITMULT:x2			CRITRANGE:1			DAMAGE:3d10					RANGE:200	SIZE:L			SOURCEPAGE:p.98																												BONUS:WEAPON|DAMAGE,TOHIT|1|TYPE=Enhancement	SPROP:In space the +1 increases to +3 enhancement. Does 1d6 additional against creature with a space subtype.													RATEOFFIRE:Single Pulse/Attack
#SpellWarheads

#Potions
# Equipment Name				Output Name					Required Proficiency				Type														Cost		Weight	Slot Needed	AC Penalty Check	Critical Hit Multiplier	Critical Hit Range	Damage		Maximum DEX Bonus	Range		Size		Move		Source Page		% of Spell Failure	Innate Spells						Combat bonus					Bonus to skill						Weapon prop. bonus					Special Property																													Rate of Fire
Potion(Oil of Repair Light Damage)	OUTPUTNAME:[NAME]											TYPE:Magic.Potion												COST:1500	WT:0																											SOURCEPAGE:81
Potion(Signature Mask)			OUTPUTNAME:[NAME]											TYPE:Magic.Potion												COST:1500	WT:0																											SOURCEPAGE:81

#Rings
# Equipment Name								Type																Cost		Weight	AC Penalty Check	Maximum DEX Bonus	Move		Source Page		% of Spell Failure	Combat bonus					Bonus to skill

Ring (Freefall)				OUTPUTNAME:Ring of [NAME]									TYPE:Magic.Ring												COST:2000	WT:0																											SOURCEPAGE:81																				BONUS:SKILL|Pilot|10|TYPE=Circumstance.REPLACE
Ring (Vacum Protection)			OUTPUTNAME:Ring of [NAME]									TYPE:Magic.Ring												COST:14000	WT:0																											SOURCEPAGE:81

#Rod,Staff, and Wands
# Equipment Name				Output Name					Required Proficiency				Type														Cost		Weight	Slot Needed	AC Penalty Check	Critical Hit Multiplier	Critical Hit Range	Damage		Maximum DEX Bonus	Range		Size		Move		Source Page		% of Spell Failure	Innate Spells						Combat bonus					Bonus to skill						Weapon prop. bonus					Special Property																													Rate of Fire
Rod (Electromagnetism)			OUTPUTNAME:Rod of [NAME]									TYPE:Magic.Rod												COST:18000	WT:0																											SOURCEPAGE:81-82
Staff (Technomancer)			OUTPUTNAME:Staff of the [NAME]								TYPE:Magic.Staff												COST:75000	WT:0																											SOURCEPAGE:82
Staff (Repair)				OUTPUTNAME:Staff of [NAME]									TYPE:Magic.Staff												COST:164250	WT:0																											SOURCEPAGE:82

#Wonderous Items
# Equipment Name				Output Name					Required Proficiency				Type														Cost		Weight	Slot Needed	AC Penalty Check	Critical Hit Multiplier	Critical Hit Range	Damage		Maximum DEX Bonus	Range		Size		Move		Source Page		% of Spell Failure	Innate Spells						Combat bonus					Bonus to skill						Weapon prop. bonus					Special Property																													Rate of Fire
Ansible																		TYPE:Magic.Wondrous.Communications									COST:56000	WT:1																											SOURCEPAGE:p.83
Boots (Grav)				OUTPUTNAME:Boots, Grav										TYPE:Magic.Wondrous.Boot										COST:12000	WT:1		SLOTS:2																								SOURCEPAGE:p.83
Scope of Sure Aim																	TYPE:Magic.Wondrous.Accessory										COST:35000	WT:0																											SOURCEPAGE:p.83

#Vehhicle Enhancements
# Equipment Name							Output Name						Required Proficiency	Type												Contains							Cost		Weight	SLOTS		Critical Hit Multiplier	Critical Hit Range	Damage	Size		Source Page									Virtual Feat					Vision												Spell Res.	Spell											Save checks bonus								Combat bonus				Bonus to nb of slots	Bonus to skill																																								Stat bonus					Attack roll bonus				Modify VAR													Weapon prop. bonus																Weapon prof. bonus																																																																																																																			Automatic Languages	Special Property

