# CVS $Revision: $ $Author: $ -- Fri May  8 13:30:11 2009 -- reformated by prettylst.pl v1.39 (build 8180)
SOURCELONG:Alderac Entertainment Group - Magic	SOURCESHORT:Magic	SOURCEWEB:http://alderac.com/d20


##Block: Magesmith
# Class Name	Hit Dice	Type			Abbreviation	Source Page		Save checks bonus												Combat bonus
CLASS:Magesmith	HD:8		TYPE:Base.PC	ABB:Mgs		SOURCEPAGE:pg. 44	BONUS:CHECKS|BASE.Fortitude,BASE.Willpower|CL/2+2	BONUS:CHECKS|BASE.Reflex|CL/3	BONUS:COMBAT|BAB|CL/2|TYPE=Base.REPLACE
# Class Name	Skill Pts/Lvl	Class Skill
CLASS:Magesmith	STARTSKILLPTS:2	CSKILL:Appraise|Concentration|TYPE=Craft|Knowledge (Arcana)|Knowledge (Metallurgy)|Spellcraft
# Class Name	Spell Stat		Spell Type		Memorize	Automatically Known Spell Levels	Caster level				Use Spell List
CLASS:Magesmith	SPELLSTAT:CON	SPELLTYPE:Arcane	MEMORIZE:NO	KNOWNSPELLS:Trademark			BONUS:CASTERLEVEL|Magesmith|CL	SPELLLIST:2|Magesmith|Sorcerer
1																						ABILITY:Special Ability|AUTOMATIC|All Automatic Proficiencies	ABILITY:FEAT|AUTOMATIC|Simple Weapon Proficiency
1																																	ABILITY:FEAT|AUTOMATIC|Armor Proficiency (Light)|Armor Proficiency (Medium)|Armor Proficiency (Heavy)
1											DEFINE:MagesmithLVL|0	BONUS:VAR|MagesmithLVL|CL														ABILITY:FEAT|AUTOMATIC|Shield Proficiency
1	CAST:4,2				KNOWN:3,1					ABILITY:Special Ability|AUTOMATIC|Apprentice|PRELEVEL:MAX=7		ABILITY:Special Ability|AUTOMATIC|Hearth Flame|Trademark	BONUS:VAR|TrademarkBonus|MagesmithLVL/2		BONUS:VAR|ApprenticeStipend|5*MagesmithLVL	BONUS:VAR|HearthFlameBonus|MagesmithLVL
2	CAST:5,3				KNOWN:4,2				BONUS:VAR|CraftReserve|20	ABILITY:Special Ability|AUTOMATIC|Craft Lesser Magic Arms and Armor|Craft Reserve
3	CAST:5,4				KNOWN:4,2,1				BONUS:VAR|CraftReserve|20
4	CAST:5,5,3				KNOWN:4,3,2				BONUS:VAR|CraftReserve|20
5	CAST:5,5,4				KNOWN:4,3,2,1				BONUS:VAR|CraftReserve|20																						ABILITY:FEAT|AUTOMATIC|Craft Magic Arms and Armor
6	CAST:5,5,5,3			KNOWN:4,3,3,2			ABILITY:Special Ability|AUTOMATIC|Unnatural Forge	BONUS:VAR|CraftReserve|50
7	CAST:5,5,5,4			KNOWN:4,4,3,2,1			ABILITY:Special Ability|AUTOMATIC|Journeyman|PRELEVEL:MAX=13	BONUS:VAR|CraftReserve|50
8	CAST:5,5,5,5,3			KNOWN:4,4,3,3,2			BONUS:VAR|CraftReserve|50
9	CAST:5,5,5,5,4			KNOWN:4,4,4,3,2,1			BONUS:VAR|CraftReserve|50
10	CAST:5,5,5,5,5,3			KNOWN:4,4,4,3,3,2			BONUS:VAR|CraftReserve|100
11	CAST:5,5,5,5,5,4			KNOWN:4,4,4,4,3,2,1	BONUS:VAR|CraftReserve|100
12	CAST:5,5,5,5,5,5,3		KNOWN:4,4,4,4,3,3,2	BONUS:VAR|CraftReserve|200
13	CAST:5,5,5,5,5,5,4		KNOWN:4,4,4,4,4,3,2,1		ABILITY:Special Ability|AUTOMATIC|Master|PRELEVEL:MAX=19	BONUS:VAR|CraftReserve|200	BONUS:VAR|TrademarkBonus|MagesmithLVL/2
14	CAST:5,5,5,5,5,5,5,3		KNOWN:4,4,4,4,4,3,3,2			BONUS:VAR|CraftReserve|300
15	CAST:5,5,5,5,5,5,5,4		KNOWN:4,4,4,4,4,4,3,2,1			BONUS:VAR|CraftReserve|300
16	CAST:5,5,5,5,5,5,5,5,3		KNOWN:4,4,4,4,4,4,3,3,2			BONUS:VAR|CraftReserve|500
17	CAST:5,5,5,5,5,5,5,5,4		KNOWN:4,4,4,4,4,4,4,3,2,1	BONUS:VAR|CraftReserve|500
18	CAST:5,5,5,5,5,5,5,5,5,3	KNOWN:4,4,4,4,4,4,4,3,3,2	BONUS:VAR|CraftReserve|500
19	CAST:5,5,5,5,5,5,5,5,5,4	KNOWN:4,4,4,4,4,4,4,4,3,3	ABILITY:Special Ability|AUTOMATIC|Grand Master		BONUS:VAR|CraftReserve|1000	BONUS:VAR|TrademarkBonus|MagesmithLVL/2		BONUS:VAR|GrandMasterAids|8
20	CAST:5,5,5,5,5,5,5,5,5,5	KNOWN:4,4,4,4,4,4,4,4,4,4	BONUS:VAR|CraftReserve|1000


##Block: Arcane Monk
##Arcane Monk with 3.5 Monk updates plus my own tweaks. -- Rax
# Class Name	Hit Dice	Type			Abbreviation	Source Page		Define			Save checks bonus											Combat bonus
CLASS:Arcane Monk	HD:8		TYPE:Base.PC	ABB:Arm		SOURCEPAGE:pg. 53	DEFINE:FlurryOfBlows|1	BONUS:CHECKS|BASE.Fortitude|CL/3	BONUS:CHECKS|BASE.Reflex,BASE.Will|CL/2+2	BONUS:COMBAT|BAB|CL*3/4|TYPE=Base.REPLACE
# Class Name	Required AL
CLASS:Arcane Monk	PREALIGN:LG,LN,LE
# Class Name	Skill Pts/Lvl	Class Skill
CLASS:Arcane Monk	STARTSKILLPTS:4	CSKILL:Balance|Climb|Concentration|TYPE=Craft|Escape Artist|Jump|Knowledge (Arcana)|Listen|TYPE=Profession|Spellcraft|Swim|Tumble
# Class Name	Spell Stat		Spell Type		Memorize	Caster level
CLASS:Arcane Monk	SPELLSTAT:STR	SPELLTYPE:Arcane	MEMORIZE:NO	BONUS:CASTERLEVEL|Arcane Monk|CL
###Block:Proficiencies
1	ABILITY:Special Ability|AUTOMATIC|Weapon and Armor Proficiency ~ Monk|!PREABILITY:1,CATEGORY=ACF,TYPE.MonkProficiencies
###Block: Monk AC, Monk Movement, Flurry of Blows
1	BONUS:VAR|MonkACLVL|CL											ABILITY:Special Ability|AUTOMATIC|Monk AC
1	BONUS:VAR|MonkLVL|CL		DEFINE:MonkLVL|0			ABILITY:Class Ability|AUTOMATIC|Flurry of Blows|!PREABILITY:1,CATEGORY=ACF,TYPE.MonkFlurryOfBlows
11	ABILITY:Class Ability|VIRTUAL|Greater Flurry of Blows|PREVARGTEQ:GreaterFlurry,1|!PREABILITY:1,CATEGORY=ACF,TYPE.MonkGreaterFlurryOfBlows
4	BONUS:VAR|KiStrikeLVL|CL										ABILITY:Special Ability|AUTOMATIC|Ki Strike	ABILITY:Internal|AUTOMATIC|Monk Ki Strike Advancement

1	BONUS:VAR|FlurryLVL,StunningFistMonkLVL|MonkLVL				KIT:1|Monk Flurry of Blows
1	BONUS:VAR|MonkBonusFeatLVL|CL								DEFINE:MonkBonusFeatLVL|0
1	BONUS:VAR|MonkFeatCount|1
2	BONUS:VAR|MonkFeatCount|1
6	BONUS:VAR|MonkFeatCount|1
2	BONUS:VAR|EvasionUsable,ImprovedEvasionUsable|1|TYPE=Prerequisite|PREEQUIP:1,TYPE=Medium,TYPE=Heavy
4	BONUS:VAR|SlowFallLVL|CL

###Block: Level progression
1	UDAM:1d1,1d2,1d3,1d4,1d6,1d8,2d6,3d6,4d6		UMULT:2			BONUS:ABILITYPOOL|Monk Feat|MonkFeatCount	DEFINE:MonkFeatCount|0											ABILITY:Class Ability|AUTOMATIC|Evasion|!PREABILITY:1,CATEGORY=ACF,TYPE.MonkEvasion					AUTO:FEAT|Improved Unarmed Strike|!PREABILITY:1,CATEGORY=ACF,TYPE.MonkImprovedUnarmedStrike
2	UDAM:1d1,1d2,1d3,1d4,1d6,1d8,2d6,3d6,4d6
3	UDAM:1d1,1d2,1d3,1d4,1d6,1d8,2d6,3d6,4d6																																		ABILITY:Class Ability|AUTOMATIC|Still Mind|!PREABILITY:1,CATEGORY=ACF,TYPE.MonkStillMind
4	UDAM:1d2,1d3,1d4,1d6,1d8,2d6,3d6,4d6,6d6															ABILITY:Class Ability|AUTOMATIC|Slow Fall|!PREABILITY:1,CATEGORY=ACF,TYPE.MonkSlowFall															ABILITY:Special Ability|AUTOMATIC|Flurry of Spells
5	UDAM:1d2,1d3,1d4,1d6,1d8,2d6,3d6,4d6,6d6																																		ABILITY:Class Ability|AUTOMATIC|Purity of Body|!PREABILITY:1,CATEGORY=ACF,TYPE.MonkPurityOfBody
6	UDAM:1d2,1d3,1d4,1d6,1d8,2d6,3d6,4d6,6d6
7	UDAM:1d2,1d3,1d4,1d6,1d8,2d6,3d6,4d6,6d6
8	UDAM:1d3,1d4,1d6,1d8,1d10,2d8,3d8,4d8,6d8
9	UDAM:1d3,1d4,1d6,1d8,1d10,2d8,3d8,4d8,6d8																																		ABILITY:Class Ability|AUTOMATIC|Improved Evasion|!PREABILITY:1,CATEGORY=ACF,TYPE.MonkImprovedEvasion
10	UDAM:1d3,1d4,1d6,1d8,1d10,2d8,3d8,4d8,6d8																																		ABILITY:Special Ability|AUTOMATIC|Thunderstrike
11	UDAM:1d3,1d4,1d6,1d8,1d10,2d8,3d8,4d8,6d8	DEFINE:GreaterFlurry|1
12	UDAM:1d4,1d6,1d8,1d10,2d6,3d6,4d6,6d6,8d6																																		ABILITY:Class Ability|AUTOMATIC|Abundant Step|!PREABILITY:1,CATEGORY=ACF,TYPE.MonkAbundantStep
13	UDAM:1d4,1d6,1d8,1d10,2d6,3d6,4d6,6d6,8d6
14	UDAM:1d4,1d6,1d8,1d10,2d6,3d6,4d6,6d6,8d6
15	UDAM:1d4,1d6,1d8,1d10,2d6,3d6,4d6,6d6,8d6																																		ABILITY:Special Ability|AUTOMATIC|Arcane Strike
16	UDAM:1d6,1d8,1d10,2d6,2d8,3d8,4d8,6d8,8d8
17	UDAM:1d6,1d8,1d10,2d6,2d8,3d8,4d8,6d8,8d8
18	UDAM:1d6,1d8,1d10,2d6,2d8,3d8,4d8,6d8,8d8
19	UDAM:1d6,1d8,1d10,2d6,2d8,3d8,4d8,6d8,8d8
20	UDAM:1d8,1d10,2d6,2d8,2d10,4d8,6d8,8d8,12d8																																	ABILITY:Class Ability|AUTOMATIC|Perfect Self|!PREABILITY:1,CATEGORY=ACF,TYPE.MonkPerfectSelf
##Block: Arcane Monk Casting Progression
1											CAST:2			KNOWN:4
2											CAST:3,0			KNOWN:4,2
3											CAST:3,1			KNOWN:6,3
4											CAST:3,2,0			KNOWN:6,3,2
5											CAST:3,3,1			KNOWN:6,4,3
6											CAST:3,3,2			KNOWN:6,4,3
7											CAST:3,3,2,0		KNOWN:6,4,4,2
8											CAST:3,3,3,1		KNOWN:6,4,4,3
9											CAST:3,3,3,2		KNOWN:6,4,4,3
10											CAST:3,3,3,2,0		KNOWN:6,4,4,4,2
11											CAST:3,3,3,3,1		KNOWN:6,4,4,4,3
12											CAST:3,3,3,3,2		KNOWN:6,4,4,4,3
13											CAST:3,3,3,3,2,0		KNOWN:6,4,4,4,4,2
14											CAST:4,3,3,3,3,1		KNOWN:6,4,4,4,4,3
15											CAST:4,4,3,3,3,2		KNOWN:6,4,4,4,4,3
16											CAST:4,4,4,3,3,2,0	KNOWN:6,5,4,4,4,4,2
17											CAST:4,4,4,4,3,3,1	KNOWN:6,5,5,4,4,4,3
18											CAST:4,4,4,4,4,3,2	KNOWN:6,5,5,5,4,4,3
19											CAST:4,6,6,6,4,4,3	KNOWN:6,5,5,5,5,4,4
20											CAST:4,6,6,6,4,4,4	KNOWN:6,5,5,5,5,5,4

