# CVS $Revision: $ $Author: $ -- Fri May  8 13:30:11 2009 -- reformated by prettylst.pl v1.39 (build 8180)
SOURCELONG:The Psychic's Handbook	SOURCESHORT:psychicshandbook	SOURCEWEB:http://www.greenronin.com


# Crystal modifiers
# Modifier Name		Unique Key			Naming Option				Type			Cost								Visible	Source Page			Bonus to skill				Special Property															Choose
Amplifying			KEY:CrystalAmp		NAMEOPT:TEXT=Amplifying			TYPE:Crystal	COST:(200*%CHOICE*%CHOICE)				VISIBLE:YES	SOURCEPAGE:p.56		BONUS:SKILL|%CHOICE|TYPE=Amplifying	SPROP:adds (%CHOICE) ranks to given skill											CHOOSE:SKILLBONUS|MIN=1|MAX=20|TITLE=SKILL
Dampening			KEY:CrystalDamp		NAMEOPT:TEXT=Dampening			TYPE:Crystal	COST:(200*%CHOICE*%CHOICE)				VISIBLE:YES	SOURCEPAGE:p.56								SPROP:dampens psychic powers, DC (10%CHOICE) to use
Dimensional Anchor	KEY:CrystalAnchor		NAMEOPT:TEXT=Dimensional Anchor	TYPE:Crystal	COST:5000							VISIBLE:YES	SOURCEPAGE:p.57								SPROP:Any creature in contact with this crystal cannot be affected Psychoporation skills.
Lightening x10		KEY:CrystalL10		NAMEOPT:TEXT=Lightening x10		TYPE:Crystal	COST:1000							VISIBLE:YES	SOURCEPAGE:p.57								SPROP:This crystal reduces the effective weight of the object it is attached to by a factor of 10.
Lightening x100		KEY:CrystalL100		NAMEOPT:TEXT=Lightening x100		TYPE:Crystal	COST:4000							VISIBLE:YES	SOURCEPAGE:p.57								SPROP:This crystal reduces the effective weight of the object it is attached to by a factor of 100.
Lightening x1000		KEY:CrystalL1000		NAMEOPT:TEXT=Lightening x1000		TYPE:Crystal	COST:9000							VISIBLE:YES	SOURCEPAGE:p.57								SPROP:This crystal reduces the effective weight of the object it is attached to by a factor of 1000.
Memory			KEY:CrystalMemory		NAMEOPT:TEXT=Memory			TYPE:Crystal	COST:400							VISIBLE:YES	SOURCEPAGE:p.57								SPROP:This crystal stores information placed on it telepathically.
Mind Storing		KEY:CrystalMindStoring	NAMEOPT:TEXT=Mind Storing		TYPE:Crystal	COST:(200*%CHOICE*%CHOICE)				VISIBLE:YES	SOURCEPAGE:p.57								SPROP:provides receptacle for a creature's mind (%CHOICE)
Power				KEY:CrystalPower		NAMEOPT:TEXT=Power			TYPE:Crystal	COST:(10000*%CHOICE*%CHOICE)				VISIBLE:YES	SOURCEPAGE:p.57								SPROP:reduces strain per round by %CHOICE
Power/Restricted		KEY:CrystalPowerRes	NAMEOPT:TEXT=Power/Restricted		TYPE:Crystal	COST:(5000*%CHOICE*%CHOICE)				VISIBLE:YES	SOURCEPAGE:p.57								SPROP:reduces strain for specific skill per round by %CHOICE							CHOOSE:SKILLBONUS|MIN=1|MAX=20|TITLE=SKILL
Psychic Beacon		KEY:CrystalBeacon		NAMEOPT:TEXT=Psychic Beacon		TYPE:Crystal	COST:1000							VISIBLE:YES	SOURCEPAGE:p.57								SPROP:Any creature in contact with this crystal is considered immediately familiar to the owner.
Recovery			KEY:CrystalRecovery	NAMEOPT:TEXT=Recovery Crystal		TYPE:Crystal	COST:4000							VISIBLE:YES	SOURCEPAGE:p.57								SPROP:This crystal allows a psychic to recover from psychic strain at twice the normal rate.
Scrying			KEY:CrystalScrying	NAMEOPT:TEXT=Scrying			TYPE:Crystal	COST:(2000*%CHOICE*%CHOICE)				VISIBLE:YES	SOURCEPAGE:p.58								SPROP:adds (%CHOICE) to Clairvoyance skills, requires full-round or longer
Sensing			KEY:CrystalSensing	NAMEOPT:TEXT=Sensing			TYPE:Crystal	COST:(200*%CHOICE*%CHOICE)				VISIBLE:YES	SOURCEPAGE:p.58								SPROP:senses psychic powers with power of rank %CHOICE
Shielding			KEY:CrystalShielding	NAMEOPT:TEXT=Shielding			TYPE:Crystal	COST:(200*%CHOICE*%CHOICE)				VISIBLE:YES	SOURCEPAGE:p.58								SPROP:creates psychic shield of rank %CHOICE
Storage			KEY:CrystalStorage	NAMEOPT:TEXT=Storage			TYPE:Crystal	COST:(500*%CHOICE)					VISIBLE:YES	SOURCEPAGE:p.58								SPROP:stores points of psychic energy %CHOICE
Storage/Restricted	KEY:CrystalStorageRes	NAMEOPT:TEXT=Storage/Restricted	TYPE:Crystal	COST:(250*%CHOICE)					VISIBLE:YES	SOURCEPAGE:p.58								SPROP:stores points of psychic energy for a specific talent %CHOICE						CHOOSE:NUMBER|MIN=1|MAX=20|TITLE=FEAT=TYPE=Psychic Talent

# Elixir modifiers
# Modifier Name		Unique Key			Naming Option				Type			Cost								Visible	Source Page			Bonus to skill				Special Property															Choose
Skill Ranks			KEY:ElixirRanks		NAMEOPT:TEXT=Skill Ranks		TYPE:ElixirRanks	COST:((BASECOST*%CHOICE*%CHOICE)-BASECOST)	VISIBLE:YES	SOURCEPAGE:pp.56-58							SPROP:Skill Ranks (%CHOICE)
