# CVS $Revision: $ $Author: $ -- Fri May  8 13:30:11 2009 -- reformated by prettylst.pl v1.39 (build 8180)
SOURCELONG:The Psychic's Handbook	SOURCESHORT:psychicshandbook	SOURCEWEB:http://www.greenronin.com


# Class Name	Output Name			Hit Dice	Type			Abbreviation	Source Page		Save checks bonus												Combat bonus
CLASS:Psychic	OUTPUTNAME:Psychic	HD:6		TYPE:Base.PC	ABB:Psy		SOURCEPAGE:p.5	BONUS:CHECKS|BASE.Willpower|CL/2+2	BONUS:CHECKS|BASE.Fortitude,BASE.Reflex|CL/3	BONUS:COMBAT|BAB|CL/2|TYPE=Base.REPLACE
# Class Name	Skill Pts/Lvl	Class Skill
CLASS:Psychic	STARTSKILLPTS:6	CSKILL:Concentration|TYPE=Craft|Diplomacy|Gather Information|Intimidate|Knowledge (Psionics)|Listen|TYPE=Perform|TYPE=Profession|Search|Sense Motive|Spot

1
2
3
4
5
6
7
8
9
10
11
12
13
14
15
16
17
18
19
20
