# CVS $Revision: 1.2 $ $Author: chrisc $ -- Fri May  8 08:59:10 2009 -- reformated by prettylst.pl v1.39 (build 8180)

# Template Name		Challenge Rating	Visible	Damage Reduction	Level Adjustment	Template																Source, Long Desc.		Source, Short Desc.	Source Page		Special ABility																															Define			Required AL		Prohibited Template						Var. Must Be Grater	Var. Must Be Lower	Stat bonus											Weapon prof. bonus					Clone Movement		Spell Res.	Type											Vision				Natural Attacks
Avoral Guardinal 1	CR:1			VISIBLE:NO																								SOURCELONG:Planar Handbook	SOURCESHORT:plnrhb	SOURCEPAGE:p.19																																																																																																				NATURALATTACKS:Wings,Weapon.Natural.Melee.Bludgeoning,*2,1d8|Claws,Weapon.Natural.Melee.Finesseable.Slashing.Piercing,*2,1d6
Avoral Guardinal 3	CR:1			VISIBLE:NO																								SOURCELONG:Planar Handbook	SOURCESHORT:plnrhb	SOURCEPAGE:p.19
Avoral Guardinal 5	CR:1			VISIBLE:NO																								SOURCELONG:Planar Handbook	SOURCESHORT:plnrhb	SOURCEPAGE:p.19
Avoral Guardinal 6	CR:1			VISIBLE:NO							TEMPLATE:Avoral Guardinal 1.REMOVE												SOURCELONG:Planar Handbook	SOURCESHORT:plnrhb	SOURCEPAGE:p.19																																																																																																				NATURALATTACKS:Wings,Weapon.Natural.Melee.Bludgeoning,*2,2d6|Claws,Weapon.Natural.Melee.Finesseable.Slashing.Piercing,*2,1d8
Avoral Guardinal 7	CR:1			VISIBLE:NO																								SOURCELONG:Planar Handbook	SOURCESHORT:plnrhb	SOURCEPAGE:p.19
Avoral Guardinal 9	CR:1			VISIBLE:NO																								SOURCELONG:Planar Handbook	SOURCESHORT:plnrhb	SOURCEPAGE:p.19
Avoral Guardinal 11	CR:2			VISIBLE:NO							TEMPLATE:Avoral Guardinal 6.REMOVE	TEMPLATE:Avoral Guardinal 1.REMOVE						SOURCELONG:Planar Handbook	SOURCESHORT:plnrhb	SOURCEPAGE:p.19																																																																																																				NATURALATTACKS:Wings,Weapon.Natural.Melee.Bludgeoning,*2,2d8|Claws,Weapon.Natural.Melee.Finesseable.Slashing.Piercing,*2,2d6
Avoral Guardinal 12	CR:1			VISIBLE:NO																								SOURCELONG:Planar Handbook	SOURCESHORT:plnrhb	SOURCEPAGE:p.19
Avoral Guardinal 13	CR:1			VISIBLE:NO																								SOURCELONG:Planar Handbook	SOURCESHORT:plnrhb	SOURCEPAGE:p.19
Avoral Guardinal 15	CR:1			VISIBLE:NO																								SOURCELONG:Planar Handbook	SOURCESHORT:plnrhb	SOURCEPAGE:p.19
Chain Devil 1		CR:1			VISIBLE:NO																								SOURCELONG:Planar Handbook	SOURCESHORT:plnrhb	SOURCEPAGE:p.21																																																																																																				NATURALATTACKS:Spiked Chain,Weapon.Natural.Piercing.Slashing,*2,2d4
Chain Devil 2		CR:1			VISIBLE:NO																								SOURCELONG:Planar Handbook	SOURCESHORT:plnrhb	SOURCEPAGE:p.21
Chain Devil 4		CR:1			VISIBLE:NO																								SOURCELONG:Planar Handbook	SOURCESHORT:plnrhb	SOURCEPAGE:p.21
Chain Devil 6		CR:1			VISIBLE:NO																								SOURCELONG:Planar Handbook	SOURCESHORT:plnrhb	SOURCEPAGE:p.21
Chain Devil 11		CR:1			VISIBLE:NO																								SOURCELONG:Planar Handbook	SOURCESHORT:plnrhb	SOURCEPAGE:p.21
Chain Devil 14		CR:1			VISIBLE:NO																								SOURCELONG:Planar Handbook	SOURCESHORT:plnrhb	SOURCEPAGE:p.21
Hound Archon 1		CR:1			VISIBLE:NO																								SOURCELONG:Planar Handbook	SOURCESHORT:plnrhb	SOURCEPAGE:p.22																																																																																																				NATURALATTACKS:Slam,Weapon.Natural.Melee.Bludgeoning,*1,1d3|Bite,Weapon.Natural.Melee.Slashing.Piercing,*1,1d6
Hound Archon 2		CR:1			VISIBLE:NO																								SOURCELONG:Planar Handbook	SOURCESHORT:plnrhb	SOURCEPAGE:p.22
Hound Archon 3		CR:1			VISIBLE:NO																								SOURCELONG:Planar Handbook	SOURCESHORT:plnrhb	SOURCEPAGE:p.22
Hound Archon 6		CR:2			VISIBLE:NO							TEMPLATE:Hound Archon 1.REMOVE												SOURCELONG:Planar Handbook	SOURCESHORT:plnrhb	SOURCEPAGE:p.22																																																																																																				NATURALATTACKS:Slam,Weapon.Natural.Melee.Bludgeoning,*1,1d4|Bite,Weapon.Natural.Melee.Slashing.Piercing,*1,1d8
Hound Archon 9		CR:1			VISIBLE:NO																								SOURCELONG:Planar Handbook	SOURCESHORT:plnrhb	SOURCEPAGE:p.22
Hound Archon 11		CR:1			VISIBLE:NO																								SOURCELONG:Planar Handbook	SOURCESHORT:plnrhb	SOURCEPAGE:p.22
Janni 1			CR:1			VISIBLE:NO																								SOURCELONG:Planar Handbook	SOURCESHORT:plnrhb	SOURCEPAGE:p.24
Janni 4			CR:1			VISIBLE:NO																								SOURCELONG:Planar Handbook	SOURCESHORT:plnrhb	SOURCEPAGE:p.24
Janni 7			CR:1			VISIBLE:NO																								SOURCELONG:Planar Handbook	SOURCESHORT:plnrhb	SOURCEPAGE:p.24
Janni 11			CR:1			VISIBLE:NO																								SOURCELONG:Planar Handbook	SOURCESHORT:plnrhb	SOURCEPAGE:p.24
Lillend 1			CR:1			VISIBLE:NO																								SOURCELONG:Planar Handbook	SOURCESHORT:plnrhb	SOURCEPAGE:p.25
Lillend 3						VISIBLE:NO																								SOURCELONG:Planar Handbook	SOURCESHORT:plnrhb	SOURCEPAGE:p.25																																																																						BONUS:WEAPONPROF=Tail Slap|DAMAGE|STR/2																								NATURALATTACKS:Tail Slap,Weapon.Natural.Melee.Bludgeoning,*1,1d6
Lillend 2			CR:1			VISIBLE:NO																								SOURCELONG:Planar Handbook	SOURCESHORT:plnrhb	SOURCEPAGE:p.25
Lillend 4			CR:1			VISIBLE:NO																								SOURCELONG:Planar Handbook	SOURCESHORT:plnrhb	SOURCEPAGE:p.25
Lillend 6			CR:1			VISIBLE:NO																								SOURCELONG:Planar Handbook	SOURCESHORT:plnrhb	SOURCEPAGE:p.25
Lillend 7			CR:1			VISIBLE:NO																								SOURCELONG:Planar Handbook	SOURCESHORT:plnrhb	SOURCEPAGE:p.25
Lillend 9			CR:1			VISIBLE:NO							TEMPLATE:Lillend 3.REMOVE													SOURCELONG:Planar Handbook	SOURCESHORT:plnrhb	SOURCEPAGE:p.25																																																																						BONUS:WEAPONPROF=Tail Slap|DAMAGE|STR/2																								NATURALATTACKS:Tail Slap,Weapon.Natural.Melee.Bludgeoning,*1,2d6
Lillend 10			CR:1			VISIBLE:NO																								SOURCELONG:Planar Handbook	SOURCESHORT:plnrhb	SOURCEPAGE:p.25
Lillend 12			CR:1			VISIBLE:NO																								SOURCELONG:Planar Handbook	SOURCESHORT:plnrhb	SOURCEPAGE:p.25
Anarchic						VISIBLE:YES				LEVELADJUSTMENT:5	TEMPLATE:CHOOSE:Anarchic1-3|Anarchic4-7|Anarchic8-11|Anarchic12+							SOURCELONG:Planar Handbook	SOURCESHORT:plnrhb	SOURCEPAGE:p.107	SAB:Acid Resistance 5	SAB:Cold Resistance 5	SAB:Electricity Resistance 5	SAB:Fire Resistance 5	SAB:Sonic Resistance 5	SAB:Immunity to Polymorph and Petrification	SAB:Smite Law (Su)					PREALIGN:CG,CN,CE	!PRETEMPLATE:1,Incorporeal,Undead,Outsider,Elemental									BONUS:STAT|INT|3-INTSCORE|PREVARLT:INTSCORE,3																			TYPE:Magical Beast|PRERACE:1,RACETYPE=Animal,RACETYPE=Vermin	VISION:Darkvision (60')
Anarchic1-3						VISIBLE:NO																								SOURCELONG:Planar Handbook	SOURCESHORT:plnrhb	SOURCEPAGE:p.107																																																		PREVARGT:HD,0		PREVARLT:HD,4
Anarchic4-7			CR:1			VISIBLE:NO																								SOURCELONG:Planar Handbook	SOURCESHORT:plnrhb	SOURCEPAGE:p.107	SAB:Fast Healing 1																																														PREVARGT:HD,3		PREVARLT:HD,8
Anarchic8-11		CR:2			VISIBLE:NO																								SOURCELONG:Planar Handbook	SOURCESHORT:plnrhb	SOURCEPAGE:p.107	SAB:Fast Healing 3																																														PREVARGT:HD,7		PREVARLT:HD,12
Anarchic12+			CR:2			VISIBLE:NO	DR:5/Magic																						SOURCELONG:Planar Handbook	SOURCESHORT:plnrhb	SOURCEPAGE:p.107	SAB:Fast HEaling 5																																														PREVARGT:HD,11
Axiomatic						VISIBLE:YES				LEVELADJUSTMENT:4	TEMPLATE:CHOOSE:Axiomatic1-3|Axiomatic4-7|Axiomatic8-11|Axiomatic12+						SOURCELONG:Planar Handbook	SOURCESHORT:plnrhb	SOURCEPAGE:p.111	SAB:Smite Chaos (Su)	SAB:Linked Minds (Ex)																														PREALIGN:LG,LN,LE	!PRETEMPLATE:1,Incorporeal,Undead,Outsider,Elemental									BONUS:STAT|INT|3-INTSCORE|PREVARLT:INTSCORE,3																	SR:HD+5	TYPE:Magical Beast								VISION:Darkvision (60')
Axiomatic1-3					VISIBLE:NO																								SOURCELONG:Planar Handbook	SOURCESHORT:plnrhb	SOURCEPAGE:p.111	SAB:Cold Resistance 5	SAB:Electricity Resistance 5	SAB:Fire Resistance 5	SAB:Sonic Resistance 5																																	PREVARGT:HD,0		PREVARLT:HD,4
Axiomatic4-7		CR:1			VISIBLE:NO																								SOURCELONG:Planar Handbook	SOURCESHORT:plnrhb	SOURCEPAGE:p.111	SAB:Cold Resistance 5	SAB:Electricity Resistance 5	SAB:Fire Resistance 5	SAB:Sonic Resistance 5																																	PREVARGT:HD,3		PREVARLT:HD,8
Axiomatic8-11		CR:2			VISIBLE:NO																								SOURCELONG:Planar Handbook	SOURCESHORT:plnrhb	SOURCEPAGE:p.111	SAB:Cold Resistance 5	SAB:Electricity Resistance 5	SAB:Fire Resistance 5	SAB:Sonic Resistance 5																																	PREVARGT:HD,7		PREVARLT:HD,12
Axiomatic12+		CR:2			VISIBLE:NO																								SOURCELONG:Planar Handbook	SOURCESHORT:plnrhb	SOURCEPAGE:p.111	SAB:Cold Resistance 10	SAB:Electricity Resistance 10	SAB:Fire Resistance 10	SAB:Sonic Resistance 10																																	PREVARGT:HD,11
Entropic						VISIBLE:YES				LEVELADJUSTMENT:2	TEMPLATE:CHOOSE:Entropic1-3|Entropic4-7|Entropic8+	TEMPLATE:Extraplanar					SOURCELONG:Planar Handbook	SOURCESHORT:plnrhb	SOURCEPAGE:p.122	SAB:Limited Spell Resistance (Positive Energy) (Ex)	SAB:Negative Adaptation (Ex)	SAB:Negative Energy Aura (Su)	SAB:Turn Resistance (Ex)|PRERACE:1,RACETYPE=Undead													!PRETEMPLATE:1,Incorporeal,Elemental											BONUS:STAT|INT|3-INTSCORE|PREVARLT:INTSCORE,3	BONUS:STAT|CON,CHA|2	BONUS:WEAPONPROF=Negative Energy Ray|DAMAGE|CHA							TYPE:Outsider|!PRERACE:1,RACETYPE=Undead					VISION:Darkvision (120')	NATURALATTACKS:Negative Energy Ray,Weapon.Natural.Ranged,*1,1d4
Entropic1-3			CR:1			VISIBLE:NO																								SOURCELONG:Planar Handbook	SOURCESHORT:plnrhb	SOURCEPAGE:p.122																																																		PREVARGT:HD,0		PREVARLT:HD,4
Entropic4-7			CR:2			VISIBLE:NO																								SOURCELONG:Planar Handbook	SOURCESHORT:plnrhb	SOURCEPAGE:p.122																																																		PREVARGT:HD,3		PREVARLT:HD,8
Entropic8+			CR:3			VISIBLE:NO																								SOURCELONG:Planar Handbook	SOURCESHORT:plnrhb	SOURCEPAGE:p.122																																																		PREVARGT:HD,7
Vivacious						VISIBLE:YES				LEVELADJUSTMENT:5	TEMPLATE:CHOOSE:Vivacious1-3|Vivacious4-7|Vivacious8+	TEMPLATE:Incorporeal	TEMPLATE:Extraplanar	SOURCELONG:Planar Handbook	SOURCESHORT:plnrhb	SOURCEPAGE:p.131	SAB:Fast Healing 5 (Ex)	SAB:Limited Spell Resistance (Negative Energy) (Ex)	SAB:Positive Adaptation (Ex)	SAB:Positive Energy Aura (Su)											DEFINE:LOCK.STR|10				!PRETEMPLATE:1,Incorporeal,Elemental,Undead										BONUS:STAT|INT|3-INTSCORE|PREVARLT:INTSCORE,3	BONUS:STAT|CON,CHA|2	BONUS:WEAPONPROF=Positive Energy Ray|DAMAGE|CHA	MOVECLONE:Walk,Fly,0			TYPE:Outsider														NATURALATTACKS:Positive Energy Ray,Weapon.Natural.Ranged,*1,1d4
Vivacious1-3		CR:1			VISIBLE:NO																								SOURCELONG:Planar Handbook	SOURCESHORT:plnrhb	SOURCEPAGE:p.131																																																		PREVARGT:HD,0		PREVARLT:HD,4
Vivacious4-7		CR:2			VISIBLE:NO																								SOURCELONG:Planar Handbook	SOURCESHORT:plnrhb	SOURCEPAGE:p.131																																																		PREVARGT:HD,3		PREVARLT:HD,8
Vivacious8+			CR:3			VISIBLE:NO																								SOURCELONG:Planar Handbook	SOURCESHORT:plnrhb	SOURCEPAGE:p.131																																																		PREVARGT:HD,7

Visited Different Plane				VISIBLE:YES																								SOURCELONG:Planar Handbook	SOURCESHORT:plnrhb
