# CVS $Revision: $ $Author: $ -- Fri May  8 13:30:11 2009 -- reformated by prettylst.pl v1.39 (build 8180)
SOURCELONG:Wizards of the Coast - Dragon Magazine #283	SOURCESHORT:WotC-Dragon #283	SOURCEWEB:http://www.wizards.com/default.asp?x=dragon

# Class Name		Hit Dice	Type			Max Level	Source Page			Save checks bonus																	Combat bonus					WEAPONAUTO
CLASS:Flame Steward	HD:8		TYPE:PC.Prestige	MAXLEVEL:10	SOURCEPAGE:p.84-85	BONUS:CHECKS|BASE.FORTITUDE|(CL/2)+2	BONUS:CHECKS|BASE.REFLEX|CL/3	BONUS:CHECKS|BASE.WILLPOWER|(CL/2)+2	BONUS:COMBAT|BAB|BAB:G|TYPE=Base.REPLACE	WEAPONAUTO:SIMPLE
# Class Name		Required AL				Required Feat				Required Skill
CLASS:Flame Steward	PREALIGN:LG,LN,NG,TN,CG,CN	PREFEAT:2,Endurance,Power Attack	PRESKILL:1,Heal=8	PRESKILL:2,Knowledge (Religion),Knowledge (Arcana)=5
# Class Name		Skill Pts/Lvl	Class Skill
CLASS:Flame Steward	STARTSKILLPTS:2	CSKILL:Concentration|TYPE.Craft|TYPE.Knowledge|Spellcraft|TYPE.Profession|Diplomacy|Heal
# Class Name		Spell Stat		Spell Type
CLASS:Flame Steward	SPELLSTAT:WIS	SPELLTYPE:Divine
1	CAST:0,1		SAB:Might of the Sacred Flame					BONUS:STAT|STR|1	AUTO:FEAT|Toughness	AUTO:FEAT|Armor Proficiency (Light)|Armor Proficiency (Medium)|Armor Proficiency (Heavy)|Shield Proficiency
2	CAST:0,2		SAB:Sacred Firefan
3	CAST:0,2,1							BONUS:HP|CURRENTMAX|3	BONUS:STAT|STR|1
4	CAST:0,2,2		SAB:Flames of Healing
5	CAST:0,2,2,1						BONUS:HP|CURRENTMAX|3	BONUS:STAT|STR|1
6	CAST:0,3,2,2	SAB:Sacred Flame Strike
7	CAST:0,3,2,2,1						BONUS:HP|CURRENTMAX|3	BONUS:STAT|STR|1
8	CAST:0,3,3,2,2	SAB:Purging Flames
9	CAST:0,3,3,2,2,1						BONUS:HP|CURRENTMAX|3	BONUS:STAT|STR|1
10	CAST:0,3,3,3,2,2	SAB:Sacred Firestorm

# Class Name				Hit Dice	Type			Max Level	Source Page			Save checks bonus																	Combat bonus					WEAPONAUTO
CLASS:Shining Blade of Heironeous	HD:10		TYPE:PC.Prestige	MAXLEVEL:10	SOURCEPAGE:p.40-42	BONUS:CHECKS|BASE.FORTITUDE|(CL/2)+2	BONUS:CHECKS|BASE.REFLEX|CL/3	BONUS:CHECKS|BASE.WILLPOWER|(CL/2)+2	BONUS:COMBAT|BAB|BAB:M|TYPE=Base.REPLACE	WEAPONAUTO:SIMPLE|MARTIAL
# Class Name				Required AL	Req. Att.	Required Check Base		Required Deity		Required Skill				Req. Spell Type
CLASS:Shining Blade of Heironeous	PREALIGN:LG	PREATT:7	PRECHECKBASE:1,WILLPOWER=3	PREDEITY:1,Heironeous	PRESKILL:1,Knowledge (Religion)=7	PRESPELLTYPE:1,Divine=1
# Class Name				Skill Pts/Lvl	Class Skill
CLASS:Shining Blade of Heironeous	STARTSKILLPTS:2	CSKILL:Concentration|TYPE.Craft|Knowledge (Religion)|Scry|Spellcraft|Heal|TYPE.Profession|Diplomacy
# Class Name				Spell Stat		Spell Type
CLASS:Shining Blade of Heironeous	SPELLSTAT:WIS	SPELLTYPE:Divine
1					SAB:Detect Evil (at will)	SAB:Smite Evil %/day|Smite Evil	BONUS:VAR|Smite Evil|1	DEFINE:Smite Evil|0									AUTO:FEAT|Armor Proficiency (Light)|Armor Proficiency (Medium)|Armor Proficiency (Heavy)|Shield Proficiency
2					SAB:Shock Blade 1																	ADD:SPELLCASTER||Divine
4																BONUS:VAR|Smite Evil|1					ADD:SPELLCASTER||Divine
5	SA:.CLEAR.Shock Blade 1	SAB:Holy Blade 2
6																								ADD:SPELLCASTER||Divine
7																BONUS:VAR|Smite Evil|1
8																								ADD:SPELLCASTER||Divine
9	SA:.CLEAR.Holy Blade 2	SAB:Radiant Blade 3
10					SAB:Celestial Transformation							BONUS:VAR|Smite Evil|1					ADD:SPELLCASTER||Divine	TEMPLATE:Celestial

# Class Name				Hit Dice	Type			Abbreviation	Max Level	Source Page			Save checks bonus																	Combat bonus					WEAPONAUTO
CLASS:Radiant Servant of Pelor	HD:6		TYPE:PC.Prestige	ABB:Rad		MAXLEVEL:10	SOURCEPAGE:p.42-44	BONUS:CHECKS|BASE.FORTITUDE|(CL/2)+2	BONUS:CHECKS|BASE.REFLEX|CL/3	BONUS:CHECKS|BASE.WILLPOWER|(CL/2)+2	BONUS:COMBAT|BAB|BAB:M|TYPE=Base.REPLACE	WEAPONAUTO:SIMPLE|MARTIAL
# Class Name				Required AL	Required Check Base		Required Deity	Required Feat		Required Skill													Req. Spell Type
CLASS:Radiant Servant of Pelor	PREALIGN:NG	PRECHECKBASE:1,WILLPOWER=5	PREDEITY:1,Pelor	PREFEAT:1,Extra Turning	PRESKILL:1,Heal=5	PRESKILL:1,Knowledge (Religion)=9	PRESKILL:1,Knowledge (Undead)=3	PRESPELLTYPE:1,Divine=1
# Class Name				Skill Pts/Lvl	Class Skill
CLASS:Radiant Servant of Pelor	STARTSKILLPTS:2	CSKILL:Concentration|TYPE.Craft|Knowledge (Arcana)|Knowledge (Religion)|Scry|Spellcraft|Heal|TYPE.Profession|Sense Motive|Diplomacy
# Class Name				Spell Stat		Spell Type
CLASS:Radiant Servant of Pelor	SPELLSTAT:WIS	SPELLTYPE:Divine
1						SAB:Extra Greater Turning	SAB:Radiance										BONUS:VAR|Turn Level|(CLASSLEVEL=Radiant Servant of Pelor)	ADD:SPELLCASTER||Divine	AUTO:FEAT|Armor Proficiency (Light)|Armor Proficiency (Medium)|Armor Proficiency (Heavy)|Shield Proficiency
2						SAB:Divine Health	SAB:Empower Healing																					ADD:SPELLCASTER||Divine
3						SAB:Aura of Warding					BONUS:CHECKS|Willpower|2															ADD:SPELLCASTER||Divine
4																																	ADD:SPELLCASTER||Divine
5																			BONUS:DOMAIN|NUMBER|1											ADD:SPELLCASTER||Divine
6	SA:.CLEAR.Empower Healing	SAB:Maximize Healing																								ADD:SPELLCASTER||Divine
7																																	ADD:SPELLCASTER||Divine
8						SAB:Positive Energy Burst																							ADD:SPELLCASTER||Divine
9																																	ADD:SPELLCASTER||Divine
10	SA:.CLEAR.Maximize Healing	SAB:Supreme Healing																								ADD:SPELLCASTER||Divine

# Class Name				Hit Dice	Type			Max Level	Source Page			Save checks bonus																	Combat bonus					WEAPONAUTO
CLASS:Mighty Contender of Kord	HD:10		TYPE:PC.Prestige	MAXLEVEL:10	SOURCEPAGE:p.46-47	BONUS:CHECKS|BASE.FORTITUDE|(CL/2)+2	BONUS:CHECKS|BASE.REFLEX|CL/3	BONUS:CHECKS|BASE.WILLPOWER|(CL/2)+2	BONUS:COMBAT|BAB|BAB:M|TYPE=Base.REPLACE	WEAPONAUTO:SIMPLE|MARTIAL
# Class Name				Required AL	Required Check Base		Required Deity	Required Feat				Required Skill				Req. Spell Type
CLASS:Mighty Contender of Kord	PREALIGN:CG	PRECHECKBASE:1,FORTITUDE=6	PREDEITY:1,Kord	PREFEAT:2,Endurance,Power Attack	PRESKILL:1,Knowledge (Religion)=9	PRESPELLTYPE:1,Divine=1
# Class Name				Skill Pts/Lvl	Class Skill
CLASS:Mighty Contender of Kord	STARTSKILLPTS:2	CSKILL:Concentration|TYPE.Craft|Knowledge (Religion)|Scry|Spellcraft|Heal|Intuit Direction|TYPE.Profession|Sense Motive|Diplomacy|Intimidate
# Class Name				Spell Stat		Spell Type
CLASS:Mighty Contender of Kord	SPELLSTAT:WIS	SPELLTYPE:Divine
1	SAB:Feat of Strength	SAB:Mighty Endurance								AUTO:FEAT|Armor Proficiency (Light)|Armor Proficiency (Medium)|Armor Proficiency (Heavy)
2												ADD:SPELLCASTER||Divine
3	SAB:Surge of Strength
4												ADD:SPELLCASTER||Divine
5									BONUS:STAT|STR|1
6												ADD:SPELLCASTER||Divine
7	SAB:Feat of Power
8												ADD:SPELLCASTER||Divine
9									BONUS:STAT|STR|1
10												ADD:SPELLCASTER||Divine

# There are some features that will require implementation before the fleet runner is fully functional.  Until then those features are listed as SA's.

# Class Name			Hit Dice	Type			Max Level	Source Page			Save checks bonus																	Combat bonus					WEAPONAUTO
CLASS:Fleet Runner of Ehlonna	HD:8		TYPE:PC.Prestige	MAXLEVEL:10	SOURCEPAGE:p.44-46	BONUS:CHECKS|BASE.FORTITUDE|(CL/2)+2	BONUS:CHECKS|BASE.REFLEX|CL/3	BONUS:CHECKS|BASE.WILLPOWER|(CL/2)+2	BONUS:COMBAT|BAB|BAB:M|TYPE=Base.REPLACE	WEAPONAUTO:SIMPLE|MARTIAL
# Class Name			Required AL	Required Check Base		Required Deity		Required Feat			Required Skill															Req. Spell Type
CLASS:Fleet Runner of Ehlonna	PREALIGN:NG	PRECHECKBASE:1,WILLPOWER=3	PREDEITY:1,Ehlonna	PREFEAT:3,Dodge,Mobility,Run	PRESKILL:1,Knowledge (Nature)=11	PRESKILL:1,Knowledge (Religion)=3	PRESKILL:1,Wilderness Lore=5	PRESPELLTYPE:1,Divine=1
# Class Name			Skill Pts/Lvl	Class Skill
CLASS:Fleet Runner of Ehlonna	STARTSKILLPTS:2	CSKILL:Concentration|Knowledge (Nature)|Knowledge (Religion)|Heal|Intuit Direction|Wilderness Lore|Hide|Move Silently
# Class Name			Spell Stat		Spell Type
CLASS:Fleet Runner of Ehlonna	SPELLSTAT:WIS	SPELLTYPE:Divine
1	SAB:Fast Movement	SAB:Greater Mobility	SAB:Add 1 Spell to highest spell level	BONUS:DOMAIN|NUMBER|1						AUTO:FEAT|Armor Proficiency (Light)|Armor Proficiency (Medium)|Armor Proficiency (Heavy)
2	SAB:Evasion	SAB:Add 2 Spells - No more than 1 to highest spell level
3	SAB:Leap of the Hart	SAB:Add 1 Spell to highest spell level
4	SAB:Add 2 Spells - No more than 1 to highest spell level									ADD:FEAT|1|Shot on the Run
5	SAB:Run like the Huntress	SAB:Add 1 Spell to highest spell level
6	SAB:Improved Evasion	SAB:Add 2 Spells - No more than 1 to highest spell level
7	SAB:Run like the Wind	SAB:Add 1 Spell to highest spell level
8	SAB:Leopard's Pounce	SAB:Add 2 Spells - No more than 1 to highest spell level
9	SAB:Swiftness of the Tigress	SAB:Add 1 Spell to highest spell level
10	SAB:Cheetah's Sprint	SAB:Add 2 Spells - No more than 1 to highest spell level

