# CVS $Revision: $ $Author: $ dschofield Wed Sep  9 21:03:22 2015 -- reformated by PCGen PrettyLST v6.04.01
# Original Entry by: Tir Gwaith

# Class Name		Bonus to skill point for a level
CLASS:Barbarian.MOD	BONUS:SKILLPOOL|CLASS=Barbarian;LEVEL=1|(4+INT)*3
# Class Name		Class Skill
CLASS:Barbarian.MOD	CSKILL:Climb|TYPE.Craft|Handle Animal|Intimidate|Jump|Listen|TYPE.Profession|Ride|Survival|Swim
# Class Name		Spell Stat		Spell Stat Bonus		Spell Type		Spellbook		Caster level				Use Spell List
CLASS:Barbarian.MOD	SPELLSTAT:OTHER	BONUSSPELLSTAT:NONE	SPELLTYPE:Arcane	SPELLBOOK:NO	BONUS:CASTERLEVEL|Barbarian|TL	SPELLLIST:1|Channeler
1:REPEATLEVEL:1	CAST:SpellCast0,SpellCast1,SpellCast2,SpellCast3,SpellCast4,SpellCast5,SpellCast6,SpellCast7,SpellCast8,SpellCast9

# Class Name	Visible
CLASS:Bard.MOD	VISIBLE:NO

# Class Name	Visible
CLASS:Cleric.MOD	VISIBLE:NO

# Class Name	Visible
CLASS:Druid.MOD	VISIBLE:NO

# Class Name		Visible
CLASS:Ex Druid.MOD	VISIBLE:NO

# Class Name	Visible
CLASS:Monk.MOD	VISIBLE:NO

# Class Name	Visible
CLASS:Paladin.MOD	VISIBLE:NO

# Class Name	Visible
CLASS:Ranger.MOD	VISIBLE:NO

# Class Name		Visible
CLASS:Sorcerer.MOD	VISIBLE:NO

# Class Name	Visible
CLASS:Wizard.MOD	VISIBLE:NO

# Class Name	Hit Dice	Type			Max Level	Base class as subclass?	Define			Combat bonus						Save bonus												Bonus to skill point for a level				Modify VAR				Template
CLASS:Channeler	HD:6		TYPE:PC.Base	MAXLEVEL:20	ALLOWBASECLASS:NO		DEFINE:ChannelerLvl|0	BONUS:COMBAT|BASEAB|CL*3/4|TYPE=Base.REPLACE	BONUS:SAVE|BASE.Fortitude,BASE.Reflex|CL/3	BONUS:SAVE|BASE.Will|CL/2+2	BONUS:SKILLPOOL|CLASS=Channeler;LEVEL=1|(4+INT)*3	BONUS:VAR|ChannelerLvl|CL	TEMPLATE:Maximum Spell Level
# Class Name	Skill Pts/Lvl		Class Skill
CLASS:Channeler	STARTSKILLPTS:4+INT	CSKILL:Concentration|TYPE.Craft|Decipher Script|Handle Animal|Heal|Knowledge (Arcana)|Knowledge (Spirits)|TYPE.Profession|Ride|Search|Spellcraft
# Class Name	Spell Stat		Spell Stat Bonus		Spell Type		Spellbook		Caster level				Use Spell List
CLASS:Channeler	SPELLSTAT:OTHER	BONUSSPELLSTAT:NONE	SPELLTYPE:Arcane	SPELLBOOK:NO	BONUS:CASTERLEVEL|Channeler|TL	SPELLLIST:1|Channeler
SUBCLASS:Hermetic Channeler		COST:0	BONUS:VAR|HermeticChannelerLvl|CL		DEFINE:HermeticChannelerLvl|0		!PREFEAT:1,Magecraft (Spiritual),Magecraft (Charismatic)
SUBCLASSLEVEL:1	BONUS:ABILITYPOOL|Hermetic Channeler Literacy|1																				AUTO:FEAT|Magecraft (Hermetic)
SUBCLASSLEVEL:3	BONUS:ABILITYPOOL|Hermetic Channeler Gift|1										ABILITY:Special Ability|AUTOMATIC|Lorebook
SUBCLASSLEVEL:4	BONUS:ABILITYPOOL|Hermetic Channeler Bonus Feat|1	BONUS:ABILITYPOOL|Hermetic Channeler Literacy|1
SUBCLASSLEVEL:6	BONUS:ABILITYPOOL|Hermetic Channeler Gift|1
SUBCLASSLEVEL:7	BONUS:ABILITYPOOL|Hermetic Channeler Bonus Feat|1	BONUS:ABILITYPOOL|Hermetic Channeler Literacy|1
SUBCLASSLEVEL:9	BONUS:ABILITYPOOL|Hermetic Channeler Gift|1
SUBCLASSLEVEL:10	BONUS:ABILITYPOOL|Hermetic Channeler Bonus Feat|1	BONUS:ABILITYPOOL|Hermetic Channeler Literacy|1
SUBCLASSLEVEL:12	BONUS:ABILITYPOOL|Hermetic Channeler Gift|1
SUBCLASSLEVEL:13	BONUS:ABILITYPOOL|Hermetic Channeler Bonus Feat|1	BONUS:ABILITYPOOL|Hermetic Channeler Literacy|1
SUBCLASSLEVEL:15	BONUS:ABILITYPOOL|Hermetic Channeler Gift|1
SUBCLASSLEVEL:16	BONUS:ABILITYPOOL|Hermetic Channeler Bonus Feat|1	BONUS:ABILITYPOOL|Hermetic Channeler Literacy|1
SUBCLASSLEVEL:18	BONUS:ABILITYPOOL|Hermetic Channeler Gift|1
SUBCLASSLEVEL:19	BONUS:ABILITYPOOL|Hermetic Channeler Bonus Feat|1	BONUS:ABILITYPOOL|Hermetic Channeler Literacy|1
SUBCLASS:Spiritual Channeler		COST:0	BONUS:VAR|SpiritualChannelerLvl|CL		DEFINE:SpiritualChannelerLvl|0	!PREFEAT:1,Magecraft (Hermetic),Magecraft (Charismatic)
SUBCLASSLEVEL:1																												AUTO:FEAT|Magecraft (Spiritual)
SUBCLASSLEVEL:3	BONUS:ABILITYPOOL|Spiritual Channeler Gift|1										ABILITY:Special Ability|AUTOMATIC|Master of Two Worlds Base
SUBCLASSLEVEL:4	BONUS:ABILITYPOOL|Spiritual Channeler Bonus Feat|1
SUBCLASSLEVEL:6	BONUS:ABILITYPOOL|Spiritual Channeler Gift|1
SUBCLASSLEVEL:7	BONUS:ABILITYPOOL|Spiritual Channeler Bonus Feat|1
SUBCLASSLEVEL:9	BONUS:ABILITYPOOL|Spiritual Channeler Gift|1
SUBCLASSLEVEL:10	BONUS:ABILITYPOOL|Spiritual Channeler Bonus Feat|1
SUBCLASSLEVEL:12	BONUS:ABILITYPOOL|Spiritual Channeler Gift|1
SUBCLASSLEVEL:13	BONUS:ABILITYPOOL|Spiritual Channeler Bonus Feat|1
SUBCLASSLEVEL:15	BONUS:ABILITYPOOL|Spiritual Channeler Gift|1
SUBCLASSLEVEL:16	BONUS:ABILITYPOOL|Spiritual Channeler Bonus Feat|1
SUBCLASSLEVEL:18	BONUS:ABILITYPOOL|Spiritual Channeler Gift|1
SUBCLASSLEVEL:19	BONUS:ABILITYPOOL|Spiritual Channeler Bonus Feat|1
SUBCLASS:Charismatic Channeler	COST:0	BONUS:VAR|CharismaticChannelerLvl|CL	DEFINE:CharismaticChannelerLvl|0	!PREFEAT:1,Magecraft (Spiritual),Magecraft (Hermetic)
SUBCLASSLEVEL:1																												AUTO:FEAT|Magecraft (Charismatic)
SUBCLASSLEVEL:3	BONUS:ABILITYPOOL|Charismatic Channeler Gift|1										ABILITY:Special Ability|AUTOMATIC|Force of Personality Base
SUBCLASSLEVEL:4	BONUS:ABILITYPOOL|Charismatic Channeler Bonus Feat|1
SUBCLASSLEVEL:6	BONUS:ABILITYPOOL|Charismatic Channeler Gift|1
SUBCLASSLEVEL:7	BONUS:ABILITYPOOL|Charismatic Channeler Bonus Feat|1
SUBCLASSLEVEL:9	BONUS:ABILITYPOOL|Charismatic Channeler Gift|1
SUBCLASSLEVEL:10	BONUS:ABILITYPOOL|Charismatic Channeler Bonus Feat|1
SUBCLASSLEVEL:12	BONUS:ABILITYPOOL|Charismatic Channeler Gift|1
SUBCLASSLEVEL:13	BONUS:ABILITYPOOL|Charismatic Channeler Bonus Feat|1
SUBCLASSLEVEL:15	BONUS:ABILITYPOOL|Charismatic Channeler Gift|1
SUBCLASSLEVEL:16	BONUS:ABILITYPOOL|Charismatic Channeler Bonus Feat|1
SUBCLASSLEVEL:18	BONUS:ABILITYPOOL|Charismatic Channeler Gift|1
SUBCLASSLEVEL:19	BONUS:ABILITYPOOL|Charismatic Channeler Bonus Feat|1
1	CAST:SpellCast0,SpellCast1,SpellCast2,SpellCast3,SpellCast4,SpellCast5,SpellCast6,SpellCast7,SpellCast8,SpellCast9															BONUS:VAR|SpellEnergy|CL	BONUS:VAR|SpellcasterLvl|CL	ABILITY:Special Ability|AUTOMATIC|Channeller Weapon and Armor Proficiency
2	CAST:SpellCast0,SpellCast1,SpellCast2,SpellCast3,SpellCast4,SpellCast5,SpellCast6,SpellCast7,SpellCast8,SpellCast9	BONUS:ABILITYPOOL|Spell Pool|(CL-1)*2	BONUS:ABILITYPOOL|Spellcasting Feat|1											ABILITY:Special Ability|AUTOMATIC|Summon Familiar (Channeler)
3	CAST:SpellCast0,SpellCast1,SpellCast2,SpellCast3,SpellCast4,SpellCast5,SpellCast6,SpellCast7,SpellCast8,SpellCast9
4	CAST:SpellCast0,SpellCast1,SpellCast2,SpellCast3,SpellCast4,SpellCast5,SpellCast6,SpellCast7,SpellCast8,SpellCast9
5	CAST:SpellCast0,SpellCast1,SpellCast2,SpellCast3,SpellCast4,SpellCast5,SpellCast6,SpellCast7,SpellCast8,SpellCast9	BONUS:ABILITYPOOL|Spellcasting Feat|1
6	CAST:SpellCast0,SpellCast1,SpellCast2,SpellCast3,SpellCast4,SpellCast5,SpellCast6,SpellCast7,SpellCast8,SpellCast9
7	CAST:SpellCast0,SpellCast1,SpellCast2,SpellCast3,SpellCast4,SpellCast5,SpellCast6,SpellCast7,SpellCast8,SpellCast9
8	CAST:SpellCast0,SpellCast1,SpellCast2,SpellCast3,SpellCast4,SpellCast5,SpellCast6,SpellCast7,SpellCast8,SpellCast9	BONUS:ABILITYPOOL|Spellcasting Feat|1
9	CAST:SpellCast0,SpellCast1,SpellCast2,SpellCast3,SpellCast4,SpellCast5,SpellCast6,SpellCast7,SpellCast8,SpellCast9
10	CAST:SpellCast0,SpellCast1,SpellCast2,SpellCast3,SpellCast4,SpellCast5,SpellCast6,SpellCast7,SpellCast8,SpellCast9
11	CAST:SpellCast0,SpellCast1,SpellCast2,SpellCast3,SpellCast4,SpellCast5,SpellCast6,SpellCast7,SpellCast8,SpellCast9	BONUS:ABILITYPOOL|Spellcasting Feat|1
12	CAST:SpellCast0,SpellCast1,SpellCast2,SpellCast3,SpellCast4,SpellCast5,SpellCast6,SpellCast7,SpellCast8,SpellCast9
13	CAST:SpellCast0,SpellCast1,SpellCast2,SpellCast3,SpellCast4,SpellCast5,SpellCast6,SpellCast7,SpellCast8,SpellCast9
14	CAST:SpellCast0,SpellCast1,SpellCast2,SpellCast3,SpellCast4,SpellCast5,SpellCast6,SpellCast7,SpellCast8,SpellCast9	BONUS:ABILITYPOOL|Spellcasting Feat|1
15	CAST:SpellCast0,SpellCast1,SpellCast2,SpellCast3,SpellCast4,SpellCast5,SpellCast6,SpellCast7,SpellCast8,SpellCast9
16	CAST:SpellCast0,SpellCast1,SpellCast2,SpellCast3,SpellCast4,SpellCast5,SpellCast6,SpellCast7,SpellCast8,SpellCast9
17	CAST:SpellCast0,SpellCast1,SpellCast2,SpellCast3,SpellCast4,SpellCast5,SpellCast6,SpellCast7,SpellCast8,SpellCast9	BONUS:ABILITYPOOL|Spellcasting Feat|1
18	CAST:SpellCast0,SpellCast1,SpellCast2,SpellCast3,SpellCast4,SpellCast5,SpellCast6,SpellCast7,SpellCast8,SpellCast9
19	CAST:SpellCast0,SpellCast1,SpellCast2,SpellCast3,SpellCast4,SpellCast5,SpellCast6,SpellCast7,SpellCast8,SpellCast9
20	CAST:SpellCast0,SpellCast1,SpellCast2,SpellCast3,SpellCast4,SpellCast5,SpellCast6,SpellCast7,SpellCast8,SpellCast9	BONUS:ABILITYPOOL|Spellcasting Feat|1

# Class Name	Hit Dice	Type			Max Level	Combat bonus					Save bonus											Bonus to skill point for a level				Template
CLASS:Defender	HD:8		TYPE:PC.Base	MAXLEVEL:20	BONUS:COMBAT|BASEAB|CL|TYPE=Base.REPLACE	BONUS:SAVE|BASE.Fortitude,BASE.Will|CL/3	BONUS:SAVE|BASE.Reflex|CL/2+2	BONUS:SKILLPOOL|CLASS=Defender;LEVEL=1|(4+INT)*3	TEMPLATE:Maximum Spell Level
# Class Name	Skill Pts/Lvl		Class Skill
CLASS:Defender	STARTSKILLPTS:4+INT	CSKILL:Balance|Bluff|Climb|TYPE.Craft|Escape Artist|Handle Animal|Hide|Jump|TYPE.Local|Knowledge (Shadow)|Listen|Move Silently|TYPE.Profession|Ride|Sense Motive|Swim|Tumble
# Class Name	Spell Stat		Spell Stat Bonus		Spell Type		Spellbook		Caster level			Use Spell List
CLASS:Defender	SPELLSTAT:OTHER	BONUSSPELLSTAT:NONE	SPELLTYPE:Arcane	SPELLBOOK:NO	BONUS:CASTERLEVEL|Defender|TL	SPELLLIST:1|Channeler
###Block: Weapon and Armor Proficiencies
1	AUTO:FEAT|Improved Unarmed Strike	AUTO:FEAT|Armor Proficiency (Light)	AUTO:WEAPONPROF|Club|Dagger|Dart|Handaxe|Inutek|Hammer (Light)|Pick (Light)|Quarterstaff|Sap|Sickle|Axe (Throwing)|Sling
###Block: Normal Level Progression
1										CAST:SpellCast0,SpellCast1,SpellCast2,SpellCast3,SpellCast4,SpellCast5,SpellCast6,SpellCast7,SpellCast8,SpellCast9								BONUS:COMBAT|AC|(CL+1)/2|TYPE=Defender|PREVAREQ:COUNT[EQTYPE.ARMOR.EQUIPPED],0
2										CAST:SpellCast0,SpellCast1,SpellCast2,SpellCast3,SpellCast4,SpellCast5,SpellCast6,SpellCast7,SpellCast8,SpellCast9	BONUS:ABILITYPOOL|Defender Ability|1																													AUTO:FEAT|Stunning Fist (Defender)
3										CAST:SpellCast0,SpellCast1,SpellCast2,SpellCast3,SpellCast4,SpellCast5,SpellCast6,SpellCast7,SpellCast8,SpellCast9																						ADD:FEAT|1|Improved Grapple
4										CAST:SpellCast0,SpellCast1,SpellCast2,SpellCast3,SpellCast4,SpellCast5,SpellCast6,SpellCast7,SpellCast8,SpellCast9																											ABILITY:Special Ability|AUTOMATIC|Precise Strike
5										CAST:SpellCast0,SpellCast1,SpellCast2,SpellCast3,SpellCast4,SpellCast5,SpellCast6,SpellCast7,SpellCast8,SpellCast9	BONUS:ABILITYPOOL|Defender Ability|1
6										CAST:SpellCast0,SpellCast1,SpellCast2,SpellCast3,SpellCast4,SpellCast5,SpellCast6,SpellCast7,SpellCast8,SpellCast9	BONUS:ABILITYPOOL|Speed Or Resilience|1
8										CAST:SpellCast0,SpellCast1,SpellCast2,SpellCast3,SpellCast4,SpellCast5,SpellCast6,SpellCast7,SpellCast8,SpellCast9	BONUS:ABILITYPOOL|Defender Ability|1
9										CAST:SpellCast0,SpellCast1,SpellCast2,SpellCast3,SpellCast4,SpellCast5,SpellCast6,SpellCast7,SpellCast8,SpellCast9	BONUS:ABILITYPOOL|Speed Or Resilience|1
11										CAST:SpellCast0,SpellCast1,SpellCast2,SpellCast3,SpellCast4,SpellCast5,SpellCast6,SpellCast7,SpellCast8,SpellCast9	BONUS:ABILITYPOOL|Defender Ability|1
12										CAST:SpellCast0,SpellCast1,SpellCast2,SpellCast3,SpellCast4,SpellCast5,SpellCast6,SpellCast7,SpellCast8,SpellCast9	BONUS:ABILITYPOOL|Speed Or Resilience|1
14										CAST:SpellCast0,SpellCast1,SpellCast2,SpellCast3,SpellCast4,SpellCast5,SpellCast6,SpellCast7,SpellCast8,SpellCast9	BONUS:ABILITYPOOL|Defender Ability|1
15										CAST:SpellCast0,SpellCast1,SpellCast2,SpellCast3,SpellCast4,SpellCast5,SpellCast6,SpellCast7,SpellCast8,SpellCast9	BONUS:ABILITYPOOL|Speed Or Resilience|1
17										CAST:SpellCast0,SpellCast1,SpellCast2,SpellCast3,SpellCast4,SpellCast5,SpellCast6,SpellCast7,SpellCast8,SpellCast9	BONUS:ABILITYPOOL|Defender Ability|1
18										CAST:SpellCast0,SpellCast1,SpellCast2,SpellCast3,SpellCast4,SpellCast5,SpellCast6,SpellCast7,SpellCast8,SpellCast9	BONUS:ABILITYPOOL|Speed Or Resilience|1
20										CAST:SpellCast0,SpellCast1,SpellCast2,SpellCast3,SpellCast4,SpellCast5,SpellCast6,SpellCast7,SpellCast8,SpellCast9	BONUS:ABILITYPOOL|Defender Ability|1
1	UDAM:1d1,1d2,1d3,1d4,1d6,1d8,2d6,3d6,4d6	UMULT:2
6	UDAM:2d1,2d2,2d3,2d4,2d6,2d8,3d6,4d6,5d6
12	UDAM:3d1,3d2,3d3,3d4,3d6,3d8,4d6,5d6,6d6
18	UDAM:4d1,4d2,4d3,4d4,4d6,4d8,5d6,6d6,7d6

# Class Name	Bonus to skill point for a level			Template
CLASS:Fighter.MOD	BONUS:SKILLPOOL|CLASS=Fighter;LEVEL=1|(4+INT)*3	TEMPLATE:Maximum Spell Level
# Class Name	Skill Pts/Lvl		Class Skill
CLASS:Fighter.MOD	STARTSKILLPTS:4+INT	CSKILL:Climb|TYPE.Craft|Handle Animal|Intimidate|Knowledge (Shadow)|Jump|TYPE.Profession|Ride|Swim
# Class Name	Spell Stat		Spell Stat Bonus		Spell Type		Spellbook		Caster level			Use Spell List
CLASS:Fighter.MOD	SPELLSTAT:OTHER	BONUSSPELLSTAT:NONE	SPELLTYPE:Arcane	SPELLBOOK:NO	BONUS:CASTERLEVEL|Fighter|TL	SPELLLIST:1|Channeler
1:REPEATLEVEL:1	CAST:SpellCast0,SpellCast1,SpellCast2,SpellCast3,SpellCast4,SpellCast5,SpellCast6,SpellCast7,SpellCast8,SpellCast9
4																							BONUS:ABILITYPOOL|Fighter Warriors Way|1

# Class Name	Bonus to skill point for a level			Template
CLASS:Rogue.MOD	BONUS:SKILLPOOL|CLASS=Rogue;LEVEL=1|(8+INT)*3	TEMPLATE:Maximum Spell Level
# Class Name	Skill Pts/Lvl		Class Skill
CLASS:Rogue.MOD	STARTSKILLPTS:8+INT	CSKILL:Appraise|Balance|Bluff|Climb|TYPE.Craft|Decipher Script|Diplomacy|Disable Device|Disguise|Escape Artist|Forgery|Gather Information|Hide|Intimidate|Jump|Knowledge (Shadow)|Listen|Move Silently|Open Lock|TYPE.Perform|TYPE.Profession|Search|Sense Motive|Sleight of Hand
# Class Name	Spell Stat		Spell Stat Bonus		Spell Type		Spellbook		Caster level			Use Spell List
CLASS:Rogue.MOD	SPELLSTAT:OTHER	BONUSSPELLSTAT:NONE	SPELLTYPE:Arcane	SPELLBOOK:NO	BONUS:CASTERLEVEL|Rogue|TL	SPELLLIST:1|Channeler
1:REPEATLEVEL:1	CAST:SpellCast0,SpellCast1,SpellCast2,SpellCast3,SpellCast4,SpellCast5,SpellCast6,SpellCast7,SpellCast8,SpellCast9

# Class Name	Hit Dice	Type			Max Level	Combat bonus					Save bonus												Bonus to skill point for a level
CLASS:Wildlander	HD:8		TYPE:PC.Base	MAXLEVEL:20	BONUS:COMBAT|BASEAB|CL|TYPE=Base.REPLACE	BONUS:SAVE|BASE.Fortitude|CL/2+2	BONUS:SAVE|BASE.Reflex,BASE.Will|CL/3	BONUS:SKILLPOOL|CLASS=Wildlander;LEVEL=1|(6+INT)*3
# Class Name	Skill Pts/Lvl		Class Skill
CLASS:Wildlander	STARTSKILLPTS:6+INT	CSKILL:Balance|Climb|TYPE.Craft|Handle Animal|Heal|Hide|Jump|Knowledge (Geography)|Knowledge (Nature)|Listen|Move Silently|TYPE.Profession|Ride|Search|Spot|Survival|Swim|Use Rope
###Block: Weapon and Armor Proficiencies
1	ABILITY:Special Ability|AUTOMATIC|Wildlander Weapon and Armor Proficiency
###Block: Normal Level Progression
1	BONUS:ABILITYPOOL|Wildlander Trait|1	BONUS:VAR|WildlanderLvl|CL	DEFINE:WildlanderLvl|0										AUTO:FEAT|Track
2	BONUS:ABILITYPOOL|Wildlander Trait|1
3																	ABILITY:Special Ability|AUTOMATIC|Danger Sense
4																	ABILITY:Special Ability|AUTOMATIC|Hunter's Strike
5	BONUS:ABILITYPOOL|Wildlander Trait|1
6	BONUS:ABILITYPOOL|Danger Sense|1
8	BONUS:ABILITYPOOL|Wildlander Trait|1
9	BONUS:ABILITYPOOL|Danger Sense|1
11	BONUS:ABILITYPOOL|Wildlander Trait|1
12	BONUS:ABILITYPOOL|Danger Sense|1
14	BONUS:ABILITYPOOL|Wildlander Trait|1
15	BONUS:ABILITYPOOL|Danger Sense|1
17	BONUS:ABILITYPOOL|Wildlander Trait|1
18	BONUS:ABILITYPOOL|Danger Sense|1
20	BONUS:ABILITYPOOL|Wildlander Trait|1

# Class Name		Template
CLASS:Wildlander.MOD	TEMPLATE:Maximum Spell Level
# Class Name		Spell Stat		Spell Stat Bonus		Spell Type		Spellbook		Caster level				Use Spell List
CLASS:Wildlander.MOD	SPELLSTAT:OTHER	BONUSSPELLSTAT:NONE	SPELLTYPE:Arcane	SPELLBOOK:NO	BONUS:CASTERLEVEL|Wildlander|TL	SPELLLIST:1|Channeler
1:REPEATLEVEL:1	CAST:SpellCast0,SpellCast1,SpellCast2,SpellCast3,SpellCast4,SpellCast5,SpellCast6,SpellCast7,SpellCast8,SpellCast9

# Class Name	Hit Dice	Type			Class Type		Max Level	Source Page		Bonus Languages					Group of Prohibited Spells				Define			Combat bonus						Add domain number		Save bonus												Modify VAR			Template
CLASS:Legate	HD:8		TYPE:Base.NPC	CLASSTYPE:NPC	MAXLEVEL:20	SOURCEPAGE:279	LANGBONUS:Abyssal,Celestial,Infernal	PROHIBITSPELL:ALIGNMENT.Evil|PREALIGN:LN,TN	DEFINE:LegateLvl|0	BONUS:COMBAT|BASEAB|CL*3/4|TYPE=Base.REPLACE	BONUS:DOMAIN|NUMBER|2	BONUS:SAVE|BASE.Fortitude,BASE.Will|CL/2+2	BONUS:SAVE|BASE.Reflex|CL/3	BONUS:VAR|LegateLvl|CL	TEMPLATE:RighteousMightDR	TEMPLATE:Unlock Midnight Spell Prerequisites
# Class Name	Required AL				Required Race
CLASS:Legate	PREALIGN:1,LN,TN,LE,NE,CE	PRERACE:1,Human%,Orc (Midnight),Dworg
# Class Name	Skill Pts/Lvl	Class Skill
CLASS:Legate	STARTSKILLPTS:4	CSKILL:Concentration|TYPE=Craft|Diplomacy|Heal|Knowledge (Arcana)|Knowledge (Shadow)|Knowledge (Spirits)|Spellcraft
# Class Name	Spell Stat		Spell Type		Automatically Known Spell Levels											Caster level
CLASS:Legate	SPELLSTAT:WIS	SPELLTYPE:Divine	KNOWNSPELLS:LEVEL=0|LEVEL=1|LEVEL=2|LEVEL=3|LEVEL=4|LEVEL=5|LEVEL=6|LEVEL=7|LEVEL=8|LEVEL=9	BONUS:CASTERLEVEL|Cleric|CL
###Block:
1	ABILITY:Cleric Class Feature|AUTOMATIC|Cleric ~ Weapon and Armor Proficiency
1	ABILITY:Cleric Class Feature|AUTOMATIC|Cleric ~ Spells
1	ABILITY:Cleric Class Feature|AUTOMATIC|Cleric ~ Spontaneous Casting
1	ABILITY:Cleric Class Feature|AUTOMATIC|Cleric ~ Alignment Spells
1	ABILITY:Cleric Class Feature|AUTOMATIC|Cleric ~ Turn or Rebuke Undead
1	ABILITY:Cleric Class Feature|AUTOMATIC|Cleric ~ Bonus Languages
1	ABILITY:Special Ability|AUTOMATIC|Temple Dependency
3	ABILITY:Special Ability|AUTOMATIC|Animal Companion (Astirax)
###Block: Level progression
1	CAST:3,1
2	CAST:4,2
3	CAST:4,2,1
4	CAST:5,3,2
5	CAST:5,3,2,1
6	CAST:5,3,3,2
7	CAST:6,4,3,2,1
8	CAST:6,4,3,3,2
9	CAST:6,4,4,3,2,1
10	CAST:6,4,4,3,3,2
11	CAST:6,5,4,4,3,2,1
12	CAST:6,5,4,4,3,3,2
13	CAST:6,5,5,4,4,3,2,1
14	CAST:6,5,5,4,4,3,3,2
15	CAST:6,5,5,5,4,4,3,2,1
16	CAST:6,5,5,5,4,4,3,3,2
17	CAST:6,5,5,5,5,4,4,3,2,1
18	CAST:6,5,5,5,5,4,4,3,3,2
19	CAST:6,5,5,5,5,5,4,4,3,3
20	CAST:6,5,5,5,5,5,4,4,4,4
###Block:
1	ADDDOMAINS:Death
1	ADDDOMAINS:Destruction
1	ADDDOMAINS:Evil
1	ADDDOMAINS:Magic
1	ADDDOMAINS:War
