# CVS $Revision: $ $Author: $ -- Fri May  8 13:30:11 2009 -- reformated by prettylst.pl v1.39 (build 8180)
SOURCELONG:Mongoose Publishing - Collector's Series - Quintessential Dwarf	SOURCESHORT:QuintDwarf	SOURCEWEB:http://mongoosepublishing.com
# Original Entry by: Brian Lubkeman

#--- CANNONEER ------------------------------------------------------------------------------------------------------------------------

# Class Name	Hit Dice	Type			Abbreviation	Max Level	Source Page		Save checks bonus											Combat bonus
CLASS:Cannoneer	HD:8		TYPE:PC.Prestige	ABB:Can		MAXLEVEL:5	SOURCEPAGE:pg. 13	BONUS:CHECKS|BASE.Will|CL/2+2	BONUS:CHECKS|BASE.Fortitude,BASE.Reflex|CL/3	BONUS:COMBAT|BAB|CL*3/4|TYPE=Base.REPLACE
# Class Name	Required Feat															Required Skill
CLASS:Cannoneer	PREFEAT:5,Exotic Weapon Proficiency (Runecannon),Point Blank Shot,Precise Shot,Quick Draw,Rapid Shot	PRESKILL:2,Craft (Runecannon),Craft (Runecannon Ammunition)=10
# Class Name	Skill Pts/Lvl	Class Skill
CLASS:Cannoneer	STARTSKILLPTS:2	CSKILL:Climb|TYPE.Craft|Intimidate|Jump|TYPE.Profession|Spot
1	SAB:Snap Shot	AUTO:FEAT|Simple Weapon Proficiency|Armor Proficiency (Light)|Armor Proficiency (Medium)|Armor Proficiency (Heavy)|Shield Proficiency
2	SAB:Stock Smash
3	SAB:Swift Load
4	SAB:Over Load
5	SAB:Scattershot

#--- CLAN WISDOM ----------------------------------------------------------------------------------------------------------------------

# Class Name	Hit Dice	Type			Abbreviation	Max Level	Source Page		Save checks bonus											Combat bonus
CLASS:Clan Wisdom	HD:8		TYPE:PC.Prestige	ABB:CWs		MAXLEVEL:5	SOURCEPAGE:pg. 15	BONUS:CHECKS|BASE.Will|CL/2+2	BONUS:CHECKS|BASE.Fortitude,BASE.Reflex|CL/3	BONUS:COMBAT|BAB|CL*3/4|TYPE=Base.REPLACE
# Class Name	Req. Special Ability		Required Skill										Req. Known Spell
CLASS:Clan Wisdom	PRESA:1,Bardic knowledge	PRESKILL:3,Decipher Script,Knowledge (Dwarf Culture),TYPE.Perform=8	PRESPELL:1,Speak with Dead
# Class Name	Skill Pts/Lvl	Class Skill
CLASS:Clan Wisdom	STARTSKILLPTS:4	CSKILL:Concentration|Decipher Script|Diplomacy|Gather Information|TYPE.Knowledge|TYPE.Perform|Speak Language|Spellcraft
1	SAB:Dwarven Lore		ADD:SPELLCASTER||ANY	AUTO:FEAT|Simple Weapon Proficiency|Armor Proficiency (Light)|Armor Proficiency (Medium)|Armor Proficiency (Heavy)
2	SAB:Sonorous Guidance	ADD:SPELLCASTER||ANY
3	SAB:Words of Wisdom	ADD:SPELLCASTER||ANY
4	SAB:Ancestral Chant	ADD:SPELLCASTER||ANY
5	SAB:Divine Harmony	ADD:SPELLCASTER||ANY

#--- DEEPING DRUID --------------------------------------------------------------------------------------------------------------------

# Class Name		Hit Dice	Type			Abbreviation	Max Level	Source Page		Save checks bonus											Combat bonus
CLASS:Deeping Druid	HD:6		TYPE:PC.Prestige	ABB:DDr		MAXLEVEL:5	SOURCEPAGE:pg. 17	BONUS:CHECKS|BASE.Fortitude,BASE.Will|CL/2+2	BONUS:CHECKS|BASE.Reflex|CL/3	BONUS:COMBAT|BAB|CL*3/4|TYPE=Base.REPLACE
# Class Name		Req. Special Ability				Required Skill
CLASS:Deeping Druid	PRESA:2,Summon Familiar,Animal Companion	PRESKILL:3,Knowledge (Nature),Spellcraft,Survival=7
# Class Name		Skill Pts/Lvl	Class Skill
CLASS:Deeping Druid	STARTSKILLPTS:2	CSKILL:Concentration|Handle Animal|Heal|Knowledge (Arcana)|Knowledge (Nature)|Spellcraft|Survival|Swim
1	SAB:Stone Walk
2	SAB:Companion Fusion
3	SAB:Assault of Earth
4	SAB:Underlands Defence	BONUS:COMBAT|AC|3|TYPE=NaturalArmor
5	SAB:Magmic Embrace

#--- DEGENERATE STALKER -----------------------------------------------------------------------------------------------------------------------

# Class Name			Hit Dice	Type			Abbreviation	Max Level	Source Page		Save checks bonus											Combat bonus
CLASS:Degenerate Stalker	HD:12		TYPE:PC.Prestige	ABB:DSt		MAXLEVEL:5	SOURCEPAGE:pg. 19	BONUS:CHECKS|BASE.Fortitude,BASE.Reflex|CL/2+2	BONUS:CHECKS|BASE.Will|CL/3	BONUS:COMBAT|BAB|CL|TYPE=Base.REPLACE
# Class Name			Req. Att.	Var. Min. Value
CLASS:Degenerate Stalker	PREATT:10	PREVARGTEQ:Sneak Attack,1,Rage,3
# Class Name			Skill Pts/Lvl	Class Skill
CLASS:Degenerate Stalker	STARTSKILLPTS:4	CSKILL:Balance|Climb|Escape Artist|Hide|Intimidate|Jump|Listen|Move Silently|Search|Spot|Survival|Swim|Tumble
1	SAB:Bloodthirsty Ambush
2	SAB:Sneaking Sunder
3	SAB:Berserk Ambush
4	SAB:Weakness Rage
5	SAB:Furious Ambush

#--- FOEHAMMER ------------------------------------------------------------------------------------------------------------------------

# Class Name	Hit Dice	Type			Abbreviation	Max Level	Source Page		Save checks bonus											Combat bonus
CLASS:Foehammer	HD:10		TYPE:PC.Prestige	ABB:Foe		MAXLEVEL:5	SOURCEPAGE:pg. 21	BONUS:CHECKS|BASE.Fortitude,BASE.Reflex|CL/2+2	BONUS:CHECKS|BASE.Will|CL/3	BONUS:COMBAT|BAB|CL|TYPE=Base.REPLACE	BONUS:COMBAT|UBAB|(CL*3/4)+1
# Class Name	Req. Att.	Required Feat			Req. Special Ability	Required Skill
CLASS:Foehammer	PREATT:10	PREFEAT:1,Favored Enemy I	PRESA:1,Still Mind	PRESKILL:1,Concentration=8
# Class Name	Skill Pts/Lvl	Class Skill
CLASS:Foehammer	STARTSKILLPTS:4	CSKILL:Balance|Climb|Concentration|TYPE.Craft|Escape Artist|Hide|Jump|Knowledge (Arcana)|Listen|Move Silently|TYPE.Profession|Search|Spot|Survival|Swim|Tumble
1	SAB:Flurry of Hatred
2	SAB:Hammer Hands
3	SAB:Knowledgeable Defense
4	SAB:Devastating Strike
5	SAB:Foekiller

#--- FORGE MAGE -----------------------------------------------------------------------------------------------------------------------

# Class Name	Hit Dice	Type			Abbreviation	Max Level	Source Page		Define									Save checks bonus											Combat bonus
CLASS:Forge Mage	HD:6		TYPE:PC.Prestige	ABB:FMg		MAXLEVEL:5	SOURCEPAGE:pg. 22	DEFINE:FMgCrafterLevel|(CL=Wizard+CL=Sorcerer+CL=Bard+CL)	BONUS:CHECKS|BASE.Will|CL/2+2	BONUS:CHECKS|BASE.Fortitude,BASE.Reflex|CL/3	BONUS:COMBAT|BAB|CL*3/4|TYPE=Base.REPLACE
# Class Name	Required Feat								Required Skill
CLASS:Forge Mage	PREFEAT:2,Craft Magic Arms and Armor,Weapon Specialization	PRESKILL:1,Craft (Alchemy)=10	PRESKILL:2,Craft (Armorsmithing),Craft (Weaponsmithing)=11
# Class Name	Skill Pts/Lvl	Class Skill
CLASS:Forge Mage	STARTSKILLPTS:4	CSKILL:Concentration|TYPE.Craft|TYPE.Knowledge|TYPE.Profession|Spellcraft
1	SAB:Metallurgical Expertise	SAB:Crafter Level %|FMgCrafterLevel	AUTO:FEAT|Simple Weapon Proficiency|Armor Proficiency (Light)|Armor Proficiency (Medium)|Armor Proficiency (Heavy)
2	SAB:Exquisite Articulation
3	SAB:Master Weaponsmith
4	SAB:Signature Ability
5	SAB:Forge Mastery

#--- SHOCK TROOPER --------------------------------------------------------------------------------------------------------------------

# Class Name		Hit Dice	Type			Abbreviation	Max Level	Source Page		Save checks bonus											Combat bonus
CLASS:Shock Trooper	HD:10		TYPE:PC.Prestige	ABB:ShT		MAXLEVEL:5	SOURCEPAGE:pg. 24	BONUS:CHECKS|BASE.Fortitude,BASE.Reflex|CL/2+2	BONUS:CHECKS|BASE.Will|CL/3	BONUS:COMBAT|BAB|CL|TYPE=Base.REPLACE
# Class Name		Req. Att.	Required Feat						Required Skill
CLASS:Shock Trooper	PREATT:9	PREFEAT:2,Two Weapon Fighting,Weapon Finesse	PRESKILL:1,Balance=5
# Class Name		Skill Pts/Lvl	Class Skill
CLASS:Shock Trooper	STARTSKILLPTS:4	CSKILL:Balance|Climb|TYPE.Craft|Escape Artist|Jump|TYPE.Profession|Scry|Spellcraft|Tumble
1	SAB:Armoured Adroitness	AUTO:FEAT|Simple Weapon Proficiency|Martial Weapon Proficiency|Armor Proficiency (Light)|Armor Proficiency (Medium)|Armor Proficiency (Heavy)
2	SAB:Knees and Elbows
3	SAB:Wyrm Grip
4	SAB:Leverage
5	SAB:Chain Grapple

#--- TUNNEL RIDER -----------------------------------------------------------------------------------------------------------------------------------------------------------------------------------------------------------------------------------------------------------------------------

# Class Name		Hit Dice	Type			Abbreviation	Max Level	Source Page		Save checks bonus											Combat bonus
CLASS:Tunnel Rider	HD:8		TYPE:PC.Prestige	ABB:Tnl		MAXLEVEL:5	SOURCEPAGE:pg. 25	BONUS:CHECKS|BASE.Fortitude|CL/2+2	BONUS:CHECKS|BASE.Reflex,BASE.Will|CL/3	BONUS:COMBAT|BAB|CL|TYPE=Base.REPLACE
# Class Name		Required Feat								Required Skill
CLASS:Tunnel Rider	PREFEAT:3,Mounted Combat,Ride By Attack,Spirited Charge	PRESKILL:1,Concentration=15	PRESKILL:2,Handle Animal,Ride=18
# Class Name		Skill Pts/Lvl	Class Skill
CLASS:Tunnel Rider	STARTSKILLPTS:2	CSKILL:Balance|Climb|Concentration|TYPE.Craft|Handle Animal|Heal|TYPE.Profession|Ride
1	SAB:Assisting Mount
2	SAB:Riding Assault
3	SAB:Stone Saddle
4	SAB:Mounted Concentration
5	SAB:Mounted Knockdown
