# CVS $Revision: $ $Author: $ -- Tue Mar 10 10:59:06 2009 -- reformated by prettylst.pl v1.39 (build 8180)
SOURCELONG:Liber Mechanika	SOURCESHORT:LM	SOURCEWEB:http://www.ironkingdoms.com
#Original Entry by: Rax the Grey


# TODO: Code up Special Abilites -- Rax

# Class Name		Hit Dice	Type			Abbreviation	Source Page		Define		Save checks bonus											Combat bonus					Modify VAR
CLASS:Arcane Mechanik	HD:6		TYPE:Base.PC	ABB:Amk		SOURCEPAGE:pg. 9	DEFINE:FMLevel|0	BONUS:CHECKS|BASE.Will|CL/2+2	BONUS:CHECKS|BASE.Fortitude,BASE.Reflex|CL/3	BONUS:COMBAT|BAB|CL*3/4|TYPE=Base.REPLACE	BONUS:VAR|FMLevel|CL
# Class Name		Skill Pts/Lvl	Class Skill
CLASS:Arcane Mechanik	STARTSKILLPTS:6	CSKILL:Appraise|Concentration|TYPE=Craft|Craft (Clockwork)|Craft (Mechanika)|Craft (Steam Engine)|Jack Handling|Knowledge (Arcana)|Knowledge (Mechanika)|TYPE=KnowSciTech|Profession (Mechanik)|Search|Spellcraft
# Class Name		Spell Stat		Spell Type		Automatically Known Spell Levels	Spellbook		Caster level					Use Spell List
CLASS:Arcane Mechanik	SPELLSTAT:INT	SPELLTYPE:Arcane	KNOWNSPELLS:LEVEL=0			SPELLBOOK:YES	BONUS:CASTERLEVEL|Arcane Mechanik|CL	SPELLLIST:2|Arcane Mechanik|Wizard
# Proficiencies
1	ABILITY:FEAT|AUTOMATIC|Armor Proficiency (Light)|Shield Proficiency|Simple Weapon Proficiency	ABILITY:Special Ability|AUTOMATIC|All Automatic Proficiencies
1	ABILITY:FEAT|VIRTUAL|Etch Rune Plate
###Block: Normal Progression
1	CAST:4,1			SAB:Fabrication Score (%%)|FabricationScore								BONUS:VAR|FabricationScore|10	DEFINE:FabricationScore|0
2	CAST:4,1			SAB:Charge Accumulator
3	CAST:4,2,0			SAB:Mechanika Familiarity				BONUS:ABILITYPOOL|Arcane Mechanik Feat|1
4	CAST:4,2,1
5	CAST:4,3,1			SAB:Mechanikal Familiar												BONUS:VAR|FabricationScore|5
6	CAST:4,3,2,0										BONUS:ABILITYPOOL|Arcane Mechanik Feat|1
7	CAST:4,4,2,1
8	CAST:4,4,3,1																											ADD:ABILITY|FEAT|NORMAL|Arcane Mechanik Special Ability
9	CAST:4,4,3,2,0										BONUS:ABILITYPOOL|Arcane Mechanik Feat|1
10	CAST:4,5,4,2,1																	BONUS:VAR|FabricationScore|5
11	CAST:4,5,4,3,1
12	CAST:4,5,4,3,2,0										BONUS:ABILITYPOOL|Arcane Mechanik Feat|1											ADD:ABILITY|FEAT|NORMAL|Arcane Mechanik Special Ability
13	CAST:4,5,5,4,2,1
14	CAST:4,5,5,4,3,1
15	CAST:4,5,5,4,3,2,0																BONUS:VAR|FabricationScore|5
16	CAST:4,5,5,5,4,2,1																										ADD:ABILITY|FEAT|NORMAL|Arcane Mechanik Special Ability
17	CAST:4,5,5,5,4,3,1
18	CAST:4,5,5,5,4,3,2
19	CAST:4,5,5,5,5,4,2
20	CAST:4,5,5,5,5,4,3																BONUS:VAR|FabricationScore|5						ADD:ABILITY|FEAT|NORMAL|Arcane Mechanik Special Ability
