# CVS $Revision: $ $Author: $ -- Wed Jan 19 21:04:03 2005 -- reformated by prettylst.pl v1.33 (build 421)
SOURCELONG:Liber Mechanika	SOURCESHORT:LM	SOURCEWEB:http://www.ironkingdoms.com
## Original Entry by: Rax the Grey


Mechanikal Assist (ASF -25%).FORGET

## Block: Armor
# Modifier Name					Unique Key		Type		Plus		Visible		Type granted						Keys to replace							Source Page			Required Feat					Required Type				Combat bonus					BONUS:EQM			Modify the item cost			Special Property							Apply to both heads
+1 Runeplate (Enhancement to Armor)				KEY:MECHPLUS1A						TYPE:Armor																													VISIBLE:QUALIFY	ITYPE:Mechanikal.MPlus1					REPLACES:MECHPLUS2A,MECHPLUS3A,MECHPLUS4A,MECHPLUS5A	SOURCEPAGE:pg. 76		PRETYPE:2,Armor,Mechanikal													BONUS:COMBAT|AC|1|TYPE=Armor.REPLACE																		BONUS:ITEMCOST|TYPE.Armor|600																																							ASSIGNTOALL:YES
+2 Runeplate (Enhancement to Armor)				KEY:MECHPLUS2A						TYPE:Armor																													VISIBLE:QUALIFY	ITYPE:Mechanikal.MPlus2					REPLACES:MECHPLUS1A,MECHPLUS3A,MECHPLUS4A,MECHPLUS5A	SOURCEPAGE:pg. 76		PRETYPE:2,Armor,Mechanikal													BONUS:COMBAT|AC|2|TYPE=Armor.REPLACE																		BONUS:ITEMCOST|TYPE.Armor|1200																																							ASSIGNTOALL:YES
+3 Runeplate (Enhancement to Armor)				KEY:MECHPLUS3A						TYPE:Armor																													VISIBLE:QUALIFY	ITYPE:Mechanikal.MPlus3					REPLACES:MECHPLUS1A,MECHPLUS2A,MECHPLUS4A,MECHPLUS5A	SOURCEPAGE:pg. 76		PRETYPE:2,Armor,Mechanikal													BONUS:COMBAT|AC|3|TYPE=Armor.REPLACE																		BONUS:ITEMCOST|TYPE.Armor|3240																																							ASSIGNTOALL:YES
+4 Runeplate (Enhancement to Armor)				KEY:MECHPLUS4A						TYPE:Armor																													VISIBLE:QUALIFY	ITYPE:Mechanikal.MPlus4					REPLACES:MECHPLUS1A,MECHPLUS2A,MECHPLUS3A,MECHPLUS5A	SOURCEPAGE:pg. 76		PRETYPE:2,Armor,Mechanikal													BONUS:COMBAT|AC|4|TYPE=Armor.REPLACE																		BONUS:ITEMCOST|TYPE.Armor|6240																																							ASSIGNTOALL:YES
+5 Runeplate (Enhancement to Armor)				KEY:MECHPLUS5A						TYPE:Armor																													VISIBLE:QUALIFY	ITYPE:Mechanikal.MPlus5					REPLACES:MECHPLUS1A,MECHPLUS2A,MECHPLUS3A,MECHPLUS4A	SOURCEPAGE:pg. 76		PRETYPE:2,Armor,Mechanikal													BONUS:COMBAT|AC|5|TYPE=Armor.REPLACE																		BONUS:ITEMCOST|TYPE.Armor|10200																																							ASSIGNTOALL:YES

## Block: Warcaster Armor
Warcaster Armor					KEY:WARCSTRA	TYPE:Armor	PLUS:2	VISIBLE:QUALIFY	ITYPE:Enhancement.Mechanikal.Plus2.Warcaster										SOURCEPAGE:pg. 340			ARMORTYPE:Medium|Warcaster		ARMORTYPE:Heavy|Warcaster			PRETYPE:3,Masterwork,Armor,CustomFit			BONUS:COMBAT|AC|2|TYPE=Armor.REPLACE																				ASSIGNTOALL:YES
Arcane Focus Chamber				KEY:AFC		TYPE:Armor			VISIBLE:QUALIFY	ITYPE:Enhancement.Mechanikal.Warcaster											SOURCEPAGE:pg. 341								PRETYPE:3,Masterwork,Armor,Warcaster								BONUS:EQM|WEIGHTADD|2	BONUS:ITEMCOST|TYPE.Warcaster|4000	SPROP:Carried wearer's material spell components	ASSIGNTOALL:YES
Arcane Turbine					KEY:ACTB		TYPE:Armor			VISIBLE:QUALIFY	ITYPE:Enhancement.Mechanikal.Warcaster											SOURCEPAGE:pg. 340								PRETYPE:3,Masterwork,Armor,Warcaster								BONUS:EQM|WEIGHTADD|15	BONUS:ITEMCOST|TYPE.Warcaster|16000										ASSIGNTOALL:YES
Mechanikal Assist (AC +1)			KEY:MAAC1		TYPE:Armor	PLUS:1	VISIBLE:QUALIFY	ITYPE:Enhancement.Mechanikal.Plus1.Warcaster	REPLACES:MAAC2,MAAC3,MAAC4,MAAC5				SOURCEPAGE:pg. 341								PRETYPE:3,Masterwork,Armor,Warcaster			BONUS:COMBAT|AC|1|TYPE=Armor.STACK		BONUS:EQM|WEIGHTADD|3																ASSIGNTOALL:YES
Mechanikal Assist (AC +2)			KEY:MAAC2		TYPE:Armor	PLUS:2	VISIBLE:QUALIFY	ITYPE:Enhancement.Mechanikal.Plus2.Warcaster	REPLACES:MAAC1,MAAC3,MAAC4,MAAC5				SOURCEPAGE:pg. 341								PRETYPE:3,Masterwork,Armor,Warcaster			BONUS:COMBAT|AC|2|TYPE=Armor.STACK		BONUS:EQM|WEIGHTADD|3																ASSIGNTOALL:YES
Mechanikal Assist (AC +3)			KEY:MAAC3		TYPE:Armor	PLUS:3	VISIBLE:QUALIFY	ITYPE:Enhancement.Mechanikal.Plus3.Warcaster	REPLACES:MAAC1,MAAC2,MAAC4,MAAC5				SOURCEPAGE:pg. 341								PRETYPE:3,Masterwork,Armor,Warcaster			BONUS:COMBAT|AC|3|TYPE=Armor.STACK		BONUS:EQM|WEIGHTADD|3																ASSIGNTOALL:YES
Mechanikal Assist (AC +4)			KEY:MAAC4		TYPE:Armor	PLUS:4	VISIBLE:QUALIFY	ITYPE:Enhancement.Mechanikal.Plus4.Warcaster	REPLACES:MAAC1,MAAC2,MAAC3,MAAC5				SOURCEPAGE:pg. 341								PRETYPE:3,Masterwork,Armor,Warcaster			BONUS:COMBAT|AC|4|TYPE=Armor.STACK		BONUS:EQM|WEIGHTADD|3																ASSIGNTOALL:YES
Mechanikal Assist (AC +5)			KEY:MAAC5		TYPE:Armor	PLUS:5	VISIBLE:QUALIFY	ITYPE:Enhancement.Mechanikal.Plus5.Warcaster	REPLACES:MAAC1,MAAC2,MAAC3,MAAC4				SOURCEPAGE:pg. 341								PRETYPE:3,Masterwork,Armor,Warcaster			BONUS:COMBAT|AC|5|TYPE=Armor.STACK		BONUS:EQM|WEIGHTADD|3																ASSIGNTOALL:YES
Mechanikal Assist (ACP +2)			KEY:MAACP		TYPE:Armor			VISIBLE:QUALIFY	ITYPE:Mechanikal.Warcaster													SOURCEPAGE:pg. 341								PRETYPE:4,Masterwork,Armor,Warcaster,Mechanikal	BONUS:EQMARMOR|ACCHECK|-2		BONUS:EQM|WEIGHTADD|3	BONUS:ITEMCOST|TYPE.Warcaster|8000															ASSIGNTOALL:YES
Mechanikal Assist (Max Dex +2)		KEY:MAMD		TYPE:Armor			VISIBLE:QUALIFY	ITYPE:Mechanikal.Warcaster													SOURCEPAGE:pg. 341								PRETYPE:4,Masterwork,Armor,Warcaster,Mechanikal	BONUS:EQMARMOR|MAXDEX|2				BONUS:EQM|WEIGHTADD|3	BONUS:ITEMCOST|TYPE.Warcaster|8000															ASSIGNTOALL:YES
Mechanikal Assist (Speed +10)			KEY:MASP		TYPE:Armor			VISIBLE:QUALIFY	ITYPE:Mechanikal.Warcaster													SOURCEPAGE:pg. 341								PRETYPE:4,Masterwork,Armor,Warcaster,Mechanikal	BONUS:MOVEADD|TYPE.Walk|10.STACK		BONUS:EQM|WEIGHTADD|3	BONUS:ITEMCOST|TYPE.Warcaster|8000															ASSIGNTOALL:YES
Power Field (40)					KEY:PWRFLD_40	TYPE:Armor			VISIBLE:QUALIFY	ITYPE:Enhancement.Mechanikal.Warcaster											SOURCEPAGE:pg. 340								PRETYPE:3,Masterwork,Armor,Warcaster								BONUS:EQM|WEIGHTADD|2	BONUS:ITEMCOST|TYPE.Warcaster|20000	SPROP:Provides energy field of 40 points			ASSIGNTOALL:YES

## Block: Armor/Shild Conduit
+1 Conduit (Armor/Shield)					KEY:CON1A							TYPE:Armor.Shield																												VISIBLE:QUALIFY	ITYPE:Mechanikal						REPLACES:CON2A,CON3A,CON4A,CON5A								PRETYPE:2,Mechanikal,Armor,Shield																																				BONUS:ITEMCOST|TYPE.ColdIron.Armor.Shield|250																																ASSIGNTOALL:YES
+2 Conduit (Armor/Shield)					KEY:CON2A							TYPE:Armor.Shield																												VISIBLE:QUALIFY	ITYPE:Mechanikal						REPLACES:CON1A,CON3A,CON4A,CON5A								PRETYPE:2,Mechanikal,Armor,Shield																																				BONUS:ITEMCOST|TYPE.ColdIron.Armor.Shield|2200																																ASSIGNTOALL:YES
+3 Conduit (Armor/Shield)					KEY:CON3A							TYPE:Armor.Shield																												VISIBLE:QUALIFY	ITYPE:Mechanikal						REPLACES:CON1A,CON2A,CON4A,CON5A								PRETYPE:2,Mechanikal,Armor,Shield																																				BONUS:ITEMCOST|TYPE.ColdIron.Armor.Shield|4410																																ASSIGNTOALL:YES
+4 Conduit (Armor/Shield)					KEY:CON4A							TYPE:Armor.Shield																												VISIBLE:QUALIFY	ITYPE:Mechanikal						REPLACES:CON1A,CON2A,CON3A,CON5A								PRETYPE:2,Mechanikal,Armor,Shield																																				BONUS:ITEMCOST|TYPE.ColdIron.Armor.Shield|7360																																ASSIGNTOALL:YES
+5 Conduit (Armor/Shield)					KEY:CON5A							TYPE:Armor.Shield																												VISIBLE:QUALIFY	ITYPE:Mechanikal						REPLACES:CON1A,CON2A,CON3A,CON4A								PRETYPE:2,Mechanikal,Armor,Shield																																				BONUS:ITEMCOST|TYPE.ColdIron.Armor.Shield|11050																																ASSIGNTOALL:YES

## Block: Weapons
 +1 Runeplate (Enhancement to Weapon or Ammunition)		KEY:MECHPLUS1W		TYPE:Weapon	PLUS:1	VISIBLE:QUALIFY	ITYPE:Enhancement.Mechanikal.MPlus1				REPLACES:MECHPLUS2W,MECHPLUS3W,MECHPLUS4W,MECHPLUS5W											PRETYPE:2,Masterwork,Weapon																	BONUS:ITEMCOST|TYPE.ColdIron.Weapon|1200		BONUS:WEAPON|DAMAGE,TOHIT|1|TYPE=Enhancement	ASSIGNTOALL:YES
 +2 Runeplate (Enhancement to Weapon or Ammunition)		KEY:MECHPLUS2W		TYPE:Weapon	PLUS:2	VISIBLE:QUALIFY	ITYPE:Enhancement.Mechanikal.MPlus2				REPLACES:MECHPLUS1W,MECHPLUS3W,MECHPLUS4W,MECHPLUS5W											PRETYPE:2,Masterwork,Weapon																	BONUS:ITEMCOST|TYPE.ColdIron.Weapon|2400		BONUS:WEAPON|DAMAGE,TOHIT|2|TYPE=Enhancement	ASSIGNTOALL:YES
 +3 Runeplate (Enhancement to Weapon or Ammunition)		KEY:MECHPLUS3W		TYPE:Weapon	PLUS:3	VISIBLE:QUALIFY	ITYPE:Enhancement.Mechanikal.MPlus3				REPLACES:MECHPLUS1W,MECHPLUS2W,MECHPLUS4W,MECHPLUS5W											PRETYPE:2,Masterwork,Weapon																	BONUS:ITEMCOST|TYPE.ColdIron.Weapon|6480		BONUS:WEAPON|DAMAGE,TOHIT|3|TYPE=Enhancement	ASSIGNTOALL:YES
 +4 Runeplate (Enhancement to Weapon or Ammunition)		KEY:MECHPLUS4W		TYPE:Weapon	PLUS:4	VISIBLE:QUALIFY	ITYPE:Enhancement.Mechanikal.MPlus4				REPLACES:MECHPLUS1W,MECHPLUS2W,MECHPLUS3W,MECHPLUS5W											PRETYPE:2,Masterwork,Weapon																	BONUS:ITEMCOST|TYPE.ColdIron.Weapon|12480	BONUS:WEAPON|DAMAGE,TOHIT|4|TYPE=Enhancement	ASSIGNTOALL:YES
 +5 Runeplate (Enhancement to Weapon or Ammunition)		KEY:MECHPLUS5W		TYPE:Weapon	PLUS:5	VISIBLE:QUALIFY	ITYPE:Enhancement.Mechanikal.MPlus5				REPLACES:MECHPLUS1W,MECHPLUS2W,MECHPLUS3W,MECHPLUS4W											PRETYPE:2,Masterwork,Weapon																	BONUS:ITEMCOST|TYPE.ColdIron.Weapon|20400	BONUS:WEAPON|DAMAGE,TOHIT|5|TYPE=Enhancement	ASSIGNTOALL:YES

## Block: Weapon Conduit
+1 Conduit (Weapon)						KEY:CON1W							TYPE:Weapon																													VISIBLE:QUALIFY	ITYPE:Mechanikal						REPLACES:CON2W,CON3W,CON4W,CON5W,CON6W,CON7W,CON8W,CON9W,CON10W								PRETYPE:2,Weapon,Mechanikal																																					BONUS:ITEMCOST|TYPE.Weapon|300																																		ASSIGNTOALL:YES
+2 Conduit (Weapon)						KEY:CON2W							TYPE:Weapon																													VISIBLE:QUALIFY	ITYPE:Mechanikal						REPLACES:CON1W,CON3W,CON4W,CON5W,CON6W,CON7W,CON8W,CON9W,CON10W								PRETYPE:2,Weapon,Mechanikal																																					BONUS:ITEMCOST|TYPE.Weapon|3600																																		ASSIGNTOALL:YES
+3 Conduit (Weapon)						KEY:CON3W							TYPE:Weapon																													VISIBLE:QUALIFY	ITYPE:Mechanikal						REPLACES:CON1W,CON2W,CON4W,CON5W,CON6W,CON7W,CON8W,CON9W,CON10W								PRETYPE:2,Weapon,Mechanikal																																					BONUS:ITEMCOST|TYPE.Weapon|7020																																		ASSIGNTOALL:YES
+4 Conduit (Weapon)						KEY:CON4W							TYPE:Weapon																													VISIBLE:QUALIFY	ITYPE:Mechanikal						REPLACES:CON1W,CON2W,CON3W,CON5W,CON6W,CON7W,CON8W,CON9W,CON10W								PRETYPE:2,Weapon,Mechanikal																																					BONUS:ITEMCOST|TYPE.Weapon|11520																																		ASSIGNTOALL:YES
+5 Conduit (Weapon)						KEY:CON5W							TYPE:Weapon																													VISIBLE:QUALIFY	ITYPE:Mechanikal						REPLACES:CON1W,CON2W,CON3W,CON4W,CON6W,CON7W,CON8W,CON9W,CON10W								PRETYPE:2,Weapon,Mechanikal																																					BONUS:ITEMCOST|TYPE.Weapon|17100																																		ASSIGNTOALL:YES
+6 Conduit (Weapon)						KEY:CON6W							TYPE:Weapon																													VISIBLE:QUALIFY	ITYPE:Mechanikal						REPLACES:CON1W,CON2W,CON3W,CON4W,CON5W,CON7W,CON8W,CON9W,CON10W								PRETYPE:2,Weapon,Mechanikal																																					BONUS:ITEMCOST|TYPE.Weapon|23760																																		ASSIGNTOALL:YES
+7 Conduit (Weapon)						KEY:CON7W							TYPE:Weapon																													VISIBLE:QUALIFY	ITYPE:Mechanikal						REPLACES:CON1W,CON2W,CON3W,CON4W,CON6W,CON5W,CON8W,CON9W,CON10W								PRETYPE:2,Weapon,Mechanikal																																					BONUS:ITEMCOST|TYPE.Weapon|31500																																		ASSIGNTOALL:YES
+8 Conduit (Weapon)						KEY:CON8W							TYPE:Weapon																													VISIBLE:QUALIFY	ITYPE:Mechanikal						REPLACES:CON1W,CON2W,CON3W,CON4W,CON6W,CON7W,CON5W,CON9W,CON10W								PRETYPE:2,Weapon,Mechanikal																																					BONUS:ITEMCOST|TYPE.Weapon|40320																																		ASSIGNTOALL:YES
+9 Conduit (Weapon)						KEY:CON9W							TYPE:Weapon																													VISIBLE:QUALIFY	ITYPE:Mechanikal						REPLACES:CON1W,CON2W,CON3W,CON4W,CON6W,CON7W,CON8W,CON5W,CON10W								PRETYPE:2,Weapon,Mechanikal																																					BONUS:ITEMCOST|TYPE.Weapon|50220																																		ASSIGNTOALL:YES
+10 Conduit (Weapon)						KEY:CON10W							TYPE:Weapon																													VISIBLE:QUALIFY	ITYPE:Mechanikal						REPLACES:CON1W,CON2W,CON3W,CON4W,CON6W,CON7W,CON8W,CON9W,CON5W								PRETYPE:2,Weapon,Mechanikal																																					BONUS:ITEMCOST|TYPE.Weapon|61200																																		ASSIGNTOALL:YES

## Block: Accumulator Sockets
Charge Socket	KEY:SOCKC		COST:200	BONUS:EQM|WEIGHTADD|1		VISIBLE:QUALIFY	TYPE:Mechanikal	REPLACES:SOCKT,SOCKH
Trickle Socket	KEY:SOCKT		COST:200	BONUS:EQM|WEIGHTADD|1		VISIBLE:QUALIFY	TYPE:Mechanikal	REPLACES:SOCKC,SOCKH
Hybrid Socket	KEY:SOCKH		COST:450	BONUS:EQM|WEIGHTADD|2		VISIBLE:QUALIFY	TYPE:Mechanikal	REPLACES:SOCKT,SOCKC

##Block: Accumulator Charges
# Modifier Name	Unique Key				Visible	Choose			Nb of Charges
#Charges (5)		KEY:ACCUMULATOR_CHARGE_5	VISIBLE:NO	CHOOSE:EQBUILDER|1	CHARGES:1|5
#Charges (10)	KEY:ACCUMULATOR_CHARGE_10	VISIBLE:NO	CHOOSE:EQBUILDER|1	CHARGES:1|10
#Charges (20)	KEY:ACCUMULATOR_CHARGE_20	VISIBLE:NO	CHOOSE:EQBUILDER|1	CHARGES:1|20


# +1 (Enhancement to Weapon or Ammunition)				KEY:PLUS1W		TYPE:Ammunition.Weapon	PLUS:1	VISIBLE:QUALIFY	ITYPE:Enhancement.Magic.Plus1				REPLACES:PLUS2W,PLUS3W,PLUS4W,PLUS5W			SOURCEPAGE:RSRD SpecialMaterials.rtf								PREMULT:2,[PRETYPE:Masterwork],[PRETYPE:Ammunition|Weapon]																BONUS:ITEMCOST|TYPE.ColdIron.Ammunition|40	BONUS:ITEMCOST|TYPE.ColdIron.Weapon|2000	BONUS:WEAPON|DAMAGE,TOHIT|1|TYPE=Enhancement	ASSIGNTOALL:YES
# +1 (Enhancement to Armor)							KEY:PLUS1A		TYPE:Armor			PLUS:1	VISIBLE:QUALIFY	ITYPE:Enhancement.Magic.Plus1				REPLACES:PLUS2A,PLUS3A,PLUS4A,PLUS5A			SOURCEPAGE:RSRD SpecialMaterials.rtf																		PRETYPE:Masterwork,Armor		BONUS:COMBAT|AC|1|TYPE=Armor.REPLACE																								ASSIGNTOALL:YES
# +1 (Enhancement to Shield)							KEY:PLUS1S		TYPE:Shield			PLUS:1	VISIBLE:QUALIFY	ITYPE:Enhancement.Magic.Plus1				REPLACES:PLUS2S,PLUS3S,PLUS4S,PLUS5S			SOURCEPAGE:RSRD SpecialMaterials.rtf																		PRETYPE:Masterwork,Shield		BONUS:COMBAT|AC|1|TYPE=Shield.REPLACE																								ASSIGNTOALL:YES

