# CVS $Revision: $ $Author: rax_the_grey $ -- Fri May  8 13:30:11 2009 -- reformated by prettylst.pl v1.39 (build 8180)
SOURCELONG:Rallanon Publishing Group - The Encyclopedia Rallanon East	SOURCESHORT:EncRalEast	SOURCEWEB:http://raxstower.finzen.com

# Deity Name		Product Identity?	Domains																									Desc is PI?		Desciption of Deity/Title										Holy Item									Deity Weapon											Pantheon				Source Page				Prohibited Class
Abbat				NAMEISPI:YES	DOMAINS:Evil,Missionary,Trade,Trickery																				DESCISPI:YES	DESC:God of consumption and avarice, Great Master of Greed					SYMBOL:Jeweled dagger							DEITYWEAP:Dagger											PANTHEON:Rallanon			SOURCEPAGE:Ivan A. Finzen IV
Anlora			NAMEISPI:YES	DOMAINS:Evil,Law,Missionary,Suffering																				DESCISPI:YES	DESC:Goddess of pain and torture									SYMBOL:Scourge								DEITYWEAP:Whip|Whip Dagger									PANTHEON:Rallanon			SOURCEPAGE:Ivan A. Finzen IV
Antor				NAMEISPI:YES	DOMAINS:Animal,Darkness,Missionary,Moon																				DESCISPI:YES	DESC:God of the moon and lycanthropy								SYMBOL:Crescent moon with a wolf's head howling			DEITYWEAP:Sickle|Unarmed Strike								PANTHEON:Rallanon			SOURCEPAGE:Ivan A. Finzen IV
Bahamut			NAMEISPI:YES	DOMAINS:Air,Good,Luck,Scalykind																					DESCISPI:YES	DESC:The Platinum Dragon, King of Good Dragons, Master of the North Wind		SYMBOL:Star above a milky nebula					DEITYWEAP:Claw											PANTHEON:Rallanon			SOURCEPAGE:Ivan A. Finzen IV
Baltora			NAMEISPI:YES	DOMAINS:Death,Evil,Missionary,Repose																				DESCISPI:YES	DESC:Goddess of the underworld									SYMBOL:Tangled tree roots						DEITYWEAP:Sickle|Scythe										PANTHEON:Rallanon			SOURCEPAGE:Ivan A. Finzen IV
Belzon			NAMEISPI:YES	DOMAINS:Cavern,Earth,Missionary,Strength																				DESCISPI:YES	DESC:God of earth												SYMBOL:Mountain peak							DEITYWEAP:Warhammer|Greathammer (Dwarven)							PANTHEON:Rallanon			SOURCEPAGE:Ivan A. Finzen IV
Bolan				NAMEISPI:YES	DOMAINS:Good,Missionary,Protection,Renewal																			DESCISPI:YES	DESC:Goddess of protection										SYMBOL:Blue shield							DEITYWEAP:Shield Bash|Shield Spikes								PANTHEON:Rallanon			SOURCEPAGE:Ivan A. Finzen IV
Bresora			NAMEISPI:YES	DOMAINS:Air,Missionary,Mists,Storm																					DESCISPI:YES	DESC:Goddess of the wind										SYMBOL:Gust of wind							DEITYWEAP:Javelin|Longbow|Longbow (Composite)|Shortbow|Shortbow (Composite)	PANTHEON:Rallanon			SOURCEPAGE:Ivan A. Finzen IV
Colan				NAMEISPI:YES	DOMAINS:Good,Healing,Missionary,Renewal																				DESCISPI:YES	DESC:God of healing											SYMBOL:Hand with triangle pointing up on palm			DEITYWEAP:None											PANTHEON:Rallanon			SOURCEPAGE:Ivan A. Finzen IV
Dalar				NAMEISPI:YES	DOMAINS:Dream,Fate,Knowledge,Missionary																				DESCISPI:YES	DESC:God of dreams and prophesies									SYMBOL:Closed eye								DEITYWEAP:None											PANTHEON:Rallanon			SOURCEPAGE:Ivan A. Finzen IV
Damanta			NAMEISPI:YES	DOMAINS:Evil,Hatred,Missionary,Tyranny																				DESCISPI:YES	DESC:God of hatred and tyranny									SYMBOL:Clenched gauntlent						DEITYWEAP:Battleaxe|Flail (Light)|Flail (Heavy)|Sword (Long)			PANTHEON:Rallanon			SOURCEPAGE:Ivan A. Finzen IV
Danise			NAMEISPI:YES	DOMAINS:Animal,Luck,Missionary,Strength																				DESCISPI:YES	DESC:Goddess of hunting											SYMBOL:Drawn bow								DEITYWEAP:Longbow|Longbow (Composite)|Net|Shortbow|Shortbow (Composite)		PANTHEON:Rallanon			SOURCEPAGE:Ivan A. Finzen IV
Geldon			NAMEISPI:YES	DOMAINS:Fire,Missionary,Sun,Undeath (Good)																			DESCISPI:YES	DESC:Goddess of the sun											SYMBOL:White circle							DEITYWEAP:None											PANTHEON:Rallanon			SOURCEPAGE:Ivan A. Finzen IV
Gordan			NAMEISPI:YES	DOMAINS:Justice,Law,Missionary,Retribution																			DESCISPI:YES	DESC:God of justice											SYMBOL:Long sword point down, hilt as scales			DEITYWEAP:Sword (Long)|Mace (Heavy)|Mace (Light)					PANTHEON:Rallanon			SOURCEPAGE:Ivan A. Finzen IV
Hacon				NAMEISPI:YES	DOMAINS:Chaos,Fate,Luck,Missionary																					DESCISPI:YES	DESC:Goddess of chance and luck									SYMBOL:Gold coin								DEITYWEAP:None											PANTHEON:Rallanon			SOURCEPAGE:Ivan A. Finzen IV
Hantor			NAMEISPI:YES	DOMAINS:Chaos,Craft,Gnome,Missionary,Trickery																			DESCISPI:YES	DESC:God of trickery, Patron of Gnomes, The Joker						SYMBOL:Blank mask								DEITYWEAP:None											PANTHEON:Rallanon			SOURCEPAGE:Ivan A. Finzen IV
Horana			NAMEISPI:YES	DOMAINS:Missionary,Ocean,Storm,Water																				DESCISPI:YES	DESC:Goddess of oceans and water									SYMBOL:Wave									DEITYWEAP:Net|Trident|Harpoon									PANTHEON:Rallanon			SOURCEPAGE:Ivan A. Finzen IV
Jaedar			NAMEISPI:YES	DOMAINS:Death,Evil,Missionary,Undeath (Evil)																			DESCISPI:YES	DESC:God of undeath, Eater of Souls									SYMBOL:Horned demon skull						DEITYWEAP:None											PANTHEON:Rallanon			SOURCEPAGE:Ivan A. Finzen IV
Kabol				NAMEISPI:YES	DOMAINS:Darkness,Luck,Missionary,Trickery																				DESCISPI:YES	DESC:Goddess of stealth											SYMBOL:Black cloak							DEITYWEAP:Dagger|Dart										PANTHEON:Rallanon			SOURCEPAGE:Ivan A. Finzen IV
Kalsoa			NAMEISPI:YES	DOMAINS:Missionary,Planning,Trade,Travel																				DESCISPI:YES	DESC:Goddess of merchants and trade									SYMBOL:Bolt of cloth and gold bar					DEITYWEAP:Dagger											PANTHEON:Rallanon			SOURCEPAGE:Ivan A. Finzen IV
Kanala			NAMEISPI:YES	DOMAINS:Family,Healing,Missionary,Protection																			DESCISPI:YES	DESC:Goddess of fertility, birth and children, The Great Mother				SYMBOL:Pregnant woman with open arms				DEITYWEAP:None											PANTHEON:Rallanon			SOURCEPAGE:Ivan A. Finzen IV
Kelen				NAMEISPI:YES	DOMAINS:Knowledge,Magic,Missionary,Rune																				DESCISPI:YES	DESC:Goddess of knowledge and wisdom								SYMBOL:Open book								DEITYWEAP:None											PANTHEON:Rallanon			SOURCEPAGE:Ivan A. Finzen IV
Lantora			NAMEISPI:YES	DOMAINS:Death,Missionary,Pestilence,Spider																			DESCISPI:YES	DESC:Goddess of disease and poison									SYMBOL:Human skull							DEITYWEAP:Dagger|Dart										PANTHEON:Rallanon			SOURCEPAGE:Ivan A. Finzen IV
Malan				NAMEISPI:YES	DOMAINS:Craft,Creation,Missionary,Trade																				DESCISPI:YES	DESC:God of craftsmen											SYMBOL:Loom									DEITYWEAP:None											PANTHEON:Rallanon			SOURCEPAGE:Ivan A. Finzen IV
Maren				NAMEISPI:YES	DOMAINS:Missionary,Strength,Travel,War																				DESCISPI:YES	DESC:God of war and conflict, The Great General							SYMBOL:Mace and sword crossed						DEITYWEAP:Sword (Long)|Longspear|Shortspear|Battleaxe					PANTHEON:Rallanon			SOURCEPAGE:Ivan A. Finzen IV
Morar				NAMEISPI:YES	DOMAINS:Craft,Dwarf,Metal,Missionary,Strength																			DESCISPI:YES	DESC:God of smithing, Patron of Dwarves, The Soul Forger					SYMBOL:Hammer and anvil							DEITYWEAP:Warhammer|Greathammer (Dwarven)|Waraxe (Dwarven)				PANTHEON:Rallanon			SOURCEPAGE:Ivan A. Finzen IV
Naztar			NAMEISPI:YES	DOMAINS:Magic,Missionary,Rune,Spell																					DESCISPI:YES	DESC:God of magic												SYMBOL:Vertical wand with four rays coming from the tip	DEITYWEAP:Quarterstaff|Dagger									PANTHEON:Rallanon			SOURCEPAGE:Ivan A. Finzen IV
Olan				NAMEISPI:YES	DOMAINS:Halfling,Missionary,Plant,Protection,Sun																		DESCISPI:YES	DESC:God of agriculture, Patron of Halflings							SYMBOL:Sheaf of grain							DEITYWEAP:Sickle|Scythe|Flail (Heavy)|Flail (Light)					PANTHEON:Rallanon			SOURCEPAGE:Ivan A. Finzen IV
Rakar				NAMEISPI:YES	DOMAINS:Family,Missionary,Protection,Repose																			DESCISPI:YES	DESC:God of ancestors and guardians									SYMBOL:Point down sword behind kite shield			DEITYWEAP:Sword (Long)|Shield Bash|Shield Spikes					PANTHEON:Rallanon			SOURCEPAGE:Ivan A. Finzen IV
Reisender			NAMEISPI:YES	DOMAINS:Missionary,Portal,Trade,Travel																				DESCISPI:YES	DESC:God of traveling											SYMBOL:Staff with wheel behind					DEITYWEAP:Quarterstaff|Dagger									PANTHEON:Rallanon			SOURCEPAGE:Ivan A. Finzen IV
Selen				NAMEISPI:YES	DOMAINS:Animal,Elf,Missionary,Plant,Renewal																			DESCISPI:YES	DESC:Goddess of nature, Patron of Elves, The Protector					SYMBOL:Oak tree								DEITYWEAP:Longbow|Longbow (Composite)|Net|Shortbow|Shortbow (Composite)		PANTHEON:Rallanon			SOURCEPAGE:Ivan A. Finzen IV
Sharette			NAMEISPI:YES	DOMAINS:Missionary,Trade																						DESCISPI:YES	DESC:Goddess of prostitutes										SYMBOL:Full, red lips							DEITYWEAP:None											PANTHEON:Rallanon			SOURCEPAGE:Ivan A. Finzen IV
Solon				NAMEISPI:YES	DOMAINS:Charm,Healing,Missionary,Protection																			DESCISPI:YES	DESC:Goddess of mercy and peace									SYMBOL:Two clasped hands						DEITYWEAP:Net											PANTHEON:Rallanon			SOURCEPAGE:Ivan A. Finzen IV
Tharnak Bloodyjaws	NAMEISPI:YES	DOMAINS:Animal,Destruction,Evil,Weather																				DESCISPI:YES	DESC:The Wolf of the North, Bloodyjaws, Winterbringer, Patron of winter wolves	SYMBOL:Bloodyjawed wolf head, facing left				DEITYWEAP:Claw,Bite										PANTHEON:Rallanon			SOURCEPAGE:Ivan A. Finzen IV
Tiamat			NAMEISPI:YES	DOMAINS:Destruction,Evil,Law,Scalykind,Trickery																			DESCISPI:YES	DESC:The Chromatic Dragon, Queen of the Evil Dragons						SYMBOL:Five-headed dragon						DEITYWEAP:Claw											PANTHEON:Rallanon			SOURCEPAGE:Ivan A. Finzen IV
Varesh			NAMEISPI:YES	DOMAINS:Destruction,Judgment,Missionary,Retribution																		DESCISPI:YES	DESC:God of retribution and revenge									SYMBOL:Katana with red blade						DEITYWEAP:Katana											PANTHEON:Rallanon			SOURCEPAGE:Ivan A. Finzen IV
Vason				NAMEISPI:YES	DOMAINS:Air,Missionary,Storm,Water																					DESCISPI:YES	DESC:God of storms											SYMBOL:Dark cloud with lightning coming from the bottom	DEITYWEAP:Longspear|Shortspear|Javelin							PANTHEON:Rallanon			SOURCEPAGE:Ivan A. Finzen IV
Yelwena			NAMEISPI:YES	DOMAINS:Darkness,Drow,Evil,Missionary,Spider																			DESCISPI:YES	DESC:Goddess of night and darkness, Patron of Elves, Queen of Spiders			SYMBOL:Circle of black							DEITYWEAP:Dagger|Dart										PANTHEON:Rallanon			SOURCEPAGE:Ivan A. Finzen IV
Zanthos			NAMEISPI:YES	DOMAINS:Death,Destruction,Fire,Missionary																				DESCISPI:YES	DESC:God of fire and destruction									SYMBOL:Flame								DEITYWEAP:Battleaxe|Flail (Light)|Flail (Heavy)						PANTHEON:Rallanon			SOURCEPAGE:Ivan A. Finzen IV
Zanro				NAMEISPI:YES	DOMAINS:Darkness,Death,Evil,Missionary																				DESCISPI:YES	DESC:God of murder, Master of Assassins								SYMBOL:Black dagger							DEITYWEAP:Dart|Dagger|Blowgun									PANTHEON:Rallanon			SOURCEPAGE:Ivan A. Finzen IV
Zentol			NAMEISPI:YES	DOMAINS:Death,Missionary,Repose,Undeath (Evil),Undeath (Good)																DESCISPI:YES	DESC:God of death, The Judge										SYMBOL:Scales								DEITYWEAP:Sickle|Scythe|Greataxe								PANTHEON:Rallanon			SOURCEPAGE:Ivan A. Finzen IV


Ancestor Spirits					DOMAINS:Ancestor,Celestial,Community,Divination,Flame,Fortune,Fury,Grave,Guardian,Healing,Hero,Knowledge,Metal,Nature,River,Stone,Travel,Trickery,War,Wood																												DEITYWEAP:None											PANTHEON:Ancestor Spirits						!PRECLASS:1,Cleric=1
