# CVS $Revision: $ $Author: $ -- Fri May  8 13:30:11 2009 -- reformated by prettylst.pl v1.39 (build 8180)
SOURCELONG:Rallanon Publishing Group - The Encyclopedia Rallanon East	SOURCESHORT:EncRalEast	SOURCEWEB:http://raxstower.finzen.com

# Skill Name					Key Stat	Untrained?		Skill Penalty Apply	Exclusive?		Classes																																Type						Source Page				Bonus to skill
Battle						KEYSTAT:WIS	USEUNTRAINED:YES	ACHECK:NONE			EXCLUSIVE:NO	CLASSES:Barbarian|Fighter|Marshal|Paladin|Ranger																									TYPE:Wisdom					SOURCEPAGE:p.44			BONUS:SKILL|Battle|2|PRESKILL:1,Knowledge (War)=5|TYPE=Synergy.STACK
Craft (Alchemy)					KEYSTAT:INT	USEUNTRAINED:NO	ACHECK:NONE			EXCLUSIVE:NO																																		TYPE:Intelligence.Craft			SOURCEPAGE:Chap.4, Skills
Craft (Armorsmithing)				KEYSTAT:INT	USEUNTRAINED:NO	ACHECK:NONE			EXCLUSIVE:NO																																		TYPE:Intelligence.Craft			SOURCEPAGE:Chap.4, Skills
Craft (Autopsy)					KEYSTAT:INT	USEUNTRAINED:NO	ACHECK:NONE			EXCLUSIVE:NO																																		TYPE:Intelligence.Craft			SOURCEPAGE:Chap.4, Skills
Craft (Basketweaving)				KEYSTAT:INT	USEUNTRAINED:NO	ACHECK:NONE			EXCLUSIVE:NO																																		TYPE:Intelligence.Craft.Art		SOURCEPAGE:Chap.4, Skills
Craft (Blacksmithing)				KEYSTAT:INT	USEUNTRAINED:NO	ACHECK:NONE			EXCLUSIVE:NO																																		TYPE:Intelligence.Craft			SOURCEPAGE:Chap.4, Skills
Craft (Bookbinding)				KEYSTAT:INT	USEUNTRAINED:NO	ACHECK:NONE			EXCLUSIVE:NO																																		TYPE:Intelligence.Craft.Art		SOURCEPAGE:Chap.4, Skills
Craft (Bowmaking)					KEYSTAT:INT	USEUNTRAINED:NO	ACHECK:NONE			EXCLUSIVE:NO																																		TYPE:Intelligence.Craft			SOURCEPAGE:Chap.4, Skills
Craft (Brewing)					KEYSTAT:INT	USEUNTRAINED:NO	ACHECK:NONE			EXCLUSIVE:NO																																		TYPE:Intelligence.Craft			SOURCEPAGE:Chap.4, Skills
Craft (Calligraphy)				KEYSTAT:INT	USEUNTRAINED:NO	ACHECK:NONE			EXCLUSIVE:NO																																		TYPE:Intelligence.Craft.Art.Agariim	SOURCEPAGE:Chap.4, Skills
Craft (Candle Making)				KEYSTAT:INT	USEUNTRAINED:NO	ACHECK:NONE			EXCLUSIVE:NO																																		TYPE:Intelligence.Craft			SOURCEPAGE:Chap.4, Skills
Craft (Carpentry)					KEYSTAT:INT	USEUNTRAINED:NO	ACHECK:NONE			EXCLUSIVE:NO																																		TYPE:Intelligence.Craft			SOURCEPAGE:Chap.4, Skills
Craft (Clockmaking)				KEYSTAT:INT	USEUNTRAINED:NO	ACHECK:NONE			EXCLUSIVE:NO																																		TYPE:Intelligence.Craft			SOURCEPAGE:Chap.4, Skills
Craft (Coppersmithing)				KEYSTAT:INT	USEUNTRAINED:NO	ACHECK:NONE			EXCLUSIVE:NO																																		TYPE:Intelligence.Craft			SOURCEPAGE:Chap.4, Skills
Craft (Dragonsmithing)				KEYSTAT:INT	USEUNTRAINED:NO	ACHECK:NONE			EXCLUSIVE:NO																																		TYPE:Intelligence.Craft			SOURCEPAGE:Chap.4, Skills
Craft (Flower Arranging)			KEYSTAT:INT	USEUNTRAINED:NO	ACHECK:NONE			EXCLUSIVE:NO																																		TYPE:Intelligence.Craft.Art.Agariim	SOURCEPAGE:Chap.4, Skills
Craft (Gemcutting)				KEYSTAT:INT	USEUNTRAINED:NO	ACHECK:NONE			EXCLUSIVE:NO																																		TYPE:Intelligence.Craft.Art		SOURCEPAGE:Chap.4, Skills
Craft (Glassmaking)				KEYSTAT:INT	USEUNTRAINED:NO	ACHECK:NONE			EXCLUSIVE:NO																																		TYPE:Intelligence.Craft			SOURCEPAGE:Chap.4, Skills
Craft (Landscape Gardening)			KEYSTAT:INT	USEUNTRAINED:NO	ACHECK:NONE			EXCLUSIVE:NO																																		TYPE:Intelligence.Craft			SOURCEPAGE:Chap.4, Skills
Craft (Leatherworking)				KEYSTAT:INT	USEUNTRAINED:NO	ACHECK:NONE			EXCLUSIVE:NO																																		TYPE:Intelligence.Craft			SOURCEPAGE:Chap.4, Skills
Craft (Locksmithing)				KEYSTAT:INT	USEUNTRAINED:NO	ACHECK:NONE			EXCLUSIVE:NO																																		TYPE:Intelligence.Craft			SOURCEPAGE:Chap.4, Skills
Craft (Origami)					KEYSTAT:INT	USEUNTRAINED:NO	ACHECK:NONE			EXCLUSIVE:NO																																		TYPE:Intelligence.Craft.Art.Agariim	SOURCEPAGE:Chap.4, Skills
Craft (Painting)					KEYSTAT:INT	USEUNTRAINED:NO	ACHECK:NONE			EXCLUSIVE:NO																																		TYPE:Intelligence.Craft.Art.Agariim	SOURCEPAGE:Chap.4, Skills
Craft (Papermaking)				KEYSTAT:INT	USEUNTRAINED:NO	ACHECK:NONE			EXCLUSIVE:NO																																		TYPE:Intelligence.Craft			SOURCEPAGE:Chap.4, Skills
Craft (Poisonmaking)				KEYSTAT:INT	USEUNTRAINED:NO	ACHECK:NONE			EXCLUSIVE:NO																																		TYPE:Intelligence.Craft.Agariim	SOURCEPAGE:Chap.4, Skills
Craft (Pottery)					KEYSTAT:INT	USEUNTRAINED:NO	ACHECK:NONE			EXCLUSIVE:NO																																		TYPE:Intelligence.Craft.Art		SOURCEPAGE:Chap.4, Skills
Craft (Scrimshaw)					KEYSTAT:INT	USEUNTRAINED:NO	ACHECK:NONE			EXCLUSIVE:NO																																		TYPE:Intelligence.Craft.Art		SOURCEPAGE:Chap.4, Skills
Craft (Shipmaking)				KEYSTAT:INT	USEUNTRAINED:NO	ACHECK:NONE			EXCLUSIVE:NO																																		TYPE:Intelligence.Craft			SOURCEPAGE:Chap.4, Skills
Craft (Silkmaking)				KEYSTAT:INT	USEUNTRAINED:NO	ACHECK:NONE			EXCLUSIVE:NO																																		TYPE:Intelligence.Craft.Art.Agariim	SOURCEPAGE:Chap.4, Skills
Craft (Stonecarving)				KEYSTAT:INT	USEUNTRAINED:NO	ACHECK:NONE			EXCLUSIVE:NO																																		TYPE:Intelligence.Craft.Art.Agariim	SOURCEPAGE:Chap.4, Skills
Craft (Stonemasonry)				KEYSTAT:INT	USEUNTRAINED:NO	ACHECK:NONE			EXCLUSIVE:NO																																		TYPE:Intelligence.Craft			SOURCEPAGE:Chap.4, Skills
Craft (Tailoring)					KEYSTAT:INT	USEUNTRAINED:NO	ACHECK:NONE			EXCLUSIVE:NO																																		TYPE:Intelligence.Craft			SOURCEPAGE:Chap.4, Skills
Craft (Tattooing)					KEYSTAT:INT	USEUNTRAINED:NO	ACHECK:NONE			EXCLUSIVE:NO																																		TYPE:Intelligence.Craft.Art.Agariim	SOURCEPAGE:Chap.4, Skills
Craft (Trapmaking)				KEYSTAT:INT	USEUNTRAINED:NO	ACHECK:NONE			EXCLUSIVE:NO																																		TYPE:Intelligence.Craft			SOURCEPAGE:Chap.4, Skills
Craft (Weaponsmithing)				KEYSTAT:INT	USEUNTRAINED:NO	ACHECK:NONE			EXCLUSIVE:NO																																		TYPE:Intelligence.Craft			SOURCEPAGE:Chap.4, Skills
Craft (Weaving)					KEYSTAT:INT	USEUNTRAINED:NO	ACHECK:NONE			EXCLUSIVE:NO																																		TYPE:Intelligence.Craft.Art		SOURCEPAGE:Chap.4, Skills
Craft (Woodworking)				KEYSTAT:INT	USEUNTRAINED:NO	ACHECK:NONE			EXCLUSIVE:NO																																		TYPE:Intelligence.Craft.Art.Agariim	SOURCEPAGE:Chap.4, Skills
Iaijutsu Focus					KEYSTAT:CHA	USEUNTRAINED:NO					EXCLUSIVE:NO																																		TYPE:Charisma				SOURCEPAGE:p.58
Knowledge (Algoria)				KEYSTAT:INT	USEUNTRAINED:NO	ACHECK:NONE			EXCLUSIVE:NO																																		TYPE:Intelligence.Knowledge		SOURCEPAGE:Chap.9, Skills
Knowledge (Ancient History)			KEYSTAT:INT	USEUNTRAINED:NO	ACHECK:NONE			EXCLUSIVE:NO																																		TYPE:Intelligence.Knowledge		SOURCEPAGE:Chap.9, Skills
Knowledge (Ancient Kish)			KEYSTAT:INT	USEUNTRAINED:NO	ACHECK:NONE			EXCLUSIVE:NO																																		TYPE:Intelligence.Knowledge		SOURCEPAGE:Chap.9, Skills
Knowledge (Ardos)					KEYSTAT:INT	USEUNTRAINED:NO	ACHECK:NONE			EXCLUSIVE:NO																																		TYPE:Intelligence.Knowledge		SOURCEPAGE:Chap.9, Skills
Knowledge (Athega)				KEYSTAT:INT	USEUNTRAINED:NO	ACHECK:NONE			EXCLUSIVE:NO																																		TYPE:Intelligence.Knowledge		SOURCEPAGE:Chap.9, Skills
Knowledge (Bellagon)				KEYSTAT:INT	USEUNTRAINED:NO	ACHECK:NONE			EXCLUSIVE:NO																																		TYPE:Intelligence.Knowledge		SOURCEPAGE:Chap.9, Skills
Knowledge (Bencadrad Alliance)		KEYSTAT:INT	USEUNTRAINED:NO	ACHECK:NONE			EXCLUSIVE:NO																																		TYPE:Intelligence.Knowledge		SOURCEPAGE:Chap.9, Skills
Knowledge (Bloodlands)				KEYSTAT:INT	USEUNTRAINED:NO	ACHECK:NONE			EXCLUSIVE:NO																																		TYPE:Intelligence.Knowledge		SOURCEPAGE:Chap.9, Skills
Knowledge (Bonadan)				KEYSTAT:INT	USEUNTRAINED:NO	ACHECK:NONE			EXCLUSIVE:NO																																		TYPE:Intelligence.Knowledge		SOURCEPAGE:Chap.9, Skills
Knowledge (Candon)				KEYSTAT:INT	USEUNTRAINED:NO	ACHECK:NONE			EXCLUSIVE:NO																																		TYPE:Intelligence.Knowledge		SOURCEPAGE:Chap.9, Skills
Knowledge (Court Protocol)			KEYSTAT:INT	USEUNTRAINED:NO	ACHECK:NONE			EXCLUSIVE:NO																																		TYPE:Intelligence.Knowledge		SOURCEPAGE:Chap.9, Skills
Knowledge (Creature Lore)			KEYSTAT:INT	USEUNTRAINED:NO	ACHECK:NONE			EXCLUSIVE:NO																																		TYPE:Intelligence.Knowledge		SOURCEPAGE:Chap.9, Skills
Knowledge (Dentros)				KEYSTAT:INT	USEUNTRAINED:NO	ACHECK:NONE			EXCLUSIVE:NO																																		TYPE:Intelligence.Knowledge		SOURCEPAGE:Chap.9, Skills
Knowledge (Durinar)				KEYSTAT:INT	USEUNTRAINED:NO	ACHECK:NONE			EXCLUSIVE:NO																																		TYPE:Intelligence.Knowledge		SOURCEPAGE:Chap.9, Skills
Knowledge (Enchanted Wood)			KEYSTAT:INT	USEUNTRAINED:NO	ACHECK:NONE			EXCLUSIVE:NO																																		TYPE:Intelligence.Knowledge		SOURCEPAGE:Chap.9, Skills
Knowledge (Grass Sea)				KEYSTAT:INT	USEUNTRAINED:NO	ACHECK:NONE			EXCLUSIVE:NO																																		TYPE:Intelligence.Knowledge		SOURCEPAGE:Chap.9, Skills
Knowledge (Haknaar)				KEYSTAT:INT	USEUNTRAINED:NO	ACHECK:NONE			EXCLUSIVE:NO																																		TYPE:Intelligence.Knowledge		SOURCEPAGE:Chap.9, Skills
Knowledge (History)				KEYSTAT:INT	USEUNTRAINED:NO	ACHECK:NONE			EXCLUSIVE:NO																																		TYPE:Intelligence.Knowledge		SOURCEPAGE:Chap.9, Skills
Knowledge (Kharsiris)				KEYSTAT:INT	USEUNTRAINED:NO	ACHECK:NONE			EXCLUSIVE:NO																																		TYPE:Intelligence.Knowledge		SOURCEPAGE:Chap.9, Skills
Knowledge (Kish)					KEYSTAT:INT	USEUNTRAINED:NO	ACHECK:NONE			EXCLUSIVE:NO																																		TYPE:Intelligence.Knowledge		SOURCEPAGE:Chap.9, Skills
Knowledge (Kuraek)				KEYSTAT:INT	USEUNTRAINED:NO	ACHECK:NONE			EXCLUSIVE:NO																																		TYPE:Intelligence.Knowledge		SOURCEPAGE:Chap.9, Skills
Knowledge (Landorn)				KEYSTAT:INT	USEUNTRAINED:NO	ACHECK:NONE			EXCLUSIVE:NO																																		TYPE:Intelligence.Knowledge		SOURCEPAGE:Chap.9, Skills
Knowledge (Li-Ming)				KEYSTAT:INT	USEUNTRAINED:NO	ACHECK:NONE			EXCLUSIVE:NO																																		TYPE:Intelligence.Knowledge		SOURCEPAGE:Chap.9, Skills
Knowledge (Literature)				KEYSTAT:INT	USEUNTRAINED:NO	ACHECK:NONE			EXCLUSIVE:NO																																		TYPE:Intelligence.Knowledge		SOURCEPAGE:Chap.9, Skills
Knowledge (Mathematics)				KEYSTAT:INT	USEUNTRAINED:NO	ACHECK:NONE			EXCLUSIVE:NO																																		TYPE:Intelligence.Knowledge		SOURCEPAGE:Chap.9, Skills
Knowledge (Mysidia)				KEYSTAT:INT	USEUNTRAINED:NO	ACHECK:NONE			EXCLUSIVE:NO																																		TYPE:Intelligence.Knowledge		SOURCEPAGE:Chap.9, Skills
Knowledge (Nyarsk)				KEYSTAT:INT	USEUNTRAINED:NO	ACHECK:NONE			EXCLUSIVE:NO																																		TYPE:Intelligence.Knowledge		SOURCEPAGE:Chap.9, Skills
Knowledge (Pantorka)				KEYSTAT:INT	USEUNTRAINED:NO	ACHECK:NONE			EXCLUSIVE:NO																																		TYPE:Intelligence.Knowledge		SOURCEPAGE:Chap.9, Skills
Knowledge (Politics)				KEYSTAT:INT	USEUNTRAINED:NO	ACHECK:NONE			EXCLUSIVE:NO																																		TYPE:Intelligence.Knowledge		SOURCEPAGE:Chap.9, Skills
Knowledge (Roton)					KEYSTAT:INT	USEUNTRAINED:NO	ACHECK:NONE			EXCLUSIVE:NO																																		TYPE:Intelligence.Knowledge		SOURCEPAGE:Chap.9, Skills
Knowledge (Scrogothia)				KEYSTAT:INT	USEUNTRAINED:NO	ACHECK:NONE			EXCLUSIVE:NO																																		TYPE:Intelligence.Knowledge		SOURCEPAGE:Chap.9, Skills
Knowledge (Spirits)				KEYSTAT:INT	USEUNTRAINED:NO					EXCLUSIVE:NO																																		TYPE:Intelligence.Knowledge		SOURCEPAGE:p.70
Knowledge (Zhar)					KEYSTAT:INT	USEUNTRAINED:NO	ACHECK:NONE			EXCLUSIVE:NO																																		TYPE:Intelligence.Knowledge		SOURCEPAGE:Chap.9, Skills
Perform (Acrobatics)				KEYSTAT:CHA	USEUNTRAINED:NO	ACHECK:NONE			EXCLUSIVE:NO	CLASSES:Bard|Bard (Monte Cook's)|Rogue|Shaper																										TYPE:Perform.Charisma.Art		SOURCEPAGE:Chap.9, Skills
Perform (Chanting)				KEYSTAT:CHA	USEUNTRAINED:NO	ACHECK:NONE			EXCLUSIVE:NO	CLASSES:Bard|Bard (Monte Cook's)|Rogue|Shaper																										TYPE:Perform.Charisma.Art		SOURCEPAGE:Chap.9, Skills
Perform (Crowd Working)				KEYSTAT:CHA	USEUNTRAINED:NO	ACHECK:NONE			EXCLUSIVE:NO	CLASSES:Bard|Bard (Monte Cook's)|Rogue|Shaper																										TYPE:Perform.Charisma.Art		SOURCEPAGE:Chap.9, Skills
Perform (Jesting)					KEYSTAT:CHA	USEUNTRAINED:NO	ACHECK:NONE			EXCLUSIVE:NO	CLASSES:Bard|Bard (Monte Cook's)|Rogue|Shaper																										TYPE:Perform.Charisma.Art		SOURCEPAGE:Chap.9, Skills
Perform (Miming)					KEYSTAT:CHA	USEUNTRAINED:NO	ACHECK:NONE			EXCLUSIVE:NO	CLASSES:Bard|Bard (Monte Cook's)|Rogue|Shaper																										TYPE:Perform.Charisma.Art		SOURCEPAGE:Chap.9, Skills
Perform (Noh/kabuki)				KEYSTAT:CHA	USEUNTRAINED:NO	ACHECK:NONE			EXCLUSIVE:NO	CLASSES:Bard|Bard (Monte Cook's)|Rogue|Shaper																										TYPE:Perform.Charisma.Art		SOURCEPAGE:Chap.9, Skills
Perform (Poetry)					KEYSTAT:CHA	USEUNTRAINED:NO	ACHECK:NONE			EXCLUSIVE:NO	CLASSES:Bard|Bard (Monte Cook's)|Rogue|Shaper																										TYPE:Perform.Charisma.Art		SOURCEPAGE:Chap.9, Skills
Perform (Rhetoric)				KEYSTAT:CHA	USEUNTRAINED:NO	ACHECK:NONE			EXCLUSIVE:NO	CLASSES:Bard|Bard (Monte Cook's)|Rogue|Shaper																										TYPE:Perform.Charisma.Art		SOURCEPAGE:Chap.9, Skills
Perform (Storytelling)				KEYSTAT:CHA	USEUNTRAINED:NO	ACHECK:NONE			EXCLUSIVE:NO	CLASSES:Bard|Bard (Monte Cook's)|Rogue|Shaper																										TYPE:Perform.Charisma.Art		SOURCEPAGE:Chap.9, Skills
Perform (Tea Ceremony)				KEYSTAT:CHA	USEUNTRAINED:NO	ACHECK:NONE			EXCLUSIVE:NO	CLASSES:Bard|Bard (Monte Cook's)|Rogue|Shaper																										TYPE:Perform.Charisma.Art		SOURCEPAGE:Chap.9, Skills
Perform (Untrained)				KEYSTAT:CHA	USEUNTRAINED:YES	ACHECK:NONE			EXCLUSIVE:NO	CLASSES:Bard|Bard (Monte Cook's)|Rogue|Shaper																										TYPE:Perform.Charisma.Art		SOURCEPAGE:Chap.9, Skills
Profession (Cook)					KEYSTAT:WIS	USEUNTRAINED:NO					EXCLUSIVE:NO																																		TYPE:Wisdom.Profession			SOURCEPAGE:p.72
Profession (Courier)				KEYSTAT:WIS	USEUNTRAINED:NO	ACHECK:NONE			EXCLUSIVE:NO																																		TYPE:Wisdom.Profession			SOURCEPAGE:Chap.9, Skills
Profession (Courtesan)				KEYSTAT:WIS	USEUNTRAINED:NO	ACHECK:NONE			EXCLUSIVE:NO																																		TYPE:Wisdom.Profession			SOURCEPAGE:Chap.9, Skills
Profession (Courtier)				KEYSTAT:WIS	USEUNTRAINED:NO	ACHECK:NONE			EXCLUSIVE:NO																																		TYPE:Wisdom.Profession			SOURCEPAGE:Chap.9, Skills
Profession (Engineer)				KEYSTAT:WIS	USEUNTRAINED:NO					EXCLUSIVE:NO																																		TYPE:Wisdom.Profession			SOURCEPAGE:p.72
Profession (Farmer)				KEYSTAT:WIS	USEUNTRAINED:NO					EXCLUSIVE:NO																																		TYPE:Wisdom.Profession			SOURCEPAGE:p.72
Profession (Fisher)				KEYSTAT:WIS	USEUNTRAINED:NO					EXCLUSIVE:NO																																		TYPE:Wisdom.Profession			SOURCEPAGE:p.72
Profession (Gambler)				KEYSTAT:WIS	USEUNTRAINED:NO	ACHECK:NONE			EXCLUSIVE:NO																																		TYPE:Wisdom.Profession			SOURCEPAGE:Chap.9, Skills
Profession (Guide)				KEYSTAT:WIS	USEUNTRAINED:NO					EXCLUSIVE:NO																																		TYPE:Wisdom.Profession			SOURCEPAGE:p.72
Profession (Herbalist)				KEYSTAT:WIS	USEUNTRAINED:NO	ACHECK:NONE			EXCLUSIVE:NO																																		TYPE:Wisdom.Profession			SOURCEPAGE:Chap.9, Skills
Profession (Masseur)				KEYSTAT:WIS	USEUNTRAINED:NO	ACHECK:NONE			EXCLUSIVE:NO																																		TYPE:Wisdom.Profession			SOURCEPAGE:Chap.9, Skills
Profession (Merchant)				KEYSTAT:WIS	USEUNTRAINED:NO					EXCLUSIVE:NO																																		TYPE:Wisdom.Profession			SOURCEPAGE:p.72
Profession (Mortician)				KEYSTAT:WIS	USEUNTRAINED:NO					EXCLUSIVE:NO																																		TYPE:Wisdom.Profession			SOURCEPAGE:p.72
Profession (Mountaineer)			KEYSTAT:WIS	USEUNTRAINED:NO					EXCLUSIVE:NO																																		TYPE:Wisdom.Profession			SOURCEPAGE:p.72
Profession (Pearl Bed Diver)			KEYSTAT:WIS	USEUNTRAINED:NO					EXCLUSIVE:NO																																		TYPE:Wisdom.Profession			SOURCEPAGE:p.72
Profession (Prostitute)				KEYSTAT:WIS	USEUNTRAINED:NO	ACHECK:NONE			EXCLUSIVE:NO																																		TYPE:Wisdom.Profession			SOURCEPAGE:Chap.9, Skills
Profession (Rancher)				KEYSTAT:WIS	USEUNTRAINED:NO	ACHECK:NONE			EXCLUSIVE:NO																																		TYPE:Wisdom.Profession			SOURCEPAGE:Chap.9, Skills
Profession (Sailor)				KEYSTAT:WIS	USEUNTRAINED:NO					EXCLUSIVE:NO																																		TYPE:Wisdom.Profession			SOURCEPAGE:p.72
Profession (Scribe)				KEYSTAT:WIS	USEUNTRAINED:NO	ACHECK:NONE			EXCLUSIVE:NO																																		TYPE:Wisdom.Profession			SOURCEPAGE:Chap.9, Skills
Profession (Torturer)				KEYSTAT:WIS	USEUNTRAINED:NO	ACHECK:NONE			EXCLUSIVE:NO																																		TYPE:Wisdom.Profession			SOURCEPAGE:Chap.9, Skills
Research						KEYSTAT:INT	USEUNTRAINED:YES	ACHECK:NONE			EXCLUSIVE:NO	CLASSES:Alienist|Archmage|Bard|Bard (Monte Cook's)|Bargainer|Binder|Cleric|Demon Summoner|Demonologist|Loremaster|Mage of the Arcane Order|Master Alchemist|Possessed|Spectral Loremaster|Wizard	TYPE:Intelligence				SOURCEPAGE:Chap.9, Skills
Use Ley Line					KEYSTAT:CHA	USEUNTRAINED:NO	ACHECK:NONE			EXCLUSIVE:YES	CLASSES:Sorcerer|Wizard																														TYPE:Charisma				SOURCEPAGE:Chap.9, Skills


#Skills modified for Rallanon
Knowledge (Local).FORGET
Listen.MOD																																																			TYPE:Perception				SOURCEPAGE:Chap.9, Skills
Ritual Casting.MOD																CLASSES:Alienist|Archmage|Bargainer|Binder|Cleric|Demon Summoner|Demonologist|Mage of the Arcane Order|Master Alchemist|Possessed|Spectral Loremaster|Wizard
Search.MOD																																																			TYPE:Perception				SOURCEPAGE:Chap.9, Skills
Spot.MOD																																																			TYPE:Perception				SOURCEPAGE:Chap.9, Skills
Strategy.FORGET
Tactics.FORGET

Perform (Act).MOD																																																		TYPE:Perform.Charisma.Art.Agariim
Perform (Comedy).MOD																																																	TYPE:Perform.Charisma.Art.Agariim
Perform (Dance).MOD																																																	TYPE:Perform.Charisma.Art.Agariim
Perform (Keyboard Instruments).MOD																																															TYPE:Perform.Charisma.Art.Agariim
Perform (Oratory).MOD																																																	TYPE:Perform.Charisma.Art.Agariim
Perform (Percussion Instruments).MOD																																														TYPE:Perform.Charisma.Art.Agariim
Perform (String Instruments).MOD																																															TYPE:Perform.Charisma.Art.Agariim
Perform (Wind Instruments).MOD																																															TYPE:Perform.Charisma.Art.Agariim
Perform (Sing).MOD																																																	TYPE:Perform.Charisma.Art.Agariim
