# CVS $Revision: $ $Author: $ -- Fri May  8 13:30:11 2009 -- reformated by prettylst.pl v1.39 (build 8180)
SOURCELONG:Rallanon Publishing Group - The Encyclopedia Rallanon East	SOURCESHORT:EncRalEast	SOURCEWEB:http://raxstower.finzen.com


##Breed Templates
#Breed Name				Visible	Required Special Ability	Stat Bonus					Bonus to Skill					Bonus to AC						Bonus to Move			Move			Source Page
Badger (Hybrid form)		VISIBLE:YES																																										SOURCEPAGE:p.11																			PRESA:1,Badger Breed													BONUS:MOVEADD|TYPE=Walk|-10																			BONUS:STAT|CON|2|TYPE=Racial.STACK																							MOVE:Burrow,10
Carp (Hybrid form)		VISIBLE:YES																																										SOURCEPAGE:p.11																			PRESA:1,Carp Breed													BONUS:MOVEADD|TYPE=Walk|-20																			BONUS:STAT|DEX|2|TYPE=Racial.STACK																							MOVE:Swim,30
Cat (Hybrid form)			VISIBLE:YES																																										SOURCEPAGE:p.11																			PRESA:1,Cat Breed																			BONUS:SKILL|Balance|4|TYPE=Racial													BONUS:STAT|DEX|2|TYPE=Racial.STACK
Crab (Hybrid form)		VISIBLE:YES																																										SOURCEPAGE:p.11																			PRESA:1,Crab Breed							BONUS:COMBAT|AC|1|TYPE=NaturalArmor						BONUS:SKILL|Swim|4|TYPE=Racial
Crane (Hybrid form)		VISIBLE:YES																																										SOURCEPAGE:p.11																			PRESA:1,Crane Breed													BONUS:MOVEADD|TYPE=Walk|-10																			BONUS:STAT|DEX|2|TYPE=Racial.STACK																							MOVE:Fly,20
Dog (Hybrid form)			VISIBLE:YES																																										SOURCEPAGE:p.11																			PRESA:1,Dog Breed																			BONUS:SKILL|Wilderness Lore|4|TYPE=Racial												BONUS:STAT|CON|2|TYPE=Racial.STACK
Fox (Hybrid form)			VISIBLE:YES																																										SOURCEPAGE:p.11																			PRESA:1,Fox Breed																			BONUS:SKILL|Escape Artist|4|TYPE=Racial												BONUS:STAT|DEX|2|TYPE=Racial.STACK
Hare (Hybrid form)		VISIBLE:YES																																										SOURCEPAGE:p.11																			PRESA:1,Hare Breed													BONUS:MOVEADD|TYPE=Walk|10																			BONUS:STAT|DEX|2|TYPE=Racial.STACK
Monkey (Hybrid form)		VISIBLE:YES																																										SOURCEPAGE:p.11																			PRESA:1,Monkey Breed																		BONUS:SKILL|Climb|4|TYPE=Racial													BONUS:STAT|DEX|2|TYPE=Racial.STACK
Raccoon Dog (Hybrid form)	VISIBLE:YES																																										SOURCEPAGE:p.11																			PRESA:1,Raccoon Dog Breed																	BONUS:SKILL|Wilderness Lore|4|TYPE=Racial												BONUS:STAT|STR|2|TYPE=Racial.STACK
Rat (Hybrid form)			VISIBLE:YES																																										SOURCEPAGE:p.11																			PRESA:1,Rat Breed																			BONUS:SKILL|Hide|4|TYPE=Racial													BONUS:STAT|DEX|2|TYPE=Racial.STACK
Sparrow (Hybrid form)		VISIBLE:YES																																										SOURCEPAGE:p.11																			PRESA:1,Sparrow Breed													BONUS:MOVEADD|TYPE=Walk|-10																			BONUS:STAT|DEX|2|TYPE=Racial.STACK																							MOVE:Fly,20
Weasel (Hybrid form)		VISIBLE:YES																																										SOURCEPAGE:p.11																			PRESA:1,Weasel Breed																		BONUS:SKILL|Move Silently|4|TYPE=Racial												BONUS:STAT|CON|2|TYPE=Racial.STACK

##Shugenja School Templates
#School Name			Visible	Required Class			Granted Spell levels
Agasha School			VISIBLE:NO																																																																																																																																										SPELLLEVEL:CLASS|Shugenja=0|Flare|Shugenja=1|Burning Hands|Shugenja=2|Produce Flame|Shugenja=3|Searing Light|Shugenja=4|Fireball|Shugenja=5|Flame Strike|Shugenja=6|Fires of Purity|Shugenja=7|Fire Storm|Shugenja=8|Delayed Blast Fireball|Shugenja=9|Meteor Swarm
Asahina School			VISIBLE:NO																																																																																																																																										SPELLLEVEL:CLASS|Shugenja=0|Guidance|Shugenja=1|Detect Snares and Pits|Shugenja=2|Detect Thoughts|Shugenja=3|Clairaudience/Clairvoyance|Shugenja=4|Divination|Shugenja=5|Commune With Nature|Shugenja=6|Find the Path|Shugenja=7|Legend Lore|Shugenja=8|Vision|Shugenja=9|Foresight
Iuchi School			VISIBLE:NO																																																																																																																																										SPELLLEVEL:CLASS|Shugenja=0|Detect Magic|Shugenja=1|Remove Fear|Shugenja=2|Horse's Nose|Shugenja=3|When Two Become One|Shugenja=4|Remove Fatigue|Shugenja=5|Dance of the Unicorn|Shugenja=6|Control Weather|Shugenja=7|Greater Scrying|Shugenja=8|Horrid Wilting|Shugenja=9|Shambler
Kitsu School			VISIBLE:NO																																																																																																																																										SPELLLEVEL:CLASS|Shugenja=0|Cure Minor Wounds|Shugenja=1|Cure Light Wounds|Shugenja=2|Commune with Lesser Spirit|Shugenja=3|Cure Serious Wounds|Shugenja=4|Cure Critical Wounds|Shugenja=5|Commune with Greater Spirit|Shugenja=6|Heal|Shugenja=7|Resurrection|Shugenja=8|Mass Heal|Shugenja=9|Soul Bind
Kuni School				VISIBLE:NO																																																																																																																																										SPELLLEVEL:CLASS|Shugenja=0|Resistance|Shugenja=1|Magic Weapon|Shugenja=2|Tetsubo of Earth|Shugenja=3|Greater Magic Weapon|Shugenja=4|Dismissal|Shugenja=5|Dispel Taint|Shugenja=6|Banishment|Shugenja=7|Tomb of Jade|Shugenja=8|Binding|Shugenja=9|Imprisonment
Soshi School			VISIBLE:NO																																																																																																																																										SPELLLEVEL:CLASS|Shugenja=0|Daze|Shugenja=1|Change Self|Shugenja=2|Know the Shadows|Shugenja=3|Invisibility|Shugenja=4|Air Walk|Shugenja=5|Improved Invisibility|Shugenja=6|Veil|Shugenja=7|Mislead|Shugenja=8|Screen|Shugenja=9|Foresight
Tamori School			VISIBLE:NO																																																																																																																																										SPELLLEVEL:CLASS|Shugenja=0|Mending|Shugenja=1|Magic Stone|Shugenja=2|Soften Earth and Stone|Shugenja=3|Stone Shape|Shugenja=4|Holy Smite|Shugenja=5|Transmute Rock to Mud|Shugenja=6|Flesh to Stone|Shugenja=7|Statue|Shugenja=8|Earthquake|Shugenja=9|Antipathy
Yogo School				VISIBLE:NO																																																																																																																																										SPELLLEVEL:CLASS|Shugenja=0|Resistance|Shugenja=1|Protection from Taint|Shugenja=2|Obscure Object|Shugenja=3|Magic Circle against Taint|Shugenja=4|Spell Immunity|Shugenja=5|Spell Resistance|Shugenja=6|Antimagic Field|Shugenja=7|Spell Turning|Shugenja=8|Protection from Spells|Shugenja=9|Jade Aura


##Martial Arts Mastery Abilities
#Mastery Ability Name		Visible	Required Feats																Required Skill				Bonus									Sourcepage
Empty Hand Mastery		VISIBLE:YES																																										SOURCEPAGE:p.80	PREFEAT:6,Improved Unarmed Strike,Power Attack,Fists of Iron,Sunder,Eagle Claw Attack,Ki Shout								PRESKILL:1,Bluff=4
Mighty Works Mastery		VISIBLE:YES																																										SOURCEPAGE:p.80	PREFEAT:6,Improved Unarmed Strike,Improved Grapple,Stunning Fist,Choke Hold,Fists of Iron,Deflect Arrows
Foot and Fist Mastery		VISIBLE:YES																																										SOURCEPAGE:p.80	PREFEAT:6,Improved Unarmed Strike,Power Attack,Roundabout Kick,Flying Kick,Fists of Iron,Deflect Arrows						PRESKILL:2,Jump=5,Tumble=5												BONUS:SKILL|Balance,Jump,Tumble|10|TYPE=Competence
The Gentle Way Mastery		VISIBLE:YES																																										SOURCEPAGE:p.81	PREFEAT:6,Improved Unarmed Strike,Dodge,Improved Trip,Defensive Throw,Combat Reflexes,Great Throw							PRESKILL:1,Tumble=6
Meditation of War Mastery	VISIBLE:YES																																										SOURCEPAGE:p.80	PREFEAT:6,Improved Unarmed Strike,Stunning Fist,Fists of Iron,Freezing the Lifeblood,Falling Star Strike						PRESKILL:2,Jump=6,Tumble=6
###---Need to make them call to feats of same name to provide descriptions.
