# CVS $Revision: $ $Author: $ -- Fri May  8 13:30:11 2009 -- reformated by prettylst.pl v1.39 (build 8180)
SOURCELONG:Rallanon Publishing Group - The Encyclopedia Rallanon East	SOURCESHORT:EncRalEast	SOURCEWEB:http://raxstower.finzen.com


#Mundane
# Equipment Name			Proficiency							Output Name					Type													Alternative Type										Cost		Weight	Critical Hit Multiplier	Critical Hit Range	Alternative Critical	Alternative Critical Range	Damage	Alternative Damage	Modifier	Alternative Modifier	Wield Category	Range		Reach		Size		Source Page		Weapon prop. bonus																		Special Property																					Attack roll bonus
Butterfly Sword			PROFICIENCY:WEAPON|Butterfly Sword									TYPE:Weapon.Exotic.Melee.Slashing.Standard.Sword.Monk																	COST:10	WT:2		CRITMULT:x2			CRITRANGE:2												DAMAGE:1d6					EQMOD:STEEL												SIZE:S	SOURCEPAGE:p.72																						SPROP:A monk fighting with a butterfly sword may use his unarmed attack bonus.
Chain					PROFICIENCY:WEAPON|Chain										TYPE:Weapon.Exotic.Melee.Standard.Bludgeoning.Double.Finesseable.Ninja	ALTTYPE:Weapon.Exotic.Melee.Standard.Bludgeoning.Double.Finesseable.Ninja	COST:5	WT:5		CRITMULT:x2			CRITRANGE:1			ALTCRITMULT:x2							DAMAGE:1d6	ALTDAMAGE:1d6													REACH:10	SIZE:L	SOURCEPAGE:p.72																						SPROP:Can be used as a double weapon or a reach weapon. +2 to disarm.
Chijiriki				PROFICIENCY:WEAPON|Chijiriki										TYPE:Weapon.Exotic.Melee.Standard.Piercing.Double					ALTTYPE:Weapon.Exotic.Melee.Standard.Bludgeoning.Double			COST:8	WT:6		CRITMULT:x2			CRITRANGE:1			ALTCRITMULT:x2							DAMAGE:1d6	ALTDAMAGE:1d4															SIZE:L	SOURCEPAGE:p.72																						SPROP:Can make trip attacks with this weapon.
Jitte					PROFICIENCY:WEAPON|Jitte										TYPE:Weapon.Exotic.Melee.Bludgeoning.Standard.Monk.Ninja																	COST:0.5	WT:2		CRITMULT:x2			CRITRANGE:1												DAMAGE:1d4																		SIZE:S	SOURCEPAGE:p.72																						SPROP:You get a +2 bonuson your opposed attack roll when trying to disarm. A monk fighting with a jitte may use his unarmed attack bonus.
Jo Stick				PROFICIENCY:WEAPON|Jo Stick										TYPE:Weapon.Melee.TwoHanded.Simple.Double.Standard.Bludgeoning.Quarterstaff	ALTTYPE:Weapon.Melee.Bludgeoning							COST:0	WT:4		CRITMULT:x2			CRITRANGE:1			ALTCRITMULT:x2		ALTCRITRANGE:1			DAMAGE:1d6	ALTDAMAGE:1d6		EQMOD:WOOD	ALTEQMOD:WOOD		WIELD:TwoHanded					SIZE:M
Katana				PROFICIENCY:WEAPON|Sword (Bastard)									TYPE:Weapon.Melee.Martial.Exotic.Masterwork.Slashing.Sword.Katana															COST:400	WT:6		CRITMULT:x2			CRITRANGE:2												DAMAGE:1d10					EQMOD:STEEL					WIELD:TwoHanded					SIZE:M				BONUS:WEAPON|WIELDCATEGORY|-1|PREFEAT:1,Exotic Weapon Proficiency (Sword (Bastard))	BONUS:WEAPON|TOHIT|1|TYPE=Enhancement
Kau sin ke				PROFICIENCY:WEAPON|Kau sin ke										TYPE:Weapon.Exotic.Melee.Bludgeoning.Standard																		COST:15	WT:4		CRITMULT:x2			CRITRANGE:1												DAMAGE:1d8					EQMOD:STEEL												SIZE:M	SOURCEPAGE:p.72
Kawanaga				PROFICIENCY:WEAPON|Kawanaga										TYPE:Weapon.Exotic.Melee.Standard.Slashing.Bludgeoning.Double.Finesseable	ALTTYPE:Weapon.Exotic.Melee.Slashing.Bludgeoning.Double.Finesseable	COST:10	WT:1		CRITMULT:x2			CRITRANGE:1			ALTCRITMULT:x2							DAMAGE:1d3	ALTDAMAGE:1d3															SIZE:M	SOURCEPAGE:p.72																						SPROP:See Text
Kusari-gama				PROFICIENCY:WEAPON|Kusari-gama									TYPE:Weapon.Exotic.Melee.Standard.Slashing.Double.Finesseable.Ninja		ALTTYPE:Weapon.Exotic.Melee.Standard.Bludgeoning.Double.Finesseable.Ninja	COST:10	WT:3		CRITMULT:x2			CRITRANGE:1			ALTCRITMULT:x2							DAMAGE:1d6	ALTDAMAGE:1d4													REACH:10	SIZE:L	SOURCEPAGE:p.72																						SPROP:You can make trip attacks with this weapon, plus you get +2 to disarm.
Lajatang				PROFICIENCY:WEAPON|Lajatang										TYPE:Weapon.Exotic.Melee.Standard.Slashing.Double.Monk				ALTTYPE:Weapon.Exotic.Melee.Standard.Slashing.Double.Monk			COST:90	WT:7		CRITMULT:x2			CRITRANGE:1			ALTCRITMULT:x2							DAMAGE:1d8	ALTDAMAGE:1d8															SIZE:L	SOURCEPAGE:p.72
Nagamaki				PROFICIENCY:WEAPON|Nagamaki										TYPE:Weapon.Martial.Melee.Slashing.Standard.Polearm																	COST:8	WT:10		CRITMULT:x3			CRITRANGE:1												DAMAGE:2d4					EQMOD:STEEL												SIZE:L	SOURCEPAGE:p.72
Naginata				PROFICIENCY:WEAPON|Naginata										TYPE:Weapon.Martial.Melee.Slashing.Standard.Polearm																	COST:10	WT:15		CRITMULT:x3			CRITRANGE:1												DAMAGE:1d10					EQMOD:STEEL										REACH:10	SIZE:L	SOURCEPAGE:p.72
Nekode				PROFICIENCY:WEAPON|Nekode										TYPE:Weapon.Exotic.Melee.Piercing.Standard.Gauntlet.Monk.Ninja																COST:5	WT:2		CRITMULT:x2			CRITRANGE:1												DAMAGE:1d4																		SIZE:T	SOURCEPAGE:p.72
Ninja-to				PROFICIENCY:WEAPON|Sword (Short)									TYPE:Weapon.Melee.Finesseable.Martial.Standard.Slashing.Sword.Ninja															COST:10	WT:3		CRITMULT:x2			CRITRANGE:2												DAMAGE:1d6					EQMOD:STEEL					WIELD:Light						SIZE:M	SOURCEPAGE:p.72																						SPROP:See text
No Stick				PROFICIENCY:WEAPON|No Stick										TYPE:Weapon.Melee.Ranged.Thrown.Simple.Standard.Bludgeoning.Club															COST:0	WT:3		CRITMULT:x2			CRITRANGE:1												DAMAGE:1d6					EQMOD:WOOD					WIELD:OneHanded	RANGE:10			SIZE:M
Sai					PROFICIENCY:WEAPON|Sai											TYPE:Weapon.Exotic.Melee.Bludgeoning.Standard.Monk.Ninja																	COST:1	WT:2		CRITMULT:x2			CRITRANGE:1												DAMAGE:1d4					EQMOD:STEEL												SIZE:S	SOURCEPAGE:p.72																						SPROP:+4 to attack roll to disarm. A monk fighting with a sai may use his unarmed attack bonus.
Sang kauw				PROFICIENCY:WEAPON|Sang kauw										TYPE:Weapon.Exotic.Melee.Standard.Piercing.Double					ALTTYPE:Weapon.Exotic.Melee.Standard.Piercing.Double				COST:95	WT:10		CRITMULT:x3			CRITRANGE:1			ALTCRITMULT:x3							DAMAGE:1d8	ALTDAMAGE:1d8															SIZE:L	SOURCEPAGE:p.72
Sasumata				PROFICIENCY:WEAPON|Sasumata										TYPE:Weapon.Exotic.Melee.Standard.Bludgeoning																		COST:8	WT:8		CRITMULT:x2			CRITRANGE:1												DAMAGE:1d4																REACH:10	SIZE:L	SOURCEPAGE:p.72																						SPROP:Can be used to capture an opponent with a minimum of harm.
Shikomi-zue				PROFICIENCY:WEAPON|Shikomi-zue									TYPE:Weapon.Exotic.Melee.Standard.Piercing.Ninja																		COST:12	WT:5		CRITMULT:x3			CRITRANGE:1												DAMAGE:1d8																		SIZE:L	SOURCEPAGE:p.72																						SPROP:Without the spearpoint extended, this weapon has the same qualities as a quarterstaff.
Sodegarami				PROFICIENCY:WEAPON|Sodegarami										TYPE:Weapon.Exotic.Melee.Standard.Piercing																		COST:4	WT:5		CRITMULT:x2			CRITRANGE:1												DAMAGE:1d4																REACH:10	SIZE:L	SOURCEPAGE:p.72																						SPROP:Can be used to entangle an opponent with a minimum of harm.
Tail Spikes (Miinow)		PROFICIENCY:WEAPON|Tail Spikes (Miinow)		OUTPUTNAME:Tail Spikes, Miinow	TYPE:Weapon.Exotic.Melee.Piercing.Standard.Ninja																		COST:1	WT:0.5	CRITMULT:x2			CRITRANGE:1												DAMAGE:1d4					EQMOD:STEEL												SIZE:T	SOURCEPAGE:p.72																						SPROP:A miinow proficient with tail spikes can use them to make one extra attack per round with them.
Three-section Staff		PROFICIENCY:WEAPON|Three-section Staff								TYPE:Weapon.Exotic.Melee.Standard.Bludgeoning.Monk																	COST:4	WT:8		CRITMULT:x3			CRITRANGE:1												DAMAGE:1d8																		SIZE:L	SOURCEPAGE:p.72
Tonfa					PROFICIENCY:WEAPON|Tonfa										TYPE:Weapon.Exotic.Melee.Bludgeoning.Standard.Monk.Ninja																	COST:0.5	WT:2		CRITMULT:x2			CRITRANGE:1												DAMAGE:1d6					EQMOD:WOOD												SIZE:S	SOURCEPAGE:p.72																						SPROP:A monk fighting with a tonfa may use his unarmed attack bonus.
Wakizashi				PROFICIENCY:WEAPON|Sword (Short)									TYPE:Weapon.Melee.Finesseable.Martial.Masterwork.Slashing.Sword															COST:300	WT:3		CRITMULT:x2			CRITRANGE:2												DAMAGE:1d6					EQMOD:STEEL					WIELD:Light						SIZE:M	SOURCEPAGE:p.72	BONUS:WEAPON|TOHIT|1|TYPE=Enhancement
War Fan				PROFICIENCY:WEAPON|War Fan										TYPE:Weapon.Exotic.Melee.Slashing.Standard																		COST:30	WT:3		CRITMULT:x3			CRITRANGE:1												DAMAGE:1d6																		SIZE:S	SOURCEPAGE:p.72

##From Warrens of the Ratmen
Nail Sheaths			PROFICIENCY:WEAPON|Nail Sheaths									TYPE:Weapon.Exotic.Melee.Unarmed.Slashing.Ninja																			COST:50	WT:1																									EQMOD:STEEL														SOURCEPAGE:p.88																																													BONUS:TOHIT|TYPE=Unarmed|3
Tail Knife				PROFICIENCY:WEAPON|Tail Knife										TYPE:Weapon.Exotic.Melee.Standard.Piercing.Ninja																		COST:65	WT:3		CRITMULT:x2			CRITRANGE:1												DAMAGE:1d6					EQMOD:STEEL												SIZE:S	SOURCEPAGE:p.88
Tail Mace				PROFICIENCY:WEAPON|Tail Mace										TYPE:Weapon.Exotic.Melee.Standard.Bludgeoning.Ninja																		COST:45	WT:3		CRITMULT:x2			CRITRANGE:1												DAMAGE:1d6					EQMOD:STEEL												SIZE:S	SOURCEPAGE:p.88
