# CVS $Revision: 1.6 $ $Author: ericbeaudoin $ -- Fri May  8 13:30:11 2009 -- reformated by prettylst.pl v1.39 (build 8180)
# CN = Class Name	Al = Alignments Character Can Be	HD = Hit Die	SP = Starting Skill Points	F = Starting Feats	SS = Spell Stat	ST = Spell Type	AR = Attack Rating	FS = Fortitude Save	RS = Reflex Save	WS = Willpower Save	CWA = Class Automatically gets these Weapons	MBABR = Minimum Base Attack Bonus to Qualify for this class
# RSCT = Required Spell Casting Type to be this class	RS = Required Skill to be this class	RF = Required Feat to be this class		CA = Class Abbreviation		CML = Class Maximum Level	RR = Required Race to be this Class		SCA = Special Class Abilities		RSS = Required Spell School	CT = Class Type	RD = Required Deity
# SG = Starting Gold	SM = Source Material	LB = Language Bonus	SMT = Spell Memorization Type		LA = Language Automatically Start	BT = Bonus Types		CSAC = Cast Spells As Class	KSSLC = Known Spells - See Level Chart	RE = Required Equipment		RUBAB = Required Unarmed Base Attack Bonus	RWP = Required Weapon Proficiency
# MRAS = Minimum Required Ability Score	RSSS = Required Spell Sub-School	PRS = Pre-Required Spell to be this class		RC = Required Class to be this Prestige class		RTM = Required to Memorize Spells	PRSA = Pre-Required Special Ability		RL = Required Languages to be this class		MRST = Minimum Required Saving Throw (type Fort/Ref/Will)
# DS = Define Special	AA = Add Ability to class (feat/skill)	CT = Class Type (PC/NPC/Template/Monster)

SOURCELONG:Wizards of the Coast - Dragon Magazine #284	SOURCESHORT:WotC-Dragon #284	SOURCEWEB:http://www.wizards.com/default.asp?x=dragon
# Upgrade, 6/16/02 -- Tir Gwaith

# Class Name	Hit Dice	Type			Max Level	Source Page			Save checks bonus																Combat bonus
CLASS:Dragonkith	HD:8		TYPE:PC.Prestige	MAXLEVEL:10	SOURCEPAGE:p.68-69	BONUS:CHECKS|BASE.FORTITUDE|(CL/2)+2	BONUS:CHECKS|BASE.REFLEX|CL/3	BONUS:CHECKS|BASE.WILLPOWER|CL/3	BONUS:COMBAT|BAB|BAB:G|TYPE=Base.REPLACE
# Class Name	Req. Att.	Required Feat			Required Language		Required Skill
CLASS:Dragonkith	PREATT:6	PREFEAT:2,Alertness,Endurance	PRELANG:1,Draconic	PRESKILL:1,Knowledge (Arcana)=4
# Class Name	Skill Pts/Lvl
CLASS:Dragonkith	STARTSKILLPTS:4
1	SAB:Danger Sense	SAB:Scales +%|ScalyArmor	BONUS:COMBAT|AC|1|TYPE=NaturalArmor.REPLACE	BONUS:VAR|ScalyArmor|1		DEFINE:ScalyArmor|0
2	SAB:Mighty Attack +%d6|MightyAttack											BONUS:VAR|MightyAttack|1	DEFINE:MightyAttack|0
3	SAB:Detect Treasure	SAB:Energy Resistance 5
4	SAB:Telepathic Link					BONUS:COMBAT|AC|1|TYPE=NaturalArmor.REPLACE	BONUS:VAR|ScalyArmor|1
5																	BONUS:VAR|MightyAttack|1
6	SAB:Sorcerous Knack
7	SAB:Energy Resistance 10				BONUS:COMBAT|AC|1|TYPE=NaturalArmor.REPLACE	BONUS:VAR|ScalyArmor|1
8																	BONUS:VAR|MightyAttack|1
9	SAB:Energy Resistance 15	SAB:Share Spells
10									BONUS:COMBAT|AC|1|TYPE=NaturalArmor.REPLACE	BONUS:VAR|ScalyArmor|1
