# CVS $Revision: $ $Author: $ -- Tue Mar 10 10:59:06 2009 -- reformated by prettylst.pl v1.39 (build 8180)
SOURCELONG:Iron Kingdoms Character Guide	SOURCESHORT:IKCG	SOURCEWEB:http://www.ironkingdoms.com
# Original Entry by: Glen Murie

#Forget stuff that can't be used
# Feat Name						Type						Visible	Special ABility																																																																																																																																																																																																																																																																																Define																																						Innate Spells																															Description				Multiple?	Choose							Automatically Gained Weapon Prof.	Bonus to HP			Stat bonus								Modify VAR																																																													Source Page
Two Weapon Fighting Combat Style.FORGET
Archery Combat Style.FORGET

######Block: Human optional trait selection
## Would adding PRERACE:Human (<subrace>) to the statblocks fix the problem with stats piling on top of one another?
#							Type						Visible		Characteristic Mod
Khard Optional Characteristics		TYPE:KhardCharMod				VISIBLE:NO																																																																																																																																																																																																																																																																																																																																																																																				BONUS:STAT|STR|2	BONUS:STAT|INT|-2
No Khard Optional Characteristics		TYPE:KhardCharMod				VISIBLE:NO
Kossite Optional Characteristics		TYPE:KossiteCharMod			VISIBLE:NO																																																																																																																																																																																																																																																																																																																																																																																				BONUS:STAT|CON|2	BONUS:STAT|INT|-2	BONUS:STAT|CHA|-2
No Kossite Optional Characteristics		TYPE:KossiteCharMod			VISIBLE:NO
Ryn Optional Characteristics			TYPE:RynCharMod				VISIBLE:NO																																																																																																																																																																																																																																																																																																																																																																																				BONUS:STAT|CHA|2	BONUS:STAT|WIS|-2
No Ryn Optional Characteristics		TYPE:RynCharMod				VISIBLE:NO
Skirov Optional Characteristics		TYPE:SkirovCharMod			VISIBLE:NO																																																																																																																																																																																																																																																																																																																																																																																				BONUS:STAT|CON|2	BONUS:STAT|INT|-2
No Skirov Optional Characteristics		TYPE:SkirovCharMod			VISIBLE:NO
Umbrean Optional Characteristics		TYPE:UmbreanCharMod			VISIBLE:NO																																																																																																																																																																																																																																																																																																																																																																																				BONUS:STAT|STR|2	BONUS:STAT|CHA|-2
No Umbrean Optional Characteristics		TYPE:UmbreanCharMod			VISIBLE:NO
Morridane Optional Characteristics		TYPE:MorridaneCharMod			VISIBLE:NO																																																																																																																																																																																																																																																																																																																																																																																				BONUS:STAT|DEX|2	BONUS:STAT|CHA|-2
No Morridane Optional Characteristics	TYPE:MorridaneCharMod			VISIBLE:NO
Thurian Optional Characteristics		TYPE:ThurianCharMod			VISIBLE:NO																																																																																																																																																																																																																																																																																																																																																																																				BONUS:STAT|INT|2	BONUS:STAT|WIS|-2
No Thurian Optional Characteristics		TYPE:ThurianCharMod			VISIBLE:NO
Caspian Optional Characteristics		TYPE:CaspianCharMod			VISIBLE:NO																																																																																																																																																																																																																																																																																																																																																																																				BONUS:STAT|WIS|2	BONUS:STAT|CHA|2	BONUS:STAT|DEX|-2
No Caspian Optional Characteristics		TYPE:CaspianCharMod			VISIBLE:NO
Sulese Optional Characteristics		TYPE:SuleseCharMod			VISIBLE:NO																																																																																																																																																																																																																																																																																																																																																																																				BONUS:STAT|WIS|2	BONUS:STAT|CHA|2	BONUS:STAT|DEX|-2
No Sulese Optional Characteristics		TYPE:SuleseCharMod			VISIBLE:NO
Idrian Optional Characteristics		TYPE:IdrianCharMod			VISIBLE:NO																																																																																																																																																																																																																																																																																																																																																																																				BONUS:STAT|DEX|2	BONUS:STAT|INT|-2
No Idrian Optional Characteristics		TYPE:IdrianCharMod			VISIBLE:NO
Scharde Optional Characteristics		TYPE:SchardeCharMod			VISIBLE:NO																																																																																																																																																																																																																																																																																																																																																																																				BONUS:STAT|CON|2	BONUS:STAT|CHA|-2
No Scharde Optional Characteristics		TYPE:SchardeCharMod			VISIBLE:NO

#######Block: Select optional use of Jingoistic and Socially Isolated for various races
Jingoistic						TYPE:JingoisticOption			VISIBLE:NO	SAB:Jingistic, see IKCG pg.31
Not Jingoistic					TYPE:JingoisticOption			VISIBLE:NO
Socially Isolated					TYPE:SocialIsolationOption		VISIBLE:NO	SAB:Socially Isolated, see IKCG pg.31
Not Socially Isolated				TYPE:SocialIsolationOption		VISIBLE:NO

######Block: Ogrun bonus hit points; there MUST be a way of getting PCGEN to handle the random die roll!
## Would adding PRERACE:Ogrun to each of these fix the fact that the bonus HP's stick when race is changed?
1st Level Hit Point +1				TYPE:TYPE.OgrunBonusHP			VISIBLE:NO																																																																																																																																																																																																																																																																																																																																																																																BONUS:HP|CURRENTMAX|1
1st Level Hit Point +2				TYPE:TYPE.OgrunBonusHP			VISIBLE:NO																																																																																																																																																																																																																																																																																																																																																																																BONUS:HP|CURRENTMAX|2
1st Level Hit Point +3				TYPE:TYPE.OgrunBonusHP			VISIBLE:NO																																																																																																																																																																																																																																																																																																																																																																																BONUS:HP|CURRENTMAX|3
1st Level Hit Point +4				TYPE:TYPE.OgrunBonusHP			VISIBLE:NO																																																																																																																																																																																																																																																																																																																																																																																BONUS:HP|CURRENTMAX|4
1st Level Hit Point +5				TYPE:TYPE.OgrunBonusHP			VISIBLE:NO																																																																																																																																																																																																																																																																																																																																																																																BONUS:HP|CURRENTMAX|5
1st Level Hit Point +6				TYPE:TYPE.OgrunBonusHP			VISIBLE:NO																																																																																																																																																																																																																																																																																																																																																																																BONUS:HP|CURRENTMAX|6
1st Level Hit Point +7				TYPE:TYPE.OgrunBonusHP			VISIBLE:NO																																																																																																																																																																																																																																																																																																																																																																																BONUS:HP|CURRENTMAX|7
1st Level Hit Point +8				TYPE:TYPE.OgrunBonusHP			VISIBLE:NO																																																																																																																																																																																																																																																																																																																																																																																BONUS:HP|CURRENTMAX|8

######Block: Cleric abilities
Dhunia's Balm											VISIBLE:NO	SAB:+1 bonus per die to all healing spells
Dhunia's Wrath											VISIBLE:NO	SAB:+1 bonus per die to all inflict spells

######Block: Fell Caller abilities
# Feat Name						Type						Visible	Special ABility																																																																																																																																																																																																																																																																																Define																																						Innate Spells																															Description				Multiple?	Choose							Automatically Gained Weapon Prof.	Bonus to HP			Stat bonus								Modify VAR																																																													Source Page
Fell Calls						TYPE:Special				VISIBLE:NO	SAB:Fell Calls %1/day|FellCallTimes	SAB:Countersong (Su)|PRESKILL:1,Perform (Sing)=3|PREVARGTEQ:FellCallLevel,1	SAB:Fascinate (Sp) - can effect % creature|FellFascinate|PRESKILL:1,Perform (Sing)=3|PREVARGTEQ:FellCallLevel,1	SAB:Inspire Courage (Su) +%|InspireCourage	SAB:Inspire Competence (Su)|PRESKILL:1,Perform (Sing)=6|PREVARGTEQ:FellCallLevel,3	SAB:Suggestion (Sp)|PRESKILL:1,Perform (Sing)=9|PREVARGTEQ:FellCallLevel,6	SAB:Inspire Greatness (Su) - can affect % people|InspireGreat	SAB:Song of Freedom (Su)|PRESKILL:1,Perform (Sing)=15|PREVARGTEQ:FellCallLevel,12	SAB:Inspire Heroics (Su) - can affect % people|InspireHeroics|PREVARGTEQ:FellCallLevel,15	SAB:Mass Suggestion (Sp)|PRESKILL:1,Perform (Sing)=21|PREVARGTEQ:FellCallLevel,18	SAB:Fell Call|PRESKILL:1,Intimidate=1|PRESKILL:1,Perform (Sing)=3|PREVARGTEQ:FellCallLevel,1	SAB:Signal Call|PRESKILL:1,Perform (Sing)=3|PREVARGTEQ:FellCallLevel,1	SAB:Stay Death|PRESKILL:1,Perform (Sing)=4|PREVARGTEQ:FellCallLevel,1	SAB:Stunning Blast|PRESKILL:1,Perform (Sing)=6|PREVARGTEQ:FellCallLevel,1	SAB:Fell Howl|PRESKILL:1,Intimidate=8|PRESKILL:1,Perform (Sing)=8|PREVARGTEQ:FellCallLevel,1	SAB:Sonic Blast|PRESKILL:1,Intimidate=5|PRESKILL:1,Perform (Sing)=8|PREVARGTEQ:FellCallLevel,7	SAB:Confusion Call|PRESKILL:1,Perform (Sing)=9|PREVARGTEQ:FellCallLevel,7	SAB:Chorus Call|PREVARGTEQ:FellCallLevel,9	SAB:Dooms Quaking Call|PRESKILL:1,Perform (Sing)=12|PREVARGTEQ:FellCallLevel,10	SAB:Greater Fell Call|PRESKILL:1,Intimidate=12|PRESKILL:1,Perform (Sing)=15|PREVARGTEQ:FellCallLevel,12	SAB:Greater Chorus Call|PREVARGTEQ:FellCallLevel,15	DEFINE:FellCallTimes|0	DEFINE:FellFascinate|0	DEFINE:InspireCourage|0	DEFINE:InspireGreat|0	DEFINE:InspireHeroics|0																				SPELLS:Innate|TIMES=ATWILL|Suggestion (Mass)|PRESKILL:1,Perform (Sing)=21|PREVARGTEQ:FellCallLevel,18	SPELLS:Innate|TIMES=ATWILL|Suggestion|PRESKILL:1,Perform (Sing)=9|PREVARGTEQ:FellCallLevel,6																																			BONUS:VAR|FellFascinate|(FellCallLevel+2)/3	BONUS:VAR|InspireCourage|((FellCallLevel+4)/6.TRUNC)MAX1|PRESKILL:1,Perform (Sing)=3|PREVARGTEQ:FellCallLevel,1	BONUS:VAR|InspireGreat|(FellCallLevel-6)/3|PRESKILL:1,Perform (Sing)=12|PREVARGTEQ:FellCallLevel,9	BONUS:VAR|InspireHeroics|(FellCallLevel-12)/3|PRESKILL:1,Perform (Sing)=18|PREVARGTEQ:FellCallLevel,15

######Block: New turning abilities for Clerics of the Devourer and Cyriss, and eliminating unusable turns
Rebuke Beast					TYPE:Special.Turning.RebukeBeast	VISIBLE:NO	SAB:Rebuke Beast (Su) %1/day (turn level %2) (turn damage %3d%4+%5)|TurnTimesBeast|TurnLevelBeast|TurnDiceBeast|TurnDieSizeBeast|TurnDamagePlusBeast																																																																																																																																																																																																																																																											DEFINE:TurnTimesBeast|TurnTimesBase	DEFINE:TurnLevelBeast|TurnLevelBase	DEFINE:TurnDiceBeast|TurnDiceBase	DEFINE:TurnDieSizeBeast|TurnDieSizeBase	DEFINE:TurnDamagePlusBeast|TurnDamagePlusBase	DEFINE:TurnCheckBeast|TurnCheckBase

#######Block: Pistoleer Abilities
Vital Shot						TYPE:Special				VISIBLE:NO	SAB:Vital Shot +%1d%2|VitalShot|VitalShotDie																																																																																																																																																																																																																																																																											DEFINE:VitalShotDie|6	DEFINE:VitalShot|0																																																																	DESC:Class Special Ability																																																																																												SOURCEPAGE:pg.127

#######Block: Rifleman Abilities
Sniping Shot					TYPE:Special				VISIBLE:NO																																																																																																																																																																																																																																																																												DEFINE:SnipingShot|0																																																																					DESC:Sniping Shot (x%1 critical)|SnipingShot																																																																																												SOURCEPAGE:pg.131

#######Block: Warcaster Abilities		Visible?		Type			Multiples	Choose
Warcaster Simple Weapon				TYPE:Special				VISIBLE:NO																																																																																																																																																																																																																																																																																																																																																																MULT:YES	CHOOSE:PROFICIENCY|WEAPON|UNIQUE|TYPE.Simple	AUTO:WEAPONPROF|%LIST
Warcaster Martial Weapon			TYPE:Special				VISIBLE:NO																																																																																																																																																																																																																																																																																																																																																																MULT:YES	CHOOSE:PROFICIENCY|WEAPON|UNIQUE|TYPE.Martial	AUTO:WEAPONPROF|%LIST


######Block: Ranger "Scout" abilities.

###Block: Favored Terrains
# Feat Name					Type					Visible		Required Feat					Var. Min. Value				Special ABility							Define																																										Stackable?	Multiple?	Choose					Automatically Gained Weapon Prof.	Modify VAR		Source Page
# Basic Favored Terrain			TYPE:Special			VISIBLE:NO																								DEFINE:FavoredTerrainBase|2	DEFINE:FavoredTerrainChoices|FavoredTerrains-COUNT[FEATTYPE=FavoredTerrain.ALL]	DEFINE:FavoredTBonusChoices|FavoredTBonuses-COUNT[FEATTYPE=FavoredTerrainBonus.ALL]	DEFINE:FavoredTerrains|0	DEFINE:FavoredTBonuses|0
# Favored Terrain (Arctic)		TYPE:FavoredTerrain		VISIBLE:DISPLAY								PREVARGTEQ:FavoredTerrainChoices,1	SAB:Favored Terrain (Arctic) +%|FavoredArctic		DEFINE:FavoredArctic|FavoredTerrainBase																																							MULT:NO																SOURCEPAGE:p.84
# Favored Terrain (Desert)		TYPE:FavoredTerrain		VISIBLE:DISPLAY								PREVARGTEQ:FavoredTerrainChoices,1	SAB:Favored Terrain (Desert) +%|FavoredDesert		DEFINE:FavoredDesert|FavoredTerrainBase																																							MULT:NO																SOURCEPAGE:p.84
# Favored Terrain (Forest)		TYPE:FavoredTerrain		VISIBLE:DISPLAY								PREVARGTEQ:FavoredTerrainChoices,1	SAB:Favored Terrain (Forest) +%|FavoredForest		DEFINE:FavoredForest|FavoredTerrainBase																																							MULT:NO																SOURCEPAGE:p.84
# Favored Terrain (Hills)			TYPE:FavoredTerrain		VISIBLE:DISPLAY								PREVARGTEQ:FavoredTerrainChoices,1	SAB:Favored Terrain (Hills) +%|FavoredHills		DEFINE:FavoredHills|FavoredTerrainBase																																							MULT:NO																SOURCEPAGE:p.84
# Favored Terrain (Jungle)		TYPE:FavoredTerrain		VISIBLE:DISPLAY								PREVARGTEQ:FavoredTerrainChoices,1	SAB:Favored Terrain (Jungle) +%|FavoredJungle		DEFINE:FavoredJungle|FavoredTerrainBase																																							MULT:NO																SOURCEPAGE:p.84
# Favored Terrain (Mountains)		TYPE:FavoredTerrain		VISIBLE:DISPLAY								PREVARGTEQ:FavoredTerrainChoices,1	SAB:Favored Terrain (Mountains) +%|FavoredMountains	DEFINE:FavoredMountains|FavoredTerrainBase																																						MULT:NO																SOURCEPAGE:p.84
# Favored Terrain (Plains)		TYPE:FavoredTerrain		VISIBLE:DISPLAY								PREVARGTEQ:FavoredTerrainChoices,1	SAB:Favored Terrain (Plains) +%|FavoredPlains		DEFINE:FavoredPlains|FavoredTerrainBase																																							MULT:NO																SOURCEPAGE:p.84
# Favored Terrain (Scrub)			TYPE:FavoredTerrain		VISIBLE:DISPLAY								PREVARGTEQ:FavoredTerrainChoices,1	SAB:Favored Terrain (Scrub) +%|FavoredScrub		DEFINE:FavoredScrub|FavoredTerrainBase																																							MULT:NO																SOURCEPAGE:p.84
# Favored Terrain (Swamp)			TYPE:FavoredTerrain		VISIBLE:DISPLAY								PREVARGTEQ:FavoredTerrainChoices,1	SAB:Favored Terrain (Swamp) +%|FavoredSwamp		DEFINE:FavoredSwamp|FavoredTerrainBase																																							MULT:NO																SOURCEPAGE:p.84

#Favored TerrainBonuses
# Feat Name					Type					Visible		Required Feat					Var. Min. Value				Special ABility							Define																																										Stackable?	Multiple?	Choose					Automatically Gained Weapon Prof.	Modify VAR		Source Page
# Favored Terrain Bonus__Arctic		TYPE:FavoredTerrainBonus	VISIBLE:DISPLAY	PREFEAT:1,Favored Terrain (Arctic)		PREVARGTEQ:FavoredTBonusChoices,1																																																					STACK:YES	MULT:YES	CHOOSE:STRING|FavoredArctic								BONUS:VAR|%LIST|2	SOURCEPAGE:p.84
# Favored Terrain Bonus__Desert		TYPE:FavoredTerrainBonus	VISIBLE:DISPLAY	PREFEAT:1,Favored Terrain (Desert)		PREVARGTEQ:FavoredTBonusChoices,1																																																					STACK:YES	MULT:YES	CHOOSE:STRING|FavoredDesert								BONUS:VAR|%LIST|2	SOURCEPAGE:p.84
# Favored Terrain Bonus__Forest		TYPE:FavoredTerrainBonus	VISIBLE:DISPLAY	PREFEAT:1,Favored Terrain (Forest)		PREVARGTEQ:FavoredTBonusChoices,1																																																					STACK:YES	MULT:YES	CHOOSE:STRING|FavoredForest								BONUS:VAR|%LIST|2	SOURCEPAGE:p.84
# Favored Terrain Bonus__Hills		TYPE:FavoredTerrainBonus	VISIBLE:DISPLAY	PREFEAT:1,Favored Terrain (Hills)		PREVARGTEQ:FavoredTBonusChoices,1																																																					STACK:YES	MULT:YES	CHOOSE:STRING|FavoredHills								BONUS:VAR|%LIST|2	SOURCEPAGE:p.84
# Favored Terrain Bonus__Jungle		TYPE:FavoredTerrainBonus	VISIBLE:DISPLAY	PREFEAT:1,Favored Terrain (Jungle)		PREVARGTEQ:FavoredTBonusChoices,1																																																					STACK:YES	MULT:YES	CHOOSE:STRING|FavoredJungle								BONUS:VAR|%LIST|2	SOURCEPAGE:p.84
# Favored Terrain Bonus__Mountains	TYPE:FavoredTerrainBonus	VISIBLE:DISPLAY	PREFEAT:1,Favored Terrain (Mountains)	PREVARGTEQ:FavoredTBonusChoices,1																																																					STACK:YES	MULT:YES	CHOOSE:STRING|FavoredMountains							BONUS:VAR|%LIST|2	SOURCEPAGE:p.84
# Favored Terrain Bonus__Plains		TYPE:FavoredTerrainBonus	VISIBLE:DISPLAY	PREFEAT:1,Favored Terrain (Plains)		PREVARGTEQ:FavoredTBonusChoices,1																																																					STACK:YES	MULT:YES	CHOOSE:STRING|FavoredPlains								BONUS:VAR|%LIST|2	SOURCEPAGE:p.84
# Favored Terrain Bonus__Scrub		TYPE:FavoredTerrainBonus	VISIBLE:DISPLAY	PREFEAT:1,Favored Terrain (Scrub)		PREVARGTEQ:FavoredTBonusChoices,1																																																					STACK:YES	MULT:YES	CHOOSE:STRING|FavoredScrub								BONUS:VAR|%LIST|2	SOURCEPAGE:p.84
# Favored Terrain Bonus__Swamp		TYPE:FavoredTerrainBonus	VISIBLE:DISPLAY	PREFEAT:1,Favored Terrain (Swamp)		PREVARGTEQ:FavoredTBonusChoices,1																																																					STACK:YES	MULT:YES	CHOOSE:STRING|FavoredSwamp								BONUS:VAR|%LIST|2	SOURCEPAGE:p.84


## Greylord weapon profs --Rax
GreylordPistol				TYPE:Special			VISIBLE:NO																																																																					MULT:NO							AUTO:WEAPONPROF|Pistol
GreylordRifle				TYPE:Special			VISIBLE:NO																																																																					MULT:NO							AUTO:WEAPONPROF|Rifle
