# CVS $Revision: $ $Author: $ -- Fri May  8 13:30:11 2009 -- reformated by prettylst.pl v1.39 (build 8180)
SOURCELONG:Iron Kingdoms Character Guide	SOURCESHORT:IKCG	SOURCEWEB:http://www.ironkingdoms.com
## Original Entry by: Rax the Grey

##Block: Weapon MODs
# Equipment Name		Required Proficiency				Type													Alternative Type							Cost		Weight	Critical Hit Multiplier	Critical Hit Range	Alternative Critical	Alternative Critical Range	Damage	Alternative Damage	Modifier		Wield Category	Range		Reach Multiplier	Size		Source Page
Club.MOD
Sickle.MOD
Mace (Light).MOD
Sword (Short).MOD


##Block: New Weapons
# Equipment Name		Required Proficiency				Type													Alternative Type							Cost		Weight	Critical Hit Multiplier	Critical Hit Range	Alternative Critical	Alternative Critical Range	Damage	Alternative Damage	Modifier		Wield Category	Range		Reach Multiplier	Size		Source Page
Battleblade (Caspian)	PROFICIENCY:WEAPON|Battleblade (Caspian)	TYPE:Weapon.Melee.Slashing.Martial.Sword																COST:22	WT:12		CRITMULT:x3			CRITRANGE:1												DAMAGE:2d4					EQMOD:STEEL		WIELD:OneHanded						SIZE:M	SOURCEPAGE:pg. 193
Battleglaive		PROFICIENCY:WEAPON|Battleglaive		TYPE:Weapon.Melee.Slashing.Exotic.Sword																COST:46	WT:18		CRITMULT:x3			CRITRANGE:1												DAMAGE:3d4					EQMOD:STEEL		WIELD:TwoHanded						SIZE:M	SOURCEPAGE:pg. 193
Claymore (Nyss)		PROFICIENCY:WEAPON|Claymore (Nyss)		TYPE:Weapon.Melee.Martial.Exotic.Slashing.Sword
Katrena's Hook		PROFICIENCY:WEAPON|Katrena's Hook		TYPE:Weapon.Melee.Slashing.Double.Exotic.Monk						ALTTYPE:Weapon.Melee.Piercing.Double.Exotic.Monk	COST:15	WT:6		CRITMULT:x3			CRITRANGE:1			ALTCRITMULT:x3		ALTCRITRANGE:1			DAMAGE:1d6	ALTDAMAGE:1d6		EQMOD:STEEL		WIELD:Light							SIZE:M	SOURCEPAGE:pg. 193
Maul				PROFICIENCY:WEAPON|Maul				TYPE:Weapon.Melee.Martial.Bludgeoning.Hammer.TwoHanded													COST:20	WT:15		CRITMULT:x2			CRITRANGE:1												DAMAGE:3d4					EQMOD:STEEL		WIELD:TwoHanded						SIZE:M	SOURCEPAGE:pg. 193
Mechanik's Wrench		PROFICIENCY:WEAPON|Mechanik's Wrench	TYPE:Weapon.Melee.Bludgeoning.Double.Simple.Tools					ALTTYPE:Weapon.Melee.Piercing					COST:20	WT:5		CRITMULT:x2			CRITRANGE:1			ALTCRITMULT:x2		ALTCRITRANGE:1			DAMAGE:1d6	ALTDAMAGE:1d4		EQMOD:STEEL		WIELD:OneHanded						SIZE:M	SOURCEPAGE:pg. 200

##Block: Diety Weapons
# Equipment Name		Required Proficiency				Type													Alternative Type							Cost		Weight	Critical Hit Multiplier	Critical Hit Range	Alternative Critical	Alternative Critical Range	Damage	Alternative Damage	Modifier		Wield Category	Range		Reach Multiplier	Size		Source Page
Dagger (Barbed)		PROFICIENCY:WEAPON|Dagger			TYPE:Weapon.Melee.Finesseable.Ranged.Thrown.Simple.Piercing.Slashing.Dagger										COST:302	WT:1		CRITMULT:x2			CRITRANGE:2												DAMAGE:1d4					EQMOD:BARB.STEEL	WIELD:Light		RANGE:10				SIZE:M	SOURCEPAGE:pg. 221
Longspear (Barbed)	PROFICIENCY:WEAPON|Longspear			TYPE:Weapon.Melee.TwoHanded.Simple.Reach.Piercing.Spear													COST:305	WT:9		CRITMULT:x3			CRITRANGE:1												DAMAGE:1d8					EQMOD:BARB.WOOD	WIELD:TwoHanded			REACHMULT:2		SIZE:M	SOURCEPAGE:pg. 221
