# CVS $Revision: $ $Author: $ -- Fri May  8 13:30:11 2009 -- reformated by prettylst.pl v1.39 (build 8180)
SOURCELONG:Iron Kingdoms Character Guide	SOURCESHORT:IKCG	SOURCEWEB:http://www.ironkingdoms.com
## Original Entry by: Rax the Grey

## QUESTION: How do we add variable cost?  i.e. Military Pistol Rounds are 8-10 each.  --Rax

##Block: Firearm Rounds
# Equipment Name					Output Name					Type							Cost		Weight	Base Quantity	Modifier		Requires Modification?	Source Page				Bonus Weapon Modifiers			Special Property
Carbine Round (Military)									TYPE:Ammunition.Firearm.Magic.Metal.Round	COST:10	WT:0.1
Grappling Gun Round										TYPE:Ammunition.Firearm.Magic.Metal.Round	COST:10	WT:0.1
Harpoon Gun Round											TYPE:Ammunition.Firearm.Magic.Metal.Round	COST:10	WT:0.1
Musket Round											TYPE:Ammunition.Firearm.Magic.Metal.Round	COST:8	WT:0.1
Pistol Round (Clockwerk Arms Pepperbox)							TYPE:Ammunition.Firearm.Magic.Metal.Round	COST:5	WT:0.1
Pistol Round (Military)										TYPE:Ammunition.Firearm.Magic.Metal.Round	COST:8	WT:0.1
Pistol Round (Musket)										TYPE:Ammunition.Firearm.Magic.Metal.Round	COST:6	WT:0.1
Pistol Round (Pinlock)										TYPE:Ammunition.Firearm.Magic.Metal.Round	COST:5	WT:0.1
Pistol Round (Radliffe Quad Iron)								TYPE:Ammunition.Firearm.Magic.Metal.Round	COST:16	WT:0.1
Pistol Round (Rynnish Holdout)								TYPE:Ammunition.Firearm.Magic.Metal.Round	COST:5	WT:0.1
Pistol Round (Rynnish Walking Stick)							TYPE:Ammunition.Firearm.Magic.Metal.Round	COST:5	WT:0.1
Pistol Round (Small)										TYPE:Ammunition.Firearm.Magic.Metal.Round	COST:6	WT:0.1
Rifle Round (Clockwerk Arms Revolving)							TYPE:Ammunition.Firearm.Magic.Metal.Round	COST:7	WT:0.1
Rifle Round (Long)										TYPE:Ammunition.Firearm.Magic.Metal.Round	COST:8	WT:0.1
Rifle Round (Military)										TYPE:Ammunition.Firearm.Magic.Metal.Round	COST:10	WT:0.1
Rifle Round (Vanar Liberator)									TYPE:Ammunition.Firearm.Magic.Metal.Round	COST:16	WT:0.1
Rifle Round (Vislovski)										TYPE:Ammunition.Firearm.Magic.Metal.Round	COST:10	WT:0.1

##Block: Arrows & Bolts
Arrow													TYPE:Ammunition.Standard.Arrow.Individual	COST:0.05	WT:0.15	BASEQTY:1		EQMOD:STEEL.WOOD	MODS:YES			SOURCEPAGE:Equipment.rtf
Arrows (20)												TYPE:Ammunition.Standard.Arrow		COST:1	WT:3		BASEQTY:20		EQMOD:STEEL.WOOD	MODS:YES			SOURCEPAGE:Equipment.rtf
Bolts (Crossbow/10)				OUTPUTNAME:Bolts, Crossbow (10)	TYPE:Ammunition.Standard.Bolt			COST:1	WT:1		BASEQTY:10		EQMOD:STEEL.WOOD	MODS:YES			SOURCEPAGE:Equipment.rtf
Bolt (Crossbow)					OUTPUTNAME:Bolt, [NAME]			TYPE:Ammunition.Standard.Bolt.Individual	COST:0.1	WT:0.1	BASEQTY:1		EQMOD:STEEL.WOOD	MODS:YES			SOURCEPAGE:Equipment.rtf

Arrow (Barbed)											TYPE:Ammunition.Arrow.Individual		COST:0.2	WT:0.1	BASEQTY:1		EQMOD:STEEL.WOOD	MODS:YES			SOURCEPAGE:pg. 189								SPROP:+1d6 dmg if removed improperly
Bolt (Barbed)											TYPE:Ammunition.Bolt.Individual		COST:0.2	WT:0.1	BASEQTY:1		EQMOD:STEEL.WOOD	MODS:YES			SOURCEPAGE:pg. 189		BONUS:EQMWEAPON|CRITRANGEADD|1	SPROP:+1d6 dmg if removed improperly
Arrow (Blunt-Headed/20)										TYPE:Ammunition.Arrow				COST:0.5	WT:3		BASEQTY:20		EQMOD:STEEL.WOOD	MODS:YES			SOURCEPAGE:pg. 190		BONUS:EQMWEAPON|CRITRANGEADD|-1
Bolt (Blunt-Headed/20)										TYPE:Ammunition.Bolt				COST:0.5	WT:3		BASEQTY:20		EQMOD:STEEL.WOOD	MODS:YES			SOURCEPAGE:pg. 190
#Cleft
#Explosive
#Flaming
#Grappling
#Message
#Rope Cutter
#Screaming
