# CVS $Revision: $ $Author: $ -- Fri May  8 13:30:11 2009 -- reformated by prettylst.pl v1.39 (build 8180)
SOURCELONG:Iron Kingdoms Character Guide	SOURCESHORT:IKCG	SOURCEWEB:http://www.ironkingdoms.com

#IK Prestige Classes created by Glen Murie

#Clear out 'illegal' prestiges

# Class Name
CLASS:Arcane Archer.FORGET

# Class Name
CLASS:Arcane Trickster.FORGET

# Class Name
CLASS:Assassin.FORGET

# Class Name
CLASS:Dragon Disciple.FORGET

# Class Name
CLASS:Eldritch Knight.FORGET

# Class Name
CLASS:Horizon Walker.FORGET

# Class Name
CLASS:Mystic Theurge.FORGET

# Class Name
CLASS:Shadowdancer.FORGET

# Class Name
CLASS:Thaumaturgist.FORGET

# TODO: Morrow's blessing lets the Battle Chaplain to exceed the normal healing bonus limit, so Cure Light could
# heal 1d8+9 HP. I think the only way to implement this is to .MOD the relevant spells, but I'd prefer to
# be able to do it here. I currently have the caster level of Mass Cure Light wounds implemented incorrectly,
# it should be equal to divine caster level, but I don't know how to do that.

# Class Name		Hit Dice	Type			Abbreviation	Max Level	Source Page		Save checks bonus											Combat bonus
CLASS:Battle Chaplain	HD:10		TYPE:PC.Prestige	ABB:Bcp		MAXLEVEL:5	SOURCEPAGE:pg.115	BONUS:CHECKS|BASE.Fortitude|CL/2+2	BONUS:CHECKS|BASE.Will,BASE.Reflex|CL/3	BONUS:COMBAT|BAB|CL|TYPE=Base.REPLACE
# Class Name		Required AL		Required Skill														Req. Spell Type
CLASS:Battle Chaplain	PREALIGN:LG,NG,CG	PRESKILL:1,Knowledge (Religion)=8	PRESKILL:1,Handle Animal=5,Heal=5,Ride=5,Sense Motive=5	PRESPELLTYPE:1,Divine=1
# Class Name		Skill Pts/Lvl	Class Skill
CLASS:Battle Chaplain	STARTSKILLPTS:2	CSKILL:Concentration|Diplomacy|Handle Animal|Heal|Knowledge (Religion)|TYPE=Profession|Ride|Sense Motive|Spellcraft
1	SAB:Rally the Faithful +% (Su)|RallytheFaithful											BONUS:VAR|RallytheFaithful|2	DEFINE:RallytheFaithful|0	ADD:SPELLCASTER|Divine
2	SAB:Morrow's Blessing (Su)							BONUS:CASTERLEVEL|SUBSCHOOL.Healing|1											ADD:FEAT|Cleave,Combat Casting,Combat Expertise,Extra Turning,Great Cleave,Improved Bull Rush,Improved Counterspell,Improved Disarm,Improved Feint,Improved Shield Bash,Improved Sunder,Improved Trip,Improved Turning,Improved Two Weapon Fighting,Mounted Archery,Mounted Combat,Power Attack,Ride By Attack,Skill Focus (Heal),Spirited Charge,Trample,Two Weapon Fighting,Weapon Focus,Whirlwind Attack
3																			BONUS:VAR|RallytheFaithful|2						ADD:SPELLCASTER|Divine
4																													ADD:FEAT|Cleave,Combat Casting,Combat Expertise,Extra Turning,Great Cleave,Improved Bull Rush,Improved Counterspell,Improved Disarm,Improved Feint,Improved Shield Bash,Improved Sunder,Improved Trip,Improved Turning,Improved Two Weapon Fighting,Mounted Archery,Mounted Combat,Power Attack,Ride By Attack,Skill Focus (Heal),Spirited Charge,Trample,Two Weapon Fighting,Weapon Focus,Whirlwind Attack	SPELLS:Innate|CASTERLEVEL=TL|Cure Light Wounds (Mass),15+WIS
5	SAB:Morrow's Sight (Sp), can sense evil actions within 30 feet.								BONUS:VAR|RallytheFaithful|2						ADD:SPELLCASTER|Divine																																																															SPELLS:Innate|TIMES=ATWILL|CASTERLEVEL=TL|Detect Evil,11+WIS

###########
# TODO:
#	Implementation of Caster level is not 100% correct. It is based off of Druid class level plus this one,
#	but since the only way to get directly to this class is as a Druid it should stand for the time being.
#	I have to fix it so that some nut who wants a Druid/Cleric can do it and get their caster level
#	from their levels in Cleric at some point though...
#	Need to create a calculation for Elemental Strike at some point, though it's fairly trivial.

# Class Name	Hit Dice	Type			Abbreviation	Max Level	Source Page		Save checks bonus											Combat bonus
CLASS:Blackclad	HD:8		TYPE:PC.Prestige	ABB:Blc		MAXLEVEL:6	SOURCEPAGE:pg.117	BONUS:CHECKS|BASE.Fortitude|CL/2+2	BONUS:CHECKS|BASE.Will,BASE.Reflex|CL/3	BONUS:COMBAT|BAB|CL*3/4|TYPE=Base.REPLACE
# Class Name	Required AL	Required Feat						Req. Special Ability		Required Skill																Req. Spell Type
CLASS:Blackclad	PREALIGN:CN	PREFEAT:3,Endurance,Great Fortitude,Iron Will	PRESA:1,Trackless Step (Ex)	PRESKILL:2,Craft (Stoneworking)=5,Craft (Woodworking)=5	PRESKILL:2,Intimidate=8,Knowledge (Nature)=8	PRESPELLTYPE:1,Divine=4
# Class Name	Skill Pts/Lvl	Class Skill
CLASS:Blackclad	STARTSKILLPTS:4	CSKILL:Climb|Concentration|TYPE=Craft|Intimidate|Jump|Knowledge (Nature)|Listen|Spellcraft|Spot|Survival|Swim
# Class Name	Spell Stat		Spell Type		Automatically Known Spell Levels			Caster level
CLASS:Blackclad	SPELLSTAT:WIS	SPELLTYPE:Divine	KNOWNSPELLS:LEVEL=4|LEVEL=5|LEVEL=6|LEVEL=7	BONUS:CASTERLEVEL|Blackclad|CL+CL=Druid
1	CAST:0,0,0,0,2,1		SAB:Unhindered Step (Ex)	SAB:Stone Mastery (Su),Stone Tell and teleport via stones 20ft/level/day.	SPELLS:Innate|TIMES=CL|CASTERLEVEL=((CL=Blackclad)+(CL=Druid))|Stone Tell,16+WIS
2	CAST:0,0,0,0,2,2																																		AUTO:FEAT|Craft Construct
3	CAST:0,0,0,0,3,2,1	SAB:Elemental Staff (Su), Quarterstaff gets elemental damage bonus.
4	CAST:0,0,0,0,3,3,2	SAB:Lesser Warden Sensitivity (Su), see IKCG page 119.									SPELLS:Innate|TIMES=CL|CASTERLEVEL=((CL=Blackclad)+(CL=Druid))|Stone Stride,15+WIS
5	CAST:0,0,0,0,3,3,2,1	SAB:Elemental Strike (Sp), see IKCG page 119.
6	CAST:0,0,0,0,4,3,3,2	SAB:Greater Warden Sensitivity (Ex), see IKCG page 119.

###########

# Class Name	Hit Dice	Type			Abbreviation	Max Level	Source Page		Save checks bonus											Combat bonus
CLASS:Mage Hunter	HD:6		TYPE:PC.Prestige	ABB:MgHtr		MAXLEVEL:10	SOURCEPAGE:pg.120	BONUS:CHECKS|BASE.Will,BASE.Reflex|CL/2+2	BONUS:CHECKS|BASE.Fortitude|CL/3	BONUS:COMBAT|BAB|CL*3/4|TYPE=Base.REPLACE
# Class Name	Req. Att.	Required Feat							Required Race		Required Skill
CLASS:Mage Hunter	PREATT:5	PREFEAT:4,Dodge,Evasion,Lightning Reflexes,Mobility	PRERACE:1,Elf (Iosan)	PRESKILL:2,Hide=10,Move Silently=10	PRESKILL:2,Spellcraft=4,Survival=4
# Class Name	Skill Pts/Lvl	Class Skill
CLASS:Mage Hunter	STARTSKILLPTS:4	CSKILL:Balance|Climb|Escape Artist|Gather Information|Hide|Jump|Listen|Move Silently|Spellcraft|Spot|Survival|Tumble
1						SAB:Camouflage (Ex), see IKCG pg.123	SAB:Mechanika Intolerance, see IKCG pg.123	SAB:Pathfinder, see IKCG pg 123	SAB:If Spellcraft higher than 5 ranks +2 synergy to Survival to track spellcasters.	BONUS:VAR|SneakAttack|(CL=Mage Hunter-1)/3					ABILITY:Special Ability|AUTOMATIC|Sneak Attack
2						SAB:Arcane Foe (Ex) +%|ArcaneFoe																														BONUS:VAR|ArcaneFoe|2					DEFINE:ArcaneFoe|0	ABILITY:Special Ability|AUTOMATIC|Improved Evasion
3						SAB:Nondetection (Ex), See IKCG pg.123																																																		AUTO:FEAT|Witch Hound
4																																																					ABILITY:Special Ability|AUTOMATIC|Uncanny Dodge
5						SAB:Spell Tracking (Ex), see IKCG pg. 124																													BONUS:VAR|ArcaneFoe|2
6	SR:10+CL=Mage Hunter+CHA
7						SAB:Wizard Strike (Ex), see IKCG pg. 124
8																																									BONUS:VAR|ArcaneFoe|2
9																																																					ABILITY:Special Ability|AUTOMATIC|Slippery Mind

###########
# TODO: Can't seem to implement the Weapon Focus (Pistol) or other feat bonus at first level correctly
## NOTE: Includes eratta from NQ #09

# Class Name	Hit Dice	Type			Abbreviation	Max Level	Source Page		Save checks bonus												Combat bonus
CLASS:Pistoleer	HD:6		TYPE:PC.Prestige	ABB:Ptr		MAXLEVEL:10	SOURCEPAGE:pg.124	BONUS:CHECKS|BASE.Reflex|CL/2+2	BONUS:CHECKS|BASE.Fortitude,BASE.Will|CL/3	BONUS:COMBAT|BAB|CL|TYPE=Base.REPLACE
# Class Name	Req. Att.	Required Feat								Required Skill
CLASS:Pistoleer	PREATT:3	PREFEAT:2,Exotic Weapon Proficiency (Small Arms),Quick Draw	PRESKILL:1,Craft (Small Arms)=8	PRESKILL:1,Intimidate=4
# Class Name	Skill Pts/Lvl	Class Skill
CLASS:Pistoleer	STARTSKILLPTS:4	CSKILL:Concentration|Craft (Small Arms)|Balance|Bluff|Climb|Craft (Gunsmithing)|Hide|Intimidate|Jump|Listen|Move Silently|Ride|Spot|Tumble
1																		BONUS:VAR|VitalShot|(CL=Pistoleer+2)/3					ADD:FEAT|Alertness,Combat Reflexes,Far Shot,Improved Critical (Pistol),Improved Precise Shot,Lightning Reflexes,Point Blank Shot,Precise Shot,Shot on the Run,Weapon Focus (Pistol)	AUTO:FEAT|Vital Shot
2																													ADD:FEAT|Alertness,Combat Reflexes,Far Shot,Improved Critical (Pistol),Improved Precise Shot,Lightning Reflexes,Point Blank Shot,Precise Shot,Shot on the Run
3	SAB:Pistol Mastery (Ex), +1 Hit and Damage within 30 feet.	SAB:Pistol Whip (Ex), see IKCG pg. 127
4																													ADD:FEAT|Improved Two Pistol Fighting,Two Pistol Fighting
5																																																											AUTO:FEAT|Salvage Ammunition
6	SAB:Hairtrigger (Ex), see IKCG pg.127
7
8	SAB:Quick Load (Ex), see IKGG pg.127
9	SAB:Lightning Draw %/day (Ex)|LightningDraw										BONUS:VAR|LightningDraw|DEX			DEFINE:LightningDraw|0
10	SAB:Gunsmith Expertise, see IKCG pg 128

###########

# Class Name	Hit Dice	Type			Abbreviation	Max Level	Source Page		Save checks bonus											Combat bonus
CLASS:Rifleman	HD:8		TYPE:PC.Prestige	ABB:Rfl		MAXLEVEL:10	SOURCEPAGE:pg.128	BONUS:CHECKS|BASE.Fortitude,BASE.Reflex|CL/2+2	BONUS:CHECKS|BASE.Will|CL/3	BONUS:COMBAT|BAB|CL|TYPE=Base.REPLACE
# Class Name	Req. Att.	Required Feat													Required Skill
CLASS:Rifleman	PREATT:5	PREFEAT:3,Exotic Weapon Proficiency (Small Arms),Point Blank Shot,Weapon Focus (Rifle)	PRESKILL:1,Craft (Small Arms)=8	PRESKILL:1,Spot=4
# Class Name	Skill Pts/Lvl	Class Skill
CLASS:Rifleman	STARTSKILLPTS:4	CSKILL:Craft (Cannoneer)|Craft (Small Arms)|Climb|Concentration|Craft (Gunsmithing)|Hide|Jump|Move Silently|Ride|Spot
1												BONUS:VAR|SnipingShot|(CL=Rifleman+2)/2																																										AUTO:FEAT|Armor Proficiency (Light)|Armor Proficiency (Medium)|Far Shot|Simple Weapon Proficiency|Sniping Shot	AUTO:WEAPONPROF|TYPE=Martial.Melee
2	SAB:Rifle Mastery, +1 Hit and Damage in first range increment.
3	SAB:Rifle Melee (Ex),see IKCG pg.132												ADD:FEAT|Alertness,Combat Expertise,Combat Reflexes,Greater Weapon Focus (Rifle),Improved Critical (Rifle),Improved Precise Shot,Lightning Reflexes,Mounted Archery,Mounted Combat,Precise Shot,Quick Draw,Rapid Shot,Shot on the Run,Weapon Finesse
4	SAB:Hairtrigger (Ex), see IKCG pg.132																																																					AUTO:FEAT|Salvage Ammunition
5	SAB:Quick Load (Ex), see IKGG pg.132
6																			ADD:FEAT|Alertness,Combat Expertise,Combat Reflexes,Greater Weapon Focus (Rifle),Improved Critical (Rifle),Improved Precise Shot,Lightning Reflexes,Mounted Archery,Mounted Combat,Precise Shot,Quick Draw,Rapid Shot,Shot on the Run,Weapon Finesse
7
8
9																			ADD:FEAT|Alertness,Combat Expertise,Combat Reflexes,Greater Weapon Focus (Rifle),Improved Critical (Rifle),Improved Precise Shot,Lightning Reflexes,Mounted Archery,Mounted Combat,Precise Shot,Quick Draw,Rapid Shot,Shot on the Run,Weapon Finesse
10	SAB:Gunsmith Expertise, see IKCG pg 132

###########
# TODO: Can't seem to implement the Evasion/Lighting Reflexes benefit correctly

# Class Name		Hit Dice	Type			Abbreviation	Max Level	Source Page		Save checks bonus												Combat bonus
CLASS:Second Story Man	HD:6		TYPE:PC.Prestige	ABB:Ssm		MAXLEVEL:10	SOURCEPAGE:pg.133	BONUS:CHECKS|BASE.Reflex|CL/2+2	BONUS:CHECKS|BASE.Fortitude,BASE.Will|CL/3	BONUS:COMBAT|BAB|CL*3/4|TYPE=Base.REPLACE
# Class Name		Required AL				Required Skill
CLASS:Second Story Man	PREALIGN:NG,TN,NE,CG,CN,CE	PRESKILL:1,Open Lock=8	PRESKILL:1,Disable Device=6	PRESKILL:3,Balance=4,Climb=4,Gather Information=4	PRESKILL:1,Craft (Tools)=3	PRESKILL:1,Use Rope=2
# Class Name		Skill Pts/Lvl	Class Skill
CLASS:Second Story Man	STARTSKILLPTS:6	CSKILL:Craft (Clockwork)|Appraise|Balance|Bluff|Climb|Craft (Tools)|Disable Device|Disguise|Escape Artist|Gather Information|Hide|Jump|Listen|Move Silently|Open Lock|Search|Spot|Tumble|Use Rope
1										BONUS:VAR|SlowFall|((CL=Second Story Man+3)/4).TRUNC*10	BONUS:VAR|EvasionUsable,ImprovedEvasionUsable|1|TYPE=Prerequisite|PREEQUIP:1,TYPE=Medium,TYPE=Heavy																																																			ABILITY:Special Ability|AUTOMATIC|Slow Fall	ABILITY:Special Ability|AUTOMATIC|Evasion					AUTO:FEAT|Lightning Reflexes|PREABILITY:1,CATEGORY=ANY,Evasion	AUTO:WEAPONPROF|TYPE=Simple
2										BONUS:VAR|UncannyDodgeFlankingLevel|CL|TYPE=EachClass.REPLACE	BONUS:VAR|UncannyDodgeLevel|CL/4																																																													ABILITY:Special Ability|AUTOMATIC|An Ear For Locks	ABILITY:Special Ability|AUTOMATIC|Uncanny Dodge ~ Base
3																																					ADD:FEAT|Skill Focus (Balance),Skill Focus (Climb),Skill Focus (Craft (Tools)),Skill Focus (Disable Device),Skill Focus (Disguise),Skill Focus (Gather Information),Skill Focus (Hide),Skill Focus (Jump),Skill Focus (Listen),Skill Focus (Move Silently),Skill Focus (Open Lock),Skill Focus (Tumble)	ABILITY:Special Ability|AUTOMATIC|Assess Mechanism
4	BONUS:ABILITYPOOL|Second Story Man Special Ability|1
5
6																																					ADD:FEAT|Skill Focus (Balance),Skill Focus (Climb),Skill Focus (Craft (Tools)),Skill Focus (Disable Device),Skill Focus (Disguise),Skill Focus (Gather Information),Skill Focus (Hide),Skill Focus (Jump),Skill Focus (Listen),Skill Focus (Move Silently),Skill Focus (Open Lock),Skill Focus (Tumble)	ABILITY:Special Ability|AUTOMATIC|An Ear For Traps
7	BONUS:ABILITYPOOL|Second Story Man Special Ability|1
8
9																																																																																							ABILITY:Special Ability|AUTOMATIC|An Ear For Footsteps
10	BONUS:ABILITYPOOL|Second Story Man Special Ability|1

###########

# Class Name	Hit Dice	Type			Abbreviation	Max Level	Source Page		Save checks bonus											Combat bonus
CLASS:Warcaster	HD:6		TYPE:PC.Prestige	ABB:Wrc		MAXLEVEL:6	SOURCEPAGE:pg.137	BONUS:CHECKS|BASE.Will|CL/2+2	BONUS:CHECKS|BASE.Fortitude,BASE.Reflex|CL/3	BONUS:COMBAT|BAB|CL*3/4|TYPE=Base.REPLACE
# Class Name	Req. Att.	Required Feat											Required Skill												Req. Spell Type
CLASS:Warcaster	PREATT:4	PREFEAT:4,Combat Casting,Iron Will,Leadership,Skill Focus (Concentration)	PRESKILL:1,Concentration=10	PRESKILL:1,Spellcraft=7	PRESKILL:1,Jack Handling=5	PRESPELLTYPE:1,Arcane=3,Divine=3
# Class Name	Skill Pts/Lvl	Class Skill
CLASS:Warcaster	STARTSKILLPTS:2	CSKILL:Craft (Mechanika)|Concentration|TYPE=Craft|Jack Handling|TYPE=Knowledge|TYPE=Profession|Spellcraft|Spot
1	ADD:SPELLCASTER|ANY	ADD:ABILITY|2|FEAT|NORMAL|Warcaster Simple Weapon,Warcaster Martial Weapon	ABILITY:FEAT|AUTOMATIC|Armor Proficiency (Heavy)|Armor Proficiency (Light)|Armor Proficiency (Medium)|Armor Proficiency (Warcaster)
1																		ABILITY:Special Ability|AUTOMATIC|Augment Jack	ABILITY:Special Ability|AUTOMATIC|Sense Cortex	ABILITY:Special Ability|AUTOMATIC|Warcaster Adept	ABILITY:Special Ability|AUTOMATIC|Warcaster Focus
2	ADD:SPELLCASTER|ANY
3	ADD:SPELLCASTER|ANY
4	ADD:SPELLCASTER|ANY
5	ADD:SPELLCASTER|ANY
6	ADD:SPELLCASTER|ANY
