# CVS $Revision: 1.4 $ $Author: ericbeaudoin $ -- Mon Mar 20 20:54:06 2006 -- reformated by prettylst.pl v1.35 (build 561)
# $Author: ericbeaudoin $
SOURCELONG:Wizards of the Coast - Dungeon #89	SOURCESHORT:WotC-Dungeon #89	SOURCEWEB:http://www.wizards.com/default.asp?x=dungeon

#Bracers of Reaping (Non-Proficient)	TYPE:Magic.Wondrous.Bracer	Cost:5100	WT:1	SOURCEPAGE:p.59		VFEAT:Scythe|Sickle
# Equipment Name					Type				Cost		Weight	Source Page		Bonus to skill							Special Property
Charm of Perfection (Alchemy)			TYPE:Magic.Wondrous	COST:160			SOURCEPAGE:p.22	BONUS:SKILL|Alchemy|2|TYPE=Circumstance
Charm of Perfection (Animal Empathy)	TYPE:Magic.Wondrous	COST:160			SOURCEPAGE:p.22	BONUS:SKILL|Animal Empathy|2|TYPE=Circumstance
Charm of Perfection (Appraise)		TYPE:Magic.Wondrous	COST:160			SOURCEPAGE:p.22	BONUS:SKILL|Appraise|2|TYPE=Circumstance
Charm of Perfection (Balance)			TYPE:Magic.Wondrous	COST:160			SOURCEPAGE:p.22	BONUS:SKILL|Balance|2|TYPE=Circumstance
Charm of Perfection (Bluff)			TYPE:Magic.Wondrous	COST:160			SOURCEPAGE:p.22	BONUS:SKILL|Bluff|2|TYPE=Circumstance
Charm of Perfection (Climb)			TYPE:Magic.Wondrous	COST:160			SOURCEPAGE:p.22	BONUS:SKILL|Climb|2|TYPE=Circumstance
Charm of Perfection (Concentration)		TYPE:Magic.Wondrous	COST:160			SOURCEPAGE:p.22	BONUS:SKILL|Concentration|2|TYPE=Circumstance
Charm of Perfection (Craft)			TYPE:Magic.Wondrous	COST:160			SOURCEPAGE:p.22	BONUS:SKILL|Craft |2|TYPE=Circumstance
Charm of Perfection (Decipher Script)	TYPE:Magic.Wondrous	COST:160			SOURCEPAGE:p.22	BONUS:SKILL|Decipher Script|2|TYPE=Circumstance
Charm of Perfection (Diplomacy)		TYPE:Magic.Wondrous	COST:160			SOURCEPAGE:p.22	BONUS:SKILL|Diplomacy|2|TYPE=Circumstance
Charm of Perfection (Disable Device)	TYPE:Magic.Wondrous	COST:160			SOURCEPAGE:p.22	BONUS:SKILL|Disable Device|2|TYPE=Circumstance
Charm of Perfection (Disguise)		TYPE:Magic.Wondrous	COST:160			SOURCEPAGE:p.22	BONUS:SKILL|Disguise|2|TYPE=Circumstance
Charm of Perfection (Escape Artist)		TYPE:Magic.Wondrous	COST:160			SOURCEPAGE:p.22	BONUS:SKILL|Escape Artist|2|TYPE=Circumstance
Charm of Perfection (Forgery)			TYPE:Magic.Wondrous	COST:160			SOURCEPAGE:p.22	BONUS:SKILL|Forgery|2|TYPE=Circumstance
Charm of Perfection (Gather Information)	TYPE:Magic.Wondrous	COST:160			SOURCEPAGE:p.22	BONUS:SKILL|Gather Information|2|TYPE=Circumstance
Charm of Perfection (Handle Animal)		TYPE:Magic.Wondrous	COST:160			SOURCEPAGE:p.22	BONUS:SKILL|Handle Animal|2|TYPE=Circumstance
Charm of Perfection (Heal)			TYPE:Magic.Wondrous	COST:160			SOURCEPAGE:p.22	BONUS:SKILL|Heal|2|TYPE=Circumstance
Charm of Perfection (Hide)			TYPE:Magic.Wondrous	COST:160			SOURCEPAGE:p.22	BONUS:SKILL|Hide|2|TYPE=Circumstance
Charm of Perfection (Innuendo)		TYPE:Magic.Wondrous	COST:160			SOURCEPAGE:p.22	BONUS:SKILL|Innuendo|2|TYPE=Circumstance
Charm of Perfection (Intimidate)		TYPE:Magic.Wondrous	COST:160			SOURCEPAGE:p.22	BONUS:SKILL|Intimidate|2|TYPE=Circumstance
Charm of Perfection (Intuit Direction)	TYPE:Magic.Wondrous	COST:160			SOURCEPAGE:p.22	BONUS:SKILL|Intuit Direction|2|TYPE=Circumstance
Charm of Perfection (Jump)			TYPE:Magic.Wondrous	COST:160			SOURCEPAGE:p.22	BONUS:SKILL|Jump|2|TYPE=Circumstance
Charm of Perfection (Knowledge Acrana)	TYPE:Magic.Wondrous	COST:160			SOURCEPAGE:p.22	BONUS:SKILL|Knowledge Acrana|2|TYPE=Circumstance
Charm of Perfection (Knowledge Nature)	TYPE:Magic.Wondrous	COST:160			SOURCEPAGE:p.22	BONUS:SKILL|Knowledge Nature|2|TYPE=Circumstance
Charm of Perfection (Knowledge Religion)	TYPE:Magic.Wondrous	COST:160			SOURCEPAGE:p.22	BONUS:SKILL|Knowledge Religion|2|TYPE=Circumstance
Charm of Perfection (Listen)			TYPE:Magic.Wondrous	COST:160			SOURCEPAGE:p.22	BONUS:SKILL|Listen|2|TYPE=Circumstance
Charm of Perfection (Move Silently)		TYPE:Magic.Wondrous	COST:160			SOURCEPAGE:p.22	BONUS:SKILL|Move Silently|2|TYPE=Circumstance
Charm of Perfection (Open Lock)		TYPE:Magic.Wondrous	COST:160			SOURCEPAGE:p.22	BONUS:SKILL|Open Lock|2|TYPE=Circumstance
Charm of Perfection (Perform)			TYPE:Magic.Wondrous	COST:160			SOURCEPAGE:p.22	BONUS:SKILL|Perform |2|TYPE=Circumstance
Charm of Perfection (Pick Pocket)		TYPE:Magic.Wondrous	COST:160			SOURCEPAGE:p.22	BONUS:SKILL|Pick Pocket|2|TYPE=Circumstance
Charm of Perfection (Profession)		TYPE:Magic.Wondrous	COST:160			SOURCEPAGE:p.22	BONUS:SKILL|Profession |2|TYPE=Circumstance
Charm of Perfection (Read Lips)		TYPE:Magic.Wondrous	COST:160			SOURCEPAGE:p.22	BONUS:SKILL|Read Lips|2|TYPE=Circumstance
Charm of Perfection (Ride)			TYPE:Magic.Wondrous	COST:160			SOURCEPAGE:p.22	BONUS:SKILL|Ride|2|TYPE=Circumstance
Charm of Perfection (Scry)			TYPE:Magic.Wondrous	COST:160			SOURCEPAGE:p.22	BONUS:SKILL|Scry|2|TYPE=Circumstance
Charm of Perfection (Search)			TYPE:Magic.Wondrous	COST:160			SOURCEPAGE:p.22	BONUS:SKILL|Search|2|TYPE=Circumstance
Charm of Perfection (Sense Motive)		TYPE:Magic.Wondrous	COST:160			SOURCEPAGE:p.22	BONUS:SKILL|Sense Motive|2|TYPE=Circumstance
Charm of Perfection (Spellcraft)		TYPE:Magic.Wondrous	COST:160			SOURCEPAGE:p.22	BONUS:SKILL|Spellcraft|2|TYPE=Circumstance
Charm of Perfection (Spot)			TYPE:Magic.Wondrous	COST:160			SOURCEPAGE:p.22	BONUS:SKILL|Spot|2|TYPE=Circumstance
Charm of Perfection (Swim)			TYPE:Magic.Wondrous	COST:160			SOURCEPAGE:p.22	BONUS:SKILL|Swim|2|TYPE=Circumstance
Charm of Perfection (Tumble)			TYPE:Magic.Wondrous	COST:160			SOURCEPAGE:p.22	BONUS:SKILL|Tumble|2|TYPE=Circumstance
Charm of Perfection (Use Magcal Device)	TYPE:Magic.Wondrous	COST:160			SOURCEPAGE:p.22	BONUS:SKILL|Use Magcal Device|2|TYPE=Circumstance
Charm of Perfection (Use Rope)		TYPE:Magic.Wondrous	COST:160			SOURCEPAGE:p.22	BONUS:SKILL|Use Rope|2|TYPE=Circumstance
Charm of Perfection (Wilderness Lore)	TYPE:Magic.Wondrous	COST:160			SOURCEPAGE:p.22	BONUS:SKILL|Wilderness Lore|2|TYPE=Circumstance
Mirror of Affliction				TYPE:Magic.Wondrous	COST:2250	WT:1		SOURCEPAGE:p.72										SPROP:Casts powerful curse on target


#Note that Bracers of Reaping (Non-Proficient) don't actually work as I can't figure out the BONUS tag for adding a feat via equipment (if there is one)
#Below is an attempt to use IF THEN LOGIC to do the Bracers of Reaping. I can only get The scythe portion to work (and it still doesn't add proficiency with a scythe it your non-proficient). In addition I don't think you can have 2 IF THEN ELSE statements on the same peice of equipement as it never adds the sickle bonus.
#Bracers of Reaping	TYPE:Magic.Wondrous.Bracer	Cost:5100	WT:1	SOURCEPAGE:p.59		IF.PREWEAPONPROF:Scythe|.THEN.BONUS:WeaponProf=Scythe|TOHIT|2|PREWEAPONPROF:Scythe|Type:Competence	BONUS:WeaponProf=Scythe|DAMAGE|1|PREWEAPONPROF:Scythe|Type:Competence.ELSE.VFEAT=WEAPONPROF:Scythe IF.PREWEAPONPROF:Sickle.THEN.BONUS:WeaponProf=Sickle|TOHIT|2|PREWEAPONPROF:Sickle|Type:Competence	BONUS:WeaponProf=Sickle|DAMAGE|1|PREWEAPONPROF:Sickle|Type:Competence.ELSE.VFEAT=WEAPONPROF:Sickle








