# CVS $Revision: $ $Author: $ -- Fri May  8 13:30:11 2009 -- reformated by prettylst.pl v1.39 (build 8180)
SOURCELONG:Vigil Watch - Warren of the Ratmen	SOURCESHORT:VigilWatch	SOURCEWEB:http://www.swordsorcery.com
# Original imput by Graf on Fri May 10 21:17:54 2002
#
#  Common is Template.  The rest are not...
#  Daywalkers and White Wraiths should only get 1 good save... They get
#	2 by the source.
#  Climb skills don't take into account the MM skill note of +8 to climb
#	checks if there is a Climb move rate.
#  Making Wilderness Lore(Desert) just plain Wilderness Lore
#  NOTE: Not sure about SKILL and SKILLBONUS.  Until I have the Book
#		in front of me, leaving for someone with skill and the book.
# - Tir Gwaith
#

# Race Name				Favored Class		Starting Feats	Size		Move						Automatic Languages		Bonus Languages	Combat bonus						Bonus to skill											Bonus to skill rank																						Stat bonus																									Class Skill					Racial HD Class Skills														Virtual Feat					Nb Hands	Natural Attacks																				Special ABility									HITDICE	Skill Multiplier	BAB	Monster Class Name and Starting Level	Type			Template							Level Adjustment	Source Page		RACENAME					SAVES
Slitheren (Common)		FAVCLASS:Rogue		STARTFEATS:1	SIZE:M	MOVE:Walk,30,Climb,15			LANGAUTO:Common,Slitheren	LANGBONUS:ALL	BONUS:COMBAT|AC|1|TYPE=NaturalArmor.REPLACE	BONUS:SKILL|Escape Artist|3|TYPE=Racial	BONUS:SKILL|Jump,Hide|2|TYPE=Racial																										BONUS:STAT|DEXTERITY|4	BONUS:STAT|CONSTITUTION|6	BONUS:STAT|CHARISMA|-2														CSKILL:Escape Artist|Hide|Jump																									HANDS:3	NATURALATTACKS:Claw,Weapon.Natural.Melee.Piercing.Slashing,*2,1d4|Bite,Weapon.Natural.Melee.Bludgeoning.Piercing.Slashing,*1,1d3	SAB:save +2 vs. poison and disease																			TYPE:Humanoid									LEVELADJUSTMENT:1	SOURCEPAGE:p.77	RACENAME:Common Slitheren
Slitheren (Stalker)		FAVCLASS:Ranger		STARTFEATS:1	SIZE:M	MOVE:Walk,30,Climb,15			LANGAUTO:Common,Slitheren	LANGBONUS:ALL	BONUS:COMBAT|AC|1|TYPE=NaturalArmor.REPLACE	BONUS:SKILL|Animal Empathy,Handle Animal|6|TYPE=Racial				BONUS:SKILLRANK|Animal Empathy,Handle Animal,Bluff,Jump|2	BONUS:SKILLRANK|Climb|5	BONUS:SKILLRANK|Search,Spot|3	BONUS:SKILLRANK|Wilderness Lore|4	BONUS:STAT|DEXTERITY|6	BONUS:STAT|CONSTITUTION|6	BONUS:STAT|INTELLIGENCE|2	BONUS:STAT|CHARISMA|2															MONCSKILL:Climb|Hide|Listen|Move Silently|Spot|Handle Animal|Animal Empathy|Wilderness Lore|Jump	VFEAT:Track						HANDS:3	NATURALATTACKS:Claw,Weapon.Natural.Melee.Piercing.Slashing,*2,1d4|Bite,Weapon.Natural.Melee.Bludgeoning.Piercing.Slashing,*1,1d3	SAB:save +2 vs. poison and disease						HITDICE:2,8	SKILLMULT:1		BAB:1	MONSTERCLASS:Humanoid:2				TYPE:Humanoid	TEMPLATE:Ambidexterity|Exotic Weapon Prof.	LEVELADJUSTMENT:3	SOURCEPAGE:p.78	RACENAME:Stalker Slitheren		SAVES:0,3,0
Slitheren (Brown Gorger)	FAVCLASS:Fighter					SIZE:M	MOVE:Walk,30,Climb,15			LANGAUTO:Common,Slitheren	LANGBONUS:ALL	BONUS:COMBAT|AC|1|TYPE=NaturalArmor.REPLACE														BONUS:SKILLRANK|Escape Artist|3	BONUS:SKILLRANK|Hide,Search|2	BONUS:SKILLRANK|Jump|1											BONUS:STAT|DEXTERITY|4	BONUS:STAT|CONSTITUTION|6	BONUS:STAT|CHARISMA|-2																				MONCSKILL:Escape Artist|Hide|Search|Jump											VFEAT:Dodge						HANDS:3	NATURALATTACKS:Claw,Weapon.Natural.Melee.Piercing.Slashing,*2,1d4|Bite,Weapon.Natural.Melee.Bludgeoning.Piercing.Slashing,*1,1d3	SAB:save +2 vs. poison and disease						HITDICE:1,8	SKILLMULT:1		BAB:1	MONSTERCLASS:Humanoid:1				TYPE:Humanoid									LEVELADJUSTMENT:2	SOURCEPAGE:p.77	RACENAME:Brown Gorger Slitheren	SAVES:2,0,0
Slitheren (Daywalker)		FAVCLASS:Fighter					SIZE:M	MOVE:Walk,30,Climb,15,Burrow,10	LANGAUTO:Common,Slitheren	LANGBONUS:ALL	BONUS:COMBAT|AC|2|TYPE=NaturalArmor.REPLACE	BONUS:SKILL|Jump|10|TYPE=Racial								BONUS:SKILLRANK|Climb,Search|2	BONUS:SKILLRANK|Hide,Wilderness Lore,Move Silently,Spot|3										BONUS:STAT|DEXTERITY|6	BONUS:STAT|CONSTITUTION|6	BONUS:STAT|INTELLIGENCE|2	BONUS:STAT|CHARISMA|2															MONCSKILL:Climb|Move Silently|Spot|Wilderness Lore|Jump								VFEAT:Track|Spirited Charge			HANDS:3	NATURALATTACKS:Claw,Weapon.Natural.Melee.Piercing.Slashing,*2,1d4|Bite,Weapon.Natural.Melee.Bludgeoning.Piercing.Slashing,*1,1d3	SAB:save +2 vs. poison and disease	SAB:Fire Resistance 10		HITDICE:2,8	SKILLMULT:1		BAB:2	MONSTERCLASS:Humanoid:2				TYPE:Humanoid									LEVELADJUSTMENT:3	SOURCEPAGE:p.78	RACENAME:Day Walker Slitheren		SAVES:0,3,3
Slitheren (Diseased)		FAVCLASS:Rogue					SIZE:M	MOVE:Walk,30,Climb,15			LANGAUTO:Common,Slitheren	LANGBONUS:ALL	BONUS:COMBAT|AC|1|TYPE=NaturalArmor.REPLACE														BONUS:SKILLRANK|Diplomacy|1	BONUS:SKILLRANK|Escape Artist|3	BONUS:SKILLRANK|Hide|2											BONUS:STAT|DEXTERITY|2	BONUS:STAT|CONSTITUTION|6	BONUS:STAT|INTELLIGENCE|2	BONUS:STAT|WISDOM|2	BONUS:STAT|CHARISMA|2											MONCSKILL:Escape Artist|Hide|Diplomacy											VFEAT:Dodge						HANDS:3	NATURALATTACKS:Claw,Weapon.Natural.Melee.Piercing.Slashing,*2,1d4|Bite,Weapon.Natural.Melee.Bludgeoning.Piercing.Slashing,*1,1d3	SAB:save +2 vs. poison	SAB:Immune to disease				HITDICE:1,8	SKILLMULT:1		BAB:1	MONSTERCLASS:Humanoid:1				TYPE:Humanoid									LEVELADJUSTMENT:3	SOURCEPAGE:p.77	RACENAME:Diseased Slitheren		SAVES:2,0,0
Slitheren (Foamer)		FAVCLASS:Barbarian				SIZE:M	MOVE:Walk,30,Climb,15,Swim,40		LANGAUTO:Common,Slitheren	LANGBONUS:ALL	BONUS:COMBAT|AC|2|TYPE=NaturalArmor.REPLACE														BONUS:SKILLRANK|Escape Artist|3	BONUS:SKILLRANK|Jump|1	BONUS:SKILLRANK|Swim|5												BONUS:STAT|STRENGTH|2	BONUS:STAT|DEXTERITY|4	BONUS:STAT|CONSTITUTION|6	BONUS:STAT|INTELLIGENCE|-2	BONUS:STAT|WISDOM|-2	BONUS:STAT|CHARISMA|-2							MONCSKILL:Escape Artist|Swim|Jump												VFEAT:Power Attack				HANDS:3	NATURALATTACKS:Claw,Weapon.Natural.Melee.Piercing.Slashing,*2,1d4|Bite,Weapon.Natural.Melee.Bludgeoning.Piercing.Slashing,*1,1d3	SAB:save +2 vs. poison and disease						HITDICE:2,8	SKILLMULT:1		BAB:2	MONSTERCLASS:Humanoid:2				TYPE:Humanoid									LEVELADJUSTMENT:3	SOURCEPAGE:p.78	RACENAME:Foamer Slitheren		SAVES:3,3,0
Slitheren (Red Witch)									SIZE:M	MOVE:Walk,30,Climb,15			LANGAUTO:Common,Slitheren	LANGBONUS:ALL	BONUS:COMBAT|AC|1|TYPE=NaturalArmor.REPLACE														BONUS:SKILLRANK|Escape Artist|3	BONUS:SKILLRANK|Hide,Concentration,Scry|2	BONUS:SKILLRANK|Jump|4	BONUS:SKILLRANK|Spellcraft|5				BONUS:STAT|DEXTERITY|4	BONUS:STAT|CONSTITUTION|6	BONUS:STAT|INTELLIGENCE|4	BONUS:STAT|WISDOM|2	BONUS:STAT|CHARISMA|-2											MONCSKILL:Spellcraft|Hide|Concentration|Scry|Escape Artist|Jump							VFEAT:Spell Focus (Necromancy,Illusion)	HANDS:3	NATURALATTACKS:Claw,Weapon.Natural.Melee.Piercing.Slashing,*2,1d4|Bite,Weapon.Natural.Melee.Bludgeoning.Piercing.Slashing,*1,1d3	SAB:save +2 vs. poison and disease						HITDICE:1,8	SKILLMULT:1		BAB:1	MONSTERCLASS:Humanoid:1				TYPE:Humanoid	TEMPLATE:Illusionist|Necromancer			LEVELADJUSTMENT:2	SOURCEPAGE:p.78	RACENAME:Red Witch Slitheren		SAVES:0,0,3
Slitheren (White Wraith)	FAVCLASS:Fighter					SIZE:M	MOVE:Walk,30,Climb,15			LANGAUTO:Common,Slitheren	LANGBONUS:ALL	BONUS:COMBAT|AC|4|TYPE=NaturalArmor.REPLACE														BONUS:SKILLRANK|Balance,Spot,Wilderness Lore|2	BONUS:SKILLRANK|Climb|5	BONUS:SKILLRANK|Hide,Move Silently,Jump|3	BONUS:SKILLRANK|Initimidate|1		BONUS:STAT|STRENGTH|4	BONUS:STAT|DEXTERITY|4	BONUS:STAT|CONSTITUTION|6	BONUS:STAT|INTELLIGENCE|-2	BONUS:STAT|CHARISMA|-2											MONCSKILL:Balance|Hide|Climb|Intimidate|Move Silently|Spot|Wilderness Lore|Jump				VFEAT:Dodge|Run					HANDS:3	NATURALATTACKS:Claw,Weapon.Natural.Melee.Piercing.Slashing,*2,1d4|Bite,Weapon.Natural.Melee.Bludgeoning.Piercing.Slashing,*1,1d3	SAB:save +2 vs. poison and disease	SAB:+7 to hide among undead	HITDICE:2,8	SKILLMULT:1		BAB:2	MONSTERCLASS:Humanoid:2				TYPE:Humanoid									LEVELADJUSTMENT:3	SOURCEPAGE:p.78	RACENAME:White Witch Slitheren	SAVES:0,3,3
# Monster Races
#Deadeater
#Golom (Rat)
#Horserat
#Mirewyrm
#Ratmen (Black Pelt)
#Ratmen (Forgecrawler)
