# CVS $Revision: $ $Author: $ -- Fri May  8 13:30:11 2009 -- reformated by prettylst.pl v1.39 (build 8180)
SOURCELONG:Alderac Entertainment Group - Mercenaries	SOURCESHORT:Mercenaries	SOURCEWEB:http://alderac.com/d20

# Class Name	Hit Dice	Type			Abbreviation	Source Page		Automatic Languages	Save checks bonus											Combat bonus
CLASS:Alchemist	HD:4		TYPE:Base.PC	ABB:Alch		SOURCEPAGE:pg. 21	LANGAUTO:Literacy		BONUS:CHECKS|BASE.Fortitude,BASE.Reflex|CL/3	BONUS:CHECKS|BASE.Will|CL/2+2	BONUS:COMBAT|BAB|CL/2|TYPE=Base.REPLACE
# Class Name	Skill Pts/Lvl	Class Skill
CLASS:Alchemist	STARTSKILLPTS:6	CSKILL:Appraise|Bluff|Concentration|TYPE=Craft|Decipher Script|Diplomacy|Disable Device|Forgery|Gather Information|Heal|TYPE=Knowledge|TYPE=Profession|Search|Sense Motive|Spellcraft|Spot|Use Magic Device
# Class Name	Spell Stat		Spell Type		Memorize		Use Spell List
CLASS:Alchemist	SPELLSTAT:INT	SPELLTYPE:Elixer	MEMORIZE:YES	SPELLLIST:1|Alchemist	BONUS:CASTERLEVEL|Alchemist|CL
1	CAST:2,1					ABILITY:Special Ability|AUTOMATIC|All Automatic Proficiencies		AUTO:FEAT|Armor Proficiency (Light)|Simple Weapon Proficiency	AUTO:WEAPONPROF|SIMPLE
2	CAST:2,2
3	CAST:2,2,1								BONUS:VAR|AlchemicalCant|1																							LANGAUTO:Alchemical Cant
4	CAST:2,2,1
5	CAST:2,2,2																ADD:FEAT|TYPE=Metamagic
6	CAST:3,2,2,1
7	CAST:3,2,2,2
8	CAST:3,2,2,2,1
9	CAST:3,3,2,2,2
10	CAST:3,3,3,2,2,1															ADD:FEAT|TYPE=Metamagic
11	CAST:3,3,3,2,2,2		SAB:Apprentice (x%)|AlchApp	BONUS:VAR|AlchApp|(CL-6)/5	DEFINE:AlchApp|0
12	CAST:3,3,3,3,2,2,1
13	CAST:3,3,3,3,2,2,2
14	CAST:3,3,3,3,2,2,2,1
15	CAST:3,3,3,3,3,2,2,2														ADD:FEAT|TYPE=Metamagic
16	CAST:3,3,3,3,3,2,2,2,1
17	CAST:3,3,3,3,3,3,2,2,2
18	CAST:3,3,3,3,3,3,3,2,2
19	CAST:3,3,3,3,3,3,3,3,2
20	CAST:3,3,3,3,3,3,3,3,3														ADD:FEAT|TYPE=Metamagic
