# CVS $Revision: 314 $ $Author: tir-gwaith $ -- Fri May  8 13:30:11 2009 -- reformated by prettylst.pl v1.39 (build 8180)
SOURCELONG:Arcana - The Book of the Righteous	SOURCESHORT:BookRight	SOURCEWEB:http://www.greenronin.com
# Original Entry by: Beaver

# Spell Name				Classes of caster		Domains granting the spell	School			Sub-School			Spell Descriptors						Components		Casting Time		Range			Target Area or Effect		Duration										Save Info						Spell Resistance		Description														Source Page
Afflatus					CLASSES:Cleric=5		DOMAINS:Inspiration=3		SCHOOL:Evocation		SUBSCHOOL:Sonic							TYPE:Divine				COMPS:V DF		CASTTIME:1 action		RANGE:Touch		TARGETAREA:Touch			DURATION:(CASTERLEVEL) weeks or until discharged			SAVEINFO:None					SPELLRES:Yes (Harmless)	DESC:+10 Bonus on Craft, Perform, Profession								SOURCEPAGE:p.259
Afflatus (Greater)							DOMAINS:Inspiration=9		SCHOOL:Evocation		SUBSCHOOL:Sonic							TYPE:Divine				COMPS:V DF		CASTTIME:1 action		RANGE:Touch		TARGETAREA:Touch			DURATION:(CASTERLEVEL) weeks							SAVEINFO:None					SPELLRES:Yes (Harmless)	DESC:+20 Bonus on Craft, Perform, Profession								SOURCEPAGE:p.261
Anwyn's Elysian Palace							DOMAINS:Home=9			SCHOOL:Transmutation										TYPE:Divine				COMPS:V S DF XP	CASTTIME:1 action		RANGE:Touch		TARGETAREA:Touch			DURATION:Instantaneous								SAVEINFO:Will negates				SPELLRES:Yes		DESC:Transports Caster and one other to a palace of Anwyn (See Text)				SOURCEPAGE:p.259
Bind Oath					CLASSES:Cleric=3		DOMAINS:Justice=3			SCHOOL:Enchantment	SUBSCHOOL:Compulsion	DESCRIPTOR:Language Dependant|Mind Affecting	TYPE:Divine		COMPS:V S DF	CASTTIME:10 minutes	RANGE:Touch		TARGETAREA:Mind-Affecting	DURATION:Perminent (see text)							SAVEINFO:None					SPELLRES:Yes		DESC:Bind a subject to an oath he/she voluntarily swears						SOURCEPAGE:p.260
Constellation				CLASSES:Cleric,Druid=8	DOMAINS:Night=7			SCHOOL:Evocation											TYPE:Divine				COMPS:V S DF	CASTTIME:1 minute		RANGE:Touch		TARGETAREA:None			DURATION:See Text, Concentration						SAVEINFO:None					SPELLRES:No			DESC:Converse with other via the stars									SOURCEPAGE:p.260
Create Food and Wine			CLASSES:Cleric=3							SCHOOL:Conjuration	SUBSCHOOL:Creation						TYPE:Divine			COMPS:V, S			CASTTIME:10 minutes				RANGE:Close					TARGETAREA:Food and wine to sustain (CASTERLEVEL*3) humans or (CASTERLEVEL) horses for 24 hours							DURATION:24 hours; see text						SAVEINFO:None							SPELLRES:No										DESC:Feeds (CASTERLEVEL*3) humans or (CASTERLEVEL) horses.																																																					SOURCEPAGE:SpellsC.rtf
Detect Return								DOMAINS:The Dead=1		SCHOOL:Divination											TYPE:Divine				COMPS:V S		CASTTIME:1 action		RANGE:60'		TARGETAREA:None			DURATION:Concentration, up to (CASTERLEVEL*10) minutes		SAVEINFO:None					SPELLRES:Yes		DESC:Detect whether a living being has been brought back from the dead				SOURCEPAGE:p.260
Fact to Fiction								DOMAINS:Truth=9			SCHOOL:Evocation											TYPE:Divine				COMPS:V S DF XP	CASTTIME:1 action		RANGE:See Text	TARGETAREA:None			DURATION:See Text									SAVEINFO:See Text					SPELLRES:Yes		DESC:Can undo a single recent event										SOURCEPAGE:p.261
Fair Light					CLASSES:Bard,Cleric=4	DOMAINS:Beauty=3			SCHOOL:Evocation						DESCRIPTOR:Light			TYPE:Arcane.Divine				COMPS:V S		CASTTIME:1 action		RANGE:Touch		TARGETAREA:Touch			DURATION:(CASTERLEVEL*10) minutes						SAVEINFO:None					SPELLRES:No			DESC:Centered on Caster												SOURCEPAGE:p.261
Imprison Soul				CLASSES:Cleric=9		DOMAINS:The Dead=9		SCHOOL:Necromany											TYPE:Divine				COMPS:V S F		CASTTIME:1 action		RANGE:Close		TARGETAREA:None			DURATION:Perminent								SAVEINFO:Will negates				SPELLRES:No			DESC:Non-evil based version of Soul Bind									SOURCEPAGE:p.262
Mark of Evil				CLASSES:Cleric=4		DOMAINS:Justice=4			SCHOOL:Transmutation										TYPE:Divine				COMPS:V S DF	CASTTIME:10 minutes	RANGE:Touch		TARGETAREA:None			DURATION:Perminent (See text)							SAVEINFO:None					SPELLRES:Yes		DESC:Places a magical mark on targets immortal soul							SOURCEPAGE:p.262
Moonbeam		KEY:BoR_Moonbeam	CLASSES:Druid=6		DOMAINS:Night=6			SCHOOL:Evocation											TYPE:Divine				COMPS:V S DF	CASTTIME:1 action		RANGE:Medium	TARGETAREA:Sleep			DURATION:(CASTERLEVEL) rounds or until all beams are exhausted	SAVEINFO:Reflex, Will Negates (See text)	SPELLRES:Yes		DESC:Creates shafts of moonlight										SOURCEPAGE:p.262
Moonglow					CLASSES:Druid=8		DOMAINS:Night=8			SCHOOL:Abjuration											TYPE:Divine				COMPS:V S F		CASTTIME:1 action		RANGE:20'		TARGETAREA:None			DURATION:(CASTERLEVEL) rounds							SAVEINFO:See Text					SPELLRES:Yes		DESC:Protect subjects with glow of the moon								SOURCEPAGE:p.263
North Star					CLASSES:Druid=4		DOMAINS:Night=4			SCHOOL:Evocation											TYPE:Divine				COMPS:V DF		CASTTIME:1 action		RANGE:See Text	TARGETAREA:None			DURATION:(CASTERLEVEL*10) minutes						SAVEINFO:See text					SPELLRES:None		DESC:Call upon the power of the north star								SOURCEPAGE:p.263
Repair (Greater)				CLASSES:Cleric=9		DOMAINS:The Forge=9		SCHOOL:Transmutation										TYPE:Divine				COMPS:V S XP	CASTTIME:1 action		RANGE:Close		TARGETAREA:None			DURATION:Instantaneous								SAVEINFO:Will negates (Harmless)		SPELLRES:Yes (Harmless)	DESC:As per 'Make Whole' except the subject can be missing significant pieces of object	SOURCEPAGE:p.261
Return (Greater)								DOMAINS:The Dead=8		SCHOOL:Necromancy		SUBSCHOOL:Sonic							TYPE:Divine				COMPS:V		CASTTIME:1 action		RANGE:30'		TARGETAREA:None			DURATION:Instantaneous								SAVEINFO:Fort, partial				SPELLRES:Yes		DESC:Return being back to the dead										SOURCEPAGE:p.261
Rontra's Blessing				CLASSES:Cleric=1							SCHOOL:Transmutation										TYPE:Divine				COMPS:V S DF	CASTTIME:1 action		RANGE:Touch		TARGETAREA:None			DURATION:Instantaneous								SAVEINFO:None (See text)			SPELLRES:No			DESC:Provides a blessing on pregnancy									SOURCEPAGE:p.263
Shibboleth					CLASSES:Cleric=8		DOMAINS:Justice=8			SCHOOL:Evocation		SUBSCHOOL:Sonic							TYPE:Divine				COMPS:V		CASTTIME:1 action		RANGE:30'		TARGETAREA:None			DURATION:Instantaneous								SAVEINFO:None					SPELLRES:Yes		DESC:Brings about effects from the speaking of a word (See text)					SOURCEPAGE:p.263
Shooting Stars				CLASSES:Druid=9		DOMAINS:Night=9			SCHOOL:Evocation		SUBSCHOOL:Cold							TYPE:Divine				COMPS:V S DF	CASTTIME:1 action		RANGE:See Text	TARGETAREA:None			DURATION:Instantaneous								SAVEINFO:None, Reflex for half (See text)	SPELLRES:Yes		DESC:Calls shooting stars down from the night sky							SOURCEPAGE:p.264
Test of Souls				CLASSES:Cleric=4							SCHOOL:Universal						DESCRIPTOR:Mind Affecting	TYPE:Divine				COMPS:V		CASTTIME:1 action		RANGE:Touch		TARGETAREA:Mind-Affecting	DURATION:1 hour									SAVEINFO:None					SPELLRES:Yes (Harmless)	DESC:Tests the strength of a persons heart								SOURCEPAGE:p.264
Touch of Return								DOMAINS:The Dead=4		SCHOOL:Necromancy		SUBSCHOOL:Death							TYPE:Divine				COMPS:V S		CASTTIME:1 action		RANGE:Touch		TARGETAREA:None			DURATION:Instantaneous								SAVEINFO:Fortitude partial			SPELLRES:Yes		DESC:'Slay Living' that only works on the previously dead						SOURCEPAGE:p.264
Transference				CLASSES:Cleric=3							SCHOOL:Abjuration											TYPE:Divine				COMPS:V S F		CASTTIME:1 action		RANGE:Close		TARGETAREA:None			DURATION:(CASTERLEVEL) hours (D)						SAVEINFO:Will negates (Harmless)		SPELLRES:Yes (Harmless)	DESC:As per 'Shield Other' with some important differences.						SOURCEPAGE:p.264
Transference (Greater)			CLASSES:Cleric=4							SCHOOL:Abjuration											TYPE:Divine				COMPS:V S F		CASTTIME:1 action		RANGE:Close		TARGETAREA:None			DURATION:(CASTERLEVEL) hours (D)						SAVEINFO:Will negates (Harmless)		SPELLRES:Yes (Harmless)	DESC:More powerfull 'Transference' with line of sight							SOURCEPAGE:p.262

###Block: Extrapolated from spell lists and SRD.
# Spell Name			School			Sub-School		Type		Components	Casting Time	Range		Item		Target Area or Effect								Duration			Save Info		Spell Resistance		Description							Source Page
#Heal Animal Companion		SCHOOL:Conjuration	TYPE:Divine		SUBSCHOOL:Healing	TYPE:Divine	COMPS:V, S	CASTTIME:1 action	RANGE:Touch	ITEM:Potion	TARGETAREA:The character's animal companion touched			DURATION:Instantaneous	SAVEINFO:None	SPELLRES:Yes (Harmless)	DESC:As heal on animal companion.			SOURCEPAGE:p.53
Heal Mount/Animal Companion	SCHOOL:Conjuration	TYPE:Divine		SUBSCHOOL:Healing	TYPE:Divine	COMPS:V, S	CASTTIME:1 action	RANGE:Touch	ITEM:Potion	TARGETAREA:The character's mount or animal companion touched	DURATION:Instantaneous	SAVEINFO:None	SPELLRES:Yes (Harmless)	DESC:As heal on mount or animal companion.	SOURCEPAGE:p.154

###Block:Modifying base spells with God's names
# Spell Name				Output Name
Tiny Hut.MOD				OUTPUTNAME:Anwyn's [NAME]
Secure Shelter.MOD			OUTPUTNAME:Anwyn's [NAME]
Secret Chest.MOD				OUTPUTNAME:Anwyn's [NAME]
Mage's Magnificent Mansion.MOD	OUTPUTNAME:Anwyn's Magnificent Mansion
