# CVS $Revision: 314 $ $Author: tir-gwaith $ -- Fri May  8 13:30:11 2009 -- reformated by prettylst.pl v1.39 (build 8180)
# Original Entry by: Beaver
SOURCELONG:Arcana - The Book of the Righteous	SOURCESHORT:BookRight	SOURCEWEB:http://www.greenronin.com

###Block:Holy Warrior Domain Based abilities
# Domain Name			Product Identity?	Var. Min. Value			Innate Spells												Special ABility																									Modify VAR																				Source Page		Description
Holy Warrior (Air)		NAMEISPI:NO		PREVARGTEQ:HolyWarrior,1															SAB:Air Ken|PREVARGTEQ:HolyWarrior,1	SAB:Rebuke Air Elemental|PREVARGTEQ:HolyWarrior,1	SAB:Energy Resistance (Cold or Lighting)|PREVARGTEQ:HolyWarrior,2																						SOURCEPAGE:p.246	DESC:Holy Warrior Domain
Holy Warrior (Body)		NAMEISPI:NO		PREVARGTEQ:HolyWarrior,1															SAB:Devine Health|PREVARGTEQ:HolyWarrior,1	SAB:Towering Stature|PREVARGTEQ:HolyWarrior,1	SAB:Temple of Flesh|PREVARGTEQ:HolyWarrior,2																									SOURCEPAGE:p.246	DESC:Holy Warrior Domain
Holy Warrior (Champion)		NAMEISPI:NO		PREVARGTEQ:HolyWarrior,1	SPELLS:Innate|TIMES=ATWILL|CASTERLEVEL=var("CL=Holy Warrior")|Detect Evil,11+WIS																												BONUS:VAR|SmiteEvil|(var("CL=Holy Warrior")/5)+1													SOURCEPAGE:p.246	DESC:Holy Warrior Domain
Holy Warrior (Compassion)	NAMEISPI:NO		PREVARGTEQ:HolyWarrior,1															SAB:Confer blessings|PREVARGTEQ:HolyWarrior,1	SAB:Healer's aid|PREVARGTEQ:HolyWarrior,1	SAB:Sacrifice|PREVARGTEQ:HolyWarrior,2																											SOURCEPAGE:p.246	DESC:Holy Warrior Domain
Holy Warrior (Creation)		NAMEISPI:NO		PREVARGTEQ:HolyWarrior,1															SAB:Devine Inspiration|PREVARGTEQ:HolyWarrior,1	SAB:Cherished Bond|PREVARGTEQ:HolyWarrior,1	SAB:Creation's Gaurdian|PREVARGTEQ:HolyWarrior,2																								SOURCEPAGE:p.246	DESC:Holy Warrior Domain
Holy Warrior (Death)		NAMEISPI:NO		PREVARGTEQ:HolyWarrior,1															SAB:Save Soul (Su)|PREVARGTEQ:HolyWarrior,1	SAB:Counterspell: Necromancy (Sp)|PREVARGTEQ:HolyWarrior,2	SAB:Retributive Rebirth (Su)|PREVARGTEQ:HolyWarrior,3	BONUS:VAR|TurnDamagePlusBase|3	BONUS:VAR|TurnLevelBase|3	BONUS:VAR|TurnDamagePlusBase|CHA|PREVARGTEQ:HolyWarrior,3	SOURCEPAGE:p.246	DESC:Holy Warrior Domain
Holy Warrior (Earth)		NAMEISPI:NO		PREVARGTEQ:HolyWarrior,1															SAB:Earth Ken|PREVARGTEQ:HolyWarrior,1	SAB:Rebuke Earth Elemental|PREVARGTEQ:HolyWarrior,1	SAB:Damage Reduction|PREVARGTEQ:HolyWarrior,2																									SOURCEPAGE:p.246	DESC:Holy Warrior Domain
Holy Warrior (Emotion)		NAMEISPI:NO		PREVARGTEQ:HolyWarrior,1															SAB:Untamable Heart|PREVARGTEQ:HolyWarrior,1	SAB:Charming Demeanor|PREVARGTEQ:HolyWarrior,1	SAB:Aura of Hope|PREVARGTEQ:HolyWarrior,2																										SOURCEPAGE:p.246	DESC:Holy Warrior Domain
Holy Warrior (Fire)		NAMEISPI:NO		PREVARGTEQ:HolyWarrior,1															SAB:Fire Ken|PREVARGTEQ:HolyWarrior,1	SAB:Rebuke Fire Elemental|PREVARGTEQ:HolyWarrior,1	SAB:Energy Resistance (fire)|PREVARGTEQ:HolyWarrior,2																								SOURCEPAGE:p.246	DESC:Holy Warrior Domain
Holy Warrior (Freedom)		NAMEISPI:NO		PREVARGTEQ:HolyWarrior,1															SAB:Slip Bonds|PREVARGTEQ:HolyWarrior,1	SAB:Indomitable|PREVARGTEQ:HolyWarrior,1	SAB:Overthrow Tyranny|PREVARGTEQ:HolyWarrior,2																											SOURCEPAGE:p.246	DESC:Holy Warrior Domain
Holy Warrior (Guardian)		NAMEISPI:NO		PREVARGTEQ:HolyWarrior,1															SAB:Devine Grace|PREVARGTEQ:HolyWarrior,1	SAB:Devine Health|PREVARGTEQ:HolyWarrior,1	SAB:Aura of Courage|PREVARGTEQ:HolyWarrior,2																										SOURCEPAGE:p.246	DESC:Holy Warrior Domain
Holy Warrior (Hunt)		NAMEISPI:NO		PREVARGTEQ:HolyWarrior,1															SAB:Silent Stalker (Ex)|PREVARGTEQ:HolyWarrior,1	SAB:Tracker (Ex)|PREVARGTEQ:HolyWarrior,1	SAB:Dead Shot (Su)|PREVARGTEQ:HolyWarrior,2																									SOURCEPAGE:p.246	DESC:Holy Warrior Domain
Holy Warrior (Justice)		NAMEISPI:NO		PREVARGTEQ:HolyWarrior,1																																										BONUS:VAR|RighteousFuryAtt|CHA	BONUS:VAR|RighteousFuryDmg|var("CL=Holy Warrior")							SOURCEPAGE:p.246	DESC:Holy Warrior Domain
Holy Warrior (Leadership)	NAMEISPI:NO		PREVARGTEQ:HolyWarrior,1															SAB:Battle Cry|PREVARGTEQ:HolyWarrior,1	SAB:Shining Captain|PREVARGTEQ:HolyWarrior,1	SAB:Aura of Courage|PREVARGTEQ:HolyWarrior,2																										SOURCEPAGE:p.246	DESC:Holy Warrior Domain
Holy Warrior (Life)		NAMEISPI:NO		PREVARGTEQ:HolyWarrior,1															SAB:Hand of Life|PREVARGTEQ:HolyWarrior,1	SAB:Lay on hands|PREVARGTEQ:HolyWarrior,1	SAB:Abundant Life|PREVARGTEQ:HolyWarrior,2																											SOURCEPAGE:p.246	DESC:Holy Warrior Domain
Holy Warrior (Magic)		NAMEISPI:NO		PREVARGTEQ:HolyWarrior,1															SAB:Read & Detect Magic|PREVARGTEQ:HolyWarrior,1	SAB:Spell Resistance|PREVARGTEQ:HolyWarrior,1	SAB:Aura of Antimagic|PREVARGTEQ:HolyWarrior,2																								SOURCEPAGE:p.246	DESC:Holy Warrior Domain
Holy Warrior (Might)		NAMEISPI:NO		PREVARGTEQ:HolyWarrior,1															SAB:Unyielding|PREVARGTEQ:HolyWarrior,1	SAB:Feat of Strength|PREVARGTEQ:HolyWarrior,1	SAB:Warrior's Heart|PREVARGTEQ:HolyWarrior,2																										SOURCEPAGE:p.246	DESC:Holy Warrior Domain
Holy Warrior (Mind)		NAMEISPI:NO		PREVARGTEQ:HolyWarrior,1															SAB:Impervious Mind|PREVARGTEQ:HolyWarrior,1	SAB:Clarity|PREVARGTEQ:HolyWarrior,1	SAB:Insight|PREVARGTEQ:HolyWarrior,2																											SOURCEPAGE:p.246	DESC:Holy Warrior Domain
Holy Warrior (Travel)		NAMEISPI:NO		PREVARGTEQ:HolyWarrior,1															SAB:Relentless Runner|PREVARGTEQ:HolyWarrior,1	SAB:Winged Feet|PREVARGTEQ:HolyWarrior,1	SAB:Tireless Traveler|PREVARGTEQ:HolyWarrior,2																										SOURCEPAGE:p.246	DESC:Holy Warrior Domain
Holy Warrior (Water)		NAMEISPI:NO		PREVARGTEQ:HolyWarrior,1															SAB:Water Ken|PREVARGTEQ:HolyWarrior,1	SAB:Rebuke Water Elemental|PREVARGTEQ:HolyWarrior,1	SAB:Energy Resistance (Acid)|PREVARGTEQ:HolyWarrior,2																								SOURCEPAGE:p.246	DESC:Holy Warrior Domain

###Block:New Clerical Domains
# Domain Name	Product Identity?	Class Skill						Vision			Feat					Automatically Gained Weapon Prof.	Special ABility					Define			Bonus to skill			Modify VAR				Source Page		Description													List of Domain Spells by Level
Beauty		NAMEISPI:NO																								SAB:Feat of Beauty %/day|FeatOfBeauty	DEFINE:FeatOfBeauty|1						BONUS:VAR|FeatOfBeauty|1	SOURCEPAGE:p.257	DESC:Feat of beauty 1/day										SPELLLEVEL:DOMAIN|Beauty=1|Charm Person|Beauty=2|Hypnotic Pattern|Beauty=3|Fair Light|Beauty=4|Rainbow Pattern|Beauty=5|Mind Fog|Beauty=6|Suggestion (Mass)|Beauty=7|Statue|Beauty=8|Sympathy|Beauty=9|Power Word Kill
Home			NAMEISPI:NO																																													SOURCEPAGE:p.257	DESC:Once per day designate a location as 'home'						SPELLLEVEL:DOMAIN|Home=1|Rope Trick|Home=2|Tiny Hut|Home=3|Secure Shelter|Home=4|Secret Chest|Home=5|Hallow|Home=6|Heroes' Feast|Home=7|Guards and Wards|Home=8|Mage's Magnificent Mansion|Home=9|Anwyn's Elysian Palace
Inspiration		NAMEISPI:NO																								SAB:Inspire Courage %/day|InspireCourage	DEFINE:InspireCourage|0						BONUS:VAR|InspireCourage|1	SOURCEPAGE:p.258	DESC:Once per day can 'Inspire courage' as per bard						SPELLLEVEL:DOMAIN|Inspiration=1|Message|Inspiration=2|Enthrall|Inspiration=3|Afflatus|Inspiration=4|Good Hope|Inspiration=5|Command (Greater)|Inspiration=6|Geas/Quest|Inspiration=7|Insanity|Inspiration=8|Mind Blank|Inspiration=9|Afflatus (Greater)
Justice		NAMEISPI:NO													FEAT:Weapon Focus (Longsword)	AUTO:WEAPONPROF|Longsword																							SOURCEPAGE:p.258	DESC:Free Martial Wepon Proficiency with longsword and Weapon Focus with longsword	SPELLLEVEL:DOMAIN|Justice=1|Command|Justice=2|Zone of Truth|Justice=3|Bind Oath|Justice=4|Mark of Evil|Justice=5|Mark of Justice|Justice=6|Geas/Quest|Justice=7|Destruction|Justice=8|Shibboleth|Justice=9|Storm of Vengeance
Night			NAMEISPI:NO									VISION:Darkvision (60')																																	SOURCEPAGE:p.258	DESC:Darkvision 60'											SPELLLEVEL:DOMAIN|Night=1|Sleep|Night=2|Darkness|Night=3|Deeper Darkness|Night=4|North Star|Night=5|Dream|Night=6|Moonbeam|Night=7|Constellation|Night=8|Moonglow|Night=9|Shooting Stars
Oracle		NAMEISPI:NO																																													SOURCEPAGE:p.258	DESC:You cast Oracle Spells at +1 Caster Level							SPELLLEVEL:DOMAIN|Oracle=1|True Strike|Oracle=2|Augury|Oracle=3|Divination|Oracle=4|Scrying|Oracle=5|Commune|Oracle=6|Legend Lore|Oracle=7|Vision|Oracle=8|Discern Location|Oracle=9|Foresight
The Dead		NAMEISPI:NO																								SAB:Retibutive Birth																		SOURCEPAGE:p.257	DESC:Gain Retibutive Rebirth										SPELLLEVEL:DOMAIN|The Dead=1|Detect Return|The Dead=2|Consecrate|The Dead=3|Death Ward|The Dead=4|Touch of Return|The Dead=5|Hallow|The Dead=6|Heal|The Dead=7|Restoration (Greater)|The Dead=8|Return (Greater)|The Dead=9|Imprison Soul
The Forge		NAMEISPI:NO																																			BONUS:SKILL|TYPE.Craft|4						SOURCEPAGE:p.257	DESC:+4 to Craft and Will Saves vs. Illusion, Spontaneously cast Make Whole		SPELLLEVEL:DOMAIN|The Forge=1|Animate Rope|The Forge=2|Wood Shape|The Forge=3|Stone Shape|The Forge=4|Minor Creation|The Forge=5|Fabricate,Symbol of Pain,Symbol of Sleep|The Forge=6|Major Creation,Symbol of Fear,Symbol of Persuasion|The Forge=7|Move Earth,Symbol of Stunning,Symbol of Weakness|The Forge=8|Symbol of Death,Symbol of Insanity|The Forge=9|Repair (Greater)
Truth			NAMEISPI:NO		CSKILL:Sense Motive|Gather Information																																					SOURCEPAGE:p.258	DESC:Sense Motive and Gather Information are class skills					SPELLLEVEL:DOMAIN|Truth=1|Detect Secret Doors|Truth=2|Zone of Truth|Truth=3|Discern Lies|Truth=4|Scrying|Truth=5|True Seeing|Truth=6|Analyze Dweomer|Truth=7|Scrying (Greater)|Truth=8|Mind Blank|Truth=9|Fact to Fiction
