# CVS $Revision: $ $Author: $ -- Fri May  8 13:30:11 2009 -- reformated by prettylst.pl v1.39 (build 8180)
SOURCELONG:Heroes of High Favor - Dwarves	SOURCESHORT:HoHF - Dwarves	SOURCEWEB:x
###EQMODS

#Medium Armor increases cost by x2
#Heavy armor increases cost by x4
#Shields need to be added in.

# Modifier Name	Unique Key			Type				Cost		Visible		Type granted		Source Page		Multiple Requirements							Required Type				Prohibited Type																				Combat bonus					Bonus Equipment Modifiers				Bonus Armor Modifiers				Special Property						Change Armor Type
Custom Fitx1									COST:150	VISIBLE:QUALIFY																		PRETYPE:1,Light				!PRETYPE:1,EQMOD=Custom Fitx2,EQMOD=Custom Fitx3,EQMOD=Enhanced Alloyx1,EQMOD=Enhanced Alloyx2,EQMOD=Enhanced Alloyx3																		BONUS:EQMARMOR|ACCHECK|1|TYPE=Masterwork
Custom Fitx2									COST:300	VISIBLE:QUALIFY																		PRETYPE:1,Light				!PRETYPE:1,EQMOD=Custom Fitx1,EQMOD=Custom Fitx3,EQMOD=Enhanced Alloyx1,EQMOD=Enhanced Alloyx2,EQMOD=Enhanced Alloyx3																		BONUS:EQMARMOR|ACCHECK|2|TYPE=Masterwork
Custom Fitx3									COST:450	VISIBLE:QUALIFY																		PRETYPE:1,Light				!PRETYPE:1,EQMOD=Custom Fitx1,EQMOD=Custom Fitx2,EQMOD=Enhanced Alloyx1,EQMOD=Enhanced Alloyx2,EQMOD=Enhanced Alloyx3																		BONUS:EQMARMOR|ACCHECK|3|TYPE=Masterwork

Custom Fitx1									COST:300	VISIBLE:QUALIFY																		PRETYPE:1,Medium				!PRETYPE:1,EQMOD=Custom Fitx2,EQMOD=Custom Fitx3,EQMOD=Enhanced Alloyx1,EQMOD=Enhanced Alloyx2,EQMOD=Enhanced Alloyx3																		BONUS:EQMARMOR|ACCHECK|1|TYPE=Masterwork
Custom Fitx2									COST:600	VISIBLE:QUALIFY																		PRETYPE:1,Medium				!PRETYPE:1,EQMOD=Custom Fitx1,EQMOD=Custom Fitx3,EQMOD=Enhanced Alloyx1,EQMOD=Enhanced Alloyx2,EQMOD=Enhanced Alloyx3																		BONUS:EQMARMOR|ACCHECK|2|TYPE=Masterwork
Custom Fitx3									COST:900	VISIBLE:QUALIFY																		PRETYPE:1,Medium				!PRETYPE:1,EQMOD=Custom Fitx1,EQMOD=Custom Fitx2,EQMOD=Enhanced Alloyx1,EQMOD=Enhanced Alloyx2,EQMOD=Enhanced Alloyx3																		BONUS:EQMARMOR|ACCHECK|3|TYPE=Masterwork

Custom Fitx1									COST:600	VISIBLE:QUALIFY																		PRETYPE:1,Heavy				!PRETYPE:1,EQMOD=Custom Fitx2,EQMOD=Custom Fitx3,EQMOD=Enhanced Alloyx1,EQMOD=Enhanced Alloyx2,EQMOD=Enhanced Alloyx3																		BONUS:EQMARMOR|ACCHECK|1|TYPE=Masterwork
Custom Fitx2									COST:1200	VISIBLE:QUALIFY																		PRETYPE:1,Heavy				!PRETYPE:1,EQMOD=Custom Fitx1,EQMOD=Custom Fitx3,EQMOD=Enhanced Alloyx1,EQMOD=Enhanced Alloyx2,EQMOD=Enhanced Alloyx3																		BONUS:EQMARMOR|ACCHECK|2|TYPE=Masterwork
Custom Fitx3									COST:1800	VISIBLE:QUALIFY																		PRETYPE:1,Heavy				!PRETYPE:1,EQMOD=Custom Fitx1,EQMOD=Custom Fitx2,EQMOD=Enhanced Alloyx1,EQMOD=Enhanced Alloyx2,EQMOD=Enhanced Alloyx3																		BONUS:EQMARMOR|ACCHECK|3|TYPE=Masterwork

Durabilityx1									COST:100	VISIBLE:QUALIFY																		PRETYPE:1,Light				!PRETYPE:1,EQMOD=Durabilityx5|EQMOD=Durabilityx2|EQMOD=Durabilityx3|EQMOD=Durabilityx4																														SPROP:adds +2 to item HP
Durabilityx2									COST:200	VISIBLE:QUALIFY																		PRETYPE:1,Light				!PRETYPE:1,EQMOD=Durabilityx1|EQMOD=Durabilityx5|EQMOD=Durabilityx3|EQMOD=Durabilityx4																														SPROP:adds +4 to item HP
Durabilityx3									COST:300	VISIBLE:QUALIFY																		PRETYPE:1,Light				!PRETYPE:1,EQMOD=Durabilityx1|EQMOD=Durabilityx2|EQMOD=Durabilityx5|EQMOD=Durabilityx4																														SPROP:adds +6 to item HP
Durabilityx4									COST:400	VISIBLE:QUALIFY																		PRETYPE:1,Light				!PRETYPE:1,EQMOD=Durabilityx1|EQMOD=Durabilityx2|EQMOD=Durabilityx3|EQMOD=Durabilityx5																														SPROP:adds +8 to item HP
Durabilityx5									COST:500	VISIBLE:QUALIFY																		PRETYPE:1,Light				!PRETYPE:1,EQMOD=Durabilityx1|EQMOD=Durabilityx2|EQMOD=Durabilityx3|EQMOD=Durabilityx4																														SPROP:adds +10 to item HP

Durabilityx1									COST:200	VISIBLE:QUALIFY																		PRETYPE:1,Medium				!PRETYPE:1,EQMOD=Durabilityx5|EQMOD=Durabilityx2|EQMOD=Durabilityx3|EQMOD=Durabilityx4																														SPROP:adds +2 to item HP
Durabilityx2									COST:400	VISIBLE:QUALIFY																		PRETYPE:1,Medium				!PRETYPE:1,EQMOD=Durabilityx1|EQMOD=Durabilityx5|EQMOD=Durabilityx3|EQMOD=Durabilityx4																														SPROP:adds +4 to item HP
Durabilityx3									COST:600	VISIBLE:QUALIFY																		PRETYPE:1,Medium				!PRETYPE:1,EQMOD=Durabilityx1|EQMOD=Durabilityx2|EQMOD=Durabilityx5|EQMOD=Durabilityx4																														SPROP:adds +6 to item HP
Durabilityx4									COST:800	VISIBLE:QUALIFY																		PRETYPE:1,Medium				!PRETYPE:1,EQMOD=Durabilityx1|EQMOD=Durabilityx2|EQMOD=Durabilityx3|EQMOD=Durabilityx5																														SPROP:adds +8 to item HP
Durabilityx5									COST:1000	VISIBLE:QUALIFY																		PRETYPE:1,Medium				!PRETYPE:1,EQMOD=Durabilityx1|EQMOD=Durabilityx2|EQMOD=Durabilityx3|EQMOD=Durabilityx4																														SPROP:adds +10 to item HP

Durabilityx1									COST:400	VISIBLE:QUALIFY																		PRETYPE:1,Heavy				!PRETYPE:1,EQMOD=Durabilityx5|EQMOD=Durabilityx2|EQMOD=Durabilityx3|EQMOD=Durabilityx4																														SPROP:adds +2 to item HP
Durabilityx2									COST:800	VISIBLE:QUALIFY																		PRETYPE:1,Heavy				!PRETYPE:1,EQMOD=Durabilityx1|EQMOD=Durabilityx5|EQMOD=Durabilityx3|EQMOD=Durabilityx4																														SPROP:adds +4 to item HP
Durabilityx3									COST:1200	VISIBLE:QUALIFY																		PRETYPE:1,Heavy				!PRETYPE:1,EQMOD=Durabilityx1|EQMOD=Durabilityx2|EQMOD=Durabilityx5|EQMOD=Durabilityx4																														SPROP:adds +6 to item HP
Durabilityx4									COST:1600	VISIBLE:QUALIFY																		PRETYPE:1,Heavy				!PRETYPE:1,EQMOD=Durabilityx1|EQMOD=Durabilityx2|EQMOD=Durabilityx3|EQMOD=Durabilityx5																														SPROP:adds +8 to item HP
Durabilityx5									COST:2000	VISIBLE:QUALIFY																		PRETYPE:1,Heavy				!PRETYPE:1,EQMOD=Durabilityx1|EQMOD=Durabilityx2|EQMOD=Durabilityx3|EQMOD=Durabilityx4																														SPROP:adds +10 to item HP

Enhanced Alloyx1									COST:2000	VISIBLE:QUALIFY								PREMULT:2,[PRETYPE:1,Armor],[PRETYPE:1,Light,Medium,Heavy]							!PRETYPE:1,EQMOD=Custom Fit,EQMOD=Custom Fitx2,EQMOD=Custom Fitx3,EQMOD=Mobility,EQMOD=Superb Balancex1,EQMOD=Superb Balancex2	BONUS:COMBAT|AC|1|TYPE=Armor.REPLACE
Enhanced Alloyx2									COST:5000	VISIBLE:QUALIFY								PREMULT:2,[PRETYPE:1,Armor],[PRETYPE:1,Medium,Heavy]								!PRETYPE:1,EQMOD=Custom Fit,EQMOD=Custom Fitx2,EQMOD=Custom Fitx3,EQMOD=Mobility,EQMOD=Superb Balancex1,EQMOD=Superb Balancex2	BONUS:COMBAT|AC|2|TYPE=Armor.REPLACE
Enhanced Alloyx3									COST:10000	VISIBLE:QUALIFY								PREMULT:2,[PRETYPE:1,Armor],[PRETYPE:1,Heavy]									!PRETYPE:1,EQMOD=Custom Fit,EQMOD=Custom Fitx2,EQMOD=Custom Fitx3,EQMOD=Mobility,EQMOD=Superb Balancex1,EQMOD=Superb Balancex2	BONUS:COMBAT|AC|3|TYPE=Armor.REPLACE

Hardenedx1										COST:150	VISIBLE:QUALIFY																		PRETYPE:1,Armor|Light			!PRETYPE:1,EQMOD=Hardenedx2																																								SPROP:adds +5 to item Hardness
Hardenedx2										COST:300	VISIBLE:QUALIFY																		PRETYPE:1,Armor|Light			!PRETYPE:1,EQMOD=Hardenedx1																																								SPROP:adds +10 to item Hardness

Hardenedx1										COST:150	VISIBLE:QUALIFY																		PRETYPE:1,Shield				!PRETYPE:1,EQMOD=Hardenedx2																																								SPROP:adds +5 to item Hardness
Hardenedx2										COST:300	VISIBLE:QUALIFY																		PRETYPE:1,Shield				!PRETYPE:1,EQMOD=Hardenedx1																																								SPROP:adds +10 to item Hardness

Hardenedx1										COST:300	VISIBLE:QUALIFY																		PRETYPE:1,Armor|Medium			!PRETYPE:1,EQMOD=Hardenedx2																																								SPROP:adds +5 to item Hardness
Hardenedx2										COST:600	VISIBLE:QUALIFY																		PRETYPE:1,Armor|Medium			!PRETYPE:1,EQMOD=Hardenedx1																																								SPROP:adds +10 to item Hardness

Hardenedx1										COST:600	VISIBLE:QUALIFY																		PRETYPE:1,Armor|Heavy			!PRETYPE:1,EQMOD=Hardenedx2																																								SPROP:adds +5 to item Hardness
Hardenedx2										COST:1200	VISIBLE:QUALIFY																		PRETYPE:1,Armor|Heavy			!PRETYPE:1,EQMOD=Hardenedx1																																								SPROP:adds +10 to item Hardness

Maker's Mark											VISIBLE:QUALIFY																																																																				SPROP:Special mark that identifies the maker

Mobility		KEY:MOBILITY_ARMR_MED	TYPE:BaseMaterial.Armor	COST:1000	VISIBLE:QUALIFY	ITYPE:Metal.Mobility	SOURCEPAGE:pg.14											PRETYPE:1,Light	PRETYPE:1,Metal	!PRETYPE:1,EQMOD=Enhanced Alloyx1,EQMOD=Enhanced Alloyx2,EQMOD=Enhanced Alloyx3
Mobility		KEY:MOBILITY_ARMR_MED	TYPE:BaseMaterial.Armor	COST:2000	VISIBLE:QUALIFY	ITYPE:Metal.Mobility	SOURCEPAGE:pg.14											PRETYPE:1,Medium	PRETYPE:1,Metal	!PRETYPE:1,EQMOD=Enhanced Alloyx1,EQMOD=Enhanced Alloyx2,EQMOD=Enhanced Alloyx3																																							ARMORTYPE:Medium|Light
Mobility		KEY:MOBILITY_ARMR_HVY	TYPE:BaseMaterial.Armor	COST:4000	VISIBLE:QUALIFY	ITYPE:Metal.Mobility	SOURCEPAGE:pg.14											PRETYPE:1,Heavy	PRETYPE:1,Metal	!PRETYPE:1,EQMOD=Enhanced Alloyx1,EQMOD=Enhanced Alloyx2,EQMOD=Enhanced Alloyx3																																							ARMORTYPE:Heavy|Medium

Reduced Weight											VISIBLE:QUALIFY																																																					BONUS:EQM|WEIGHTDIV|2|TYPE=Enhancement.REPLACE

Superb Balancex1									COST:200	VISIBLE:QUALIFY																		PRETYPE:1,Armor|Light			!PRETYPE:1,EQMOD=Enhanced Alloyx1,EQMOD=Enhanced Alloyx2,EQMOD=Enhanced Alloyx3,EQMOD=Suberb Balancex2																				BONUS:EQMARMOR|MAXDEX|1
Superb Balancex2									COST:400	VISIBLE:QUALIFY																		PRETYPE:1,Armor|Light			!PRETYPE:1,EQMOD=Enhanced Alloyx1,EQMOD=Enhanced Alloyx2,EQMOD=Enhanced Alloyx3,EQMOD=Suberb Balancex1																				BONUS:EQMARMOR|MAXDEX|2

Superb Balancex1									COST:400	VISIBLE:QUALIFY																		PRETYPE:1,Armor|Medium			!PRETYPE:1,EQMOD=Enhanced Alloyx1,EQMOD=Enhanced Alloyx2,EQMOD=Enhanced Alloyx3,EQMOD=Suberb Balancex2																				BONUS:EQMARMOR|MAXDEX|1
Superb Balancex2									COST:800	VISIBLE:QUALIFY																		PRETYPE:1,Armor|Medium			!PRETYPE:1,EQMOD=Enhanced Alloyx1,EQMOD=Enhanced Alloyx2,EQMOD=Enhanced Alloyx3,EQMOD=Suberb Balancex1																				BONUS:EQMARMOR|MAXDEX|2

Superb Balancex1									COST:800	VISIBLE:QUALIFY																		PRETYPE:1,Armor|Heavy			!PRETYPE:1,EQMOD=Enhanced Alloyx1,EQMOD=Enhanced Alloyx2,EQMOD=Enhanced Alloyx3,EQMOD=Suberb Balancex2																				BONUS:EQMARMOR|MAXDEX|1
Superb Balancex2									COST:1600	VISIBLE:QUALIFY																		PRETYPE:1,Armor|Heavy			!PRETYPE:1,EQMOD=Enhanced Alloyx1,EQMOD=Enhanced Alloyx2,EQMOD=Enhanced Alloyx3,EQMOD=Suberb Balancex1																				BONUS:EQMARMOR|MAXDEX|2



#Tempered Edge		COST:300
# Basically the exact same thing as masterwork, only it has a different name.
