# CVS $Revision: 2.0 $ $Author: rax_the_grey $ -- Mon Mar 20 20:54:06 2006 -- reformated by prettylst.pl v1.35 (build 561)
SOURCELONG:Star Wars Website	SOURCESHORT:SWW	SOURCEWEB:http://www.wizards.com/starwars/

AGESET:0|Adulthood
RACENAME:Aar'aa				SEX:Male[BASEHT:58|HTDIEROLL:2d10|BASEWT:120|WTDIEROLL:2d4|TOTALWT:BASEWT+(HTDIEROLL*WTDIEROLL)]Female[BASEHT:53|HTDIEROLL:2d10|BASEWT:85|WTDIEROLL:2d4|TOTALWT:BASEWT+(HTDIEROLL*WTDIEROLL)]
### Old tag for race Aar'aa=> AGE:15:1:4:1:6:2:6
RACENAME:Aqualish				SEX:Male[BASEHT:58|HTDIEROLL:2d10|BASEWT:120|WTDIEROLL:2d4|TOTALWT:BASEWT+(HTDIEROLL*WTDIEROLL)]Female[BASEHT:53|HTDIEROLL:2d10|BASEWT:85|WTDIEROLL:2d4|TOTALWT:BASEWT+(HTDIEROLL*WTDIEROLL)]
### Old tag for race Aqualish=> AGE:15:1:4:1:6:2:6
RACENAME:Arcona				SEX:Male[BASEHT:58|HTDIEROLL:2d10|BASEWT:120|WTDIEROLL:2d4|TOTALWT:BASEWT+(HTDIEROLL*WTDIEROLL)]Female[BASEHT:53|HTDIEROLL:2d10|BASEWT:85|WTDIEROLL:2d4|TOTALWT:BASEWT+(HTDIEROLL*WTDIEROLL)]
### Old tag for race Arcona=> AGE:15:1:4:1:6:2:6
RACENAME:Bith				SEX:Male[BASEHT:58|HTDIEROLL:2d10|BASEWT:120|WTDIEROLL:2d4|TOTALWT:BASEWT+(HTDIEROLL*WTDIEROLL)]Female[BASEHT:53|HTDIEROLL:2d10|BASEWT:85|WTDIEROLL:2d4|TOTALWT:BASEWT+(HTDIEROLL*WTDIEROLL)]
### Old tag for race Bith=> AGE:15:1:4:1:6:2:6
RACENAME:Blood Carver			SEX:Male[BASEHT:58|HTDIEROLL:2d10|BASEWT:120|WTDIEROLL:2d4|TOTALWT:BASEWT+(HTDIEROLL*WTDIEROLL)]Female[BASEHT:53|HTDIEROLL:2d10|BASEWT:85|WTDIEROLL:2d4|TOTALWT:BASEWT+(HTDIEROLL*WTDIEROLL)]
### Old tag for race Blood Carver=> AGE:15:1:4:1:6:2:6
RACENAME:Caamasi				SEX:Male[BASEHT:58|HTDIEROLL:2d10|BASEWT:120|WTDIEROLL:2d4|TOTALWT:BASEWT+(HTDIEROLL*WTDIEROLL)]Female[BASEHT:53|HTDIEROLL:2d10|BASEWT:85|WTDIEROLL:2d4|TOTALWT:BASEWT+(HTDIEROLL*WTDIEROLL)]
### Old tag for race Caamasi=> AGE:15:1:4:1:6:2:6
RACENAME:Caarites				SEX:Male[BASEHT:38|HTDIEROLL:2d10|BASEWT:100|WTDIEROLL:2d4|TOTALWT:BASEWT+(HTDIEROLL*WTDIEROLL)]Female[BASEHT:33|HTDIEROLL:2d10|BASEWT:65|WTDIEROLL:2d4|TOTALWT:BASEWT+(HTDIEROLL*WTDIEROLL)]
### Old tag for race Caarites=> AGE:15:1:4:1:6:2:6
RACENAME:Chagrians			SEX:Male[BASEHT:58|HTDIEROLL:2d10|BASEWT:120|WTDIEROLL:2d4|TOTALWT:BASEWT+(HTDIEROLL*WTDIEROLL)]Female[BASEHT:53|HTDIEROLL:2d10|BASEWT:85|WTDIEROLL:2d4|TOTALWT:BASEWT+(HTDIEROLL*WTDIEROLL)]
### Old tag for race Chagrians=> AGE:15:1:4:1:6:2:6
RACENAME:Colicoids			SEX:Male[BASEHT:58|HTDIEROLL:2d10|BASEWT:120|WTDIEROLL:2d4|TOTALWT:BASEWT+(HTDIEROLL*WTDIEROLL)]Female[BASEHT:53|HTDIEROLL:2d10|BASEWT:85|WTDIEROLL:2d4|TOTALWT:BASEWT+(HTDIEROLL*WTDIEROLL)]
### Old tag for race Colicoids=> AGE:15:1:4:1:6:2:6
RACENAME:Columi				SEX:Male[BASEHT:38|HTDIEROLL:2d10|BASEWT:100|WTDIEROLL:2d4|TOTALWT:BASEWT+(HTDIEROLL*WTDIEROLL)]Female[BASEHT:33|HTDIEROLL:2d10|BASEWT:65|WTDIEROLL:2d4|TOTALWT:BASEWT+(HTDIEROLL*WTDIEROLL)]
### Old tag for race Columi=> AGE:15:1:4:1:6:2:6
RACENAME:Coynites				SEX:Male[BASEHT:58|HTDIEROLL:2d10|BASEWT:120|WTDIEROLL:2d4|TOTALWT:BASEWT+(HTDIEROLL*WTDIEROLL)]Female[BASEHT:53|HTDIEROLL:2d10|BASEWT:85|WTDIEROLL:2d4|TOTALWT:BASEWT+(HTDIEROLL*WTDIEROLL)]
### Old tag for race Coynites=> AGE:15:1:4:1:6:2:6
RACENAME:Devaronian			SEX:Male[BASEHT:58|HTDIEROLL:2d10|BASEWT:120|WTDIEROLL:2d4|TOTALWT:BASEWT+(HTDIEROLL*WTDIEROLL)]Female[BASEHT:53|HTDIEROLL:2d10|BASEWT:85|WTDIEROLL:2d4|TOTALWT:BASEWT+(HTDIEROLL*WTDIEROLL)]
### Old tag for race Devaronian=> AGE:15:1:4:1:6:2:6
RACENAME:Duinuoqwuin (Star Dragon)	SEX:Male[BASEHT:358|HTDIEROLL:2d10|BASEWT:1200|WTDIEROLL:2d4|TOTALWT:BASEWT+(HTDIEROLL*WTDIEROLL)]Female[BASEHT:353|HTDIEROLL:2d10|BASEWT:850|WTDIEROLL:2d4|TOTALWT:BASEWT+(HTDIEROLL*WTDIEROLL)]
### Old tag for race Duinuoqwuin (Star Dragon)=> AGE:15:1:4:1:6:2:6
RACENAME:Falleen				SEX:Male[BASEHT:58|HTDIEROLL:2d10|BASEWT:120|WTDIEROLL:2d4|TOTALWT:BASEWT+(HTDIEROLL*WTDIEROLL)]Female[BASEHT:53|HTDIEROLL:2d10|BASEWT:85|WTDIEROLL:2d4|TOTALWT:BASEWT+(HTDIEROLL*WTDIEROLL)]
### Old tag for race Falleen=> AGE:15:1:4:1:6:2:6
RACENAME:Filordi				SEX:Male[BASEHT:58|HTDIEROLL:2d10|BASEWT:120|WTDIEROLL:2d4|TOTALWT:BASEWT+(HTDIEROLL*WTDIEROLL)]Female[BASEHT:53|HTDIEROLL:2d10|BASEWT:85|WTDIEROLL:2d4|TOTALWT:BASEWT+(HTDIEROLL*WTDIEROLL)]
### Old tag for race Filordi=> AGE:15:1:4:1:6:2:6
RACENAME:Gand				SEX:Male[BASEHT:58|HTDIEROLL:2d10|BASEWT:120|WTDIEROLL:2d4|TOTALWT:BASEWT+(HTDIEROLL*WTDIEROLL)]Female[BASEHT:53|HTDIEROLL:2d10|BASEWT:85|WTDIEROLL:2d4|TOTALWT:BASEWT+(HTDIEROLL*WTDIEROLL)]
### Old tag for race Gand=> AGE:15:1:4:1:6:2:6
RACENAME:Givin				SEX:Male[BASEHT:58|HTDIEROLL:2d10|BASEWT:120|WTDIEROLL:2d4|TOTALWT:BASEWT+(HTDIEROLL*WTDIEROLL)]Female[BASEHT:53|HTDIEROLL:2d10|BASEWT:85|WTDIEROLL:2d4|TOTALWT:BASEWT+(HTDIEROLL*WTDIEROLL)]
### Old tag for race Givin=> AGE:15:1:4:1:6:2:6
RACENAME:Gotal				SEX:Male[BASEHT:58|HTDIEROLL:2d10|BASEWT:120|WTDIEROLL:2d4|TOTALWT:BASEWT+(HTDIEROLL*WTDIEROLL)]Female[BASEHT:53|HTDIEROLL:2d10|BASEWT:85|WTDIEROLL:2d4|TOTALWT:BASEWT+(HTDIEROLL*WTDIEROLL)]
### Old tag for race Gotal=> AGE:15:1:4:1:6:2:6
RACENAME:Gran				SEX:Male[BASEHT:58|HTDIEROLL:2d10|BASEWT:120|WTDIEROLL:2d4|TOTALWT:BASEWT+(HTDIEROLL*WTDIEROLL)]Female[BASEHT:53|HTDIEROLL:2d10|BASEWT:85|WTDIEROLL:2d4|TOTALWT:BASEWT+(HTDIEROLL*WTDIEROLL)]
### Old tag for race Gran=> AGE:15:1:4:1:6:2:6
RACENAME:IXII				SEX:Male[BASEHT:58|HTDIEROLL:2d10|BASEWT:120|WTDIEROLL:2d4|TOTALWT:BASEWT+(HTDIEROLL*WTDIEROLL)]Female[BASEHT:53|HTDIEROLL:2d10|BASEWT:85|WTDIEROLL:2d4|TOTALWT:BASEWT+(HTDIEROLL*WTDIEROLL)]
### Old tag for race IXII=> AGE:15:1:4:1:6:2:6
RACENAME:Iktotchi				SEX:Male[BASEHT:58|HTDIEROLL:2d10|BASEWT:120|WTDIEROLL:2d4|TOTALWT:BASEWT+(HTDIEROLL*WTDIEROLL)]Female[BASEHT:53|HTDIEROLL:2d10|BASEWT:85|WTDIEROLL:2d4|TOTALWT:BASEWT+(HTDIEROLL*WTDIEROLL)]
### Old tag for race Iktotchi=> AGE:15:1:4:1:6:2:6
RACENAME:Iskalonians			SEX:Male[BASEHT:58|HTDIEROLL:2d10|BASEWT:120|WTDIEROLL:2d4|TOTALWT:BASEWT+(HTDIEROLL*WTDIEROLL)]Female[BASEHT:53|HTDIEROLL:2d10|BASEWT:85|WTDIEROLL:2d4|TOTALWT:BASEWT+(HTDIEROLL*WTDIEROLL)]
### Old tag for race Iskalonians=> AGE:15:1:4:1:6:2:6
RACENAME:Jawa				SEX:Male[BASEHT:38|HTDIEROLL:2d10|BASEWT:100|WTDIEROLL:2d4|TOTALWT:BASEWT+(HTDIEROLL*WTDIEROLL)]Female[BASEHT:33|HTDIEROLL:2d10|BASEWT:65|WTDIEROLL:2d4|TOTALWT:BASEWT+(HTDIEROLL*WTDIEROLL)]
### Old tag for race Jawa=> AGE:15:1:4:1:6:2:6
RACENAME:Jenet				SEX:Male[BASEHT:58|HTDIEROLL:2d10|BASEWT:120|WTDIEROLL:2d4|TOTALWT:BASEWT+(HTDIEROLL*WTDIEROLL)]Female[BASEHT:53|HTDIEROLL:2d10|BASEWT:85|WTDIEROLL:2d4|TOTALWT:BASEWT+(HTDIEROLL*WTDIEROLL)]
### Old tag for race Jenet=> AGE:15:1:4:1:6:2:6
RACENAME:Kel Dor				SEX:Male[BASEHT:58|HTDIEROLL:2d10|BASEWT:120|WTDIEROLL:2d4|TOTALWT:BASEWT+(HTDIEROLL*WTDIEROLL)]Female[BASEHT:53|HTDIEROLL:2d10|BASEWT:85|WTDIEROLL:2d4|TOTALWT:BASEWT+(HTDIEROLL*WTDIEROLL)]
### Old tag for race Kel Dor=> AGE:15:1:4:1:6:2:6
RACENAME:Kubaz				SEX:Male[BASEHT:58|HTDIEROLL:2d10|BASEWT:120|WTDIEROLL:2d4|TOTALWT:BASEWT+(HTDIEROLL*WTDIEROLL)]Female[BASEHT:53|HTDIEROLL:2d10|BASEWT:85|WTDIEROLL:2d4|TOTALWT:BASEWT+(HTDIEROLL*WTDIEROLL)]
### Old tag for race Kubaz=> AGE:15:1:4:1:6:2:6
RACENAME:Meris				SEX:Male[BASEHT:58|HTDIEROLL:2d10|BASEWT:120|WTDIEROLL:2d4|TOTALWT:BASEWT+(HTDIEROLL*WTDIEROLL)]Female[BASEHT:53|HTDIEROLL:2d10|BASEWT:85|WTDIEROLL:2d4|TOTALWT:BASEWT+(HTDIEROLL*WTDIEROLL)]
### Old tag for race Meris=> AGE:15:1:4:1:6:2:6
RACENAME:Mulganni				SEX:Male[BASEHT:58|HTDIEROLL:2d10|BASEWT:120|WTDIEROLL:2d4|TOTALWT:BASEWT+(HTDIEROLL*WTDIEROLL)]Female[BASEHT:53|HTDIEROLL:2d10|BASEWT:85|WTDIEROLL:2d4|TOTALWT:BASEWT+(HTDIEROLL*WTDIEROLL)]
### Old tag for race Mulganni=> AGE:15:1:4:1:6:2:6
RACENAME:Nagai				SEX:Male[BASEHT:58|HTDIEROLL:2d10|BASEWT:120|WTDIEROLL:2d4|TOTALWT:BASEWT+(HTDIEROLL*WTDIEROLL)]Female[BASEHT:53|HTDIEROLL:2d10|BASEWT:85|WTDIEROLL:2d4|TOTALWT:BASEWT+(HTDIEROLL*WTDIEROLL)]
### Old tag for race Nagai=> AGE:15:1:4:1:6:2:6
RACENAME:Neimoidian			SEX:Male[BASEHT:58|HTDIEROLL:2d10|BASEWT:120|WTDIEROLL:2d4|TOTALWT:BASEWT+(HTDIEROLL*WTDIEROLL)]Female[BASEHT:53|HTDIEROLL:2d10|BASEWT:85|WTDIEROLL:2d4|TOTALWT:BASEWT+(HTDIEROLL*WTDIEROLL)]
### Old tag for race Neimoidian=> AGE:15:1:4:1:6:2:6
RACENAME:Orfites				SEX:Male[BASEHT:58|HTDIEROLL:2d10|BASEWT:120|WTDIEROLL:2d4|TOTALWT:BASEWT+(HTDIEROLL*WTDIEROLL)]Female[BASEHT:53|HTDIEROLL:2d10|BASEWT:85|WTDIEROLL:2d4|TOTALWT:BASEWT+(HTDIEROLL*WTDIEROLL)]
### Old tag for race Orfites=> AGE:15:1:4:1:6:2:6
RACENAME:Pacithhip			SEX:Male[BASEHT:58|HTDIEROLL:2d10|BASEWT:120|WTDIEROLL:2d4|TOTALWT:BASEWT+(HTDIEROLL*WTDIEROLL)]Female[BASEHT:53|HTDIEROLL:2d10|BASEWT:85|WTDIEROLL:2d4|TOTALWT:BASEWT+(HTDIEROLL*WTDIEROLL)]
### Old tag for race Pacithhip=> AGE:15:1:4:1:6:2:6
RACENAME:Quarren				SEX:Male[BASEHT:58|HTDIEROLL:2d10|BASEWT:120|WTDIEROLL:2d4|TOTALWT:BASEWT+(HTDIEROLL*WTDIEROLL)]Female[BASEHT:53|HTDIEROLL:2d10|BASEWT:85|WTDIEROLL:2d4|TOTALWT:BASEWT+(HTDIEROLL*WTDIEROLL)]
### Old tag for race Quarren=> AGE:15:1:4:1:6:2:6
RACENAME:Shashay				SEX:Male[BASEHT:58|HTDIEROLL:2d10|BASEWT:120|WTDIEROLL:2d4|TOTALWT:BASEWT+(HTDIEROLL*WTDIEROLL)]Female[BASEHT:53|HTDIEROLL:2d10|BASEWT:85|WTDIEROLL:2d4|TOTALWT:BASEWT+(HTDIEROLL*WTDIEROLL)]
### Old tag for race Shashay=> AGE:15:1:4:1:6:2:6
RACENAME:Squibs				SEX:Male[BASEHT:38|HTDIEROLL:2d10|BASEWT:100|WTDIEROLL:2d4|TOTALWT:BASEWT+(HTDIEROLL*WTDIEROLL)]Female[BASEHT:33|HTDIEROLL:2d10|BASEWT:65|WTDIEROLL:2d4|TOTALWT:BASEWT+(HTDIEROLL*WTDIEROLL)]
### Old tag for race Squibs=> AGE:15:1:4:1:6:2:6
RACENAME:Talid				SEX:Male[BASEHT:58|HTDIEROLL:2d10|BASEWT:120|WTDIEROLL:2d4|TOTALWT:BASEWT+(HTDIEROLL*WTDIEROLL)]Female[BASEHT:53|HTDIEROLL:2d10|BASEWT:85|WTDIEROLL:2d4|TOTALWT:BASEWT+(HTDIEROLL*WTDIEROLL)]
### Old tag for race Talid=> AGE:15:1:4:1:6:2:6
RACENAME:Teltiors				SEX:Male[BASEHT:58|HTDIEROLL:2d10|BASEWT:120|WTDIEROLL:2d4|TOTALWT:BASEWT+(HTDIEROLL*WTDIEROLL)]Female[BASEHT:53|HTDIEROLL:2d10|BASEWT:85|WTDIEROLL:2d4|TOTALWT:BASEWT+(HTDIEROLL*WTDIEROLL)]
### Old tag for race Teltiors=> AGE:15:1:4:1:6:2:6
RACENAME:Toydarian			SEX:Male[BASEHT:38|HTDIEROLL:2d10|BASEWT:120|WTDIEROLL:2d4|TOTALWT:BASEWT+(HTDIEROLL*WTDIEROLL)]Female[BASEHT:33|HTDIEROLL:2d10|BASEWT:85|WTDIEROLL:2d4|TOTALWT:BASEWT+(HTDIEROLL*WTDIEROLL)]
### Old tag for race Toydarian=> AGE:15:1:4:1:6:2:6
RACENAME:Tusken Raiders			SEX:Male[BASEHT:58|HTDIEROLL:2d10|BASEWT:120|WTDIEROLL:2d4|TOTALWT:BASEWT+(HTDIEROLL*WTDIEROLL)]Female[BASEHT:53|HTDIEROLL:2d10|BASEWT:85|WTDIEROLL:2d4|TOTALWT:BASEWT+(HTDIEROLL*WTDIEROLL)]
### Old tag for race Tusken Raiders=> AGE:15:1:4:1:6:2:6
RACENAME:Ubese				SEX:Male[BASEHT:58|HTDIEROLL:2d10|BASEWT:120|WTDIEROLL:2d4|TOTALWT:BASEWT+(HTDIEROLL*WTDIEROLL)]Female[BASEHT:53|HTDIEROLL:2d10|BASEWT:85|WTDIEROLL:2d4|TOTALWT:BASEWT+(HTDIEROLL*WTDIEROLL)]
### Old tag for race Ubese=> AGE:15:1:4:1:6:2:6
RACENAME:Verpine				SEX:Male[BASEHT:58|HTDIEROLL:2d10|BASEWT:120|WTDIEROLL:2d4|TOTALWT:BASEWT+(HTDIEROLL*WTDIEROLL)]Female[BASEHT:53|HTDIEROLL:2d10|BASEWT:85|WTDIEROLL:2d4|TOTALWT:BASEWT+(HTDIEROLL*WTDIEROLL)]
### Old tag for race Verpine=> AGE:15:1:4:1:6:2:6
RACENAME:Zabrak				SEX:Male[BASEHT:58|HTDIEROLL:2d10|BASEWT:120|WTDIEROLL:2d4|TOTALWT:BASEWT+(HTDIEROLL*WTDIEROLL)]Female[BASEHT:53|HTDIEROLL:2d10|BASEWT:85|WTDIEROLL:2d4|TOTALWT:BASEWT+(HTDIEROLL*WTDIEROLL)]
### Old tag for race Zabrak=> AGE:15:1:4:1:6:2:6
RACENAME:ZeHethbra			SEX:Male[BASEHT:58|HTDIEROLL:2d10|BASEWT:120|WTDIEROLL:2d4|TOTALWT:BASEWT+(HTDIEROLL*WTDIEROLL)]Female[BASEHT:53|HTDIEROLL:2d10|BASEWT:85|WTDIEROLL:2d4|TOTALWT:BASEWT+(HTDIEROLL*WTDIEROLL)]
### Old tag for race ZeHethbra=> AGE:15:1:4:1:6:2:6
