# CVS $Revision: $ $Author: $ -- Fri May  8 13:30:11 2009 -- reformated by prettylst.pl v1.39 (build 8180)
SOURCELONG:Green Ronin - Advanced Player's Manual	SOURCESHORT:Adv.Players	SOURCEWEB:www.greenronin.com	SOURCEDATE:2005-01
#Original Entry by: Andrew Maitland
#Green Ronin - Advanced Players
# Skill Name		Key Stat	Untrained?		Exclusive?		Type									Visible	Required Feat							Multiple Requirements																						Source Page
Knowledge (Psychic)	KEYSTAT:INT	USEUNTRAINED:NO				TYPE:Intelligence.Knowledge																																									SOURCEPAGE:pg.

###Psychic Skill
Adaptation			KEYSTAT:WIS	USEUNTRAINED:NO	EXCLUSIVE:YES	TYPE:Wisdom.Psychometabolism.Psychic			VISIBLE:YES										PREMULT:1,[PREFEAT:1,Psychometabolism,Psychometabolism Psychic],[PREFEAT:1,Wild Talent-Adaptation,Wild Talent Psychic (Adaptation)]				SOURCEPAGE:pg.186
Apport			KEYSTAT:INT	USEUNTRAINED:NO	EXCLUSIVE:YES	TYPE:Intelligence.Psychoportation.Psychic			VISIBLE:YES										PREMULT:1,[PREFEAT:1,Psychoportation,Psychoportation Psychic],[PREFEAT:1,Wild Talent-Apport,Wild Talent Psychic (Apport)]					SOURCEPAGE:pg.186
Blink Teleport				USEUNTRAINED:NO	EXCLUSIVE:YES	TYPE:Psychoportation.Psychic					VISIBLE:YES										PREMULT:1,[PREFEAT:1,Psychoportation,Psychoportation Psychic],[PREFEAT:1,Wild Talent-Blink Teleport,Wild Talent Psychic (Blink Teleport)]			SOURCEPAGE:pg.186
Body Control		KEYSTAT:WIS	USEUNTRAINED:YES	EXCLUSIVE:YES	TYPE:Wisdom.Psychometabolism.Psychic			VISIBLE:YES										PREMULT:1,[PREFEAT:1,Psychometabolism,Psychometabolism Psychic],[PREFEAT:1,Wild Talent-Body Control,Wild Talent Psychic (Body Control)]			SOURCEPAGE:pg.186
Combat Sense		KEYSTAT:WIS	USEUNTRAINED:NO	EXCLUSIVE:YES	TYPE:Wisdom.Clairsentience.Psychic				VISIBLE:YES										PREMULT:1,[PREFEAT:1,Clairsentience,Clairsentience Psychic],[PREFEAT:1,Wild Talent-Combat Sense,Wild Talent Psychic (Combat Sense)]				SOURCEPAGE:pg.187
Cryokinesis			KEYSTAT:INT	USEUNTRAINED:NO	EXCLUSIVE:YES	TYPE:Intelligence.Psychokinesis.Psychic			VISIBLE:YES										PREMULT:1,[PREFEAT:1,Psychokinesis,Psychokinesis Psychic],[PREFEAT:1,Wild Talent-Cyrokinesis,Wild Talent Psychic (Cyrokinesis)]				SOURCEPAGE:pg.187
Dimensional Phase				USEUNTRAINED:NO	EXCLUSIVE:YES	TYPE:Psychoportation.Psychic					VISIBLE:YES										PREMULT:1,[PREFEAT:1,Psychoportation,Psychoportation Psychic],[PREFEAT:1,Wild Talent-Dimensional Phase,Wild Talent Psychic (Dimensional Phase)]		SOURCEPAGE:pg.187
Dimensional Shift		KEYSTAT:INT	USEUNTRAINED:NO	EXCLUSIVE:YES	TYPE:Intelligence.Psychic					VISIBLE:YES	PREFEAT:1,Dimensional Shift,Dimensional Shift Psychic																										SOURCEPAGE:pg.187
Domination			KEYSTAT:CHA	USEUNTRAINED:NO	EXCLUSIVE:YES	TYPE:Charisma.Telepathy.Psychic				VISIBLE:YES										PREMULT:1,[PREFEAT:1,Telepathy,Telepathy Psychic],[PREFEAT:1,Wild Talent-Domination,Wild Talent Psychic (Domination)]						SOURCEPAGE:pg.188
Drain Ability (STR)	KEYSTAT:WIS	USEUNTRAINED:NO	EXCLUSIVE:YES	TYPE:Wisdom.Psychometabolism.Psychic			VISIBLE:YES										PREMULT:1,[PREFEAT:1,Psychometabolism,Psychometabolism Psychic],[PREFEAT:1,Wild Talent-Drain Ability (STR),Wild Talent Psychic (Drain Ability (STR))]	SOURCEPAGE:pg.188
Drain Ability (DEX)	KEYSTAT:WIS	USEUNTRAINED:NO	EXCLUSIVE:YES	TYPE:Wisdom.Psychometabolism.Psychic			VISIBLE:YES										PREMULT:1,[PREFEAT:1,Psychometabolism,Psychometabolism Psychic],[PREFEAT:1,Wild Talent-Drain Ability (DEX),Wild Talent Psychic (Drain Ability (DEX))]	SOURCEPAGE:pg.188
Drain Ability (CON)	KEYSTAT:WIS	USEUNTRAINED:NO	EXCLUSIVE:YES	TYPE:Wisdom.Psychometabolism.Psychic			VISIBLE:YES										PREMULT:1,[PREFEAT:1,Psychometabolism,Psychometabolism Psychic],[PREFEAT:1,Wild Talent-Drain Ability (CON),Wild Talent Psychic (Drain Ability (CON))]	SOURCEPAGE:pg.188
Drain Ability (INT)	KEYSTAT:WIS	USEUNTRAINED:NO	EXCLUSIVE:YES	TYPE:Wisdom.Psychometabolism.Psychic			VISIBLE:YES										PREMULT:1,[PREFEAT:1,Psychometabolism,Psychometabolism Psychic],[PREFEAT:1,Wild Talent-Drain Ability (INT),Wild Talent Psychic (Drain Ability (INT))]	SOURCEPAGE:pg.188
Drain Ability (WIS)	KEYSTAT:WIS	USEUNTRAINED:NO	EXCLUSIVE:YES	TYPE:Wisdom.Psychometabolism.Psychic			VISIBLE:YES										PREMULT:1,[PREFEAT:1,Psychometabolism,Psychometabolism Psychic],[PREFEAT:1,Wild Talent-Drain Ability (WIS),Wild Talent Psychic (Drain Ability (WIS))]	SOURCEPAGE:pg.188
Drain Ability (CHA)	KEYSTAT:WIS	USEUNTRAINED:NO	EXCLUSIVE:YES	TYPE:Wisdom.Psychometabolism.Psychic			VISIBLE:YES										PREMULT:1,[PREFEAT:1,Psychometabolism,Psychometabolism Psychic],[PREFEAT:1,Wild Talent-Drain Ability (CHA),Wild Talent Psychic (Drain Ability (CHA))]	SOURCEPAGE:pg.188
Drain Emotion		KEYSTAT:CHA	USEUNTRAINED:NO	EXCLUSIVE:YES	TYPE:Charisma.Telepathy.Psychic				VISIBLE:YES										PREMULT:1,[PREFEAT:1,Telepathy,Telepathy Psychic],[PREFEAT:1,Wild Talent-Drain Emotion,Wild Talent Psychic (Drain Emotion)]					SOURCEPAGE:pg.188
Drain Power			KEYSTAT:WIS	USEUNTRAINED:NO	EXCLUSIVE:YES	TYPE:Wisdom.Psychometabolism.Psychic			VISIBLE:YES										PREMULT:1,[PREFEAT:1,Psychometabolism,Psychometabolism Psychic],[PREFEAT:1,Wild Talent-Drain Power,Wild Talent Psychic (Drain Power)]			SOURCEPAGE:pg.188
Drain Vitality		KEYSTAT:WIS	USEUNTRAINED:NO	EXCLUSIVE:YES	TYPE:Wisdom.Psychometabolism.Psychic			VISIBLE:YES										PREMULT:1,[PREFEAT:1,Psychometabolism,Psychometabolism Psychic],[PREFEAT:1,Wild Talent-Drain Vitality,Wild Talent Psychic (Vitality)]			SOURCEPAGE:pg.189
Dreamwalk			KEYSTAT:WIS	USEUNTRAINED:NO	EXCLUSIVE:YES	TYPE:Wisdom.Telepathy.Psychic					VISIBLE:YES										PREMULT:1,[PREFEAT:1,Telepathy,Telepathy Psychic],[PREFEAT:1,Wild Talent-Dreamwalk,Wild Talent Psychic (Dreamwalk)]						SOURCEPAGE:pg.189
Empathy			KEYSTAT:WIS	USEUNTRAINED:YES	EXCLUSIVE:YES	TYPE:Wisdom.Telepathy.Psychic					VISIBLE:YES										PREMULT:1,[PREFEAT:1,Telepathy,Telepathy Psychic],[PREFEAT:1,Wild Talent-Empathy,Wild Talent Psychic (Empathy)]							SOURCEPAGE:pg.189
Empathic Projection	KEYSTAT:CHA	USEUNTRAINED:NO	EXCLUSIVE:YES	TYPE:Charisma.Telepathy.Psychic				VISIBLE:YES										PREMULT:1,[PREFEAT:1,Telepathy,Telepathy Psychic],[PREFEAT:1,Wild Talent-Empathic Projection,Wild Talent Psychic (Empathic Projection)]			SOURCEPAGE:pg.189
Enhance Ability		KEYSTAT:WIS	USEUNTRAINED:NO	EXCLUSIVE:YES	TYPE:Wisdom.Psychometabolism.Psychic			VISIBLE:YES										PREMULT:1,[PREFEAT:1,Psychometabolism,Psychometabolism Psychic],[PREFEAT:1,Wild Talent-Enhance Ability,Wild Talent Psychic (Enhance Ability)]		SOURCEPAGE:pg.190
Enhance Senses		KEYSTAT:WIS	USEUNTRAINED:NO	EXCLUSIVE:YES	TYPE:Wisdom.Psychometabolism.Clairsentience.Psychic	VISIBLE:YES										PREMULT:1,[PREFEAT:1,Clairsentience,Psychometabolism],[PREFEAT:1,Wild Talent-Enhance Senses,Wild Talent Psychic (Enhance Senses)]				SOURCEPAGE:pg.190
Illusion			KEYSTAT:CHA	USEUNTRAINED:NO	EXCLUSIVE:YES	TYPE:Charisma.Telepathy.Psychic				VISIBLE:YES										PREMULT:1,[PREFEAT:1,Telepathy,Telepathy Psychic],[PREFEAT:1,Wild Talent-Illusion,Wild Talent Psychic (Illusion)]							SOURCEPAGE:pg.190
Life Drain			KEYSTAT:WIS	USEUNTRAINED:NO	EXCLUSIVE:YES	TYPE:Wisdom.Psychometabolism.Psychic			VISIBLE:YES										PREMULT:1,[PREFEAT:1,Psychometabolism,Psychometabolism Psychic],[PREFEAT:1,Wild Talent-Life Drain,Wild Talent Psychic (Life Drain)]				SOURCEPAGE:pg.191
Life Extension		KEYSTAT:WIS	USEUNTRAINED:NO	EXCLUSIVE:YES	TYPE:Wisdom.Psychometabolism.Psychic			VISIBLE:YES										PREMULT:1,[PREFEAT:1,Psychometabolism,Psychometabolism Psychic],[PREFEAT:1,Wild Talent-Life Extension,Wild Talent Psychic (Life Extension)]		SOURCEPAGE:pg.191
Mental Contact		KEYSTAT:CHA	USEUNTRAINED:YES	EXCLUSIVE:YES	TYPE:Charisma.Telepathy.Psychic				VISIBLE:YES										PREMULT:1,[PREFEAT:1,Telepathy,Telepathy Psychic],[PREFEAT:1,Wild Talent-Mental Contact,Wild Talent Psychic (Mental Contact)]					SOURCEPAGE:pg.191
Mind Reading		KEYSTAT:CHA	USEUNTRAINED:NO	EXCLUSIVE:YES	TYPE:Charisma.Telepathy.Psychic				VISIBLE:YES										PREMULT:1,[PREFEAT:1,Telepathy,Telepathy Psychic],[PREFEAT:1,Wild Talent-Mind Reading,Wild Talent Psychic (Mind Reading)]					SOURCEPAGE:pg.192
Mind Switch			KEYSTAT:CHA	USEUNTRAINED:NO	EXCLUSIVE:YES	TYPE:Charisma.Telepathy.Psychic				VISIBLE:YES	PREFEAT:1,Mind Switch,Mind Switch Psychic																												SOURCEPAGE:pg.192
Photokinesis		KEYSTAT:INT	USEUNTRAINED:NO	EXCLUSIVE:YES	TYPE:Intelligence.Psychokinesis.Psychic			VISIBLE:YES										PREMULT:1,[PREFEAT:1,Psychokinesis,Psychokinesis Psychic],[PREFEAT:1,Wild Talent-Photokinesis,Wild Talent Psychic (Photokinesis)]				SOURCEPAGE:pg.192
Precognition		KEYSTAT:WIS	USEUNTRAINED:YES	EXCLUSIVE:YES	TYPE:Wisdom.Clairsentience.Psychic				VISIBLE:YES										PREMULT:1,[PREFEAT:1,Clairsentience,Clairsentience Psychic],[PREFEAT:1,Wild Talent-Precognition,Wild Talent Psychic (Precognition)]				SOURCEPAGE:pg.193
Psychic Blast		KEYSTAT:CHA	USEUNTRAINED:NO	EXCLUSIVE:YES	TYPE:Charisma.Telepathy.Psychic				VISIBLE:YES										PREMULT:1,[PREFEAT:1,Telepathy,Telepathy Psychic],[PREFEAT:1,Wild Talent-Psychic Blast,Wild Talent Psychic (Psychic Blast)]					SOURCEPAGE:pg.193
Psychic Healing		KEYSTAT:WIS	USEUNTRAINED:NO	EXCLUSIVE:YES	TYPE:Wisdom.Psychometabolism.Psychic			VISIBLE:YES										PREMULT:1,[PREFEAT:1,Psychometabolism,Psychometabolism Psychic],[PREFEAT:1,Wild Talent-Psychic Healing,Wild Talent Psychic (Psychic Healing)]		SOURCEPAGE:pg.193
Psychic Sense		KEYSTAT:WIS	USEUNTRAINED:YES	EXCLUSIVE:YES	TYPE:Wisdom.Psychic						VISIBLE:YES										PREMULT:1,[PREFEAT:1,Psychic Ability],[PREFEAT:1,Wild Talent-Psychic Sense,Wild Talent Psychic (Psychic Sense)]							SOURCEPAGE:pg.194
Psychic Shield		KEYSTAT:WIS	USEUNTRAINED:NO	EXCLUSIVE:YES	TYPE:Wisdom.Psychic						VISIBLE:YES										PREMULT:1,[PREFEAT:1,Psychic Ability],[PREFEAT:1,Wild Talent-Psychic Shield,Wild Talent Psychic (Psychic Shield)]							SOURCEPAGE:pg.195
Psychic Static		KEYSTAT:CHA	USEUNTRAINED:NO	EXCLUSIVE:YES	TYPE:Wisdom.Telepathy.Psychic					VISIBLE:YES										PREMULT:1,[PREFEAT:1,Telepathy,Telepathy Psychic],[PREFEAT:1,Wild Talent-Psychic Static,Wild Talent Psychic (Psychic Static)]					SOURCEPAGE:pg.195
Psychic Surgery		KEYSTAT:WIS	USEUNTRAINED:NO	EXCLUSIVE:YES	TYPE:Wisdom.Telepathy.Psychic					VISIBLE:YES										PREMULT:1,[PREFEAT:1,Telepathy,Telepathy Psychic],[PREFEAT:1,Wild Talent-Psychic Surgery,Wild Talent Psychic (Psychic Surgery)]				SOURCEPAGE:pg.195
Psychic Weapon		KEYSTAT:WIS	USEUNTRAINED:NO	EXCLUSIVE:YES	TYPE:Wisdom.Psychic						VISIBLE:YES										PREMULT:1,[PREFEAT:1,Psychic Weapon,Psychic Weapon Psychic],[PREFEAT:1,Wild Talent-Psychic Weapon,Wild Talent Psychic (Psychic Weapon)]			SOURCEPAGE:pg.196
Psychometry			KEYSTAT:WIS	USEUNTRAINED:NO	EXCLUSIVE:YES	TYPE:Wisdom.Clairsentience.Psychic				VISIBLE:YES										PREMULT:1,[PREFEAT:1,Clairsentience,Clairsentience Psychic],[PREFEAT:1,Wild Talent-Psychometry,Wild Talent Psychic (Psychometry)]				SOURCEPAGE:pg.197
Pyrokinesis			KEYSTAT:INT	USEUNTRAINED:NO	EXCLUSIVE:YES	TYPE:Intelligence.Psychokinesis.Psychic			VISIBLE:YES										PREMULT:1,[PREFEAT:1,Psychokinesis,Psychokinesis Psychic],[PREFEAT:1,Wild Talent-Pyrokinesis,Wild Talent Psychic (Pyrokinesis)]				SOURCEPAGE:pg.197
Remote Viewing		KEYSTAT:WIS	USEUNTRAINED:NO	EXCLUSIVE:YES	TYPE:Wisdom.Clairsentience.Psychic				VISIBLE:YES										PREMULT:1,[PREFEAT:1,Clairsentience,Clairsentience Psychic],[PREFEAT:1,Wild Talent-Remote Viewing,Wild Talent Psychic (Remote Viewing)]			SOURCEPAGE:pg.197
Sense Minds			KEYSTAT:WIS	USEUNTRAINED:NO	EXCLUSIVE:YES	TYPE:Wisdom.Telepathy.Psychic					VISIBLE:YES										PREMULT:1,[PREFEAT:1,Telepathy,Telepathy Psychic],[PREFEAT:1,Wild Talent-Sense Minds,Wild Talent Psychic (Sense Minds)]						SOURCEPAGE:pg.198
Sleep				KEYSTAT:CHA	USEUNTRAINED:NO	EXCLUSIVE:YES	TYPE:Charisma.Telepathy.Psychic				VISIBLE:YES										PREMULT:1,[PREFEAT:1,Telepathy,Telepathy Psychic],[PREFEAT:1,Wild Talent-Sleep,Wild Talent Psychic (Sleep)]								SOURCEPAGE:pg.198
Suggestion			KEYSTAT:CHA	USEUNTRAINED:NO	EXCLUSIVE:YES	TYPE:Charisma.Telepathy.Psychic				VISIBLE:YES										PREMULT:1,[PREFEAT:1,Telepathy,Telepathy Psychic],[PREFEAT:1,Wild Talent-Suggestion,Wild Talent Psychic (Suggestion)]						SOURCEPAGE:pg.198
Telekinesis			KEYSTAT:INT	USEUNTRAINED:NO	EXCLUSIVE:YES	TYPE:Intelligence.Psychokinesis.Psychic			VISIBLE:YES										PREMULT:1,[PREFEAT:1,Psychokinesis,Psychokinesis Psychic],[PREFEAT:1,Wild Talent-Telekinesis,Wild Talent Psychic (Telekinesis)]				SOURCEPAGE:pg.199
Telekinetic Blast		KEYSTAT:INT	USEUNTRAINED:NO	EXCLUSIVE:YES	TYPE:Intelligence.Psychokinesis.Psychic			VISIBLE:YES										PREMULT:1,[PREFEAT:1,Psychokinesis,Psychokinesis Psychic],[PREFEAT:1,Wild Talent-Telekinetic Blast,Wild Talent Psychic (Telekinetic Blast)]		SOURCEPAGE:pg.199
Telekinetic Grip		KEYSTAT:INT	USEUNTRAINED:NO	EXCLUSIVE:YES	TYPE:Intelligence.Psychokinesis.Psychic			VISIBLE:YES										PREMULT:1,[PREFEAT:1,Psychokinesis,Psychokinesis Psychic],[PREFEAT:1,Wild Talent-Telekinetic Grip,Wild Talent Psychic (Telekinetic Grip)]			SOURCEPAGE:pg.199
Telekinetic Shield	KEYSTAT:INT	USEUNTRAINED:NO	EXCLUSIVE:YES	TYPE:Intelligence.Psychokinesis.Psychic			VISIBLE:YES										PREMULT:1,[PREFEAT:1,Psychokinesis,Psychokinesis Psychic],[PREFEAT:1,Wild Talent-Telekinetic Shield,Wild Talent Psychic (Telekinetic Shield)]		SOURCEPAGE:pg.199
Teleport			KEYSTAT:INT	USEUNTRAINED:NO	EXCLUSIVE:YES	TYPE:Intelligence.Psychoportation.Psychic			VISIBLE:YES										PREMULT:1,[PREFEAT:1,Psychoportation,Psychoportation Psychic],[PREFEAT:1,Wild Talent-Teleport,Wild Talent Psychic (Teleport)]					SOURCEPAGE:pg.200
