# CVS $Revision: $ $Author: $ -- Fri May  8 13:30:11 2009 -- reformated by prettylst.pl v1.39 (build 8180)
# CVS
SOURCELONG:Fantasy Flight Games - Path of Faith	SOURCESHORT:Faith	SOURCEWEB:http://www.fantasyflightgames.com/dd36.html
# Original Entry by: Ratheof Blithwyn




# Hidden feat: Master Techniques for the Hound Master
# Feat Name						Type						Visible	Special ABility						Bonus to skill							Stat bonus
Master Technique (Additional Hit Dice)	TYPE:HoundMasterTechnique		VISIBLE:NO	SAB:Master Technique (Additional Hit Dice)
Master Technique (Saving Throw Bonuses)	TYPE:HoundMasterTechnique		VISIBLE:NO	SAB:Master Technique (Saving Throw Bonuses)
Master Technique (Bonus Feat)			TYPE:HoundMasterTechnique		VISIBLE:NO	SAB:Master Technique (Bonus Feat)
Master Technique (Resistance to Energy)	TYPE:HoundMasterTechnique		VISIBLE:NO	SAB:Master Technique (Resistance to Energy)

# Hidden feat: Valor Knight abilities
# Feat Name						Type						Visible	Special ABility						Bonus to skill							Stat bonus
Valor Knight Bonus to Dexterity		TYPE:ValorKnightAbilityScoreBonus	VISIBLE:NO	SAB:Valor Knight (Dexterity)													BONUS:STAT|DEX|2|TYPE=Inherent
Valor Knight Bonus to Wisdom			TYPE:ValorKnightAbilityScoreBonus	VISIBLE:NO	SAB:Valor Knight (Wisdom)													BONUS:STAT|WIS|2|TYPE=Inherent
Valor Knight Bonus to Charisma		TYPE:ValorKnightAbilityScoreBonus	VISIBLE:NO	SAB:Valor Knight (Charisma)													BONUS:STAT|CHA|2|TYPE=Inherent

# Hidden feat: Valor Knight skills
# Feat Name						Type						Visible	Special ABility						Bonus to skill							Stat bonus
Valor Knight Bonus to Diplomacy		TYPE:ValorKnightSkillBonus		VISIBLE:NO	SAB:Valor Knight (Diplomacy)				BONUS:SKILL|Diplomacy|10|TYPE=Competence
Valor Knight Bonus to Gather Information	TYPE:ValorKnightSkillBonus		VISIBLE:NO	SAB:Valor Knight (Gather Information)		BONUS:SKILL|Gather Information|10|TYPE=Competence
Valor Knight Bonus to Sense Motive		TYPE:ValorKnightSkillBonus		VISIBLE:NO	SAB:Valor Knight (Sense Motive)			BONUS:SKILL|Sense Motive|10|TYPE=Competence









