# CVS $Revision: $ $Author: rax_the_grey $ -- Fri May  8 13:30:11 2009 -- reformated by prettylst.pl v1.39 (build 8180)
SOURCELONG:Rallanon Publishing Group - The Encyclopedia Rallanon Base	SOURCESHORT:EncRal	SOURCEWEB:http://raxstower.finzen.com

# Class Name			Hit Dice	Type			ABB		Ex Class			Source Page				Bonus Languages										Save checks bonus												Combat bonus
# Class Name			Required AL
# Class Name			Skill Pts/Lvl	Class Skill

##Block: Prestige Classes

# Class Name			Hit Dice	Type			Abbreviation	Max Level	Source Page				Save checks bonus														Combat bonus
CLASS:Agariim Slave Girl	HD:6		TYPE:PC.Prestige	ABB:ASG		MAXLEVEL:5	SOURCEPAGE:Ch. 3, Classes	BONUS:CHECKS|BASE.Reflex,BASE.Will|classlevel/2+2	BONUS:CHECKS|BASE.Fortitude|classlevel/3	BONUS:COMBAT|BAB|classlevel*3/4|TYPE=Base.REPLACE
# Class Name			Required Gender	Multiple Requirements																																																					Required Skill
CLASS:Agariim Slave Girl	PREGENDER:Female	PREMULT:1,[PRESKILL:1,TYPE.Craft.Art=8,Hide=8,Move Silently=8,TYPE.Perform=8,Profession (Courtier)=8,Profession (Courtesan)=8,Profession (Gambler)=8,Profession (Herbalist)=8,Profession (Masseur)=8,Profession (Prostitute)=8,Profession (Scribe)=8,Profession (Torturer)=8,Sleight of Hand=8],[PREMULT:2,[PREATT:5],[PREFEAT:1,Bodyguard]]	PRESKILL:1,Tumble=5
# Class Name			Skill Pts/Lvl	Class Skill
CLASS:Agariim Slave Girl	STARTSKILLPTS:4	CSKILL:Balance|Bluff|TYPE=Agariim.Craft|Diplomacy|Gather Information|Hide|Intimidate|Jump|Knowledge (Court Protocol)|Knowledge (History)|Knowledge (Literature)|Knowledge (Nobility and Royalty)|Knowledge (Politics)|Move Silently|TYPE=Perform|Profession (Courtier)|Profession (Courtesan)|Profession (Gambler)|Profession (Herbalist)|Profession (Masseur)|Profession (Prostitute)|Profession (Scribe)|Profession (Torturer)|Sense Motive|Sleight of Hand|Tumble
1	ADD:ABILITY|Special Ability|NORMAL|ASG Skill Focus,ASG Weapon Focus
2	ADD:ABILITY|Special Ability|NORMAL|ASG Style and Grace,Draw Attack
3	ADD:ABILITY|Special Ability|NORMAL|ASG Improved Critical,ASG Versatile
4	ADD:ABILITY|Special Ability|NORMAL|ASG Arrow Shield,Charming Demeanor
5	ADD:ABILITY|Special Ability|NORMAL|ASG Talent,ASG Weapon Specialization

# Class Name			Hit Dice	Type			Abbreviation	Max Level	Source Page				Save checks bonus														Combat bonus
CLASS:Candonian Spear Dancer	HD:8		TYPE:PC.Prestige	ABB:CSD		MAXLEVEL:12	SOURCEPAGE:Ch. 3, Classes	BONUS:CHECKS|BASE.Fortitude,BASE.Will|classlevel/3	BONUS:CHECKS|BASE.Reflex|classlevel/2+2	BONUS:COMBAT|BAB|classlevel|TYPE=Base.REPLACE
# Class Name			Req. Att.	Required Feat								Required Region	Required Skill
CLASS:Candonian Spear Dancer	PREATT:6	PREFEAT:2,Dodge,Exotic Weapon Proficiency (Double Spear)	PREREGION:Candon	PRESKILL:2,Balance=5,Perform (Dance)=5
# Class Name			Skill Pts/Lvl	Class Skill
CLASS:Candonian Spear Dancer	STARTSKILLPTS:2	CSKILL:Balance|Jump|Knowledge (Candon)|Move Silently|Perform (Dance)|Tumble
1					VFEAT:Weapon Focus (Double Spear)
2					VFEAT:Two Weapon Fighting
3	SAB:Leg Sweep (Ex)
4	SAB:Quick Strike (Ex)
5	SAB:Prod (Ex)
6	SAB:Defensive Spin (Ex)
7	SAB:Pierce Vitals (Ex)
8	SAB:Speed (Ex)
9	SAB:Flowing Water (Ex)
10	SAB:Ballistic Spin (Ex)
11	SAB:Impale (Ex)
12	SAB:Skewer (Ex)

# Class Name		Hit Dice	Type			Abbreviation	Max Level	Source Page				Save checks bonus														Combat bonus
CLASS:Du Ordun Drak	HD:10		TYPE:PC.Prestige	ABB:DoD		MAXLEVEL:10	SOURCEPAGE:Ch. 3, Classes	BONUS:CHECKS|BASE.Fortitude,BASE.Reflex|classlevel/2+2	BONUS:CHECKS|BASE.Will|classlevel/3	BONUS:COMBAT|BAB|classlevel|TYPE=Base.REPLACE
# Class Name		Req. Att.	Required Feat						Required Region
CLASS:Du Ordun Drak	PREATT:6	PREFEAT:3,Power Attack,Cleave,Great Cleave	PREREGION:Bloodlands
# Class Name		Skill Pts/Lvl	Class Skill
CLASS:Du Ordun Drak	STARTSKILLPTS:1	CSKILL:Battle|Climb|TYPE=Craft|Handle Animal|Jump|Knowledge (Bloodlands)|Knowledge (Law)|Knowledge (War)|Knowledge (Weaponry)|Ride
1									ADD:FEAT|Weapon Focus	ABILITY:Special Ability|AUTOMATIC|All Automatic Proficiencies|All Martial Weapon Proficiencies	AUTO:FEAT|Armor Proficiency (Light)|Armor Proficiency (Medium)|Armor Proficiency (Heavy)	AUTO:FEAT|Shield Proficiency|Tower Shield Proficiency	AUTO:FEAT|Simple Weapon Proficiency|Martial Weapon Proficiency
2			SAB: +2 to all morale related rolls
3			SAB:Cast Jump %/day|1
4									ADD:FEAT|TYPE=Fighter
5			SAB:Inspire allies %/day|1
6			SAB:Cast Jump %/day|1
7	DR:5/-
8									ADD:FEAT|TYPE=Fighter
9			SAB:Cast Jump %/day|1
10	DR:10/-	SAB:Inspire allies %/day|1

# Class Name	Hit Dice	Type			Abbreviation	Max Level	Source Page				Save checks bonus														Combat bonus
CLASS:Ley Master	HD:4		TYPE:PC.Prestige	ABB:LeM		MAXLEVEL:10	SOURCEPAGE:Ch. 3, Classes	BONUS:CHECKS|BASE.Fortitude,BASE.Reflex|classlevel/3	BONUS:CHECKS|BASE.Will|classlevel/2+2	BONUS:COMBAT|BAB|classlevel/2|TYPE=Base.REPLACE
# Class Name	Required Skill											Req. Spell Type		Required Text
CLASS:Ley Master	PRESKILL:2,Knowledge (Arcana)=8,Spellcraft=8	PRESKILL:1,Use Ley Line=10	PRESPELLTYPE:1,Arcane=1	PRETEXT:Must have used a ley nexus
# Class Name	Skill Pts/Lvl	Class Skill
CLASS:Ley Master	STARTSKILLPTS:2	CSKILL:Concentration|Decipher Script|Knowledge (Arcana)|Knowledge (Geography)|Profession (Cartographer)|Research|Ritual Casting|Spellcraft|Use Ley Line
1	SAB:Channel Magic(Su) (%)|ChannelThresh	BONUS:VAR|ChannelThresh|CL*5	DEFINE:ChannelThresh|0
2																	ADD:SPELLCASTER|Arcane
3	SAB:Line Scry(Su)
4																	ADD:SPELLCASTER|Arcane
5	SAB:Boost Channel(Su)
6																	ADD:SPELLCASTER|Arcane
7	SAB:Line Message(Su)
8																	ADD:SPELLCASTER|Arcane
9	SAB:Ley Movement(Su)
10																	ADD:SPELLCASTER|Arcane

# Class Name		Hit Dice	Type			Abbreviation	Source Page				Save checks bonus																			Combat bonus
CLASS:Fist of Evil	HD:10		TYPE:PC.Prestige	ABB:FoE		SOURCEPAGE:Ch. 3, Classes	BONUS:CHECKS|BASE.Fortitude|(classlevel/2)+2	BONUS:CHECKS|BASE.Reflex|classlevel/3	BONUS:CHECKS|BASE.Will|classlevel/3	BONUS:COMBAT|BAB|classlevel|TYPE=Base.REPLACE
# Class Name		Required AL		Req. Att.	Required Feat			Required Skill
CLASS:Fist of Evil	PREALIGN:LE,NE,CE	PREATT:5	PREFEAT:2,Power Attack,Cleave	PRESKILL:1,Intimidate=4	PRESKILL:1,Knowledge (Religion)=4	PRESKILL:1,Spot=4
# Class Name		Skill Pts/Lvl	Class Skill
CLASS:Fist of Evil	STARTSKILLPTS:2	CSKILL:Battle|Diplomacy|Intimidate|Knowledge (Nobility and Royalty)|Knowledge (Religion)|TYPE=Profession|Ride|Sense Motive|Spot
1																			ABILITY:Special Ability|AUTOMATIC|All Automatic Proficiencies|All Martial Weapon Proficiencies	AUTO:FEAT|Martial Weapon Proficiency|Simple Weapon Proficiency
1																																			AUTO:FEAT|Armor Proficiency (Heavy)|Armor Proficiency (Light)|Armor Proficiency (Medium)
1																																			AUTO:FEAT|Shield Proficiency|Tower Shield Proficiency
1	SAB:Brutal Strike +% |BrutalStrike			BONUS:VAR|BrutalStrike|1	DEFINE:BrutalStrike|0
2	SAB:Strength Boost %/day|StrengthBoost		BONUS:VAR|StrengthBoost|1	DEFINE:StrengthBoost|0
3	SAB:Frightful Presence %/day|FrightfulPresence	BONUS:VAR|FrightfulPresence|1	DEFINE:FrightfulPresence|0
4									BONUS:VAR|BrutalStrike|1
5									BONUS:VAR|StrengthBoost|1
6									BONUS:VAR|FrightfulPresence|1
7									BONUS:VAR|BrutalStrike|1
8									BONUS:VAR|StrengthBoost|1
9									BONUS:VAR|FrightfulPresence|1
10									BONUS:VAR|BrutalStrike|1
