# CVS $Revision: $ $Author: rax_the_grey $ -- Fri May  8 13:30:11 2009 -- reformated by prettylst.pl v1.39 (build 8180)
SOURCELONG:Rallanon Publishing Group - The Encyclopedia Rallanon Base	SOURCESHORT:EncRal	SOURCEWEB:http://raxstower.finzen.com

# Class Name			Hit Dice	Type			ABB		Ex Class			Source Page				Bonus Languages										Save SAVE bonus												Combat bonus
# Class Name			Required AL
# Class Name			Skill Pts/Lvl	Class Skill


##Block: Base Classes

# Class Name	Hit Dice	Type				Abbreviation	Source Page				Save SAVE bonus											Combat bonus					Add domain number
#CLASS:Sorcerer	HD:4		FACT:ClassType|Base.PC	FACT:Abb|Sor	SOURCEPAGE:Ch. 3, Classes	BONUS:SAVE|BASE.Will|CL/2+2	BONUS:SAVE|BASE.Fortitude,BASE.Reflex|CL/3	BONUS:COMBAT|BAB|CL/2|TYPE=Base.REPLACE	BONUS:DOMAIN|NUMBER|2
# Class Name	Skill Pts/Lvl	Class Skill
#CLASS:Sorcerer	STARTSKILLPTS:2	CSKILL:Concentration|TYPE=Craft|Knowledge (Arcana)|TYPE=Profession|Ritual Casting|Spellcraft|Use Ley Line
# Class Name	Spell Stat		Spell Type			Memorize	Caster level			Use Spell List
#CLASS:Sorcerer	SPELLSTAT:CHA	FACT:SpellType|Arcane	MEMORIZE:NO	BONUS:CASTERLEVEL|Sorcerer|CL	SPELLLIST:1|Sorcerer
###Block: Proficiencies
#1	ABILITY:Special Ability|AUTOMATIC|All Automatic Proficiencies	AUTO:FEAT|Simple Weapon Proficiency
###Block: Familiar
#1											BONUS:VAR|FMLevel|CL	ABILITY:Special Ability|AUTOMATIC|Summon Familiar
##Block: Sorcerer (Ral) Spells
# 1	CAST:5,3				KNOWN:4,3
# 2	CAST:6,4				KNOWN:5,3
# 3	CAST:6,5				KNOWN:5,4
# 4	CAST:6,6,3				KNOWN:6,4,2
# 5	CAST:6,6,4				KNOWN:6,5,3
# 6	CAST:6,6,5,3			KNOWN:7,5,3,2
# 7	CAST:6,6,6,4			KNOWN:7,6,4,3
# 8	CAST:6,6,6,5,3			KNOWN:8,6,4,3,2
# 9	CAST:6,6,6,6,4			KNOWN:8,6,5,4,3
# 10	CAST:6,6,6,6,5,3			KNOWN:9,6,5,4,3,2
# 11	CAST:6,6,6,6,6,4			KNOWN:9,6,6,5,4,3
# 12	CAST:6,6,6,6,6,4,3		KNOWN:9,6,6,5,4,3,2
# 13	CAST:6,6,6,6,6,6,4		KNOWN:9,6,6,5,5,4,3
# 14	CAST:6,6,6,6,6,6,5,3		KNOWN:9,6,6,5,5,4,3,2
# 15	CAST:6,6,6,6,6,6,6,4		KNOWN:9,6,6,5,5,5,4,3
# 16	CAST:6,6,6,6,6,6,6,5,3		KNOWN:9,6,6,5,5,5,4,3,2
# 17	CAST:6,6,6,6,6,6,6,6,4		KNOWN:9,6,6,5,5,5,4,4,3
# 18	CAST:6,6,6,6,6,6,6,6,5,3	KNOWN:9,6,6,5,5,4,4,4,3,2
# 19	CAST:6,6,6,6,6,6,6,6,6,4	KNOWN:9,6,6,5,5,5,4,4,4,3
# 20	CAST:6,6,6,6,6,6,6,6,6,6	KNOWN:9,6,6,5,5,5,4,4,4,4


CLASS:Sorcerer.MOD	BONUS:DOMAIN|NUMBER|2


# Class Name	Hit Dice	Type				Abbreviation	Ex Class			Source Page				Save SAVE bonus											Combat bonus
CLASS:Blackguard	HD:10		FACT:ClassType|Base.PC	FACT:Abb|Blk	EXCLASS:Ex Blackguard	SOURCEPAGE:Chap.3, Blackguard	BONUS:SAVE|BASE.Fortitude|CL/2+2	BONUS:SAVE|BASE.Reflex,BASE.Will|CL/3	BONUS:COMBAT|BAB|CL|TYPE=Base.REPLACE
# Class Name	Required AL
CLASS:Blackguard	PREALIGN:LE,NE,CE
# Class Name	Skill Pts/Lvl	Class Skill
CLASS:Blackguard	STARTSKILLPTS:2	CSKILL:Concentration|TYPE=Craft|Diplomacy|Handle Animal|Heal|Intimidate|Knowledge (Religion)|TYPE=Profession|Ride
# Class Name	Spell Stat		Spell Type			Automatically Known Spell Levels				Craft Level Mult.	Caster level								Use Spell List
CLASS:Blackguard	SPELLSTAT:WIS	FACT:SpellType|Divine	KNOWNSPELLS:LEVEL=0|LEVEL=1|LEVEL=2|LEVEL=3|LEVEL=4	ITEMCREATE:0.5	BONUS:CASTERLEVEL|Blackguard|CL/2|PRECLASS:1,Blackguard=4	SPELLLIST:1|Blackguard
###Block: Servants Servant (Undead and Fiendish)
# Turning
3	BONUS:VAR|TurnLevelBase|CL-2										ABILITY:Special Ability|AUTOMATIC|Rebuke Undead|Basic Turning
3	BONUS:VAR|TurnDamagePlusBase|CL-2
# Smite Good
1	BONUS:VAR|SmiteGood|var("CL=Ex Paladin")/4+1|PRECLASS:1,Ex Paladin=1			ABILITY:Special Ability|AUTOMATIC|Smite Good
1	BONUS:VAR|SmiteGood|CL/5+1	BONUS:VAR|SmiteGoodDamage|CL+var("CL=Ex Paladin")
# Sneak Attack
1	BONUS:VAR|SneakAttack|1|PRECLASS:1,Ex Paladin=5
4	BONUS:VAR|SneakAttack|(CL-1)/3									ABILITY:Special Ability|AUTOMATIC|Sneak Attack
###Block: Other Paladin related Abilities
1	BONUS:VAR|BlackguardLayOnHands|max(CHA,0)*CL	ABILITY:Special Ability|AUTOMATIC|Blackguard Lay on Hands|PRECLASS:1,Ex Paladin=3
1									ABILITY:Special Ability|AUTOMATIC|Fiendish Summoning|PRECLASS:1,Ex Paladin=7
###Block: Servants Servant (Undead and Fiendish)
5	BONUS:VAR|UndeadCompanionLVL|CL|PRECLASS:1,Ex Paladin=9	ABILITY:Special Ability|AUTOMATIC|Undead Companion|PRECLASS:1,Ex Paladin=9
5	BONUS:VAR|FSLevel|CL							ABILITY:Special Ability|AUTOMATIC|Fiendish Servant
###Block: Weapons / Armor Proficiencies
1								EXCHANGELEVEL:Ex Paladin|11|10|1	AUTO:FEAT|Simple Weapon Proficiency|Martial Weapon Proficiency Output	AUTO:FEAT|Armor Proficiency (Light)|Armor Proficiency (Medium)|Armor Proficiency (Heavy)	AUTO:FEAT|Shield Proficiency|Tower Shield Proficiency		ABILITY:Special Ability|AUTOMATIC|All Automatic Proficiencies|All Martial Weapon Proficiencies
##Block: Casting progression
4	CAST:0,0		BONUS:VAR|AuraEvil|CL							ABILITY:Special Ability|AUTOMATIC|Poison Use|Detect Good|Aura of Evil
5	CAST:0,0												ABILITY:Special Ability|AUTOMATIC|Dark Blessing
6	CAST:0,1												ABILITY:Special Ability|AUTOMATIC|Aura of Despair
7	CAST:0,1
8	CAST:0,1,0
9	CAST:0,1,0
10	CAST:0,1,1
11	CAST:0,1,1,0
12	CAST:0,1,1,1
13	CAST:0,1,1,1
14	CAST:0,2,1,1,0
15	CAST:0,2,1,1,1
16	CAST:0,2,2,1,1
17	CAST:0,2,2,2,1
18	CAST:0,3,2,2,1
19	CAST:0,3,3,3,2
20	CAST:0,3,3,3,3


# Class Name		Hit Dice	Type				Abbreviation	Source Page							Visible	Save SAVE bonus											Combat bonus
CLASS:Ex Blackguard	HD:10		FACT:ClassType|Base.PC	FACT:Abb|Blk	SOURCEPAGE:Chap.3, Blackguard, Ex-Blackguard	VISIBLE:NO	BONUS:SAVE|BASE.Fortitude|CL/2+2	BONUS:SAVE|BASE.Reflex,BASE.Will|CL/3	BONUS:COMBAT|BAB|CL|TYPE=Base.REPLACE
1	AUTO:FEAT|Simple Weapon Proficiency|Martial Weapon Proficiency Output	AUTO:FEAT|Armor Proficiency (Light)|Armor Proficiency (Medium)|Armor Proficiency (Heavy)	AUTO:FEAT|Shield Proficiency|Tower Shield Proficiency		ABILITY:Special Ability|AUTOMATIC|All Automatic Proficiencies|All Martial Weapon Proficiencies


SOURCELONG:World of Warcraft Campaign Setting	SOURCESHORT:WoWCS	SOURCEWEB:http://www.swordsorcery.com

# Class Name	Hit Dice	Type				Abbreviation	Max Level	Source Page		Bonus Languages		Save SAVE bonus											Combat bonus
CLASS:Warlock	HD:4		FACT:ClassType|Base.PC	FACT:Abb|War	MAXLEVEL:20	SOURCEPAGE:pg. 60	LANGBONUS:Draconic	BONUS:SAVE|BASE.Will|CL/2+2	BONUS:SAVE|BASE.Fortitude,BASE.Reflex|CL/3	BONUS:COMBAT|BAB|CL/2|TYPE=Base.REPLACE
# Class Name	Skill Pts/Lvl	Class Skill
CLASS:Warlock	STARTSKILLPTS:2	CSKILL:Concentration|TYPE.Craft|Decipher Script|Diplomacy|Intimidate|TYPE.Knowledge|TYPE.Profession|Ritual Casting|Speak Language|Spellcraft
# Class Name	Spell Stat		Spell Type			Automatically Known Spell Levels	Spellbook		Caster level
CLASS:Warlock	SPELLSTAT:INT	FACT:SpellType|Arcane	KNOWNSPELLS:LEVEL=0			SPELLBOOK:YES	BONUS:CASTERLEVEL|Warlock|CL
###Block:Proficiencies
1	ABILITY:Special Ability|AUTOMATIC|Wizard Weapon Proficiencies|All Automatic Proficiencies
###Block: Familiar
1	BONUS:VAR|FMLevel|CL	ABILITY:Special Ability|AUTOMATIC|Fel Companion
###Block: Spells
1	SPELLLEVEL:CLASS|Warlock=0|Arcane Mark,Detect Magic,Ghost Sound,Prestidigitation,Read Magic,Resistance
1	SPELLLEVEL:CLASS|Warlock=1|Alarm,Charm Person,Comprehend Languages,Disguise Self,Identify,Mana Shield,Moonglaive,Protection from Evil,Shadow Meld,Silent Image
1	SPELLLEVEL:CLASS|Warlock=2|Detect Thoughts,Invisibility,Minor Image,Mirror Image,Resist Energy,See Invisibility,Storm Hammer,Touch of Idiocy
1	SPELLLEVEL:CLASS|Warlock=3|Clairaudience/Clairvoyance,Dispel Magic,Gaseous Form,Hold Person,Major Image,Nondetection,Suggestion,Tongues
###Block: Level progression
1	CAST:3,1													AUTO:FEAT|Scribe Scroll
2	CAST:4,2
3	CAST:4,2,1
4	CAST:4,3,2				ABILITY:Special Ability|AUTOMATIC|Summoner
5	CAST:4,3,2,1
6	CAST:4,3,3,2
7	CAST:4,4,3,2,1
8	CAST:4,4,3,3,2			ABILITY:Special Ability|AUTOMATIC|Enslave Outsider
9	CAST:4,4,4,3,2,1
10	CAST:4,4,4,3,3,2
11	CAST:4,4,4,4,3,2,1
12	CAST:4,4,4,4,3,3,2		ABILITY:Special Ability|AUTOMATIC|Demonologist
13	CAST:4,4,4,4,4,3,2,1
14	CAST:4,4,4,4,4,3,3,2
15	CAST:4,4,4,4,4,4,3,2,1
16	CAST:4,4,4,4,4,4,3,3,2		ABILITY:Special Ability|AUTOMATIC|Demon Mastery
17	CAST:4,4,4,4,4,4,4,3,2,1
18	CAST:4,4,4,4,4,4,4,3,3,2
19	CAST:4,4,4,4,4,4,4,4,3,3
20	CAST:4,4,4,4,4,4,4,4,4,4
