# CVS $Revision: $ $Author: $ -- Tue Feb 17 11:03:35 2009 -- reformated by prettylst.pl v1.39 (build 8180)
SOURCELONG:Rallanon Publishing Group - The Encyclopedia Rallanon Base	SOURCESHORT:EncRal	SOURCEWEB:http://raxstower.finzen.com

#Regional Templates
# Template Name		Visible		Template																																							Qualify for Feat							Bonus to skill rank						Class Skill						Automatic Languages	Bonus Languages									Region
Ral Regions			VISIBLE:DISPLAY	TEMPLATE:CHOOSE:Algoria|Ancient Kish|Ardos|Athega|Bellagon|Bencadrad Alliance|Bloodlands|Bonadan|Candon|Dentros|Durinar|Enchanted Wood|Grass Sea|Haknaar|Kharsiris|Kish|Kuraek|Landorn|Li-Ming|Mysidia|Nyarsk|Pantorka|Roton|Scrogothia|Zhar

#Regions:
Algoria			VISIBLE:NO																																										QUALIFY:FEAT|Cosmopolitan|Discipline			BONUS:SKILLRANK|Knowledge (Algoria)|2			CSKILL:Knowledge (Algoria)			AUTO:LANG|Algorian		LANGBONUS:Barbic,Candonian,Elaurin,Lharsish,Telronteean		REGION:Algoria
Ancient Kish		VISIBLE:NO																																										QUALIFY:FEAT|Discipline|Education				BONUS:SKILLRANK|Knowledge (Ancient Kish)|2		CSKILL:Knowledge (Ancient Kish)		AUTO:LANG|Ancient Kishan	LANGBONUS:Lharsish								REGION:Ancient Kish
Ardos				VISIBLE:NO																																										QUALIFY:FEAT|Cosmopolitan|Smooth Talk			BONUS:SKILLRANK|Knowledge (Ardos)|2				CSKILL:Knowledge (Ardos)			AUTO:LANG|Ardonian		LANGBONUS:Algorian,Candonian,Telronteean				REGION:Candon	SUBREGION:Ardos
Athega			VISIBLE:NO																																										QUALIFY:FEAT|Forester|Stealthy|Treetopper			BONUS:SKILLRANK|Knowledge (Athega)|2			CSKILL:Knowledge (Athega)			AUTO:LANG|Elaurin		LANGBONUS:Algorian,Barbic,Bellagonian,Bloodlandian,Candonian	REGION:Athega
Bellagon			VISIBLE:NO																																										QUALIFY:FEAT|Arcane Schooling|Courteous Magocracy|Magical Training	BONUS:SKILLRANK|Knowledge (Bellagon)|2			CSKILL:Knowledge (Bellagon)			AUTO:LANG|Bellagonian	LANGBONUS:Algorian,Bloodlandian,Candonian,Elaurin			REGION:Bellagon
Bencadrad Alliance	VISIBLE:NO																																										QUALIFY:FEAT|Cosmopolitan|Discipline			BONUS:SKILLRANK|Knowledge (Bencadrad Alliance)|2	CSKILL:Knowledge (Bencadrad Alliance)	AUTO:LANG|Algorian		LANGBONUS:Candonian,Kishan,Telronteean					REGION:Bencadrad Alliance
Bloodlands			VISIBLE:NO																																										QUALIFY:FEAT|Blooded|Militia					BONUS:SKILLRANK|Knowledge (Bloodlands)|2			CSKILL:Knowledge (Bloodlands)			AUTO:LANG|Bloodlandian	LANGBONUS:Barbic,Candonian,Dwarech,Elaurin,Mysidian,Pantorkian	REGION:Bloodlands
Bonadan			VISIBLE:NO																																										QUALIFY:FEAT|Forester|Snake Blood				BONUS:SKILLRANK|Knowledge (Bonadan)|2			CSKILL:Knowledge (Bonadan)			AUTO:LANG|Telronteean	LANGBONUS:Algorian,Candonian							REGION:Bonadan
Candon			VISIBLE:NO																																										QUALIFY:FEAT|Cosmopolitan|Mercantile Background		BONUS:SKILLRANK|Knowledge (Candon)|2			CSKILL:Knowledge (Candon)			AUTO:LANG|Candonian	LANGBONUS:Ardonian,Bloodlandian,Pantorkian				REGION:Candon
Dentros			VISIBLE:NO																																										QUALIFY:FEAT|Strong Soul|Survivor				BONUS:SKILLRANK|Knowledge (Dentros)|2			CSKILL:Knowledge (Dentros)			AUTO:LANG|Gilmeen		LANGBONUS:Dwarech,Goblin,Nyarsk						REGION:Dentros
Durinar			VISIBLE:NO																																										QUALIFY:FEAT|Discipline|Strong Soul				BONUS:SKILLRANK|Knowledge (Durinar)|2			CSKILL:Knowledge (Durinar)			AUTO:LANG|Nihorech		LANGBONUS:Goblin,Orc								REGION:Durinar
Enchanted Wood		VISIBLE:NO																																										QUALIFY:FEAT|Forester|Stealthy|Treetopper			BONUS:SKILLRANK|Knowledge (Enchanted Wood)|2		CSKILL:Knowledge (Enchanted Wood)		AUTO:LANG|Eruvij		LANGBONUS:Candonian,Fae,Goblin						REGION:Enchanted Wood
Grass Sea			VISIBLE:NO																																										QUALIFY:FEAT|Blooded|Horse Nomad|Saddleback		BONUS:SKILLRANK|Knowledge (Grass Sea)|2			CSKILL:Knowledge (Grass Sea)			AUTO:LANG|Barbic		LANGBONUS:Algorian,Ling-Har,Miinow,Zharan					REGION:Grass Sea
Haknaar			VISIBLE:NO																																										QUALIFY:FEAT|Discipline|Thug					BONUS:SKILLRANK|Knowledge (Haknaar)|2			CSKILL:Knowledge (Haknaar)			AUTO:LANG|Haknaaran	LANGBONUS:Candonian,Scrogothian						REGION:Haknaar
Kharsiris			VISIBLE:NO																																										QUALIFY:FEAT|Discipline|Education				BONUS:SKILLRANK|Knowledge (Kharsiris)|2			CSKILL:Knowledge (Kharsiris)			AUTO:LANG|Kharsirian	LANGBONUS:Algorian,Nihorech							REGION:Kharsiris
Kish				VISIBLE:NO																																										QUALIFY:FEAT|Horse Nomad|Saddleback				BONUS:SKILLRANK|Knowledge (Kish)|2				CSKILL:Knowledge (Kish)				AUTO:LANG|Kishan		LANGBONUS:Algorian,Kharsirian							REGION:Kish
Kuraek			VISIBLE:NO																																										QUALIFY:FEAT|Discipline|Strong Soul				BONUS:SKILLRANK|Knowledge (Kuraek)|2			CSKILL:Knowledge (Kuraek)			AUTO:LANG|Uuharic		LANGBONUS:Goblin,Ling-Har,Orc,Zharan					REGION:Kuraek
Landorn			VISIBLE:NO																																										QUALIFY:FEAT|Mercantile Background|Silver Palm		BONUS:SKILLRANK|Knowledge (Landorn)|2			CSKILL:Knowledge (Landorn)			AUTO:LANG|Ardonian		LANGBONUS:Algorian,Candonian,Haknaaran					REGION:Landorn
Li-Ming			VISIBLE:NO																																										QUALIFY:FEAT|Great Diplomat|Smooth Talk			BONUS:SKILLRANK|Knowledge (Li-Ming)|2			CSKILL:Knowledge (Li-Ming)			AUTO:LANG|Ling-Har		LANGBONUS:Barbic,Miinow,Uuharic,Zharan					REGION:Li-Ming
Mysidia			VISIBLE:NO																																										QUALIFY:FEAT|Mind Over Body|Survivor			BONUS:SKILLRANK|Knowledge (Mysidia)|2			CSKILL:Knowledge (Mysidia)			AUTO:LANG|Mysidian		LANGBONUS:Bloodlandian,Candonian,Dwarech					REGION:Mysidia
Nyarsk			VISIBLE:NO																																										QUALIFY:FEAT|Blooded|Militia					BONUS:SKILLRANK|Knowledge (Nyarsk)|2			CSKILL:Knowledge (Nyarsk)			AUTO:LANG|Nyarsk		LANGBONUS:Goblin,Orc,Scrogothian						REGION:Nyarsk
Pantorka			VISIBLE:NO																																										QUALIFY:FEAT|Luck of Heroes|Militia				BONUS:SKILLRANK|Knowledge (Pantorka)|2			CSKILL:Knowledge (Pantorka)			AUTO:LANG|Pantorkian	LANGBONUS:Bloodlandian,Candonian,Nyarsk					REGION:Pantorka
Roton				VISIBLE:NO																																										QUALIFY:FEAT|Discipline|Strong Soul|Thunder Twin	BONUS:SKILLRANK|Knowledge (Roton)|2				CSKILL:Knowledge (Roton)			AUTO:LANG|Dwarech		LANGBONUS:Gilmeen,Goblin,Orc							REGION:Roton
Scrogothia			VISIBLE:NO																																										QUALIFY:FEAT|Blooded|Militia					BONUS:SKILLRANK|Knowledge (Scrogothia)|2			CSKILL:Knowledge (Scrogothia)			AUTO:LANG|Scrogothian	LANGBONUS:Azgarothian,Haknaaran,Orc						REGION:Scrogothia
Zhar				VISIBLE:NO																																										QUALIFY:FEAT|Discipline|Mercantile Background		BONUS:SKILLRANK|Knowledge (Zhar)|2				CSKILL:Knowledge (Zhar)				AUTO:LANG|Zharan		LANGBONUS:Barbic,Ling-Har,Miinow,Uuharic					REGION:Zhar
