# CVS $Revision: $ $Author: $ -- Thu Nov  3 16:54:36 2005 -- reformated by prettylst.pl v1.34 (build 455)
SOURCELONG:Rallanon Publishing Group - The Encyclopedia Rallanon Base	SOURCESHORT:EncRal	SOURCEWEB:http://raxstower.finzen.com

# Language		Product Identity?	Type
Algorian		NAMEISPI:YES	TYPE:Spoken.Written.Read
Ancient Kishan	NAMEISPI:YES	TYPE:Spoken.Written.Read
Ardonian		NAMEISPI:YES	TYPE:Spoken.Written.Read
Asaatthi					TYPE:Spoken.Written.Read
Azgarothian		NAMEISPI:YES	TYPE:Spoken.Written.Read
Barbic		NAMEISPI:YES	TYPE:Spoken
Bellagonian		NAMEISPI:YES	TYPE:Spoken.Written.Read
Bloodlandian	NAMEISPI:YES	TYPE:Spoken.Written.Read
Candonian		NAMEISPI:YES	TYPE:Spoken.Written.Read
Dwarech		NAMEISPI:YES	TYPE:Spoken.Written.Read
Elaurin		NAMEISPI:YES	TYPE:Spoken.Written.Read
Eruvij		NAMEISPI:YES	TYPE:Spoken
Fae						TYPE:Spoken.Written.Read
Gilmeen		NAMEISPI:YES	TYPE:Spoken.Written.Read
Haknaaran		NAMEISPI:YES	TYPE:Spoken.Written.Read
Kharsirian		NAMEISPI:YES	TYPE:Spoken.Written.Read
Kishan		NAMEISPI:YES	TYPE:Spoken
Kuo-Toan					TYPE:Spoken.Written.Read
Lharsish		NAMEISPI:YES	TYPE:Written.Read
Ling-Har		NAMEISPI:YES	TYPE:Spoken.Written.Read
Miinow		NAMEISPI:YES	TYPE:Spoken.Written.Read
Minotaur					TYPE:Spoken.Written.Read
Mysidian		NAMEISPI:YES	TYPE:Spoken.Written.Read
Nihorech		NAMEISPI:YES	TYPE:Spoken.Written.Read
Nyarsk		NAMEISPI:YES	TYPE:Spoken.Written.Read
Pantorkian		NAMEISPI:YES	TYPE:Spoken.Written.Read
Scrogothian		NAMEISPI:YES	TYPE:Spoken.Written.Read
Slaad						TYPE:Spoken.Written.Read
Spirit Tongue				TYPE:Spoken.Written.Read
Telronteean		NAMEISPI:YES	TYPE:Spoken.Written.Read
Umber Hulk					TYPE:Spoken.Written.Read
Uuharic		NAMEISPI:YES	TYPE:Spoken.Written.Read
Vizhnak		NAMEISPI:YES	TYPE:Spoken.Written.Read
Zharan		NAMEISPI:YES	TYPE:Spoken.Written.Read
