# CVS $Revision: $ $Author: $ -- Fri May  8 13:30:11 2009 -- reformated by prettylst.pl v1.39 (build 8180)
SOURCELONG:Rallanon Publishing Group - The Encyclopedia Rallanon Base	SOURCESHORT:EncRal	SOURCEWEB:http://raxstower.finzen.com

## Block:Asaatth Abilities
# Feat Name				Type			Visible	Required Feat			Required Race	Special ABility						Define				Description																			Stackable?	Multiple?	Choose						Selections	Bonus to skill								Modify VAR					Weapon prof. bonus								Class Skill	Source Page
Asaatth Keen Senses		CATEGORY:Special Ability	TYPE:SpecialQuality.Extraordinary	VISIBLE:NO																			DESC:Sees three times better than a human in low-light and darkvision 60'.  Scent creatures in 30' as free action.																																											SOURCEPAGE:Creature Collection I, p.12
Asaatth Poison			CATEGORY:Special Ability	TYPE:SpecialAttack.Extraordinary	VISIBLE:NO																			DESC:Fort. save DC:14 or toxic shock for 2d4+2 min.																																																						SOURCEPAGE:Creature Collection I, p.12

## Block: Agariim Slave Girl Abilities
ASG Improved Critical		CATEGORY:Special Ability	TYPE:SpecialAttack.Extraordinary	VISIBLE:YES																																				MULT:YES							CHOOSE:WEAPONPROFICIENCY|TYPE.Finesseable																				BONUS:WEAPONPROF=%LIST|CRITRANGEDOUBLE|1|Type=NonStackingCrit
ASG Skill Focus			CATEGORY:Special Ability	TYPE:SpecialQuality.Extraordinary	VISIBLE:YES																																				MULT:YES							CHOOSE:SKILL|TYPE.Agariim				BONUS:SKILL|LIST|3	BONUS:SKILL|LIST|2|PREABILITY:1,CATEGORY=Special Ability,ASG Talent
ASG Weapon Focus			CATEGORY:Special Ability	TYPE:SpecialAttack.Extraordinary	VISIBLE:YES																																				MULT:YES							CHOOSE:WEAPONPROFICIENCY|TYPE.Finesseable																				BONUS:WEAPONPROF=%LIST|TOHIT|1
ASG Weapon Specialization	CATEGORY:Special Ability	TYPE:SpecialAttack.Extraordinary	VISIBLE:YES	PREABILITY:1,CATEGORY=Special Ability,ASG Weapon Focus	VFEAT:Weapon Specialization			BONUS:VAR|WeapSpecQualify|1

SOURCELONG:Alderac Entertainment Group - Rokugan	SOURCESHORT:AEG-Rokugan	SOURCEWEB:http://alderac.com/d20
ASG Style and Grace		CATEGORY:Special Ability	TYPE:SpecialQuality.Extraordinary	VISIBLE:NO									DESC:+4 to all Charisma-based social skills																																																																				SOURCEPAGE:pg. 34
ASG Talent				CATEGORY:Special Ability	TYPE:SpecialQuality.Extraordinary	VISIBLE:NO									DESC:+5 from Skill Focus instead of +3																																																																					SOURCEPAGE:pg. 34
#ASG Versatile			CATEGORY:Special Ability	TYPE:SpecialQuality.Extraordinary	VISIBLE:YES																																				MULT:YES							CHOOSE:SKILL|CROSSCLASS|EXCLUSIVE	SELECT:2																												CSKILL:LIST	SOURCEPAGE:pg. 55

SOURCELONG:Mongoose Publishing - Collector's Series - Quintessential Wizard	SOURCESHORT:QuintWizard	SOURCEWEB:http://mongoosepublishing.com
ASG Arrow Shield			CATEGORY:Special Ability	TYPE:SpecialQuality.Extraordinary	VISIBLE:YES	PREABILITY:1,CATEGORY=FEAT,Bodyguard				VFEAT:Arrow Shield																																							SOURCEPAGE:pg. 91

SOURCELONG:Mongoose Publishing - Collector's Series - Quintessential Rogue	SOURCESHORT:QuintRogue	SOURCEWEB:http://mongoosepublishing.com
Charming Demeanor			CATEGORY:Special Ability	TYPE:SpecialQuality.Extraordinary	VISIBLE:NO									DESC:Charming Demeanor %1/day|CharmingDemeanor	DEFINE:CharmingDemeanor|0																																												BONUS:VAR|CharmingDemeanor|CHA														SOURCEPAGE:pg. 23

SOURCELONG:World of Warcraft Campaign Setting	SOURCESHORT:WoWCS	SOURCEWEB:http://www.swordsorcery.com
##Block: Warlock Abilities
# Ability Name						Category of Ability		Type							Visible	Define																																												Description																								Automatically Gained Feat	Ability										Caster level					Bonus to DC					Modify VAR																										Allow Follower			Allowed Companions							Source Page		ASPECT
Rebuke Outsider						CATEGORY:Special Ability	TYPE:SpecialAttack.Turning.TurnOutsider	VISIBLE:YES	DEFINE:TurnTimesOutsider|0	BONUS:VAR|TurnTimesOutsider|TurnTimesBase	DEFINE:TurnLevelOutsider|0	BONUS:VAR|TurnLevelOutsider|TurnLevelBase	DEFINE:TurnDiceOutsider|0	BONUS:VAR|TurnDiceOutsider|TurnDiceBase	DEFINE:TurnDieSizeOutsider|0	BONUS:VAR|TurnDieSizeOutsider|TurnDieSizeBase	DEFINE:TurnDamagePlusOutsider|0	BONUS:VAR|TurnDamagePlusOutsider|TurnDamagePlusBase	DEFINE:TurnCheckOutsider|0	BONUS:VAR|TurnCheckOutsider|TurnCheckBase	DESC:%1/day (turn level %2) (turn damage %3d%4+%5)|TurnTimesOutsider|TurnLevelOutsider|TurnDiceOutsider|TurnDieSizeOutsider|TurnDamagePlusOutsider																																																																								SOURCEPAGE:pg. 62
Fel Companion						CATEGORY:Special Ability	TYPE:SpecialQuality.Extraordinary		VISIBLE:YES	DEFINE:CompLevel|0																																																																																																																											FOLLOWERS:Fel Companion|1	COMPANIONLIST:Fel Companion|RACETYPE=Outsider,RACESUBTYPE=Evil	SOURCEPAGE:pg. 62
Summoner							CATEGORY:Special Ability	TYPE:SpecialQuality.Extraordinary		VISIBLE:YES																																														DESC:All Conjuration (Summoning) spells have double duration|PRECLASS:1,Warlock=6												AUTO:FEAT|Augment Summoning
Enslave Outsider						CATEGORY:Special Ability	TYPE:SpecialQuality.Supernatural		VISIBLE:YES																																														DESC:The warlock may add a ranks in any one relevant Knowledge skill to caster level or Charisma checks for Planar Binding spells.
Demonologist						CATEGORY:Special Ability	TYPE:SpecialQuality.Extraordinary		VISIBLE:YES																																														DESC:The warlock casts Conjuration (Summoning) spells at +1 caster level, and the save DC for such spells increases by +2.																					BONUS:CASTERLEVEL|SUBSCHOOL.Summoning|1	BONUS:DC|SUBSCHOOL.Summoning|2
Demon Mastery						CATEGORY:Special Ability	TYPE:SpecialQuality.Supernatural		VISIBLE:YES																																																																												ABILITY:Special Ability|AUTOMATIC|Basic Turning|Rebuke Outsider														BONUS:VAR|TurnLevelBase,TurnDamagePlusBase|CL=Warlock|TYPE=Level.REPLACE	BONUS:VAR|TurnTimesBase|3+CHA|TYPE=Base	BONUS:VAR|TurnCheckBase|CHA|TYPE=Base

CATEGORY=Special Ability|Rebuke Outsider.MOD																																																																																																																																																															ASPECT:TurnType|Rebuke	ASPECT:TurnKind|Outsider	ASPECT:TurnTimes|%1|TurnTimesOutsider	ASPECT:TurnLevel|%1|TurnLevelOutsider	ASPECT:TurnDamage|%1d%2+%3|TurnDiceOutsider|TurnDieSizeOutsider|TurnDamagePlusOutsider	ASPECT:TurnCheck|%1|TurnCheckOutsider	ASPECT:TurnNotes|You command Outsider creatures with total hit dice up to %1.|TurnLevelOutsider/2
