# CVS $Revision: $ $Author: $ -- Fri May  8 13:30:11 2009 -- reformated by prettylst.pl v1.39 (build 8180)
SOURCELONG:Wizards of the Coast - Dragon Magazine Annual #5	SOURCESHORT:WotC-Dragon Annual #5	SOURCEWEB:http://www.wizards.com/default.asp?x=dragon

# Spell Name				Classes of caster				School			Sub-School			Type		Components	Casting Time	Range			Target Area or Effect								Duration							Save Info					Spell Resistance		Description	Source Page
Distract					CLASSES:Herald=0				SCHOOL:Enchantment	SUBSCHOOL:Compulsion	TYPE:Arcane	COMPS:S	CASTTIME:1 action	RANGE:Close		TARGETAREA:One creature								DURATION:1 round						SAVEINFO:Will negates			SPELLRES:Yes		DESC:None	SOURCEPAGE:p.87
Distracting Ray				CLASSES:Bard,Sorcerer,Wizard=2	SCHOOL:Abjuration						TYPE:Arcane	COMPS:V S	CASTTIME:1 action	RANGE:Close		TARGETAREA:Ray									DURATION:Instantaneous					SAVEINFO:None				SPELLRES:No			DESC:None	SOURCEPAGE:p.23
Eagle Eyes					CLASSES:Herald=3				SCHOOL:Transmutation					TYPE:Arcane	COMPS:V S M	CASTTIME:1 action	RANGE:Touch		TARGETAREA:Creature touched							DURATION:10 minutes/level				SAVEINFO:None				SPELLRES:Yes (harmless)	DESC:None	SOURCEPAGE:p.87
Glib Tongue					CLASSES:Herald=1				SCHOOL:Transmutation					TYPE:Arcane	COMPS:V S	CASTTIME:1 action	RANGE:Touch		TARGETAREA:Creature touched							DURATION:10 minutes/level				SAVEINFO:None				SPELLRES:Yes (harmless)	DESC:None	SOURCEPAGE:p.87
Greater Disrupt Undead			CLASSES:Sorcerer,Wizard=3		SCHOOL:Necromancy						TYPE:Arcane	COMPS:V S	CASTTIME:1 action	RANGE:Close		TARGETAREA:Ray									DURATION:Instantaneous					SAVEINFO:None				SPELLRES:Yes		DESC:None	SOURCEPAGE:p.26
Lord's Charisma				CLASSES:Herald=2				SCHOOL:Transmutation					TYPE:Arcane	COMPS:V S	CASTTIME:1 action	RANGE:Touch		TARGETAREA:Creature touched							DURATION:1 hour/level					SAVEINFO:None				SPELLRES:Yes (harmless)	DESC:None	SOURCEPAGE:p.87
Minor Reflection				CLASSES:Bard,Sorcerer,Wizard=3	SCHOOL:Abjuration						TYPE:Arcane	COMPS:V S F	CASTTIME:1 action	RANGE:Personal	TARGETAREA:You									DURATION:1 minute/level					SAVEINFO:None				SPELLRES:No			DESC:None	SOURCEPAGE:p.24
Ray of Clumsiness				CLASSES:Sorcerer,Wizard=1		SCHOOL:Transmutation					TYPE:Arcane	COMPS:V S	CASTTIME:1 action	RANGE:Close		TARGETAREA:Ray									DURATION:1 minute/level					SAVEINFO:Fortitude negates		SPELLRES:Yes		DESC:None	SOURCEPAGE:p.23
Ray of Deanimation			CLASSES:Sorcerer,Wizard=4		SCHOOL:Abjuration						TYPE:Arcane	COMPS:V S	CASTTIME:1 action	RANGE:Close		TARGETAREA:One construct							DURATION:Instantaneous					SAVEINFO:Will half			SPELLRES:Yes		DESC:None	SOURCEPAGE:p.26
Ray of Dizziness				CLASSES:Bard,Sorcerer,Wizard=2	SCHOOL:Enchantment	SUBSCHOOL:Compulsion	TYPE:Arcane	COMPS:V S F	CASTTIME:1 action	RANGE:Close		TARGETAREA:Ray									DURATION:1 round/level					SAVEINFO:Will negates			SPELLRES:Yes		DESC:None	SOURCEPAGE:p.24
Ray of Entropy				CLASSES:Sorcerer,Wizard=5		SCHOOL:Necromancy						TYPE:Arcane	COMPS:V S	CASTTIME:1 action	RANGE:Close		TARGETAREA:Ray									DURATION:1 minute/level					SAVEINFO:Fortitude half (see text)	SPELLRES:Yes		DESC:None	SOURCEPAGE:p.26
Ray of Flame				CLASSES:Sorcerer,Wizard=1		SCHOOL:Evocation		SUBSCHOOL:Flame		TYPE:Arcane	COMPS:V S F	CASTTIME:1 action	RANGE:Close		TARGETAREA:Ray									DURATION:Instantaneous					SAVEINFO:None (see text)		SPELLRES:Yes		DESC:None	SOURCEPAGE:p.23
Ray of Ice					CLASSES:Sorcerer,Wizard=2		SCHOOL:Evocation		SUBSCHOOL:Cold		TYPE:Arcane	COMPS:V S M	CASTTIME:1 action	RANGE:Close		TARGETAREA:Ray									DURATION:Instantaneous					SAVEINFO:See text				SPELLRES:Yes		DESC:None	SOURCEPAGE:p.24
Ray of Light				CLASSES:Bard,Sorcerer,Wizard=1	SCHOOL:Evocation		SUBSCHOOL:Light		TYPE:Arcane	COMPS:V S	CASTTIME:1 action	RANGE:Close		TARGETAREA:Ray									DURATION:10 minutes/level (D) or instantaneous	SAVEINFO:See text				SPELLRES:See text		DESC:None	SOURCEPAGE:p.23
Ray of Sickness				CLASSES:Sorcerer,Wizard=2		SCHOOL:Necromancy						TYPE:Arcane	COMPS:V S	CASTTIME:1 action	RANGE:Close		TARGETAREA:Ray									DURATION:1 round/level					SAVEINFO:Fortitude negates		SPELLRES:Yes		DESC:None	SOURCEPAGE:p.24
Ray of Stupidity				CLASSES:Sorcerer,Wizard=2		SCHOOL:Enchantment	SUBSCHOOL:Compulsion	TYPE:Arcane	COMPS:V S M	CASTTIME:1 action	RANGE:Close		TARGETAREA:Ray									DURATION:1 minute/level					SAVEINFO:Will negates			SPELLRES:Yes		DESC:None	SOURCEPAGE:p.24
Ray of Weakness				CLASSES:Sorcerer,Wizard=4		SCHOOL:Necromancy						TYPE:Arcane	COMPS:V S	CASTTIME:1 action	RANGE:Close		TARGETAREA:Ray									DURATION:See text						SAVEINFO:Fortitude half			SPELLRES:Yes		DESC:None	SOURCEPAGE:p.26
Rust Ray					CLASSES:Sorcerer,Wizard=3		SCHOOL:Transmutation					TYPE:Arcane	COMPS:V S M	CASTTIME:1 action	RANGE:Close		TARGETAREA:One non-magical ferrous object or one ferrous creature	DURATION:Instantaneous					SAVEINFO:None				SPELLRES:No			DESC:None	SOURCEPAGE:p.24
Sting Ray					CLASSES:Bard,Sorcerer,Wizard=3	SCHOOL:Enchantment	SUBSCHOOL:Compulsion	TYPE:Arcane	COMPS:V S M	CASTTIME:1 action	RANGE:Close		TARGETAREA:Ray									DURATION:Instantaneous					SAVEINFO:Will negates			SPELLRES:Yes		DESC:None	SOURCEPAGE:p.24
Stun Ray					CLASSES:Sorcerer,Wizard=1		SCHOOL:Conjuration	SUBSCHOOL:Creation	TYPE:Arcane	COMPS:V S M	CASTTIME:1 action	RANGE:Close		TARGETAREA:Ray									DURATION:1 round plus 1d4 rounds			SAVEINFO:Fortitude partial		SPELLRES:Yes		DESC:None	SOURCEPAGE:p.23
Sudden Mastery				CLASSES:Herald=4				SCHOOL:Transmutation					TYPE:Arcane	COMPS:V S	CASTTIME:1 action	RANGE:Personal	TARGETAREA:You									DURATION:10 minutes/level				SAVEINFO:None				SPELLRES:No			DESC:None	SOURCEPAGE:p.87
Targeting Ray				CLASSES:Bard,Sorcerer,Wizard=1	SCHOOL:Divination						TYPE:Arcane	COMPS:V S F	CASTTIME:1 action	RANGE:Medium	TARGETAREA:Ray									DURATION:1 round/level					SAVEINFO:None				SPELLRES:No			DESC:None	SOURCEPAGE:p.23


# .MODed spells for the Herald class
Dancing Lights.MOD			CLASSES:Herald=0
Guidance.MOD				CLASSES:Herald=0
Know Direction.MOD			CLASSES:Herald=0
Light.MOD					CLASSES:Herald=0
Mage Hand.MOD				CLASSES:Herald=0
Open/Close.MOD				CLASSES:Herald=0
Prestidigitation.MOD			CLASSES:Herald=0
Alarm.MOD					CLASSES:Herald=1
Change Self.MOD				CLASSES:Herald=1
Charm Person.MOD				CLASSES:Herald=1
Comprehend Languages.MOD		CLASSES:Herald=1
Detect Secret Doors.MOD			CLASSES:Herald=1
Endure Elements.MOD			CLASSES:Herald=1
Message.MOD					CLASSES:Herald=1
Sleep.MOD					CLASSES:Herald=1
Spider Climb.MOD				CLASSES:Herald=1
Arcane Lock.MOD				CLASSES:Herald=2
Cat's Grace.MOD				CLASSES:Herald=2
Darkness.MOD				CLASSES:Herald=2
Detect Thoughts.MOD			CLASSES:Herald=2
Invisibility.MOD				CLASSES:Herald=2
Knock.MOD					CLASSES:Herald=2
Locate Object.MOD				CLASSES:Herald=2
Silence.MOD					CLASSES:Herald=2
Suggestion.MOD				CLASSES:Herald=2
Clairaudience/Clairvoyance.MOD	CLASSES:Herald=3
Darkvision.MOD				CLASSES:Herald=3
Detect Scrying.MOD			CLASSES:Herald=3
Hold Person.MOD				CLASSES:Herald=3
Illusory Script.MOD			CLASSES:Herald=3
Tiny Hut.MOD				CLASSES:Herald=3
Nondetection.MOD				CLASSES:Herald=3
Shrink Item.MOD				CLASSES:Herald=3
Tongues.MOD					CLASSES:Herald=3
Dimension Door.MOD			CLASSES:Herald=4
Discern Lies.MOD				CLASSES:Herald=4
Dominate Person.MOD			CLASSES:Herald=4
Freedom of Movement.MOD			CLASSES:Herald=4
Legend Lore.MOD				CLASSES:Herald=4
Modify Memory.MOD				CLASSES:Herald=4
Scrying.MOD					CLASSES:Herald=4
Sending.MOD					CLASSES:Herald=4
Speak with Dead.MOD			CLASSES:Herald=4

